[35m[1mConsolidate compiler generated dependencies of target detectnet[0m
[  5%] [32mBuilding CXX object CMakeFiles/video_source.dir/src/node_video_source.cpp.o[0m
[ 10%] [32mBuilding CXX object CMakeFiles/segnet.dir/src/node_segnet.cpp.o[0m
[ 15%] [32mBuilding CXX object CMakeFiles/video_source.dir/src/image_converter.cpp.o[0m
[ 20%] [32mBuilding CXX object CMakeFiles/imagenet.dir/src/node_imagenet.cpp.o[0m
[ 25%] [32mBuilding CXX object CMakeFiles/detectnet.dir/src/node_detectnet.cpp.o[0m
[ 30%] [32mBuilding CXX object CMakeFiles/video_output.dir/src/node_video_output.cpp.o[0m
[ 35%] [32mBuilding CXX object CMakeFiles/detectnet.dir/src/image_converter.cpp.o[0m
[ 40%] [32mBuilding CXX object CMakeFiles/video_source.dir/src/ros_compat.cpp.o[0m
[ 45%] [32mBuilding CXX object CMakeFiles/detectnet.dir/src/ros_compat.cpp.o[0m
[ 50%] [32m[1mLinking CXX executable video_source[0m
[ 50%] Built target video_source
[ 55%] [32mBuilding CXX object CMakeFiles/segnet.dir/src/image_converter.cpp.o[0m
[ 60%] [32mBuilding CXX object CMakeFiles/video_output.dir/src/image_converter.cpp.o[0m
[ 65%] [32m[1mLinking CXX executable detectnet[0m
[ 70%] [32mBuilding CXX object CMakeFiles/video_output.dir/src/ros_compat.cpp.o[0m
[ 75%] [32mBuilding CXX object CMakeFiles/segnet.dir/src/ros_compat.cpp.o[0m
[ 80%] [32mBuilding CXX object CMakeFiles/imagenet.dir/src/image_converter.cpp.o[0m
[ 80%] Built target detectnet
[ 85%] [32mBuilding CXX object CMakeFiles/imagenet.dir/src/ros_compat.cpp.o[0m
[ 90%] [32m[1mLinking CXX executable segnet[0m
[ 95%] [32m[1mLinking CXX executable video_output[0m
[100%] [32m[1mLinking CXX executable imagenet[0m
[100%] Built target segnet
[100%] Built target video_output
[100%] Built target imagenet
-- Install configuration: ""
-- Execute custom install script
-- Up-to-date symlink: /home/wego/team_ws/psh030917/nface_ws/install/ros_deep_learning/lib/ros_deep_learning/imagenet
-- Up-to-date symlink: /home/wego/team_ws/psh030917/nface_ws/install/ros_deep_learning/lib/ros_deep_learning/detectnet
-- Up-to-date symlink: /home/wego/team_ws/psh030917/nface_ws/install/ros_deep_learning/lib/ros_deep_learning/segnet
-- Up-to-date symlink: /home/wego/team_ws/psh030917/nface_ws/install/ros_deep_learning/lib/ros_deep_learning/video_source
-- Up-to-date symlink: /home/wego/team_ws/psh030917/nface_ws/install/ros_deep_learning/lib/ros_deep_learning/video_output
-- Up-to-date symlink: /home/wego/team_ws/psh030917/nface_ws/install/ros_deep_learning/share/ros_deep_learning//launch/detectnet.ros1.launch
-- Up-to-date symlink: /home/wego/team_ws/psh030917/nface_ws/install/ros_deep_learning/share/ros_deep_learning//launch/detectnet.ros2.launch
-- Up-to-date symlink: /home/wego/team_ws/psh030917/nface_ws/install/ros_deep_learning/share/ros_deep_learning//launch/imagenet.ros1.launch
-- Up-to-date symlink: /home/wego/team_ws/psh030917/nface_ws/install/ros_deep_learning/share/ros_deep_learning//launch/imagenet.ros2.launch
-- Up-to-date symlink: /home/wego/team_ws/psh030917/nface_ws/install/ros_deep_learning/share/ros_deep_learning//launch/segnet.ros1.launch
-- Up-to-date symlink: /home/wego/team_ws/psh030917/nface_ws/install/ros_deep_learning/share/ros_deep_learning//launch/segnet.ros2.launch
-- Up-to-date symlink: /home/wego/team_ws/psh030917/nface_ws/install/ros_deep_learning/share/ros_deep_learning//launch/video_output.ros1.launch
-- Up-to-date symlink: /home/wego/team_ws/psh030917/nface_ws/install/ros_deep_learning/share/ros_deep_learning//launch/video_output.ros2.launch
-- Up-to-date symlink: /home/wego/team_ws/psh030917/nface_ws/install/ros_deep_learning/share/ros_deep_learning//launch/video_source.ros1.launch
-- Up-to-date symlink: /home/wego/team_ws/psh030917/nface_ws/install/ros_deep_learning/share/ros_deep_learning//launch/video_source.ros2.launch
-- Up-to-date symlink: /home/wego/team_ws/psh030917/nface_ws/install/ros_deep_learning/share/ros_deep_learning//launch/video_viewer.ros1.launch
-- Up-to-date symlink: /home/wego/team_ws/psh030917/nface_ws/install/ros_deep_learning/share/ros_deep_learning//launch/video_viewer.ros2.launch
-- Up-to-date symlink: /home/wego/team_ws/psh030917/nface_ws/install/ros_deep_learning/share/ament_index/resource_index/package_run_dependencies/ros_deep_learning
-- Up-to-date symlink: /home/wego/team_ws/psh030917/nface_ws/install/ros_deep_learning/share/ament_index/resource_index/parent_prefix_path/ros_deep_learning
-- Up-to-date symlink: /home/wego/team_ws/psh030917/nface_ws/install/ros_deep_learning/share/ros_deep_learning/environment/ament_prefix_path.sh
-- Up-to-date symlink: /home/wego/team_ws/psh030917/nface_ws/install/ros_deep_learning/share/ros_deep_learning/environment/ament_prefix_path.dsv
-- Up-to-date symlink: /home/wego/team_ws/psh030917/nface_ws/install/ros_deep_learning/share/ros_deep_learning/environment/path.sh
-- Up-to-date symlink: /home/wego/team_ws/psh030917/nface_ws/install/ros_deep_learning/share/ros_deep_learning/environment/path.dsv
-- Up-to-date symlink: /home/wego/team_ws/psh030917/nface_ws/install/ros_deep_learning/share/ros_deep_learning/local_setup.bash
-- Up-to-date symlink: /home/wego/team_ws/psh030917/nface_ws/install/ros_deep_learning/share/ros_deep_learning/local_setup.sh
-- Up-to-date symlink: /home/wego/team_ws/psh030917/nface_ws/install/ros_deep_learning/share/ros_deep_learning/local_setup.zsh
-- Up-to-date symlink: /home/wego/team_ws/psh030917/nface_ws/install/ros_deep_learning/share/ros_deep_learning/local_setup.dsv
-- Symlinking: /home/wego/team_ws/psh030917/nface_ws/install/ros_deep_learning/share/ros_deep_learning/package.dsv
-- Up-to-date symlink: /home/wego/team_ws/psh030917/nface_ws/install/ros_deep_learning/share/ament_index/resource_index/packages/ros_deep_learning
-- Up-to-date symlink: /home/wego/team_ws/psh030917/nface_ws/install/ros_deep_learning/share/ros_deep_learning/cmake/ros_deep_learningConfig.cmake
-- Up-to-date symlink: /home/wego/team_ws/psh030917/nface_ws/install/ros_deep_learning/share/ros_deep_learning/cmake/ros_deep_learningConfig-version.cmake
-- Up-to-date symlink: /home/wego/team_ws/psh030917/nface_ws/install/ros_deep_learning/share/ros_deep_learning/package.xml
