/home/wego/team_ws/psh030917/py_bt_ros_1/install/limo_fire_py/lib/python3.10/site-packages/limo_fire_py/fire_alarm_notifier.py
/home/wego/team_ws/psh030917/py_bt_ros_1/install/limo_fire_py/lib/python3.10/site-packages/limo_fire_py/__init__.py
/home/wego/team_ws/psh030917/py_bt_ros_1/install/limo_fire_py/lib/python3.10/site-packages/limo_fire_py/bt_runner.py
/home/wego/team_ws/psh030917/py_bt_ros_1/install/limo_fire_py/lib/python3.10/site-packages/limo_fire_py/pygame_visualizer.py
/home/wego/team_ws/psh030917/py_bt_ros_1/install/limo_fire_py/lib/python3.10/site-packages/limo_fire_py/bt_visualizer.py
/home/wego/team_ws/psh030917/py_bt_ros_1/install/limo_fire_py/lib/python3.10/site-packages/limo_fire_py/fire_sensor_publisher.py
/home/wego/team_ws/psh030917/py_bt_ros_1/install/limo_fire_py/lib/python3.10/site-packages/limo_fire_py/fire_safety_controller.py
/home/wego/team_ws/psh030917/py_bt_ros_1/install/limo_fire_py/lib/python3.10/site-packages/limo_fire_py/fire_sensor_reader.py
/home/wego/team_ws/psh030917/py_bt_ros_1/install/limo_fire_py/lib/python3.10/site-packages/limo_fire_py/__pycache__/fire_alarm_notifier.cpython-310.pyc
/home/wego/team_ws/psh030917/py_bt_ros_1/install/limo_fire_py/lib/python3.10/site-packages/limo_fire_py/__pycache__/__init__.cpython-310.pyc
/home/wego/team_ws/psh030917/py_bt_ros_1/install/limo_fire_py/lib/python3.10/site-packages/limo_fire_py/__pycache__/bt_runner.cpython-310.pyc
/home/wego/team_ws/psh030917/py_bt_ros_1/install/limo_fire_py/lib/python3.10/site-packages/limo_fire_py/__pycache__/pygame_visualizer.cpython-310.pyc
/home/wego/team_ws/psh030917/py_bt_ros_1/install/limo_fire_py/lib/python3.10/site-packages/limo_fire_py/__pycache__/bt_visualizer.cpython-310.pyc
/home/wego/team_ws/psh030917/py_bt_ros_1/install/limo_fire_py/lib/python3.10/site-packages/limo_fire_py/__pycache__/fire_sensor_publisher.cpython-310.pyc
/home/wego/team_ws/psh030917/py_bt_ros_1/install/limo_fire_py/lib/python3.10/site-packages/limo_fire_py/__pycache__/fire_safety_controller.cpython-310.pyc
/home/wego/team_ws/psh030917/py_bt_ros_1/install/limo_fire_py/lib/python3.10/site-packages/limo_fire_py/__pycache__/fire_sensor_reader.cpython-310.pyc
/home/wego/team_ws/psh030917/py_bt_ros_1/install/limo_fire_py/share/ament_index/resource_index/packages/limo_fire_py
/home/wego/team_ws/psh030917/py_bt_ros_1/install/limo_fire_py/share/limo_fire_py/package.xml
/home/wego/team_ws/psh030917/py_bt_ros_1/install/limo_fire_py/share/limo_fire_py/launch/fire_system.launch.py
/home/wego/team_ws/psh030917/py_bt_ros_1/install/limo_fire_py/lib/python3.10/site-packages/limo_fire_py-0.0.0-py3.10.egg-info/requires.txt
/home/wego/team_ws/psh030917/py_bt_ros_1/install/limo_fire_py/lib/python3.10/site-packages/limo_fire_py-0.0.0-py3.10.egg-info/SOURCES.txt
/home/wego/team_ws/psh030917/py_bt_ros_1/install/limo_fire_py/lib/python3.10/site-packages/limo_fire_py-0.0.0-py3.10.egg-info/entry_points.txt
/home/wego/team_ws/psh030917/py_bt_ros_1/install/limo_fire_py/lib/python3.10/site-packages/limo_fire_py-0.0.0-py3.10.egg-info/PKG-INFO
/home/wego/team_ws/psh030917/py_bt_ros_1/install/limo_fire_py/lib/python3.10/site-packages/limo_fire_py-0.0.0-py3.10.egg-info/top_level.txt
/home/wego/team_ws/psh030917/py_bt_ros_1/install/limo_fire_py/lib/python3.10/site-packages/limo_fire_py-0.0.0-py3.10.egg-info/dependency_links.txt
/home/wego/team_ws/psh030917/py_bt_ros_1/install/limo_fire_py/lib/python3.10/site-packages/limo_fire_py-0.0.0-py3.10.egg-info/zip-safe
/home/wego/team_ws/psh030917/py_bt_ros_1/install/limo_fire_py/lib/limo_fire_py/bt_runner
/home/wego/team_ws/psh030917/py_bt_ros_1/install/limo_fire_py/lib/limo_fire_py/bt_visualizer
/home/wego/team_ws/psh030917/py_bt_ros_1/install/limo_fire_py/lib/limo_fire_py/fire_alarm_notifier
/home/wego/team_ws/psh030917/py_bt_ros_1/install/limo_fire_py/lib/limo_fire_py/fire_safety_controller
/home/wego/team_ws/psh030917/py_bt_ros_1/install/limo_fire_py/lib/limo_fire_py/fire_sensor_publisher
/home/wego/team_ws/psh030917/py_bt_ros_1/install/limo_fire_py/lib/limo_fire_py/fire_sensor_reader
/home/wego/team_ws/psh030917/py_bt_ros_1/install/limo_fire_py/lib/limo_fire_py/pygame_visualizer
