running egg_info
writing build/limo_patrol/limo_patrol.egg-info/PKG-INFO
writing dependency_links to build/limo_patrol/limo_patrol.egg-info/dependency_links.txt
writing entry points to build/limo_patrol/limo_patrol.egg-info/entry_points.txt
writing requirements to build/limo_patrol/limo_patrol.egg-info/requires.txt
writing top-level names to build/limo_patrol/limo_patrol.egg-info/top_level.txt
reading manifest file 'build/limo_patrol/limo_patrol.egg-info/SOURCES.txt'
writing manifest file 'build/limo_patrol/limo_patrol.egg-info/SOURCES.txt'
running build
running build_py
copying limo_patrol/mode_manager_node.py -> /home/wego/team_ws/han1371/limo_patrol/build/limo_patrol/build/lib/limo_patrol
running install
running install_lib
copying /home/wego/team_ws/han1371/limo_patrol/build/limo_patrol/build/lib/limo_patrol/mode_manager_node.py -> /home/wego/team_ws/han1371/limo_patrol/install/limo_patrol/lib/python3.10/site-packages/limo_patrol
byte-compiling /home/wego/team_ws/han1371/limo_patrol/install/limo_patrol/lib/python3.10/site-packages/limo_patrol/mode_manager_node.py to mode_manager_node.cpython-310.pyc
running install_data
copying launch/limo_patrol.launch.py -> /home/wego/team_ws/han1371/limo_patrol/install/limo_patrol/share/limo_patrol/launch
running install_egg_info
removing '/home/wego/team_ws/han1371/limo_patrol/install/limo_patrol/lib/python3.10/site-packages/limo_patrol-0.1.0-py3.10.egg-info' (and everything under it)
Copying build/limo_patrol/limo_patrol.egg-info to /home/wego/team_ws/han1371/limo_patrol/install/limo_patrol/lib/python3.10/site-packages/limo_patrol-0.1.0-py3.10.egg-info
running install_scripts
Installing mode_manager_node script to /home/wego/team_ws/han1371/limo_patrol/install/limo_patrol/lib/limo_patrol
Installing object_perception_lidar_node script to /home/wego/team_ws/han1371/limo_patrol/install/limo_patrol/lib/limo_patrol
writing list of installed files to '/home/wego/team_ws/han1371/limo_patrol/build/limo_patrol/install.log'
