[1.225s] Invoking command in '/home/wego/team_ws/han1371/limo_patrol': PYTHONPATH=/home/wego/team_ws/han1371/limo_patrol/build/limo_patrol/prefix_override:/usr/lib/python3/dist-packages/colcon_core/task/python/colcon_distutils_commands:/home/wego/team_ws/han1371/limo_patrol/install/limo_patrol/lib/python3.10/site-packages: /usr/bin/python3 -W ignore:setup.py install is deprecated -W ignore:easy_install command is deprecated setup.py egg_info --egg-base build/limo_patrol build --build-base /home/wego/team_ws/han1371/limo_patrol/build/limo_patrol/build install --record /home/wego/team_ws/han1371/limo_patrol/build/limo_patrol/install.log --single-version-externally-managed install_data
[1.677s] running egg_info
[1.678s] writing build/limo_patrol/limo_patrol.egg-info/PKG-INFO
[1.678s] writing dependency_links to build/limo_patrol/limo_patrol.egg-info/dependency_links.txt
[1.679s] writing entry points to build/limo_patrol/limo_patrol.egg-info/entry_points.txt
[1.680s] writing requirements to build/limo_patrol/limo_patrol.egg-info/requires.txt
[1.680s] writing top-level names to build/limo_patrol/limo_patrol.egg-info/top_level.txt
[1.684s] reading manifest file 'build/limo_patrol/limo_patrol.egg-info/SOURCES.txt'
[1.686s] writing manifest file 'build/limo_patrol/limo_patrol.egg-info/SOURCES.txt'
[1.687s] running build
[1.687s] running build_py
[1.688s] copying limo_patrol/object_perception_lidar_node.py -> /home/wego/team_ws/han1371/limo_patrol/build/limo_patrol/build/lib/limo_patrol
[1.688s] copying limo_patrol/mode_manager_node.py -> /home/wego/team_ws/han1371/limo_patrol/build/limo_patrol/build/lib/limo_patrol
[1.688s] running install
[1.689s] running install_lib
[1.691s] copying /home/wego/team_ws/han1371/limo_patrol/build/limo_patrol/build/lib/limo_patrol/object_perception_lidar_node.py -> /home/wego/team_ws/han1371/limo_patrol/install/limo_patrol/lib/python3.10/site-packages/limo_patrol
[1.691s] copying /home/wego/team_ws/han1371/limo_patrol/build/limo_patrol/build/lib/limo_patrol/mode_manager_node.py -> /home/wego/team_ws/han1371/limo_patrol/install/limo_patrol/lib/python3.10/site-packages/limo_patrol
[1.692s] byte-compiling /home/wego/team_ws/han1371/limo_patrol/install/limo_patrol/lib/python3.10/site-packages/limo_patrol/object_perception_lidar_node.py to object_perception_lidar_node.cpython-310.pyc
[1.695s] byte-compiling /home/wego/team_ws/han1371/limo_patrol/install/limo_patrol/lib/python3.10/site-packages/limo_patrol/mode_manager_node.py to mode_manager_node.cpython-310.pyc
[1.697s] running install_data
[1.697s] copying package.xml -> /home/wego/team_ws/han1371/limo_patrol/install/limo_patrol/share/limo_patrol
[1.698s] copying launch/limo_patrol.launch.py -> /home/wego/team_ws/han1371/limo_patrol/install/limo_patrol/share/limo_patrol/launch
[1.698s] running install_egg_info
[1.702s] Copying build/limo_patrol/limo_patrol.egg-info to /home/wego/team_ws/han1371/limo_patrol/install/limo_patrol/lib/python3.10/site-packages/limo_patrol-0.1.0-py3.10.egg-info
[1.704s] running install_scripts
[1.749s] Installing mode_manager_node script to /home/wego/team_ws/han1371/limo_patrol/install/limo_patrol/lib/limo_patrol
[1.749s] Installing object_perception_lidar_node script to /home/wego/team_ws/han1371/limo_patrol/install/limo_patrol/lib/limo_patrol
[1.750s] writing list of installed files to '/home/wego/team_ws/han1371/limo_patrol/build/limo_patrol/install.log'
[1.826s] Invoked command in '/home/wego/team_ws/han1371/limo_patrol' returned '0': PYTHONPATH=/home/wego/team_ws/han1371/limo_patrol/build/limo_patrol/prefix_override:/usr/lib/python3/dist-packages/colcon_core/task/python/colcon_distutils_commands:/home/wego/team_ws/han1371/limo_patrol/install/limo_patrol/lib/python3.10/site-packages: /usr/bin/python3 -W ignore:setup.py install is deprecated -W ignore:easy_install command is deprecated setup.py egg_info --egg-base build/limo_patrol build --build-base /home/wego/team_ws/han1371/limo_patrol/build/limo_patrol/build install --record /home/wego/team_ws/han1371/limo_patrol/build/limo_patrol/install.log --single-version-externally-managed install_data
