[0.308s] [34mcolcon[0m [1;30mDEBUG[0m [32mCommand line arguments: ['/usr/bin/colcon', 'build'][0m
[0.308s] [34mcolcon[0m [1;30mDEBUG[0m [32mParsed command line arguments: Namespace(log_base=None, log_level=None, verb_name='build', build_base='build', install_base='install', merge_install=False, symlink_install=False, test_result_base=None, continue_on_error=False, executor='parallel', parallel_workers=6, event_handlers=None, ignore_user_meta=False, metas=['./colcon.meta'], base_paths=['.'], packages_ignore=None, packages_ignore_regex=None, paths=None, packages_up_to=None, packages_up_to_regex=None, packages_above=None, packages_above_and_dependencies=None, packages_above_depth=None, packages_select_by_dep=None, packages_skip_by_dep=None, packages_skip_up_to=None, packages_select_build_failed=False, packages_skip_build_finished=False, packages_select_test_failures=False, packages_skip_test_passed=False, packages_select=None, packages_skip=None, packages_select_regex=None, packages_skip_regex=None, packages_start=None, packages_end=None, allow_overriding=[], cmake_args=None, cmake_target=None, cmake_target_skip_unavailable=False, cmake_clean_cache=False, cmake_clean_first=False, cmake_force_configure=False, ament_cmake_args=None, catkin_cmake_args=None, catkin_skip_building_tests=False, mixin_files=None, mixin=None, verb_parser=<colcon_mixin.mixin.mixin_argument.MixinArgumentDecorator object at 0xffffb7f16110>, verb_extension=<colcon_core.verb.build.BuildVerb object at 0xffffb7f153f0>, main=<bound method BuildVerb.main of <colcon_core.verb.build.BuildVerb object at 0xffffb7f153f0>>, mixin_verb=('build',))[0m
[1.060s] [34mcolcon.colcon_core.package_discovery[0m [1;30mLevel 1[0m discover_packages(colcon_meta) check parameters
[1.061s] [34mcolcon.colcon_core.package_discovery[0m [1;30mLevel 1[0m discover_packages(recursive) check parameters
[1.061s] [34mcolcon.colcon_core.package_discovery[0m [1;30mLevel 1[0m discover_packages(ignore) check parameters
[1.062s] [34mcolcon.colcon_core.package_discovery[0m [1;30mLevel 1[0m discover_packages(path) check parameters
[1.062s] [34mcolcon.colcon_core.package_discovery[0m [1;30mLevel 1[0m discover_packages(colcon_meta) discover
[1.062s] [34mcolcon.colcon_core.package_discovery[0m [1;30mLevel 1[0m discover_packages(recursive) discover
[1.063s] [34mcolcon.colcon_core.package_discovery[0m [1;30mINFO[0m Crawling recursively for packages in '/home/wego/team_ws/MinGeun-SMG/limo_fire_py-main'
[1.063s] [34mcolcon.colcon_core.package_identification[0m [1;30mLevel 1[0m _identify(.) by extensions ['ignore', 'ignore_ament_install']
[1.064s] [34mcolcon.colcon_core.package_identification[0m [1;30mLevel 1[0m _identify(.) by extension 'ignore'
[1.064s] [34mcolcon.colcon_core.package_identification[0m [1;30mLevel 1[0m _identify(.) by extension 'ignore_ament_install'
[1.064s] [34mcolcon.colcon_core.package_identification[0m [1;30mLevel 1[0m _identify(.) by extensions ['colcon_pkg']
[1.065s] [34mcolcon.colcon_core.package_identification[0m [1;30mLevel 1[0m _identify(.) by extension 'colcon_pkg'
[1.065s] [34mcolcon.colcon_core.package_identification[0m [1;30mLevel 1[0m _identify(.) by extensions ['colcon_meta']
[1.065s] [34mcolcon.colcon_core.package_identification[0m [1;30mLevel 1[0m _identify(.) by extension 'colcon_meta'
[1.066s] [34mcolcon.colcon_core.package_identification[0m [1;30mLevel 1[0m _identify(.) by extensions ['ros']
[1.066s] [34mcolcon.colcon_core.package_identification[0m [1;30mLevel 1[0m _identify(.) by extension 'ros'
[1.131s] [34mcolcon.colcon_core.package_identification[0m [1;30mDEBUG[0m [32mPackage '.' with type 'ros.ament_python' and name 'limo_fire_py'[0m
[1.132s] [34mcolcon.colcon_core.package_discovery[0m [1;30mLevel 1[0m discover_packages(recursive) using defaults
[1.133s] [34mcolcon.colcon_core.package_discovery[0m [1;30mLevel 1[0m discover_packages(ignore) discover
[1.133s] [34mcolcon.colcon_core.package_discovery[0m [1;30mLevel 1[0m discover_packages(ignore) using defaults
[1.133s] [34mcolcon.colcon_core.package_discovery[0m [1;30mLevel 1[0m discover_packages(path) discover
[1.133s] [34mcolcon.colcon_core.package_discovery[0m [1;30mLevel 1[0m discover_packages(path) using defaults
[1.169s] [34mcolcon.colcon_core.package_discovery[0m [1;30mLevel 1[0m discover_packages(prefix_path) check parameters
[1.170s] [34mcolcon.colcon_core.package_discovery[0m [1;30mLevel 1[0m discover_packages(prefix_path) discover
[1.174s] [34mcolcon.colcon_installed_package_information.package_discovery[0m [1;30mDEBUG[0m [32mFound 1 installed packages in /home/wego/team_ws/MinGeun-SMG/limo_fire_py-main/install[0m
[1.177s] [34mcolcon.colcon_installed_package_information.package_discovery[0m [1;30mDEBUG[0m [32mFound 376 installed packages in /opt/ros/humble[0m
[1.184s] [34mcolcon.colcon_core.package_discovery[0m [1;30mLevel 1[0m discover_packages(prefix_path) using defaults
[1.286s] [34mcolcon.colcon_core.verb[0m [1;30mLevel 5[0m set package 'limo_fire_py' build argument 'cmake_args' from command line to 'None'
[1.287s] [34mcolcon.colcon_core.verb[0m [1;30mLevel 5[0m set package 'limo_fire_py' build argument 'cmake_target' from command line to 'None'
[1.287s] [34mcolcon.colcon_core.verb[0m [1;30mLevel 5[0m set package 'limo_fire_py' build argument 'cmake_target_skip_unavailable' from command line to 'False'
[1.287s] [34mcolcon.colcon_core.verb[0m [1;30mLevel 5[0m set package 'limo_fire_py' build argument 'cmake_clean_cache' from command line to 'False'
[1.288s] [34mcolcon.colcon_core.verb[0m [1;30mLevel 5[0m set package 'limo_fire_py' build argument 'cmake_clean_first' from command line to 'False'
[1.288s] [34mcolcon.colcon_core.verb[0m [1;30mLevel 5[0m set package 'limo_fire_py' build argument 'cmake_force_configure' from command line to 'False'
[1.288s] [34mcolcon.colcon_core.verb[0m [1;30mLevel 5[0m set package 'limo_fire_py' build argument 'ament_cmake_args' from command line to 'None'
[1.288s] [34mcolcon.colcon_core.verb[0m [1;30mLevel 5[0m set package 'limo_fire_py' build argument 'catkin_cmake_args' from command line to 'None'
[1.289s] [34mcolcon.colcon_core.verb[0m [1;30mLevel 5[0m set package 'limo_fire_py' build argument 'catkin_skip_building_tests' from command line to 'False'
[1.289s] [34mcolcon.colcon_core.verb[0m [1;30mDEBUG[0m [32mBuilding package 'limo_fire_py' with the following arguments: {'ament_cmake_args': None, 'build_base': '/home/wego/team_ws/MinGeun-SMG/limo_fire_py-main/build/limo_fire_py', 'catkin_cmake_args': None, 'catkin_skip_building_tests': False, 'cmake_args': None, 'cmake_clean_cache': False, 'cmake_clean_first': False, 'cmake_force_configure': False, 'cmake_target': None, 'cmake_target_skip_unavailable': False, 'install_base': '/home/wego/team_ws/MinGeun-SMG/limo_fire_py-main/install/limo_fire_py', 'merge_install': False, 'path': '/home/wego/team_ws/MinGeun-SMG/limo_fire_py-main', 'symlink_install': False, 'test_result_base': None}[0m
[1.290s] [34mcolcon.colcon_core.executor[0m [1;30mINFO[0m Executing jobs using 'parallel' executor
[1.292s] [34mcolcon.colcon_parallel_executor.executor.parallel[0m [1;30mDEBUG[0m [32mrun_until_complete[0m
[1.293s] [34mcolcon.colcon_ros.task.ament_python.build[0m [1;30mINFO[0m Building ROS package in '/home/wego/team_ws/MinGeun-SMG/limo_fire_py-main' with build type 'ament_python'
[1.293s] [34mcolcon.colcon_core.shell[0m [1;30mLevel 1[0m create_environment_hook('limo_fire_py', 'ament_prefix_path')
[1.298s] [34mcolcon.colcon_core.plugin_system[0m [1;30mINFO[0m Skipping extension 'colcon_core.shell.bat': Not used on non-Windows systems
[1.298s] [34mcolcon.colcon_core.shell[0m [1;30mINFO[0m Creating environment hook '/home/wego/team_ws/MinGeun-SMG/limo_fire_py-main/install/limo_fire_py/share/limo_fire_py/hook/ament_prefix_path.ps1'
[1.300s] [34mcolcon.colcon_core.shell[0m [1;30mINFO[0m Creating environment descriptor '/home/wego/team_ws/MinGeun-SMG/limo_fire_py-main/install/limo_fire_py/share/limo_fire_py/hook/ament_prefix_path.dsv'
[1.303s] [34mcolcon.colcon_core.shell[0m [1;30mINFO[0m Creating environment hook '/home/wego/team_ws/MinGeun-SMG/limo_fire_py-main/install/limo_fire_py/share/limo_fire_py/hook/ament_prefix_path.sh'
[1.305s] [34mcolcon.colcon_core.shell[0m [1;30mINFO[0m Skip shell extension 'powershell' for command environment: Not usable outside of PowerShell
[1.305s] [34mcolcon.colcon_core.shell[0m [1;30mDEBUG[0m [32mSkip shell extension 'dsv' for command environment[0m
[2.040s] [34mcolcon.colcon_core.task.python.build[0m [1;30mINFO[0m Building Python package in '/home/wego/team_ws/MinGeun-SMG/limo_fire_py-main'
[2.041s] [34mcolcon.colcon_core.shell[0m [1;30mINFO[0m Skip shell extension 'powershell' for command environment: Not usable outside of PowerShell
[2.041s] [34mcolcon.colcon_core.shell[0m [1;30mDEBUG[0m [32mSkip shell extension 'dsv' for command environment[0m
[3.063s] [34mcolcon.colcon_core.event_handler.log_command[0m [1;30mDEBUG[0m [32mInvoking command in '/home/wego/team_ws/MinGeun-SMG/limo_fire_py-main': PYTHONPATH=/home/wego/team_ws/MinGeun-SMG/limo_fire_py-main/build/limo_fire_py/prefix_override:/usr/lib/python3/dist-packages/colcon_core/task/python/colcon_distutils_commands:/home/wego/team_ws/MinGeun-SMG/limo_fire_py-main/install/limo_fire_py/lib/python3.10/site-packages:${PYTHONPATH} /usr/bin/python3 -W ignore:setup.py install is deprecated -W ignore:easy_install command is deprecated setup.py egg_info --egg-base build/limo_fire_py build --build-base /home/wego/team_ws/MinGeun-SMG/limo_fire_py-main/build/limo_fire_py/build install --record /home/wego/team_ws/MinGeun-SMG/limo_fire_py-main/build/limo_fire_py/install.log --single-version-externally-managed install_data[0m
[4.092s] [34mcolcon.colcon_core.event_handler.log_command[0m [1;30mDEBUG[0m [32mInvoked command in '/home/wego/team_ws/MinGeun-SMG/limo_fire_py-main' returned '0': PYTHONPATH=/home/wego/team_ws/MinGeun-SMG/limo_fire_py-main/build/limo_fire_py/prefix_override:/usr/lib/python3/dist-packages/colcon_core/task/python/colcon_distutils_commands:/home/wego/team_ws/MinGeun-SMG/limo_fire_py-main/install/limo_fire_py/lib/python3.10/site-packages:${PYTHONPATH} /usr/bin/python3 -W ignore:setup.py install is deprecated -W ignore:easy_install command is deprecated setup.py egg_info --egg-base build/limo_fire_py build --build-base /home/wego/team_ws/MinGeun-SMG/limo_fire_py-main/build/limo_fire_py/build install --record /home/wego/team_ws/MinGeun-SMG/limo_fire_py-main/build/limo_fire_py/install.log --single-version-externally-managed install_data[0m
[4.096s] [34mcolcon.colcon_core.environment[0m [1;30mLevel 1[0m checking '/home/wego/team_ws/MinGeun-SMG/limo_fire_py-main/install/limo_fire_py' for CMake module files
[4.097s] [34mcolcon.colcon_core.environment[0m [1;30mLevel 1[0m checking '/home/wego/team_ws/MinGeun-SMG/limo_fire_py-main/install/limo_fire_py' for CMake config files
[4.099s] [34mcolcon.colcon_core.environment[0m [1;30mLevel 1[0m checking '/home/wego/team_ws/MinGeun-SMG/limo_fire_py-main/install/limo_fire_py/lib'
[4.099s] [34mcolcon.colcon_core.environment[0m [1;30mLevel 1[0m checking '/home/wego/team_ws/MinGeun-SMG/limo_fire_py-main/install/limo_fire_py/bin'
[4.100s] [34mcolcon.colcon_core.environment[0m [1;30mLevel 1[0m checking '/home/wego/team_ws/MinGeun-SMG/limo_fire_py-main/install/limo_fire_py/lib/pkgconfig/limo_fire_py.pc'
[4.100s] [34mcolcon.colcon_core.environment[0m [1;30mLevel 1[0m checking '/home/wego/team_ws/MinGeun-SMG/limo_fire_py-main/install/limo_fire_py/lib/python3.10/site-packages'
[4.100s] [34mcolcon.colcon_core.shell[0m [1;30mLevel 1[0m create_environment_hook('limo_fire_py', 'pythonpath')
[4.101s] [34mcolcon.colcon_core.shell[0m [1;30mINFO[0m Creating environment hook '/home/wego/team_ws/MinGeun-SMG/limo_fire_py-main/install/limo_fire_py/share/limo_fire_py/hook/pythonpath.ps1'
[4.102s] [34mcolcon.colcon_core.shell[0m [1;30mINFO[0m Creating environment descriptor '/home/wego/team_ws/MinGeun-SMG/limo_fire_py-main/install/limo_fire_py/share/limo_fire_py/hook/pythonpath.dsv'
[4.103s] [34mcolcon.colcon_core.shell[0m [1;30mINFO[0m Creating environment hook '/home/wego/team_ws/MinGeun-SMG/limo_fire_py-main/install/limo_fire_py/share/limo_fire_py/hook/pythonpath.sh'
[4.111s] [34mcolcon.colcon_core.environment[0m [1;30mLevel 1[0m checking '/home/wego/team_ws/MinGeun-SMG/limo_fire_py-main/install/limo_fire_py/bin'
[4.111s] [34mcolcon.colcon_core.environment[0m [1;30mLevel 1[0m create_environment_scripts_only(limo_fire_py)
[4.112s] [34mcolcon.colcon_core.shell[0m [1;30mINFO[0m Creating package script '/home/wego/team_ws/MinGeun-SMG/limo_fire_py-main/install/limo_fire_py/share/limo_fire_py/package.ps1'
[4.115s] [34mcolcon.colcon_core.shell[0m [1;30mINFO[0m Creating package descriptor '/home/wego/team_ws/MinGeun-SMG/limo_fire_py-main/install/limo_fire_py/share/limo_fire_py/package.dsv'
[4.116s] [34mcolcon.colcon_core.shell[0m [1;30mINFO[0m Creating package script '/home/wego/team_ws/MinGeun-SMG/limo_fire_py-main/install/limo_fire_py/share/limo_fire_py/package.sh'
[4.119s] [34mcolcon.colcon_core.shell[0m [1;30mINFO[0m Creating package script '/home/wego/team_ws/MinGeun-SMG/limo_fire_py-main/install/limo_fire_py/share/limo_fire_py/package.bash'
[4.121s] [34mcolcon.colcon_core.shell[0m [1;30mINFO[0m Creating package script '/home/wego/team_ws/MinGeun-SMG/limo_fire_py-main/install/limo_fire_py/share/limo_fire_py/package.zsh'
[4.122s] [34mcolcon.colcon_core.environment[0m [1;30mLevel 1[0m create_file_with_runtime_dependencies(/home/wego/team_ws/MinGeun-SMG/limo_fire_py-main/install/limo_fire_py/share/colcon-core/packages/limo_fire_py)
[4.125s] [34mcolcon.colcon_parallel_executor.executor.parallel[0m [1;30mDEBUG[0m [32mclosing loop[0m
[4.126s] [34mcolcon.colcon_parallel_executor.executor.parallel[0m [1;30mDEBUG[0m [32mloop closed[0m
[4.126s] [34mcolcon.colcon_parallel_executor.executor.parallel[0m [1;30mDEBUG[0m [32mrun_until_complete finished with '0'[0m
[4.127s] [34mcolcon.colcon_core.event_reactor[0m [1;30mDEBUG[0m [32mjoining thread[0m
[4.151s] [34mcolcon.colcon_core.plugin_system[0m [1;30mINFO[0m Skipping extension 'colcon_notification.desktop_notification.terminal_notifier': Not used on non-Darwin systems
[4.151s] [34mcolcon.colcon_core.plugin_system[0m [1;30mINFO[0m Skipping extension 'colcon_notification.desktop_notification.win32': Not used on non-Windows systems
[4.151s] [34mcolcon.colcon_notification.desktop_notification[0m [1;30mINFO[0m Sending desktop notification using 'notify2'
[4.185s] [34mcolcon.colcon_core.event_reactor[0m [1;30mDEBUG[0m [32mjoined thread[0m
[4.186s] [34mcolcon.colcon_core.shell[0m [1;30mINFO[0m Creating prefix script '/home/wego/team_ws/MinGeun-SMG/limo_fire_py-main/install/local_setup.ps1'
[4.189s] [34mcolcon.colcon_core.shell[0m [1;30mINFO[0m Creating prefix util module '/home/wego/team_ws/MinGeun-SMG/limo_fire_py-main/install/_local_setup_util_ps1.py'
[4.194s] [34mcolcon.colcon_core.shell[0m [1;30mINFO[0m Creating prefix chain script '/home/wego/team_ws/MinGeun-SMG/limo_fire_py-main/install/setup.ps1'
[4.198s] [34mcolcon.colcon_core.shell[0m [1;30mINFO[0m Creating prefix script '/home/wego/team_ws/MinGeun-SMG/limo_fire_py-main/install/local_setup.sh'
[4.200s] [34mcolcon.colcon_core.shell[0m [1;30mINFO[0m Creating prefix util module '/home/wego/team_ws/MinGeun-SMG/limo_fire_py-main/install/_local_setup_util_sh.py'
[4.201s] [34mcolcon.colcon_core.shell[0m [1;30mINFO[0m Creating prefix chain script '/home/wego/team_ws/MinGeun-SMG/limo_fire_py-main/install/setup.sh'
[4.204s] [34mcolcon.colcon_core.shell[0m [1;30mINFO[0m Creating prefix script '/home/wego/team_ws/MinGeun-SMG/limo_fire_py-main/install/local_setup.bash'
[4.209s] [34mcolcon.colcon_core.shell[0m [1;30mINFO[0m Creating prefix chain script '/home/wego/team_ws/MinGeun-SMG/limo_fire_py-main/install/setup.bash'
[4.212s] [34mcolcon.colcon_core.shell[0m [1;30mINFO[0m Creating prefix script '/home/wego/team_ws/MinGeun-SMG/limo_fire_py-main/install/local_setup.zsh'
[4.214s] [34mcolcon.colcon_core.shell[0m [1;30mINFO[0m Creating prefix chain script '/home/wego/team_ws/MinGeun-SMG/limo_fire_py-main/install/setup.zsh'
