-- Looking for pthread.h
-- Looking for pthread.h - found
-- Performing Test CMAKE_HAVE_LIBC_PTHREAD
-- Performing Test CMAKE_HAVE_LIBC_PTHREAD - Success
-- Found Threads: TRUE  
-- Found CUDA: /usr/local/cuda-12.6 (found version "12.6") 
-- Found Python3: /usr/bin/python3 (found version "3.10.12") found components: Interpreter 
-- Found rclcpp: 16.0.16 (/opt/ros/humble/share/rclcpp/cmake)
-- Found rosidl_generator_c: 3.1.7 (/opt/ros/humble/share/rosidl_generator_c/cmake)
-- Found rosidl_adapter: 3.1.7 (/opt/ros/humble/share/rosidl_adapter/cmake)
-- Found rosidl_generator_cpp: 3.1.7 (/opt/ros/humble/share/rosidl_generator_cpp/cmake)
-- Using all available rosidl_typesupport_c: rosidl_typesupport_fastrtps_c;rosidl_typesupport_introspection_c
-- Using all available rosidl_typesupport_cpp: rosidl_typesupport_fastrtps_cpp;rosidl_typesupport_introspection_cpp
-- Found rmw_implementation_cmake: 6.1.2 (/opt/ros/humble/share/rmw_implementation_cmake/cmake)
-- Found rmw_fastrtps_cpp: 6.2.9 (/opt/ros/humble/share/rmw_fastrtps_cpp/cmake)
-- Found OpenSSL: /usr/lib/aarch64-linux-gnu/libcrypto.so (found version "3.0.2")  
-- Found FastRTPS: /opt/ros/humble/include  
-- Using RMW implementation 'rmw_fastrtps_cpp' as default
-- Found sensor_msgs: 4.9.0 (/opt/ros/humble/share/sensor_msgs/cmake)
-- Found vision_msgs: 4.1.1 (/opt/ros/humble/share/vision_msgs/cmake)
-- Configuring done
-- Generating done
-- Build files have been written to: /home/wego/team_ws/psh030917/nface_ws/build/ros_deep_learning
[  5%] [32mBuilding CXX object CMakeFiles/segnet.dir/src/node_segnet.cpp.o[0m
[ 15%] [32mBuilding CXX object CMakeFiles/video_source.dir/src/image_converter.cpp.o[0m
[ 15%] [32mBuilding CXX object CMakeFiles/detectnet.dir/src/node_detectnet.cpp.o[0m
[ 20%] [32mBuilding CXX object CMakeFiles/imagenet.dir/src/node_imagenet.cpp.o[0m
[ 25%] [32mBuilding CXX object CMakeFiles/video_source.dir/src/node_video_source.cpp.o[0m
[ 30%] [32mBuilding CXX object CMakeFiles/video_output.dir/src/node_video_output.cpp.o[0m
[ 35%] [32mBuilding CXX object CMakeFiles/detectnet.dir/src/image_converter.cpp.o[0m
[ 40%] [32mBuilding CXX object CMakeFiles/imagenet.dir/src/image_converter.cpp.o[0m
[ 45%] [32mBuilding CXX object CMakeFiles/segnet.dir/src/image_converter.cpp.o[0m
[ 50%] [32mBuilding CXX object CMakeFiles/video_output.dir/src/image_converter.cpp.o[0m
