[0.336s] colcon DEBUG Command line arguments: ['/usr/bin/colcon', 'build', '--packages-select', 'ros_deep_learning']
[0.336s] colcon DEBUG Parsed command line arguments: Namespace(log_base=None, log_level=None, verb_name='build', build_base='build', install_base='install', merge_install=False, symlink_install=False, test_result_base=None, continue_on_error=False, executor='parallel', parallel_workers=6, event_handlers=None, ignore_user_meta=False, metas=['./colcon.meta'], base_paths=['.'], packages_ignore=None, packages_ignore_regex=None, paths=None, packages_up_to=None, packages_up_to_regex=None, packages_above=None, packages_above_and_dependencies=None, packages_above_depth=None, packages_select_by_dep=None, packages_skip_by_dep=None, packages_skip_up_to=None, packages_select_build_failed=False, packages_skip_build_finished=False, packages_select_test_failures=False, packages_skip_test_passed=False, packages_select=['ros_deep_learning'], packages_skip=None, packages_select_regex=None, packages_skip_regex=None, packages_start=None, packages_end=None, allow_overriding=[], cmake_args=None, cmake_target=None, cmake_target_skip_unavailable=False, cmake_clean_cache=False, cmake_clean_first=False, cmake_force_configure=False, ament_cmake_args=None, catkin_cmake_args=None, catkin_skip_building_tests=False, mixin_files=None, mixin=None, verb_parser=<colcon_mixin.mixin.mixin_argument.MixinArgumentDecorator object at 0xffff874e5600>, verb_extension=<colcon_core.verb.build.BuildVerb object at 0xffff874e48e0>, main=<bound method BuildVerb.main of <colcon_core.verb.build.BuildVerb object at 0xffff874e48e0>>, mixin_verb=('build',))
[0.900s] colcon.colcon_core.package_discovery Level 1 discover_packages(colcon_meta) check parameters
[0.900s] colcon.colcon_core.package_discovery Level 1 discover_packages(recursive) check parameters
[0.900s] colcon.colcon_core.package_discovery Level 1 discover_packages(ignore) check parameters
[0.900s] colcon.colcon_core.package_discovery Level 1 discover_packages(path) check parameters
[0.901s] colcon.colcon_core.package_discovery Level 1 discover_packages(colcon_meta) discover
[0.901s] colcon.colcon_core.package_discovery Level 1 discover_packages(recursive) discover
[0.901s] colcon.colcon_core.package_discovery INFO Crawling recursively for packages in '/home/wego/team_ws/psh030917/nface_ws'
[0.901s] colcon.colcon_core.package_identification Level 1 _identify(.) by extensions ['ignore', 'ignore_ament_install']
[0.901s] colcon.colcon_core.package_identification Level 1 _identify(.) by extension 'ignore'
[0.901s] colcon.colcon_core.package_identification Level 1 _identify(.) by extension 'ignore_ament_install'
[0.902s] colcon.colcon_core.package_identification Level 1 _identify(.) by extensions ['colcon_pkg']
[0.902s] colcon.colcon_core.package_identification Level 1 _identify(.) by extension 'colcon_pkg'
[0.902s] colcon.colcon_core.package_identification Level 1 _identify(.) by extensions ['colcon_meta']
[0.902s] colcon.colcon_core.package_identification Level 1 _identify(.) by extension 'colcon_meta'
[0.902s] colcon.colcon_core.package_identification Level 1 _identify(.) by extensions ['ros']
[0.902s] colcon.colcon_core.package_identification Level 1 _identify(.) by extension 'ros'
[0.953s] colcon.colcon_core.package_identification Level 1 _identify(.) by extensions ['cmake', 'python']
[0.953s] colcon.colcon_core.package_identification Level 1 _identify(.) by extension 'cmake'
[0.953s] colcon.colcon_core.package_identification Level 1 _identify(.) by extension 'python'
[0.953s] colcon.colcon_core.package_identification Level 1 _identify(.) by extensions ['python_setup_py']
[0.953s] colcon.colcon_core.package_identification Level 1 _identify(.) by extension 'python_setup_py'
[0.954s] colcon.colcon_core.package_identification Level 1 _identify(build) by extensions ['ignore', 'ignore_ament_install']
[0.954s] colcon.colcon_core.package_identification Level 1 _identify(build) by extension 'ignore'
[0.954s] colcon.colcon_core.package_identification Level 1 _identify(build) ignored
[0.955s] colcon.colcon_core.package_identification Level 1 _identify(install) by extensions ['ignore', 'ignore_ament_install']
[0.955s] colcon.colcon_core.package_identification Level 1 _identify(install) by extension 'ignore'
[0.955s] colcon.colcon_core.package_identification Level 1 _identify(install) ignored
[0.955s] colcon.colcon_core.package_identification Level 1 _identify(log) by extensions ['ignore', 'ignore_ament_install']
[0.956s] colcon.colcon_core.package_identification Level 1 _identify(log) by extension 'ignore'
[0.956s] colcon.colcon_core.package_identification Level 1 _identify(log) ignored
[0.956s] colcon.colcon_core.package_identification Level 1 _identify(src) by extensions ['ignore', 'ignore_ament_install']
[0.956s] colcon.colcon_core.package_identification Level 1 _identify(src) by extension 'ignore'
[0.956s] colcon.colcon_core.package_identification Level 1 _identify(src) by extension 'ignore_ament_install'
[0.956s] colcon.colcon_core.package_identification Level 1 _identify(src) by extensions ['colcon_pkg']
[0.956s] colcon.colcon_core.package_identification Level 1 _identify(src) by extension 'colcon_pkg'
[0.957s] colcon.colcon_core.package_identification Level 1 _identify(src) by extensions ['colcon_meta']
[0.957s] colcon.colcon_core.package_identification Level 1 _identify(src) by extension 'colcon_meta'
[0.957s] colcon.colcon_core.package_identification Level 1 _identify(src) by extensions ['ros']
[0.957s] colcon.colcon_core.package_identification Level 1 _identify(src) by extension 'ros'
[0.957s] colcon.colcon_core.package_identification Level 1 _identify(src) by extensions ['cmake', 'python']
[0.957s] colcon.colcon_core.package_identification Level 1 _identify(src) by extension 'cmake'
[0.957s] colcon.colcon_core.package_identification Level 1 _identify(src) by extension 'python'
[0.957s] colcon.colcon_core.package_identification Level 1 _identify(src) by extensions ['python_setup_py']
[0.957s] colcon.colcon_core.package_identification Level 1 _identify(src) by extension 'python_setup_py'
[0.958s] colcon.colcon_core.package_identification Level 1 _identify(src/ros_deep_learning) by extensions ['ignore', 'ignore_ament_install']
[0.958s] colcon.colcon_core.package_identification Level 1 _identify(src/ros_deep_learning) by extension 'ignore'
[0.958s] colcon.colcon_core.package_identification Level 1 _identify(src/ros_deep_learning) by extension 'ignore_ament_install'
[0.958s] colcon.colcon_core.package_identification Level 1 _identify(src/ros_deep_learning) by extensions ['colcon_pkg']
[0.958s] colcon.colcon_core.package_identification Level 1 _identify(src/ros_deep_learning) by extension 'colcon_pkg'
[0.958s] colcon.colcon_core.package_identification Level 1 _identify(src/ros_deep_learning) by extensions ['colcon_meta']
[0.958s] colcon.colcon_core.package_identification Level 1 _identify(src/ros_deep_learning) by extension 'colcon_meta'
[0.958s] colcon.colcon_core.package_identification Level 1 _identify(src/ros_deep_learning) by extensions ['ros']
[0.958s] colcon.colcon_core.package_identification Level 1 _identify(src/ros_deep_learning) by extension 'ros'
[0.965s] colcon.colcon_core.package_identification DEBUG Package 'src/ros_deep_learning' with type 'ros.ament_cmake' and name 'ros_deep_learning'
[0.965s] colcon.colcon_core.package_discovery Level 1 discover_packages(recursive) using defaults
[0.965s] colcon.colcon_core.package_discovery Level 1 discover_packages(ignore) discover
[0.965s] colcon.colcon_core.package_discovery Level 1 discover_packages(ignore) using defaults
[0.965s] colcon.colcon_core.package_discovery Level 1 discover_packages(path) discover
[0.965s] colcon.colcon_core.package_discovery Level 1 discover_packages(path) using defaults
[1.006s] colcon.colcon_core.package_discovery Level 1 discover_packages(prefix_path) check parameters
[1.006s] colcon.colcon_core.package_discovery Level 1 discover_packages(prefix_path) discover
[1.013s] colcon.colcon_installed_package_information.package_discovery DEBUG Found 378 installed packages in /opt/ros/humble
[1.019s] colcon.colcon_core.package_discovery Level 1 discover_packages(prefix_path) using defaults
[1.116s] colcon.colcon_core.verb Level 5 set package 'ros_deep_learning' build argument 'cmake_args' from command line to 'None'
[1.116s] colcon.colcon_core.verb Level 5 set package 'ros_deep_learning' build argument 'cmake_target' from command line to 'None'
[1.116s] colcon.colcon_core.verb Level 5 set package 'ros_deep_learning' build argument 'cmake_target_skip_unavailable' from command line to 'False'
[1.116s] colcon.colcon_core.verb Level 5 set package 'ros_deep_learning' build argument 'cmake_clean_cache' from command line to 'False'
[1.116s] colcon.colcon_core.verb Level 5 set package 'ros_deep_learning' build argument 'cmake_clean_first' from command line to 'False'
[1.116s] colcon.colcon_core.verb Level 5 set package 'ros_deep_learning' build argument 'cmake_force_configure' from command line to 'False'
[1.116s] colcon.colcon_core.verb Level 5 set package 'ros_deep_learning' build argument 'ament_cmake_args' from command line to 'None'
[1.116s] colcon.colcon_core.verb Level 5 set package 'ros_deep_learning' build argument 'catkin_cmake_args' from command line to 'None'
[1.116s] colcon.colcon_core.verb Level 5 set package 'ros_deep_learning' build argument 'catkin_skip_building_tests' from command line to 'False'
[1.116s] colcon.colcon_core.verb DEBUG Building package 'ros_deep_learning' with the following arguments: {'ament_cmake_args': None, 'build_base': '/home/wego/team_ws/psh030917/nface_ws/build/ros_deep_learning', 'catkin_cmake_args': None, 'catkin_skip_building_tests': False, 'cmake_args': None, 'cmake_clean_cache': False, 'cmake_clean_first': False, 'cmake_force_configure': False, 'cmake_target': None, 'cmake_target_skip_unavailable': False, 'install_base': '/home/wego/team_ws/psh030917/nface_ws/install/ros_deep_learning', 'merge_install': False, 'path': '/home/wego/team_ws/psh030917/nface_ws/src/ros_deep_learning', 'symlink_install': False, 'test_result_base': None}
[1.117s] colcon.colcon_core.executor INFO Executing jobs using 'parallel' executor
[1.119s] colcon.colcon_parallel_executor.executor.parallel DEBUG run_until_complete
[1.120s] colcon.colcon_ros.task.ament_cmake.build INFO Building ROS package in '/home/wego/team_ws/psh030917/nface_ws/src/ros_deep_learning' with build type 'ament_cmake'
[1.120s] colcon.colcon_cmake.task.cmake.build INFO Building CMake package in '/home/wego/team_ws/psh030917/nface_ws/src/ros_deep_learning'
[1.128s] colcon.colcon_core.plugin_system INFO Skipping extension 'colcon_core.shell.bat': Not used on non-Windows systems
[1.128s] colcon.colcon_core.shell INFO Skip shell extension 'powershell' for command environment: Not usable outside of PowerShell
[1.128s] colcon.colcon_core.shell DEBUG Skip shell extension 'dsv' for command environment
[1.145s] colcon.colcon_core.event_handler.log_command DEBUG Invoking command in '/home/wego/team_ws/psh030917/nface_ws/build/ros_deep_learning': CMAKE_PREFIX_PATH=/opt/ros/humble /usr/bin/cmake /home/wego/team_ws/psh030917/nface_ws/src/ros_deep_learning -DCMAKE_INSTALL_PREFIX=/home/wego/team_ws/psh030917/nface_ws/install/ros_deep_learning
[2.577s] colcon.colcon_core.event_handler.log_command DEBUG Invoked command in '/home/wego/team_ws/psh030917/nface_ws/build/ros_deep_learning' returned '0': CMAKE_PREFIX_PATH=/opt/ros/humble /usr/bin/cmake /home/wego/team_ws/psh030917/nface_ws/src/ros_deep_learning -DCMAKE_INSTALL_PREFIX=/home/wego/team_ws/psh030917/nface_ws/install/ros_deep_learning
[2.579s] colcon.colcon_core.event_handler.log_command DEBUG Invoking command in '/home/wego/team_ws/psh030917/nface_ws/build/ros_deep_learning': CMAKE_PREFIX_PATH=/opt/ros/humble /usr/bin/cmake --build /home/wego/team_ws/psh030917/nface_ws/build/ros_deep_learning -- -j6 -l6
[25.146s] colcon.colcon_core.event_handler.log_command DEBUG Invoked command in '/home/wego/team_ws/psh030917/nface_ws/build/ros_deep_learning' returned '0': CMAKE_PREFIX_PATH=/opt/ros/humble /usr/bin/cmake --build /home/wego/team_ws/psh030917/nface_ws/build/ros_deep_learning -- -j6 -l6
[25.171s] colcon.colcon_core.event_handler.log_command DEBUG Invoking command in '/home/wego/team_ws/psh030917/nface_ws/build/ros_deep_learning': CMAKE_PREFIX_PATH=/opt/ros/humble /usr/bin/cmake --install /home/wego/team_ws/psh030917/nface_ws/build/ros_deep_learning
[25.220s] colcon.colcon_core.environment Level 1 create_environment_scripts_only(ros_deep_learning)
[25.222s] colcon.colcon_core.event_handler.log_command DEBUG Invoked command in '/home/wego/team_ws/psh030917/nface_ws/build/ros_deep_learning' returned '0': CMAKE_PREFIX_PATH=/opt/ros/humble /usr/bin/cmake --install /home/wego/team_ws/psh030917/nface_ws/build/ros_deep_learning
[25.231s] colcon.colcon_core.environment Level 1 checking '/home/wego/team_ws/psh030917/nface_ws/install/ros_deep_learning' for CMake module files
[25.233s] colcon.colcon_core.environment Level 1 checking '/home/wego/team_ws/psh030917/nface_ws/install/ros_deep_learning' for CMake config files
[25.235s] colcon.colcon_core.shell Level 1 create_environment_hook('ros_deep_learning', 'cmake_prefix_path')
[25.236s] colcon.colcon_core.shell INFO Creating environment hook '/home/wego/team_ws/psh030917/nface_ws/install/ros_deep_learning/share/ros_deep_learning/hook/cmake_prefix_path.ps1'
[25.239s] colcon.colcon_core.shell INFO Creating environment descriptor '/home/wego/team_ws/psh030917/nface_ws/install/ros_deep_learning/share/ros_deep_learning/hook/cmake_prefix_path.dsv'
[25.240s] colcon.colcon_core.shell INFO Creating environment hook '/home/wego/team_ws/psh030917/nface_ws/install/ros_deep_learning/share/ros_deep_learning/hook/cmake_prefix_path.sh'
[25.242s] colcon.colcon_core.environment Level 1 checking '/home/wego/team_ws/psh030917/nface_ws/install/ros_deep_learning/lib'
[25.243s] colcon.colcon_core.environment Level 1 checking '/home/wego/team_ws/psh030917/nface_ws/install/ros_deep_learning/bin'
[25.243s] colcon.colcon_core.environment Level 1 checking '/home/wego/team_ws/psh030917/nface_ws/install/ros_deep_learning/lib/pkgconfig/ros_deep_learning.pc'
[25.244s] colcon.colcon_core.environment Level 1 checking '/home/wego/team_ws/psh030917/nface_ws/install/ros_deep_learning/lib/python3.10/site-packages'
[25.245s] colcon.colcon_core.environment Level 1 checking '/home/wego/team_ws/psh030917/nface_ws/install/ros_deep_learning/bin'
[25.246s] colcon.colcon_core.shell INFO Creating package script '/home/wego/team_ws/psh030917/nface_ws/install/ros_deep_learning/share/ros_deep_learning/package.ps1'
[25.249s] colcon.colcon_core.shell INFO Creating package descriptor '/home/wego/team_ws/psh030917/nface_ws/install/ros_deep_learning/share/ros_deep_learning/package.dsv'
[25.252s] colcon.colcon_core.shell INFO Creating package script '/home/wego/team_ws/psh030917/nface_ws/install/ros_deep_learning/share/ros_deep_learning/package.sh'
[25.253s] colcon.colcon_core.shell INFO Creating package script '/home/wego/team_ws/psh030917/nface_ws/install/ros_deep_learning/share/ros_deep_learning/package.bash'
[25.256s] colcon.colcon_core.shell INFO Creating package script '/home/wego/team_ws/psh030917/nface_ws/install/ros_deep_learning/share/ros_deep_learning/package.zsh'
[25.258s] colcon.colcon_core.environment Level 1 create_file_with_runtime_dependencies(/home/wego/team_ws/psh030917/nface_ws/install/ros_deep_learning/share/colcon-core/packages/ros_deep_learning)
[25.260s] colcon.colcon_core.environment Level 1 create_environment_scripts_only(ros_deep_learning)
[25.260s] colcon.colcon_core.environment Level 1 checking '/home/wego/team_ws/psh030917/nface_ws/install/ros_deep_learning' for CMake module files
[25.261s] colcon.colcon_core.environment Level 1 checking '/home/wego/team_ws/psh030917/nface_ws/install/ros_deep_learning' for CMake config files
[25.262s] colcon.colcon_core.shell Level 1 create_environment_hook('ros_deep_learning', 'cmake_prefix_path')
[25.262s] colcon.colcon_core.shell INFO Creating environment hook '/home/wego/team_ws/psh030917/nface_ws/install/ros_deep_learning/share/ros_deep_learning/hook/cmake_prefix_path.ps1'
[25.264s] colcon.colcon_core.shell INFO Creating environment descriptor '/home/wego/team_ws/psh030917/nface_ws/install/ros_deep_learning/share/ros_deep_learning/hook/cmake_prefix_path.dsv'
[25.265s] colcon.colcon_core.shell INFO Creating environment hook '/home/wego/team_ws/psh030917/nface_ws/install/ros_deep_learning/share/ros_deep_learning/hook/cmake_prefix_path.sh'
[25.267s] colcon.colcon_core.environment Level 1 checking '/home/wego/team_ws/psh030917/nface_ws/install/ros_deep_learning/lib'
[25.267s] colcon.colcon_core.environment Level 1 checking '/home/wego/team_ws/psh030917/nface_ws/install/ros_deep_learning/bin'
[25.267s] colcon.colcon_core.environment Level 1 checking '/home/wego/team_ws/psh030917/nface_ws/install/ros_deep_learning/lib/pkgconfig/ros_deep_learning.pc'
[25.268s] colcon.colcon_core.environment Level 1 checking '/home/wego/team_ws/psh030917/nface_ws/install/ros_deep_learning/lib/python3.10/site-packages'
[25.269s] colcon.colcon_core.environment Level 1 checking '/home/wego/team_ws/psh030917/nface_ws/install/ros_deep_learning/bin'
[25.270s] colcon.colcon_core.shell INFO Creating package script '/home/wego/team_ws/psh030917/nface_ws/install/ros_deep_learning/share/ros_deep_learning/package.ps1'
[25.272s] colcon.colcon_core.shell INFO Creating package descriptor '/home/wego/team_ws/psh030917/nface_ws/install/ros_deep_learning/share/ros_deep_learning/package.dsv'
[25.273s] colcon.colcon_core.shell INFO Creating package script '/home/wego/team_ws/psh030917/nface_ws/install/ros_deep_learning/share/ros_deep_learning/package.sh'
[25.275s] colcon.colcon_core.shell INFO Creating package script '/home/wego/team_ws/psh030917/nface_ws/install/ros_deep_learning/share/ros_deep_learning/package.bash'
[25.276s] colcon.colcon_core.shell INFO Creating package script '/home/wego/team_ws/psh030917/nface_ws/install/ros_deep_learning/share/ros_deep_learning/package.zsh'
[25.277s] colcon.colcon_core.environment Level 1 create_file_with_runtime_dependencies(/home/wego/team_ws/psh030917/nface_ws/install/ros_deep_learning/share/colcon-core/packages/ros_deep_learning)
[25.278s] colcon.colcon_parallel_executor.executor.parallel DEBUG closing loop
[25.279s] colcon.colcon_parallel_executor.executor.parallel DEBUG loop closed
[25.279s] colcon.colcon_parallel_executor.executor.parallel DEBUG run_until_complete finished with '0'
[25.279s] colcon.colcon_core.event_reactor DEBUG joining thread
[25.296s] colcon.colcon_core.plugin_system INFO Skipping extension 'colcon_notification.desktop_notification.terminal_notifier': Not used on non-Darwin systems
[25.297s] colcon.colcon_core.plugin_system INFO Skipping extension 'colcon_notification.desktop_notification.win32': Not used on non-Windows systems
[25.297s] colcon.colcon_notification.desktop_notification INFO Sending desktop notification using 'notify2'
[25.353s] colcon.colcon_core.event_reactor DEBUG joined thread
[25.354s] colcon.colcon_core.shell INFO Creating prefix script '/home/wego/team_ws/psh030917/nface_ws/install/local_setup.ps1'
[25.358s] colcon.colcon_core.shell INFO Creating prefix util module '/home/wego/team_ws/psh030917/nface_ws/install/_local_setup_util_ps1.py'
[25.361s] colcon.colcon_core.shell INFO Creating prefix chain script '/home/wego/team_ws/psh030917/nface_ws/install/setup.ps1'
[25.364s] colcon.colcon_core.shell INFO Creating prefix script '/home/wego/team_ws/psh030917/nface_ws/install/local_setup.sh'
[25.366s] colcon.colcon_core.shell INFO Creating prefix util module '/home/wego/team_ws/psh030917/nface_ws/install/_local_setup_util_sh.py'
[25.367s] colcon.colcon_core.shell INFO Creating prefix chain script '/home/wego/team_ws/psh030917/nface_ws/install/setup.sh'
[25.370s] colcon.colcon_core.shell INFO Creating prefix script '/home/wego/team_ws/psh030917/nface_ws/install/local_setup.bash'
[25.372s] colcon.colcon_core.shell INFO Creating prefix chain script '/home/wego/team_ws/psh030917/nface_ws/install/setup.bash'
[25.374s] colcon.colcon_core.shell INFO Creating prefix script '/home/wego/team_ws/psh030917/nface_ws/install/local_setup.zsh'
[25.376s] colcon.colcon_core.shell INFO Creating prefix chain script '/home/wego/team_ws/psh030917/nface_ws/install/setup.zsh'
