[0.019s] Invoking command in '/home/wego/team_ws/psh030917/nface_ws/build/ros_deep_learning': CMAKE_PREFIX_PATH=/opt/ros/humble /usr/bin/cmake --build /home/wego/team_ws/psh030917/nface_ws/build/ros_deep_learning -- -j6 -l6
[0.119s] Consolidate compiler generated dependencies of target detectnet
[0.136s] [ 20%] Built target video_output
[0.139s] [ 40%] Built target segnet
[0.148s] [ 65%] Built target imagenet
[0.148s] [ 80%] Built target detectnet
[0.151s] [100%] Built target video_source
[0.180s] Invoked command in '/home/wego/team_ws/psh030917/nface_ws/build/ros_deep_learning' returned '0': CMAKE_PREFIX_PATH=/opt/ros/humble /usr/bin/cmake --build /home/wego/team_ws/psh030917/nface_ws/build/ros_deep_learning -- -j6 -l6
[0.205s] Invoking command in '/home/wego/team_ws/psh030917/nface_ws/build/ros_deep_learning': CMAKE_PREFIX_PATH=/opt/ros/humble /usr/bin/cmake --install /home/wego/team_ws/psh030917/nface_ws/build/ros_deep_learning
[0.226s] -- Install configuration: ""
[0.228s] -- Execute custom install script
[0.229s] -- Up-to-date symlink: /home/wego/team_ws/psh030917/nface_ws/install/ros_deep_learning/lib/ros_deep_learning/imagenet
[0.229s] -- Up-to-date symlink: /home/wego/team_ws/psh030917/nface_ws/install/ros_deep_learning/lib/ros_deep_learning/detectnet
[0.230s] -- Up-to-date symlink: /home/wego/team_ws/psh030917/nface_ws/install/ros_deep_learning/lib/ros_deep_learning/segnet
[0.230s] -- Up-to-date symlink: /home/wego/team_ws/psh030917/nface_ws/install/ros_deep_learning/lib/ros_deep_learning/video_source
[0.230s] -- Up-to-date symlink: /home/wego/team_ws/psh030917/nface_ws/install/ros_deep_learning/lib/ros_deep_learning/video_output
[0.231s] -- Up-to-date symlink: /home/wego/team_ws/psh030917/nface_ws/install/ros_deep_learning/share/ros_deep_learning//launch/detectnet.ros1.launch
[0.232s] -- Up-to-date symlink: /home/wego/team_ws/psh030917/nface_ws/install/ros_deep_learning/share/ros_deep_learning//launch/detectnet.ros2.launch
[0.232s] -- Up-to-date symlink: /home/wego/team_ws/psh030917/nface_ws/install/ros_deep_learning/share/ros_deep_learning//launch/imagenet.ros1.launch
[0.233s] -- Up-to-date symlink: /home/wego/team_ws/psh030917/nface_ws/install/ros_deep_learning/share/ros_deep_learning//launch/imagenet.ros2.launch
[0.234s] -- Up-to-date symlink: /home/wego/team_ws/psh030917/nface_ws/install/ros_deep_learning/share/ros_deep_learning//launch/segnet.ros1.launch
[0.234s] -- Up-to-date symlink: /home/wego/team_ws/psh030917/nface_ws/install/ros_deep_learning/share/ros_deep_learning//launch/segnet.ros2.launch
[0.234s] -- Up-to-date symlink: /home/wego/team_ws/psh030917/nface_ws/install/ros_deep_learning/share/ros_deep_learning//launch/video_output.ros1.launch
[0.235s] -- Up-to-date symlink: /home/wego/team_ws/psh030917/nface_ws/install/ros_deep_learning/share/ros_deep_learning//launch/video_output.ros2.launch
[0.235s] -- Up-to-date symlink: /home/wego/team_ws/psh030917/nface_ws/install/ros_deep_learning/share/ros_deep_learning//launch/video_source.ros1.launch
[0.236s] -- Up-to-date symlink: /home/wego/team_ws/psh030917/nface_ws/install/ros_deep_learning/share/ros_deep_learning//launch/video_source.ros2.launch
[0.236s] -- Up-to-date symlink: /home/wego/team_ws/psh030917/nface_ws/install/ros_deep_learning/share/ros_deep_learning//launch/video_viewer.ros1.launch
[0.236s] -- Up-to-date symlink: /home/wego/team_ws/psh030917/nface_ws/install/ros_deep_learning/share/ros_deep_learning//launch/video_viewer.ros2.launch
[0.237s] -- Up-to-date symlink: /home/wego/team_ws/psh030917/nface_ws/install/ros_deep_learning/share/ament_index/resource_index/package_run_dependencies/ros_deep_learning
[0.237s] -- Up-to-date symlink: /home/wego/team_ws/psh030917/nface_ws/install/ros_deep_learning/share/ament_index/resource_index/parent_prefix_path/ros_deep_learning
[0.237s] -- Up-to-date symlink: /home/wego/team_ws/psh030917/nface_ws/install/ros_deep_learning/share/ros_deep_learning/environment/ament_prefix_path.sh
[0.237s] -- Up-to-date symlink: /home/wego/team_ws/psh030917/nface_ws/install/ros_deep_learning/share/ros_deep_learning/environment/ament_prefix_path.dsv
[0.237s] -- Up-to-date symlink: /home/wego/team_ws/psh030917/nface_ws/install/ros_deep_learning/share/ros_deep_learning/environment/path.sh
[0.238s] -- Up-to-date symlink: /home/wego/team_ws/psh030917/nface_ws/install/ros_deep_learning/share/ros_deep_learning/environment/path.dsv
[0.238s] -- Up-to-date symlink: /home/wego/team_ws/psh030917/nface_ws/install/ros_deep_learning/share/ros_deep_learning/local_setup.bash
[0.238s] -- Up-to-date symlink: /home/wego/team_ws/psh030917/nface_ws/install/ros_deep_learning/share/ros_deep_learning/local_setup.sh
[0.238s] -- Up-to-date symlink: /home/wego/team_ws/psh030917/nface_ws/install/ros_deep_learning/share/ros_deep_learning/local_setup.zsh
[0.238s] -- Up-to-date symlink: /home/wego/team_ws/psh030917/nface_ws/install/ros_deep_learning/share/ros_deep_learning/local_setup.dsv
[0.239s] -- Symlinking: /home/wego/team_ws/psh030917/nface_ws/install/ros_deep_learning/share/ros_deep_learning/package.dsv
[0.257s] -- Up-to-date symlink: /home/wego/team_ws/psh030917/nface_ws/install/ros_deep_learning/share/ament_index/resource_index/packages/ros_deep_learning
[0.257s] -- Up-to-date symlink: /home/wego/team_ws/psh030917/nface_ws/install/ros_deep_learning/share/ros_deep_learning/cmake/ros_deep_learningConfig.cmake
[0.257s] -- Up-to-date symlink: /home/wego/team_ws/psh030917/nface_ws/install/ros_deep_learning/share/ros_deep_learning/cmake/ros_deep_learningConfig-version.cmake
[0.257s] -- Up-to-date symlink: /home/wego/team_ws/psh030917/nface_ws/install/ros_deep_learning/share/ros_deep_learning/package.xml
[0.262s] Invoked command in '/home/wego/team_ws/psh030917/nface_ws/build/ros_deep_learning' returned '0': CMAKE_PREFIX_PATH=/opt/ros/humble /usr/bin/cmake --install /home/wego/team_ws/psh030917/nface_ws/build/ros_deep_learning
