running egg_info
creating ../build/limo_patrol/limo_patrol.egg-info
writing ../build/limo_patrol/limo_patrol.egg-info/PKG-INFO
writing dependency_links to ../build/limo_patrol/limo_patrol.egg-info/dependency_links.txt
writing entry points to ../build/limo_patrol/limo_patrol.egg-info/entry_points.txt
writing requirements to ../build/limo_patrol/limo_patrol.egg-info/requires.txt
writing top-level names to ../build/limo_patrol/limo_patrol.egg-info/top_level.txt
writing manifest file '../build/limo_patrol/limo_patrol.egg-info/SOURCES.txt'
reading manifest file '../build/limo_patrol/limo_patrol.egg-info/SOURCES.txt'
writing manifest file '../build/limo_patrol/limo_patrol.egg-info/SOURCES.txt'
running build
running build_py
creating /home/wego/team_ws/han1371/build/limo_patrol/build
creating /home/wego/team_ws/han1371/build/limo_patrol/build/lib
creating /home/wego/team_ws/han1371/build/limo_patrol/build/lib/limo_patrol
copying limo_patrol/object_perception_lidar_node.py -> /home/wego/team_ws/han1371/build/limo_patrol/build/lib/limo_patrol
copying limo_patrol/__init__.py -> /home/wego/team_ws/han1371/build/limo_patrol/build/lib/limo_patrol
copying limo_patrol/waypoint_patrol_node.py -> /home/wego/team_ws/han1371/build/limo_patrol/build/lib/limo_patrol
copying limo_patrol/flame_sensor_node.py -> /home/wego/team_ws/han1371/build/limo_patrol/build/lib/limo_patrol
copying limo_patrol/mode_manager_node.py -> /home/wego/team_ws/han1371/build/limo_patrol/build/lib/limo_patrol
running install
running install_lib
creating /home/wego/team_ws/han1371/install/limo_patrol/lib/python3.10/site-packages/limo_patrol
copying /home/wego/team_ws/han1371/build/limo_patrol/build/lib/limo_patrol/object_perception_lidar_node.py -> /home/wego/team_ws/han1371/install/limo_patrol/lib/python3.10/site-packages/limo_patrol
copying /home/wego/team_ws/han1371/build/limo_patrol/build/lib/limo_patrol/__init__.py -> /home/wego/team_ws/han1371/install/limo_patrol/lib/python3.10/site-packages/limo_patrol
copying /home/wego/team_ws/han1371/build/limo_patrol/build/lib/limo_patrol/waypoint_patrol_node.py -> /home/wego/team_ws/han1371/install/limo_patrol/lib/python3.10/site-packages/limo_patrol
copying /home/wego/team_ws/han1371/build/limo_patrol/build/lib/limo_patrol/flame_sensor_node.py -> /home/wego/team_ws/han1371/install/limo_patrol/lib/python3.10/site-packages/limo_patrol
copying /home/wego/team_ws/han1371/build/limo_patrol/build/lib/limo_patrol/mode_manager_node.py -> /home/wego/team_ws/han1371/install/limo_patrol/lib/python3.10/site-packages/limo_patrol
byte-compiling /home/wego/team_ws/han1371/install/limo_patrol/lib/python3.10/site-packages/limo_patrol/object_perception_lidar_node.py to object_perception_lidar_node.cpython-310.pyc
byte-compiling /home/wego/team_ws/han1371/install/limo_patrol/lib/python3.10/site-packages/limo_patrol/__init__.py to __init__.cpython-310.pyc
byte-compiling /home/wego/team_ws/han1371/install/limo_patrol/lib/python3.10/site-packages/limo_patrol/waypoint_patrol_node.py to waypoint_patrol_node.cpython-310.pyc
byte-compiling /home/wego/team_ws/han1371/install/limo_patrol/lib/python3.10/site-packages/limo_patrol/flame_sensor_node.py to flame_sensor_node.cpython-310.pyc
byte-compiling /home/wego/team_ws/han1371/install/limo_patrol/lib/python3.10/site-packages/limo_patrol/mode_manager_node.py to mode_manager_node.cpython-310.pyc
running install_data
creating /home/wego/team_ws/han1371/install/limo_patrol/share/ament_index
creating /home/wego/team_ws/han1371/install/limo_patrol/share/ament_index/resource_index
creating /home/wego/team_ws/han1371/install/limo_patrol/share/ament_index/resource_index/packages
copying resource/limo_patrol -> /home/wego/team_ws/han1371/install/limo_patrol/share/ament_index/resource_index/packages
copying package.xml -> /home/wego/team_ws/han1371/install/limo_patrol/share/limo_patrol
creating /home/wego/team_ws/han1371/install/limo_patrol/share/limo_patrol/launch
copying launch/limo_patrol.launch.py -> /home/wego/team_ws/han1371/install/limo_patrol/share/limo_patrol/launch
running install_egg_info
Copying ../build/limo_patrol/limo_patrol.egg-info to /home/wego/team_ws/han1371/install/limo_patrol/lib/python3.10/site-packages/limo_patrol-0.1.0-py3.10.egg-info
running install_scripts
Installing mode_manager_node script to /home/wego/team_ws/han1371/install/limo_patrol/lib/limo_patrol
Installing object_perception_lidar_node script to /home/wego/team_ws/han1371/install/limo_patrol/lib/limo_patrol
writing list of installed files to '/home/wego/team_ws/han1371/build/limo_patrol/install.log'
