[1.637s] Invoking command in '/home/wego/team_ws/han1371/limo_patrol': PYTHONPATH=/home/wego/team_ws/han1371/build/limo_patrol/prefix_override:/usr/lib/python3/dist-packages/colcon_core/task/python/colcon_distutils_commands:/home/wego/team_ws/han1371/install/limo_patrol/lib/python3.10/site-packages:${PYTHONPATH} /usr/bin/python3 -W ignore:setup.py install is deprecated -W ignore:easy_install command is deprecated setup.py egg_info --egg-base ../build/limo_patrol build --build-base /home/wego/team_ws/han1371/build/limo_patrol/build install --record /home/wego/team_ws/han1371/build/limo_patrol/install.log --single-version-externally-managed install_data
[2.273s] running egg_info
[2.274s] creating ../build/limo_patrol/limo_patrol.egg-info
[2.275s] writing ../build/limo_patrol/limo_patrol.egg-info/PKG-INFO
[2.275s] writing dependency_links to ../build/limo_patrol/limo_patrol.egg-info/dependency_links.txt
[2.276s] writing entry points to ../build/limo_patrol/limo_patrol.egg-info/entry_points.txt
[2.276s] writing requirements to ../build/limo_patrol/limo_patrol.egg-info/requires.txt
[2.276s] writing top-level names to ../build/limo_patrol/limo_patrol.egg-info/top_level.txt
[2.276s] writing manifest file '../build/limo_patrol/limo_patrol.egg-info/SOURCES.txt'
[2.280s] reading manifest file '../build/limo_patrol/limo_patrol.egg-info/SOURCES.txt'
[2.282s] writing manifest file '../build/limo_patrol/limo_patrol.egg-info/SOURCES.txt'
[2.282s] running build
[2.283s] running build_py
[2.283s] creating /home/wego/team_ws/han1371/build/limo_patrol/build
[2.283s] creating /home/wego/team_ws/han1371/build/limo_patrol/build/lib
[2.284s] creating /home/wego/team_ws/han1371/build/limo_patrol/build/lib/limo_patrol
[2.284s] copying limo_patrol/object_perception_lidar_node.py -> /home/wego/team_ws/han1371/build/limo_patrol/build/lib/limo_patrol
[2.284s] copying limo_patrol/__init__.py -> /home/wego/team_ws/han1371/build/limo_patrol/build/lib/limo_patrol
[2.285s] copying limo_patrol/waypoint_patrol_node.py -> /home/wego/team_ws/han1371/build/limo_patrol/build/lib/limo_patrol
[2.285s] copying limo_patrol/flame_sensor_node.py -> /home/wego/team_ws/han1371/build/limo_patrol/build/lib/limo_patrol
[2.285s] copying limo_patrol/mode_manager_node.py -> /home/wego/team_ws/han1371/build/limo_patrol/build/lib/limo_patrol
[2.286s] running install
[2.286s] running install_lib
[2.287s] creating /home/wego/team_ws/han1371/install/limo_patrol/lib/python3.10/site-packages/limo_patrol
[2.288s] copying /home/wego/team_ws/han1371/build/limo_patrol/build/lib/limo_patrol/object_perception_lidar_node.py -> /home/wego/team_ws/han1371/install/limo_patrol/lib/python3.10/site-packages/limo_patrol
[2.288s] copying /home/wego/team_ws/han1371/build/limo_patrol/build/lib/limo_patrol/__init__.py -> /home/wego/team_ws/han1371/install/limo_patrol/lib/python3.10/site-packages/limo_patrol
[2.288s] copying /home/wego/team_ws/han1371/build/limo_patrol/build/lib/limo_patrol/waypoint_patrol_node.py -> /home/wego/team_ws/han1371/install/limo_patrol/lib/python3.10/site-packages/limo_patrol
[2.289s] copying /home/wego/team_ws/han1371/build/limo_patrol/build/lib/limo_patrol/flame_sensor_node.py -> /home/wego/team_ws/han1371/install/limo_patrol/lib/python3.10/site-packages/limo_patrol
[2.289s] copying /home/wego/team_ws/han1371/build/limo_patrol/build/lib/limo_patrol/mode_manager_node.py -> /home/wego/team_ws/han1371/install/limo_patrol/lib/python3.10/site-packages/limo_patrol
[2.290s] byte-compiling /home/wego/team_ws/han1371/install/limo_patrol/lib/python3.10/site-packages/limo_patrol/object_perception_lidar_node.py to object_perception_lidar_node.cpython-310.pyc
[2.293s] byte-compiling /home/wego/team_ws/han1371/install/limo_patrol/lib/python3.10/site-packages/limo_patrol/__init__.py to __init__.cpython-310.pyc
[2.293s] byte-compiling /home/wego/team_ws/han1371/install/limo_patrol/lib/python3.10/site-packages/limo_patrol/waypoint_patrol_node.py to waypoint_patrol_node.cpython-310.pyc
[2.296s] byte-compiling /home/wego/team_ws/han1371/install/limo_patrol/lib/python3.10/site-packages/limo_patrol/flame_sensor_node.py to flame_sensor_node.cpython-310.pyc
[2.297s] byte-compiling /home/wego/team_ws/han1371/install/limo_patrol/lib/python3.10/site-packages/limo_patrol/mode_manager_node.py to mode_manager_node.cpython-310.pyc
[2.299s] running install_data
[2.299s] creating /home/wego/team_ws/han1371/install/limo_patrol/share/ament_index
[2.300s] creating /home/wego/team_ws/han1371/install/limo_patrol/share/ament_index/resource_index
[2.300s] creating /home/wego/team_ws/han1371/install/limo_patrol/share/ament_index/resource_index/packages
[2.300s] copying resource/limo_patrol -> /home/wego/team_ws/han1371/install/limo_patrol/share/ament_index/resource_index/packages
[2.301s] copying package.xml -> /home/wego/team_ws/han1371/install/limo_patrol/share/limo_patrol
[2.301s] creating /home/wego/team_ws/han1371/install/limo_patrol/share/limo_patrol/launch
[2.301s] copying launch/limo_patrol.launch.py -> /home/wego/team_ws/han1371/install/limo_patrol/share/limo_patrol/launch
[2.301s] running install_egg_info
[2.305s] Copying ../build/limo_patrol/limo_patrol.egg-info to /home/wego/team_ws/han1371/install/limo_patrol/lib/python3.10/site-packages/limo_patrol-0.1.0-py3.10.egg-info
[2.307s] running install_scripts
[2.357s] Installing mode_manager_node script to /home/wego/team_ws/han1371/install/limo_patrol/lib/limo_patrol
[2.357s] Installing object_perception_lidar_node script to /home/wego/team_ws/han1371/install/limo_patrol/lib/limo_patrol
[2.357s] writing list of installed files to '/home/wego/team_ws/han1371/build/limo_patrol/install.log'
[2.439s] Invoked command in '/home/wego/team_ws/han1371/limo_patrol' returned '0': PYTHONPATH=/home/wego/team_ws/han1371/build/limo_patrol/prefix_override:/usr/lib/python3/dist-packages/colcon_core/task/python/colcon_distutils_commands:/home/wego/team_ws/han1371/install/limo_patrol/lib/python3.10/site-packages:${PYTHONPATH} /usr/bin/python3 -W ignore:setup.py install is deprecated -W ignore:easy_install command is deprecated setup.py egg_info --egg-base ../build/limo_patrol build --build-base /home/wego/team_ws/han1371/build/limo_patrol/build install --record /home/wego/team_ws/han1371/build/limo_patrol/install.log --single-version-externally-managed install_data
