[0.000000] (-) TimerEvent: {}
[0.000325] (limo_fire_py) JobQueued: {'identifier': 'limo_fire_py', 'dependencies': OrderedDict()}
[0.000437] (limo_fire_py) JobStarted: {'identifier': 'limo_fire_py'}
[0.084237] (-) TimerEvent: {}
[0.184721] (-) TimerEvent: {}
[0.285172] (-) TimerEvent: {}
[0.385591] (-) TimerEvent: {}
[0.486435] (-) TimerEvent: {}
[0.586833] (-) TimerEvent: {}
[0.687255] (-) TimerEvent: {}
[0.787673] (-) TimerEvent: {}
[0.888103] (-) TimerEvent: {}
[0.989059] (-) TimerEvent: {}
[1.092861] (-) TimerEvent: {}
[1.193288] (-) TimerEvent: {}
[1.293692] (-) TimerEvent: {}
[1.394100] (-) TimerEvent: {}
[1.494508] (-) TimerEvent: {}
[1.595233] (-) TimerEvent: {}
[1.702712] (-) TimerEvent: {}
[1.803188] (-) TimerEvent: {}
[1.903571] (-) TimerEvent: {}
[2.003965] (-) TimerEvent: {}
[2.104367] (-) TimerEvent: {}
[2.204831] (-) TimerEvent: {}
[2.305273] (-) TimerEvent: {}
[2.405710] (-) TimerEvent: {}
[2.506158] (-) TimerEvent: {}
[2.606566] (-) TimerEvent: {}
[2.707001] (-) TimerEvent: {}
[2.807469] (-) TimerEvent: {}
[2.907902] (-) TimerEvent: {}
[3.008349] (-) TimerEvent: {}
[3.108778] (-) TimerEvent: {}
[3.209233] (-) TimerEvent: {}
[3.311185] (-) TimerEvent: {}
[3.360716] (limo_fire_py) Command: {'cmd': ['/usr/bin/python3', '-W', 'ignore:setup.py install is deprecated', '-W', 'ignore:easy_install command is deprecated', 'setup.py', 'egg_info', '--egg-base', 'build/limo_fire_py', 'build', '--build-base', '/home/wego/team_ws/MinGeun-SMG/limo_fire_py-main/build/limo_fire_py/build', 'install', '--record', '/home/wego/team_ws/MinGeun-SMG/limo_fire_py-main/build/limo_fire_py/install.log', '--single-version-externally-managed', 'install_data'], 'cwd': '/home/wego/team_ws/MinGeun-SMG/limo_fire_py-main', 'env': {'VSCODE_CWD': '/home/wego', 'VSCODE_ESM_ENTRYPOINT': 'vs/workbench/api/node/extensionHostProcess', 'USER': 'wego', 'SSH_CLIENT': '10.49.12.96 46588 22', 'LC_TIME': 'en_US.UTF-8', 'VSCODE_NLS_CONFIG': '{"userLocale":"en","osLocale":"en","resolvedLanguage":"en","defaultMessagesFile":"/home/wego/.cursor-server/bin/b3573281c4775bfc6bba466bf6563d3d498d1070/out/nls.messages.json","locale":"en","availableLanguages":{}}', 'VSCODE_HANDLES_UNCAUGHT_ERRORS': 'true', 'XDG_SESSION_TYPE': 'tty', 'SHLVL': '0', 'BROWSER': '/home/wego/.cursor-server/bin/b3573281c4775bfc6bba466bf6563d3d498d1070/bin/helpers/browser.sh', 'MOTD_SHOWN': 'pam', 'HOME': '/home/wego', 'OLDPWD': '/home/wego', 'VSCODE_IPC_HOOK_CLI': '/run/user/1000/vscode-ipc-92fb8a85-0603-4bde-9699-6403fa45a2d5.sock', 'JETSON_L4T': '36.4.7', 'JETSON_MODEL': 'NVIDIA Jetson Orin NX Engineering Reference Developer Kit', 'LC_MONETARY': 'en_US.UTF-8', 'NO_COLOR': '1', 'DBUS_SESSION_BUS_ADDRESS': 'unix:path=/run/user/1000/bus', 'VSCODE_L10N_BUNDLE_LOCATION': '', 'LOGNAME': 'wego', 'FORCE_COLOR': '0', 'JETSON_MODULE': 'NVIDIA Jetson Orin Nano (8GB ram)', 'JETSON_SERIAL_NUMBER': '1422325081170', 'VSCODE_HANDLES_SIGPIPE': 'true', '_': '/usr/bin/colcon', 'XDG_SESSION_CLASS': 'user', 'TERM': 'dumb', 'EVERYSPHERE_RIPGREP_PATH': '/home/wego/.cursor-server/bin/b3573281c4775bfc6bba466bf6563d3d498d1070/node_modules/@vscode/ripgrep/bin/rg', 'XDG_SESSION_ID': '7', 'COMPOSER_NO_INTERACTION': '1', 'PATH': '/home/wego/.cursor-server/bin/b3573281c4775bfc6bba466bf6563d3d498d1070/bin/remote-cli:/home/wego/.cursor-server/bin/b3573281c4775bfc6bba466bf6563d3d498d1070/bin/remote-cli:/home/wego/.local/bin:/usr/local/sbin:/usr/local/bin:/usr/sbin:/usr/bin:/sbin:/bin:/usr/games:/usr/local/games:/snap/bin', 'VSCODE_AGENT_FOLDER': '/home/wego/.cursor-server', 'LC_ADDRESS': 'en_US.UTF-8', 'XDG_RUNTIME_DIR': '/run/user/1000', 'CURSOR_AGENT': '1', 'LANG': 'en_US.UTF-8', 'LC_TELEPHONE': 'en_US.UTF-8', 'JETSON_SOC': 'tegra234', 'SHELL': '/bin/bash', 'LC_NAME': 'en_US.UTF-8', 'VSCODE_SERVER_SHUTDOWN_TIMEOUT': '300', 'LC_MEASUREMENT': 'en_US.UTF-8', 'LC_IDENTIFICATION': 'en_US.UTF-8', 'JETSON_CUDA_ARCH_BIN': '8.7', 'PWD': '/home/wego/team_ws/MinGeun-SMG/limo_fire_py-main/build/limo_fire_py', 'LC_ALL': 'en_US.UTF-8', 'SSH_CONNECTION': '10.49.12.96 46588 10.49.12.92 22', 'XDG_DATA_DIRS': '/usr/share/gnome:/usr/local/share:/usr/share:/var/lib/snapd/desktop', 'LC_NUMERIC': 'en_US.UTF-8', 'LC_PAPER': 'en_US.UTF-8', 'COLCON': '1', '_ZO_DOCTOR': '0', 'JETSON_JETPACK': '', 'JETSON_P_NUMBER': 'p3767-0003', 'PYTHONPATH': '/home/wego/team_ws/MinGeun-SMG/limo_fire_py-main/build/limo_fire_py/prefix_override:/usr/lib/python3/dist-packages/colcon_core/task/python/colcon_distutils_commands:/home/wego/team_ws/MinGeun-SMG/limo_fire_py-main/install/limo_fire_py/lib/python3.10/site-packages:'}, 'shell': False}
[3.413976] (-) TimerEvent: {}
[3.514408] (-) TimerEvent: {}
[3.615278] (-) TimerEvent: {}
[3.715687] (-) TimerEvent: {}
[3.816201] (-) TimerEvent: {}
[3.916626] (-) TimerEvent: {}
[4.017033] (-) TimerEvent: {}
[4.117477] (-) TimerEvent: {}
[4.183305] (limo_fire_py) StdoutLine: {'line': b'running egg_info\n'}
[4.185433] (limo_fire_py) StdoutLine: {'line': b'writing build/limo_fire_py/limo_fire_py.egg-info/PKG-INFO\n'}
[4.187870] (limo_fire_py) StdoutLine: {'line': b'writing dependency_links to build/limo_fire_py/limo_fire_py.egg-info/dependency_links.txt\n'}
[4.188107] (limo_fire_py) StdoutLine: {'line': b'writing entry points to build/limo_fire_py/limo_fire_py.egg-info/entry_points.txt\n'}
[4.188263] (limo_fire_py) StdoutLine: {'line': b'writing requirements to build/limo_fire_py/limo_fire_py.egg-info/requires.txt\n'}
[4.188403] (limo_fire_py) StdoutLine: {'line': b'writing top-level names to build/limo_fire_py/limo_fire_py.egg-info/top_level.txt\n'}
[4.192185] (limo_fire_py) StdoutLine: {'line': b"reading manifest file 'build/limo_fire_py/limo_fire_py.egg-info/SOURCES.txt'\n"}
[4.204874] (limo_fire_py) StdoutLine: {'line': b"writing manifest file 'build/limo_fire_py/limo_fire_py.egg-info/SOURCES.txt'\n"}
[4.206103] (limo_fire_py) StdoutLine: {'line': b'running build\n'}
[4.206311] (limo_fire_py) StdoutLine: {'line': b'running build_py\n'}
[4.208613] (limo_fire_py) StdoutLine: {'line': b'copying limo_fire_py/fire_sensor_reader.py -> /home/wego/team_ws/MinGeun-SMG/limo_fire_py-main/build/limo_fire_py/build/lib/limo_fire_py\n'}
[4.208930] (limo_fire_py) StdoutLine: {'line': b'running install\n'}
[4.209128] (limo_fire_py) StdoutLine: {'line': b'running install_lib\n'}
[4.211301] (limo_fire_py) StdoutLine: {'line': b'copying /home/wego/team_ws/MinGeun-SMG/limo_fire_py-main/build/limo_fire_py/build/lib/limo_fire_py/fire_sensor_reader.py -> /home/wego/team_ws/MinGeun-SMG/limo_fire_py-main/install/limo_fire_py/lib/python3.10/site-packages/limo_fire_py\n'}
[4.220094] (-) TimerEvent: {}
[4.224539] (limo_fire_py) StdoutLine: {'line': b'byte-compiling /home/wego/team_ws/MinGeun-SMG/limo_fire_py-main/install/limo_fire_py/lib/python3.10/site-packages/limo_fire_py/fire_sensor_reader.py to fire_sensor_reader.cpython-310.pyc\n'}
[4.227577] (limo_fire_py) StdoutLine: {'line': b'running install_data\n'}
[4.228306] (limo_fire_py) StdoutLine: {'line': b'running install_egg_info\n'}
[4.232638] (limo_fire_py) StdoutLine: {'line': b"removing '/home/wego/team_ws/MinGeun-SMG/limo_fire_py-main/install/limo_fire_py/lib/python3.10/site-packages/limo_fire_py-0.0.0-py3.10.egg-info' (and everything under it)\n"}
[4.238491] (limo_fire_py) StdoutLine: {'line': b'Copying build/limo_fire_py/limo_fire_py.egg-info to /home/wego/team_ws/MinGeun-SMG/limo_fire_py-main/install/limo_fire_py/lib/python3.10/site-packages/limo_fire_py-0.0.0-py3.10.egg-info\n'}
[4.240673] (limo_fire_py) StdoutLine: {'line': b'running install_scripts\n'}
[4.320263] (-) TimerEvent: {}
[4.342004] (limo_fire_py) StdoutLine: {'line': b'Installing bt_runner script to /home/wego/team_ws/MinGeun-SMG/limo_fire_py-main/install/limo_fire_py/lib/limo_fire_py\n'}
[4.351224] (limo_fire_py) StdoutLine: {'line': b'Installing bt_visualizer script to /home/wego/team_ws/MinGeun-SMG/limo_fire_py-main/install/limo_fire_py/lib/limo_fire_py\n'}
[4.352049] (limo_fire_py) StdoutLine: {'line': b'Installing fire_alarm_notifier script to /home/wego/team_ws/MinGeun-SMG/limo_fire_py-main/install/limo_fire_py/lib/limo_fire_py\n'}
[4.352514] (limo_fire_py) StdoutLine: {'line': b'Installing fire_safety_controller script to /home/wego/team_ws/MinGeun-SMG/limo_fire_py-main/install/limo_fire_py/lib/limo_fire_py\n'}
[4.352918] (limo_fire_py) StdoutLine: {'line': b'Installing fire_sensor_publisher script to /home/wego/team_ws/MinGeun-SMG/limo_fire_py-main/install/limo_fire_py/lib/limo_fire_py\n'}
[4.353383] (limo_fire_py) StdoutLine: {'line': b'Installing fire_sensor_reader script to /home/wego/team_ws/MinGeun-SMG/limo_fire_py-main/install/limo_fire_py/lib/limo_fire_py\n'}
[4.354109] (limo_fire_py) StdoutLine: {'line': b'Installing pygame_visualizer script to /home/wego/team_ws/MinGeun-SMG/limo_fire_py-main/install/limo_fire_py/lib/limo_fire_py\n'}
[4.355316] (limo_fire_py) StdoutLine: {'line': b"writing list of installed files to '/home/wego/team_ws/MinGeun-SMG/limo_fire_py-main/build/limo_fire_py/install.log'\n"}
[4.420482] (-) TimerEvent: {}
[4.520942] (-) TimerEvent: {}
[4.527891] (limo_fire_py) CommandEnded: {'returncode': 0}
[4.579013] (limo_fire_py) JobEnded: {'identifier': 'limo_fire_py', 'rc': 0}
[4.581954] (-) EventReactorShutdown: {}
