[0.411s] colcon DEBUG Command line arguments: ['/usr/bin/colcon', 'build', '--packages-select', 'limo_fire_py']
[0.412s] colcon DEBUG Parsed command line arguments: Namespace(log_base=None, log_level=None, verb_name='build', build_base='build', install_base='install', merge_install=False, symlink_install=False, test_result_base=None, continue_on_error=False, executor='parallel', parallel_workers=6, event_handlers=None, ignore_user_meta=False, metas=['./colcon.meta'], base_paths=['.'], packages_ignore=None, packages_ignore_regex=None, paths=None, packages_up_to=None, packages_up_to_regex=None, packages_above=None, packages_above_and_dependencies=None, packages_above_depth=None, packages_select_by_dep=None, packages_skip_by_dep=None, packages_skip_up_to=None, packages_select_build_failed=False, packages_skip_build_finished=False, packages_select_test_failures=False, packages_skip_test_passed=False, packages_select=['limo_fire_py'], packages_skip=None, packages_select_regex=None, packages_skip_regex=None, packages_start=None, packages_end=None, allow_overriding=[], cmake_args=None, cmake_target=None, cmake_target_skip_unavailable=False, cmake_clean_cache=False, cmake_clean_first=False, cmake_force_configure=False, ament_cmake_args=None, catkin_cmake_args=None, catkin_skip_building_tests=False, mixin_files=None, mixin=None, verb_parser=<colcon_mixin.mixin.mixin_argument.MixinArgumentDecorator object at 0xffffb9a74670>, verb_extension=<colcon_core.verb.build.BuildVerb object at 0xffffb9c57c70>, main=<bound method BuildVerb.main of <colcon_core.verb.build.BuildVerb object at 0xffffb9c57c70>>, mixin_verb=('build',))
[1.056s] colcon.colcon_core.package_discovery Level 1 discover_packages(colcon_meta) check parameters
[1.056s] colcon.colcon_core.package_discovery Level 1 discover_packages(recursive) check parameters
[1.057s] colcon.colcon_core.package_discovery Level 1 discover_packages(ignore) check parameters
[1.057s] colcon.colcon_core.package_discovery Level 1 discover_packages(path) check parameters
[1.058s] colcon.colcon_core.package_discovery Level 1 discover_packages(colcon_meta) discover
[1.058s] colcon.colcon_core.package_discovery Level 1 discover_packages(recursive) discover
[1.058s] colcon.colcon_core.package_discovery INFO Crawling recursively for packages in '/home/wego/team_ws/MinGeun-SMG/limo_fire_py-main'
[1.059s] colcon.colcon_core.package_identification Level 1 _identify(.) by extensions ['ignore', 'ignore_ament_install']
[1.060s] colcon.colcon_core.package_identification Level 1 _identify(.) by extension 'ignore'
[1.060s] colcon.colcon_core.package_identification Level 1 _identify(.) by extension 'ignore_ament_install'
[1.061s] colcon.colcon_core.package_identification Level 1 _identify(.) by extensions ['colcon_pkg']
[1.061s] colcon.colcon_core.package_identification Level 1 _identify(.) by extension 'colcon_pkg'
[1.061s] colcon.colcon_core.package_identification Level 1 _identify(.) by extensions ['colcon_meta']
[1.062s] colcon.colcon_core.package_identification Level 1 _identify(.) by extension 'colcon_meta'
[1.073s] colcon.colcon_core.package_identification Level 1 _identify(.) by extensions ['ros']
[1.074s] colcon.colcon_core.package_identification Level 1 _identify(.) by extension 'ros'
[1.157s] colcon.colcon_core.package_identification DEBUG Package '.' with type 'ros.ament_python' and name 'limo_fire_py'
[1.158s] colcon.colcon_core.package_discovery Level 1 discover_packages(recursive) using defaults
[1.159s] colcon.colcon_core.package_discovery Level 1 discover_packages(ignore) discover
[1.159s] colcon.colcon_core.package_discovery Level 1 discover_packages(ignore) using defaults
[1.159s] colcon.colcon_core.package_discovery Level 1 discover_packages(path) discover
[1.160s] colcon.colcon_core.package_discovery Level 1 discover_packages(path) using defaults
[1.213s] colcon.colcon_core.package_discovery Level 1 discover_packages(prefix_path) check parameters
[1.213s] colcon.colcon_core.package_discovery Level 1 discover_packages(prefix_path) discover
[1.220s] colcon.colcon_core.package_discovery Level 1 discover_packages(prefix_path) using defaults
[1.223s] colcon.colcon_core.verb Level 5 set package 'limo_fire_py' build argument 'cmake_args' from command line to 'None'
[1.224s] colcon.colcon_core.verb Level 5 set package 'limo_fire_py' build argument 'cmake_target' from command line to 'None'
[1.224s] colcon.colcon_core.verb Level 5 set package 'limo_fire_py' build argument 'cmake_target_skip_unavailable' from command line to 'False'
[1.224s] colcon.colcon_core.verb Level 5 set package 'limo_fire_py' build argument 'cmake_clean_cache' from command line to 'False'
[1.225s] colcon.colcon_core.verb Level 5 set package 'limo_fire_py' build argument 'cmake_clean_first' from command line to 'False'
[1.225s] colcon.colcon_core.verb Level 5 set package 'limo_fire_py' build argument 'cmake_force_configure' from command line to 'False'
[1.225s] colcon.colcon_core.verb Level 5 set package 'limo_fire_py' build argument 'ament_cmake_args' from command line to 'None'
[1.226s] colcon.colcon_core.verb Level 5 set package 'limo_fire_py' build argument 'catkin_cmake_args' from command line to 'None'
[1.226s] colcon.colcon_core.verb Level 5 set package 'limo_fire_py' build argument 'catkin_skip_building_tests' from command line to 'False'
[1.226s] colcon.colcon_core.verb DEBUG Building package 'limo_fire_py' with the following arguments: {'ament_cmake_args': None, 'build_base': '/home/wego/team_ws/MinGeun-SMG/limo_fire_py-main/build/limo_fire_py', 'catkin_cmake_args': None, 'catkin_skip_building_tests': False, 'cmake_args': None, 'cmake_clean_cache': False, 'cmake_clean_first': False, 'cmake_force_configure': False, 'cmake_target': None, 'cmake_target_skip_unavailable': False, 'install_base': '/home/wego/team_ws/MinGeun-SMG/limo_fire_py-main/install/limo_fire_py', 'merge_install': False, 'path': '/home/wego/team_ws/MinGeun-SMG/limo_fire_py-main', 'symlink_install': False, 'test_result_base': None}
[1.301s] colcon.colcon_core.executor INFO Executing jobs using 'parallel' executor
[1.312s] colcon.colcon_parallel_executor.executor.parallel DEBUG run_until_complete
[1.313s] colcon.colcon_ros.task.ament_python.build INFO Building ROS package in '/home/wego/team_ws/MinGeun-SMG/limo_fire_py-main' with build type 'ament_python'
[1.313s] colcon.colcon_core.shell Level 1 create_environment_hook('limo_fire_py', 'ament_prefix_path')
[1.318s] colcon.colcon_core.plugin_system INFO Skipping extension 'colcon_core.shell.bat': Not used on non-Windows systems
[1.318s] colcon.colcon_core.shell INFO Creating environment hook '/home/wego/team_ws/MinGeun-SMG/limo_fire_py-main/install/limo_fire_py/share/limo_fire_py/hook/ament_prefix_path.ps1'
[1.329s] colcon.colcon_core.shell INFO Creating environment descriptor '/home/wego/team_ws/MinGeun-SMG/limo_fire_py-main/install/limo_fire_py/share/limo_fire_py/hook/ament_prefix_path.dsv'
[1.331s] colcon.colcon_core.shell INFO Creating environment hook '/home/wego/team_ws/MinGeun-SMG/limo_fire_py-main/install/limo_fire_py/share/limo_fire_py/hook/ament_prefix_path.sh'
[1.341s] colcon.colcon_core.shell INFO Skip shell extension 'powershell' for command environment: Not usable outside of PowerShell
[1.341s] colcon.colcon_core.shell DEBUG Skip shell extension 'dsv' for command environment
[2.990s] colcon.colcon_core.task.python.build INFO Building Python package in '/home/wego/team_ws/MinGeun-SMG/limo_fire_py-main'
[2.991s] colcon.colcon_core.shell INFO Skip shell extension 'powershell' for command environment: Not usable outside of PowerShell
[2.991s] colcon.colcon_core.shell DEBUG Skip shell extension 'dsv' for command environment
[4.689s] colcon.colcon_core.event_handler.log_command DEBUG Invoking command in '/home/wego/team_ws/MinGeun-SMG/limo_fire_py-main': PYTHONPATH=/home/wego/team_ws/MinGeun-SMG/limo_fire_py-main/build/limo_fire_py/prefix_override:/usr/lib/python3/dist-packages/colcon_core/task/python/colcon_distutils_commands:/home/wego/team_ws/MinGeun-SMG/limo_fire_py-main/install/limo_fire_py/lib/python3.10/site-packages: /usr/bin/python3 -W ignore:setup.py install is deprecated -W ignore:easy_install command is deprecated setup.py egg_info --egg-base build/limo_fire_py build --build-base /home/wego/team_ws/MinGeun-SMG/limo_fire_py-main/build/limo_fire_py/build install --record /home/wego/team_ws/MinGeun-SMG/limo_fire_py-main/build/limo_fire_py/install.log --single-version-externally-managed install_data
[5.860s] colcon.colcon_core.environment Level 1 checking '/home/wego/team_ws/MinGeun-SMG/limo_fire_py-main/install/limo_fire_py' for CMake module files
[5.861s] colcon.colcon_core.event_handler.log_command DEBUG Invoked command in '/home/wego/team_ws/MinGeun-SMG/limo_fire_py-main' returned '0': PYTHONPATH=/home/wego/team_ws/MinGeun-SMG/limo_fire_py-main/build/limo_fire_py/prefix_override:/usr/lib/python3/dist-packages/colcon_core/task/python/colcon_distutils_commands:/home/wego/team_ws/MinGeun-SMG/limo_fire_py-main/install/limo_fire_py/lib/python3.10/site-packages: /usr/bin/python3 -W ignore:setup.py install is deprecated -W ignore:easy_install command is deprecated setup.py egg_info --egg-base build/limo_fire_py build --build-base /home/wego/team_ws/MinGeun-SMG/limo_fire_py-main/build/limo_fire_py/build install --record /home/wego/team_ws/MinGeun-SMG/limo_fire_py-main/build/limo_fire_py/install.log --single-version-externally-managed install_data
[5.862s] colcon.colcon_core.environment Level 1 checking '/home/wego/team_ws/MinGeun-SMG/limo_fire_py-main/install/limo_fire_py' for CMake config files
[5.863s] colcon.colcon_core.environment Level 1 checking '/home/wego/team_ws/MinGeun-SMG/limo_fire_py-main/install/limo_fire_py/lib'
[5.864s] colcon.colcon_core.environment Level 1 checking '/home/wego/team_ws/MinGeun-SMG/limo_fire_py-main/install/limo_fire_py/bin'
[5.864s] colcon.colcon_core.environment Level 1 checking '/home/wego/team_ws/MinGeun-SMG/limo_fire_py-main/install/limo_fire_py/lib/pkgconfig/limo_fire_py.pc'
[5.864s] colcon.colcon_core.environment Level 1 checking '/home/wego/team_ws/MinGeun-SMG/limo_fire_py-main/install/limo_fire_py/lib/python3.10/site-packages'
[5.865s] colcon.colcon_core.shell Level 1 create_environment_hook('limo_fire_py', 'pythonpath')
[5.865s] colcon.colcon_core.shell INFO Creating environment hook '/home/wego/team_ws/MinGeun-SMG/limo_fire_py-main/install/limo_fire_py/share/limo_fire_py/hook/pythonpath.ps1'
[5.866s] colcon.colcon_core.shell INFO Creating environment descriptor '/home/wego/team_ws/MinGeun-SMG/limo_fire_py-main/install/limo_fire_py/share/limo_fire_py/hook/pythonpath.dsv'
[5.867s] colcon.colcon_core.shell INFO Creating environment hook '/home/wego/team_ws/MinGeun-SMG/limo_fire_py-main/install/limo_fire_py/share/limo_fire_py/hook/pythonpath.sh'
[5.881s] colcon.colcon_core.environment Level 1 checking '/home/wego/team_ws/MinGeun-SMG/limo_fire_py-main/install/limo_fire_py/bin'
[5.882s] colcon.colcon_core.environment Level 1 create_environment_scripts_only(limo_fire_py)
[5.888s] colcon.colcon_core.shell INFO Creating package script '/home/wego/team_ws/MinGeun-SMG/limo_fire_py-main/install/limo_fire_py/share/limo_fire_py/package.ps1'
[5.891s] colcon.colcon_core.shell INFO Creating package descriptor '/home/wego/team_ws/MinGeun-SMG/limo_fire_py-main/install/limo_fire_py/share/limo_fire_py/package.dsv'
[5.892s] colcon.colcon_core.shell INFO Creating package script '/home/wego/team_ws/MinGeun-SMG/limo_fire_py-main/install/limo_fire_py/share/limo_fire_py/package.sh'
[5.896s] colcon.colcon_core.shell INFO Creating package script '/home/wego/team_ws/MinGeun-SMG/limo_fire_py-main/install/limo_fire_py/share/limo_fire_py/package.bash'
[5.900s] colcon.colcon_core.shell INFO Creating package script '/home/wego/team_ws/MinGeun-SMG/limo_fire_py-main/install/limo_fire_py/share/limo_fire_py/package.zsh'
[5.904s] colcon.colcon_core.environment Level 1 create_file_with_runtime_dependencies(/home/wego/team_ws/MinGeun-SMG/limo_fire_py-main/install/limo_fire_py/share/colcon-core/packages/limo_fire_py)
[5.907s] colcon.colcon_parallel_executor.executor.parallel DEBUG closing loop
[5.907s] colcon.colcon_parallel_executor.executor.parallel DEBUG loop closed
[5.907s] colcon.colcon_parallel_executor.executor.parallel DEBUG run_until_complete finished with '0'
[5.908s] colcon.colcon_core.event_reactor DEBUG joining thread
[5.919s] colcon.colcon_core.plugin_system INFO Skipping extension 'colcon_notification.desktop_notification.terminal_notifier': Not used on non-Darwin systems
[5.921s] colcon.colcon_core.plugin_system INFO Skipping extension 'colcon_notification.desktop_notification.win32': Not used on non-Windows systems
[5.921s] colcon.colcon_notification.desktop_notification INFO Sending desktop notification using 'notify2'
[5.985s] colcon.colcon_core.event_reactor DEBUG joined thread
[5.986s] colcon.colcon_core.shell INFO Creating prefix script '/home/wego/team_ws/MinGeun-SMG/limo_fire_py-main/install/local_setup.ps1'
[5.989s] colcon.colcon_core.shell INFO Creating prefix util module '/home/wego/team_ws/MinGeun-SMG/limo_fire_py-main/install/_local_setup_util_ps1.py'
[5.992s] colcon.colcon_core.shell INFO Creating prefix chain script '/home/wego/team_ws/MinGeun-SMG/limo_fire_py-main/install/setup.ps1'
[5.993s] colcon.colcon_core.shell INFO Creating prefix script '/home/wego/team_ws/MinGeun-SMG/limo_fire_py-main/install/local_setup.sh'
[5.995s] colcon.colcon_core.shell INFO Creating prefix util module '/home/wego/team_ws/MinGeun-SMG/limo_fire_py-main/install/_local_setup_util_sh.py'
[5.996s] colcon.colcon_core.shell INFO Creating prefix chain script '/home/wego/team_ws/MinGeun-SMG/limo_fire_py-main/install/setup.sh'
[6.007s] colcon.colcon_core.shell INFO Creating prefix script '/home/wego/team_ws/MinGeun-SMG/limo_fire_py-main/install/local_setup.bash'
[6.008s] colcon.colcon_core.shell INFO Creating prefix chain script '/home/wego/team_ws/MinGeun-SMG/limo_fire_py-main/install/setup.bash'
[6.010s] colcon.colcon_core.shell INFO Creating prefix script '/home/wego/team_ws/MinGeun-SMG/limo_fire_py-main/install/local_setup.zsh'
[6.011s] colcon.colcon_core.shell INFO Creating prefix chain script '/home/wego/team_ws/MinGeun-SMG/limo_fire_py-main/install/setup.zsh'
