/home/wego/team_ws/han1371/limo_patrol/install/limo_patrol/lib/python3.10/site-packages/limo_patrol/object_perception_lidar_node.py
/home/wego/team_ws/han1371/limo_patrol/install/limo_patrol/lib/python3.10/site-packages/limo_patrol/__init__.py
/home/wego/team_ws/han1371/limo_patrol/install/limo_patrol/lib/python3.10/site-packages/limo_patrol/waypoint_patrol_node.py
/home/wego/team_ws/han1371/limo_patrol/install/limo_patrol/lib/python3.10/site-packages/limo_patrol/flame_sensor_node.py
/home/wego/team_ws/han1371/limo_patrol/install/limo_patrol/lib/python3.10/site-packages/limo_patrol/mode_manager_node.py
/home/wego/team_ws/han1371/limo_patrol/install/limo_patrol/lib/python3.10/site-packages/limo_patrol/__pycache__/object_perception_lidar_node.cpython-310.pyc
/home/wego/team_ws/han1371/limo_patrol/install/limo_patrol/lib/python3.10/site-packages/limo_patrol/__pycache__/__init__.cpython-310.pyc
/home/wego/team_ws/han1371/limo_patrol/install/limo_patrol/lib/python3.10/site-packages/limo_patrol/__pycache__/waypoint_patrol_node.cpython-310.pyc
/home/wego/team_ws/han1371/limo_patrol/install/limo_patrol/lib/python3.10/site-packages/limo_patrol/__pycache__/flame_sensor_node.cpython-310.pyc
/home/wego/team_ws/han1371/limo_patrol/install/limo_patrol/lib/python3.10/site-packages/limo_patrol/__pycache__/mode_manager_node.cpython-310.pyc
/home/wego/team_ws/han1371/limo_patrol/install/limo_patrol/share/ament_index/resource_index/packages/limo_patrol
/home/wego/team_ws/han1371/limo_patrol/install/limo_patrol/share/limo_patrol/package.xml
/home/wego/team_ws/han1371/limo_patrol/install/limo_patrol/share/limo_patrol/launch/limo_patrol.launch.py
/home/wego/team_ws/han1371/limo_patrol/install/limo_patrol/lib/python3.10/site-packages/limo_patrol-0.1.0-py3.10.egg-info/requires.txt
/home/wego/team_ws/han1371/limo_patrol/install/limo_patrol/lib/python3.10/site-packages/limo_patrol-0.1.0-py3.10.egg-info/SOURCES.txt
/home/wego/team_ws/han1371/limo_patrol/install/limo_patrol/lib/python3.10/site-packages/limo_patrol-0.1.0-py3.10.egg-info/entry_points.txt
/home/wego/team_ws/han1371/limo_patrol/install/limo_patrol/lib/python3.10/site-packages/limo_patrol-0.1.0-py3.10.egg-info/PKG-INFO
/home/wego/team_ws/han1371/limo_patrol/install/limo_patrol/lib/python3.10/site-packages/limo_patrol-0.1.0-py3.10.egg-info/top_level.txt
/home/wego/team_ws/han1371/limo_patrol/install/limo_patrol/lib/python3.10/site-packages/limo_patrol-0.1.0-py3.10.egg-info/dependency_links.txt
/home/wego/team_ws/han1371/limo_patrol/install/limo_patrol/lib/python3.10/site-packages/limo_patrol-0.1.0-py3.10.egg-info/zip-safe
/home/wego/team_ws/han1371/limo_patrol/install/limo_patrol/lib/limo_patrol/mode_manager_node
/home/wego/team_ws/han1371/limo_patrol/install/limo_patrol/lib/limo_patrol/object_perception_lidar_node
