running egg_info
creating ../../build/telegram_ros2/telegram_ros2.egg-info
writing ../../build/telegram_ros2/telegram_ros2.egg-info/PKG-INFO
writing dependency_links to ../../build/telegram_ros2/telegram_ros2.egg-info/dependency_links.txt
writing entry points to ../../build/telegram_ros2/telegram_ros2.egg-info/entry_points.txt
writing requirements to ../../build/telegram_ros2/telegram_ros2.egg-info/requires.txt
writing top-level names to ../../build/telegram_ros2/telegram_ros2.egg-info/top_level.txt
writing manifest file '../../build/telegram_ros2/telegram_ros2.egg-info/SOURCES.txt'
reading manifest file '../../build/telegram_ros2/telegram_ros2.egg-info/SOURCES.txt'
adding license file 'LICENSE'
writing manifest file '../../build/telegram_ros2/telegram_ros2.egg-info/SOURCES.txt'
running build
running build_py
creating /home/wego/team_ws/psh030917/py_bt_ros_1/build/telegram_ros2/build
creating /home/wego/team_ws/psh030917/py_bt_ros_1/build/telegram_ros2/build/lib
creating /home/wego/team_ws/psh030917/py_bt_ros_1/build/telegram_ros2/build/lib/telegram_ros2
copying telegram_ros2/__init__.py -> /home/wego/team_ws/psh030917/py_bt_ros_1/build/telegram_ros2/build/lib/telegram_ros2
copying telegram_ros2/telegram_ros2_bridge.py -> /home/wego/team_ws/psh030917/py_bt_ros_1/build/telegram_ros2/build/lib/telegram_ros2
running install
running install_lib
creating /home/wego/team_ws/psh030917/py_bt_ros_1/install/telegram_ros2/lib/python3.10/site-packages/telegram_ros2
copying /home/wego/team_ws/psh030917/py_bt_ros_1/build/telegram_ros2/build/lib/telegram_ros2/__init__.py -> /home/wego/team_ws/psh030917/py_bt_ros_1/install/telegram_ros2/lib/python3.10/site-packages/telegram_ros2
copying /home/wego/team_ws/psh030917/py_bt_ros_1/build/telegram_ros2/build/lib/telegram_ros2/telegram_ros2_bridge.py -> /home/wego/team_ws/psh030917/py_bt_ros_1/install/telegram_ros2/lib/python3.10/site-packages/telegram_ros2
byte-compiling /home/wego/team_ws/psh030917/py_bt_ros_1/install/telegram_ros2/lib/python3.10/site-packages/telegram_ros2/__init__.py to __init__.cpython-310.pyc
byte-compiling /home/wego/team_ws/psh030917/py_bt_ros_1/install/telegram_ros2/lib/python3.10/site-packages/telegram_ros2/telegram_ros2_bridge.py to telegram_ros2_bridge.cpython-310.pyc
running install_data
creating /home/wego/team_ws/psh030917/py_bt_ros_1/install/telegram_ros2/share/ament_index
creating /home/wego/team_ws/psh030917/py_bt_ros_1/install/telegram_ros2/share/ament_index/resource_index
creating /home/wego/team_ws/psh030917/py_bt_ros_1/install/telegram_ros2/share/ament_index/resource_index/packages
copying resource/telegram_ros2 -> /home/wego/team_ws/psh030917/py_bt_ros_1/install/telegram_ros2/share/ament_index/resource_index/packages
copying package.xml -> /home/wego/team_ws/psh030917/py_bt_ros_1/install/telegram_ros2/share/telegram_ros2
copying launch/telegram_bridge.launch.py -> /home/wego/team_ws/psh030917/py_bt_ros_1/install/telegram_ros2/share/telegram_ros2
creating /home/wego/team_ws/psh030917/py_bt_ros_1/install/telegram_ros2/share/telegram_ros2/config
copying config/example_param.yaml -> /home/wego/team_ws/psh030917/py_bt_ros_1/install/telegram_ros2/share/telegram_ros2/config
running install_egg_info
Copying ../../build/telegram_ros2/telegram_ros2.egg-info to /home/wego/team_ws/psh030917/py_bt_ros_1/install/telegram_ros2/lib/python3.10/site-packages/telegram_ros2-0.0.0-py3.10.egg-info
running install_scripts
Installing telegram_ros2_bridge script to /home/wego/team_ws/psh030917/py_bt_ros_1/install/telegram_ros2/lib/telegram_ros2
writing list of installed files to '/home/wego/team_ws/psh030917/py_bt_ros_1/build/telegram_ros2/install.log'
