[0.057s] DEBUG:colcon:Command line arguments: ['/usr/bin/colcon', 'build']
[0.057s] DEBUG:colcon:Parsed command line arguments: Namespace(log_base=None, log_level=None, verb_name='build', build_base='build', install_base='install', merge_install=False, symlink_install=False, test_result_base=None, continue_on_error=False, executor='parallel', parallel_workers=22, event_handlers=None, ignore_user_meta=False, metas=['./colcon.meta'], base_paths=['.'], packages_ignore=None, packages_ignore_regex=None, paths=None, packages_up_to=None, packages_up_to_regex=None, packages_above=None, packages_above_and_dependencies=None, packages_above_depth=None, packages_select_by_dep=None, packages_skip_by_dep=None, packages_skip_up_to=None, packages_select_build_failed=False, packages_skip_build_finished=False, packages_select_test_failures=False, packages_skip_test_passed=False, packages_select=None, packages_skip=None, packages_select_regex=None, packages_skip_regex=None, packages_start=None, packages_end=None, allow_overriding=[], cmake_args=None, cmake_target=None, cmake_target_skip_unavailable=False, cmake_clean_cache=False, cmake_clean_first=False, cmake_force_configure=False, ament_cmake_args=None, catkin_cmake_args=None, catkin_skip_building_tests=False, mixin_files=None, mixin=None, verb_parser=<colcon_mixin.mixin.mixin_argument.MixinArgumentDecorator object at 0x7a4e765686d0>, verb_extension=<colcon_core.verb.build.BuildVerb object at 0x7a4e764e9f60>, main=<bound method BuildVerb.main of <colcon_core.verb.build.BuildVerb object at 0x7a4e764e9f60>>, mixin_verb=('build',))
[0.157s] Level 1:colcon.colcon_core.package_discovery:discover_packages(colcon_meta) check parameters
[0.158s] Level 1:colcon.colcon_core.package_discovery:discover_packages(recursive) check parameters
[0.158s] Level 1:colcon.colcon_core.package_discovery:discover_packages(ignore) check parameters
[0.158s] Level 1:colcon.colcon_core.package_discovery:discover_packages(path) check parameters
[0.158s] Level 1:colcon.colcon_core.package_discovery:discover_packages(colcon_meta) discover
[0.158s] Level 1:colcon.colcon_core.package_discovery:discover_packages(recursive) discover
[0.158s] INFO:colcon.colcon_core.package_discovery:Crawling recursively for packages in '/home/psh/Downloads/ueeejjj/team_ws/psh030917/py_bt_ros_1'
[0.158s] Level 1:colcon.colcon_core.package_identification:_identify(.) by extensions ['ignore', 'ignore_ament_install']
[0.158s] Level 1:colcon.colcon_core.package_identification:_identify(.) by extension 'ignore'
[0.158s] Level 1:colcon.colcon_core.package_identification:_identify(.) by extension 'ignore_ament_install'
[0.158s] Level 1:colcon.colcon_core.package_identification:_identify(.) by extensions ['colcon_pkg']
[0.158s] Level 1:colcon.colcon_core.package_identification:_identify(.) by extension 'colcon_pkg'
[0.158s] Level 1:colcon.colcon_core.package_identification:_identify(.) by extensions ['colcon_meta']
[0.158s] Level 1:colcon.colcon_core.package_identification:_identify(.) by extension 'colcon_meta'
[0.158s] Level 1:colcon.colcon_core.package_identification:_identify(.) by extensions ['ros']
[0.158s] Level 1:colcon.colcon_core.package_identification:_identify(.) by extension 'ros'
[0.172s] Level 1:colcon.colcon_core.package_identification:_identify(.) by extensions ['cmake', 'python']
[0.172s] Level 1:colcon.colcon_core.package_identification:_identify(.) by extension 'cmake'
[0.172s] Level 1:colcon.colcon_core.package_identification:_identify(.) by extension 'python'
[0.172s] Level 1:colcon.colcon_core.package_identification:_identify(.) by extensions ['python_setup_py']
[0.172s] Level 1:colcon.colcon_core.package_identification:_identify(.) by extension 'python_setup_py'
[0.172s] Level 1:colcon.colcon_core.package_identification:_identify(build) by extensions ['ignore', 'ignore_ament_install']
[0.172s] Level 1:colcon.colcon_core.package_identification:_identify(build) by extension 'ignore'
[0.172s] Level 1:colcon.colcon_core.package_identification:_identify(build) ignored
[0.172s] Level 1:colcon.colcon_core.package_identification:_identify(chroma_db_registered_IsRegisteredPerson) by extensions ['ignore', 'ignore_ament_install']
[0.172s] Level 1:colcon.colcon_core.package_identification:_identify(chroma_db_registered_IsRegisteredPerson) by extension 'ignore'
[0.173s] Level 1:colcon.colcon_core.package_identification:_identify(chroma_db_registered_IsRegisteredPerson) by extension 'ignore_ament_install'
[0.173s] Level 1:colcon.colcon_core.package_identification:_identify(chroma_db_registered_IsRegisteredPerson) by extensions ['colcon_pkg']
[0.173s] Level 1:colcon.colcon_core.package_identification:_identify(chroma_db_registered_IsRegisteredPerson) by extension 'colcon_pkg'
[0.173s] Level 1:colcon.colcon_core.package_identification:_identify(chroma_db_registered_IsRegisteredPerson) by extensions ['colcon_meta']
[0.173s] Level 1:colcon.colcon_core.package_identification:_identify(chroma_db_registered_IsRegisteredPerson) by extension 'colcon_meta'
[0.173s] Level 1:colcon.colcon_core.package_identification:_identify(chroma_db_registered_IsRegisteredPerson) by extensions ['ros']
[0.173s] Level 1:colcon.colcon_core.package_identification:_identify(chroma_db_registered_IsRegisteredPerson) by extension 'ros'
[0.173s] Level 1:colcon.colcon_core.package_identification:_identify(chroma_db_registered_IsRegisteredPerson) by extensions ['cmake', 'python']
[0.173s] Level 1:colcon.colcon_core.package_identification:_identify(chroma_db_registered_IsRegisteredPerson) by extension 'cmake'
[0.173s] Level 1:colcon.colcon_core.package_identification:_identify(chroma_db_registered_IsRegisteredPerson) by extension 'python'
[0.173s] Level 1:colcon.colcon_core.package_identification:_identify(chroma_db_registered_IsRegisteredPerson) by extensions ['python_setup_py']
[0.173s] Level 1:colcon.colcon_core.package_identification:_identify(chroma_db_registered_IsRegisteredPerson) by extension 'python_setup_py'
[0.173s] Level 1:colcon.colcon_core.package_identification:_identify(chroma_db_registered_RegisterPerson) by extensions ['ignore', 'ignore_ament_install']
[0.173s] Level 1:colcon.colcon_core.package_identification:_identify(chroma_db_registered_RegisterPerson) by extension 'ignore'
[0.173s] Level 1:colcon.colcon_core.package_identification:_identify(chroma_db_registered_RegisterPerson) by extension 'ignore_ament_install'
[0.173s] Level 1:colcon.colcon_core.package_identification:_identify(chroma_db_registered_RegisterPerson) by extensions ['colcon_pkg']
[0.173s] Level 1:colcon.colcon_core.package_identification:_identify(chroma_db_registered_RegisterPerson) by extension 'colcon_pkg'
[0.173s] Level 1:colcon.colcon_core.package_identification:_identify(chroma_db_registered_RegisterPerson) by extensions ['colcon_meta']
[0.173s] Level 1:colcon.colcon_core.package_identification:_identify(chroma_db_registered_RegisterPerson) by extension 'colcon_meta'
[0.173s] Level 1:colcon.colcon_core.package_identification:_identify(chroma_db_registered_RegisterPerson) by extensions ['ros']
[0.173s] Level 1:colcon.colcon_core.package_identification:_identify(chroma_db_registered_RegisterPerson) by extension 'ros'
[0.173s] Level 1:colcon.colcon_core.package_identification:_identify(chroma_db_registered_RegisterPerson) by extensions ['cmake', 'python']
[0.173s] Level 1:colcon.colcon_core.package_identification:_identify(chroma_db_registered_RegisterPerson) by extension 'cmake'
[0.173s] Level 1:colcon.colcon_core.package_identification:_identify(chroma_db_registered_RegisterPerson) by extension 'python'
[0.173s] Level 1:colcon.colcon_core.package_identification:_identify(chroma_db_registered_RegisterPerson) by extensions ['python_setup_py']
[0.173s] Level 1:colcon.colcon_core.package_identification:_identify(chroma_db_registered_RegisterPerson) by extension 'python_setup_py'
[0.173s] Level 1:colcon.colcon_core.package_identification:_identify(chroma_db_registered_RegisterPerson/dc619437-cb42-4cbd-a135-14658fdf498c) by extensions ['ignore', 'ignore_ament_install']
[0.174s] Level 1:colcon.colcon_core.package_identification:_identify(chroma_db_registered_RegisterPerson/dc619437-cb42-4cbd-a135-14658fdf498c) by extension 'ignore'
[0.174s] Level 1:colcon.colcon_core.package_identification:_identify(chroma_db_registered_RegisterPerson/dc619437-cb42-4cbd-a135-14658fdf498c) by extension 'ignore_ament_install'
[0.174s] Level 1:colcon.colcon_core.package_identification:_identify(chroma_db_registered_RegisterPerson/dc619437-cb42-4cbd-a135-14658fdf498c) by extensions ['colcon_pkg']
[0.174s] Level 1:colcon.colcon_core.package_identification:_identify(chroma_db_registered_RegisterPerson/dc619437-cb42-4cbd-a135-14658fdf498c) by extension 'colcon_pkg'
[0.174s] Level 1:colcon.colcon_core.package_identification:_identify(chroma_db_registered_RegisterPerson/dc619437-cb42-4cbd-a135-14658fdf498c) by extensions ['colcon_meta']
[0.174s] Level 1:colcon.colcon_core.package_identification:_identify(chroma_db_registered_RegisterPerson/dc619437-cb42-4cbd-a135-14658fdf498c) by extension 'colcon_meta'
[0.174s] Level 1:colcon.colcon_core.package_identification:_identify(chroma_db_registered_RegisterPerson/dc619437-cb42-4cbd-a135-14658fdf498c) by extensions ['ros']
[0.174s] Level 1:colcon.colcon_core.package_identification:_identify(chroma_db_registered_RegisterPerson/dc619437-cb42-4cbd-a135-14658fdf498c) by extension 'ros'
[0.174s] Level 1:colcon.colcon_core.package_identification:_identify(chroma_db_registered_RegisterPerson/dc619437-cb42-4cbd-a135-14658fdf498c) by extensions ['cmake', 'python']
[0.174s] Level 1:colcon.colcon_core.package_identification:_identify(chroma_db_registered_RegisterPerson/dc619437-cb42-4cbd-a135-14658fdf498c) by extension 'cmake'
[0.174s] Level 1:colcon.colcon_core.package_identification:_identify(chroma_db_registered_RegisterPerson/dc619437-cb42-4cbd-a135-14658fdf498c) by extension 'python'
[0.174s] Level 1:colcon.colcon_core.package_identification:_identify(chroma_db_registered_RegisterPerson/dc619437-cb42-4cbd-a135-14658fdf498c) by extensions ['python_setup_py']
[0.174s] Level 1:colcon.colcon_core.package_identification:_identify(chroma_db_registered_RegisterPerson/dc619437-cb42-4cbd-a135-14658fdf498c) by extension 'python_setup_py'
[0.174s] Level 1:colcon.colcon_core.package_identification:_identify(docs) by extensions ['ignore', 'ignore_ament_install']
[0.174s] Level 1:colcon.colcon_core.package_identification:_identify(docs) by extension 'ignore'
[0.174s] Level 1:colcon.colcon_core.package_identification:_identify(docs) by extension 'ignore_ament_install'
[0.174s] Level 1:colcon.colcon_core.package_identification:_identify(docs) by extensions ['colcon_pkg']
[0.174s] Level 1:colcon.colcon_core.package_identification:_identify(docs) by extension 'colcon_pkg'
[0.174s] Level 1:colcon.colcon_core.package_identification:_identify(docs) by extensions ['colcon_meta']
[0.174s] Level 1:colcon.colcon_core.package_identification:_identify(docs) by extension 'colcon_meta'
[0.174s] Level 1:colcon.colcon_core.package_identification:_identify(docs) by extensions ['ros']
[0.174s] Level 1:colcon.colcon_core.package_identification:_identify(docs) by extension 'ros'
[0.174s] Level 1:colcon.colcon_core.package_identification:_identify(docs) by extensions ['cmake', 'python']
[0.174s] Level 1:colcon.colcon_core.package_identification:_identify(docs) by extension 'cmake'
[0.174s] Level 1:colcon.colcon_core.package_identification:_identify(docs) by extension 'python'
[0.174s] Level 1:colcon.colcon_core.package_identification:_identify(docs) by extensions ['python_setup_py']
[0.174s] Level 1:colcon.colcon_core.package_identification:_identify(docs) by extension 'python_setup_py'
[0.175s] Level 1:colcon.colcon_core.package_identification:_identify(install) by extensions ['ignore', 'ignore_ament_install']
[0.175s] Level 1:colcon.colcon_core.package_identification:_identify(install) by extension 'ignore'
[0.175s] Level 1:colcon.colcon_core.package_identification:_identify(install) ignored
[0.175s] Level 1:colcon.colcon_core.package_identification:_identify(log) by extensions ['ignore', 'ignore_ament_install']
[0.175s] Level 1:colcon.colcon_core.package_identification:_identify(log) by extension 'ignore'
[0.175s] Level 1:colcon.colcon_core.package_identification:_identify(log) ignored
[0.175s] Level 1:colcon.colcon_core.package_identification:_identify(modules) by extensions ['ignore', 'ignore_ament_install']
[0.175s] Level 1:colcon.colcon_core.package_identification:_identify(modules) by extension 'ignore'
[0.175s] Level 1:colcon.colcon_core.package_identification:_identify(modules) by extension 'ignore_ament_install'
[0.175s] Level 1:colcon.colcon_core.package_identification:_identify(modules) by extensions ['colcon_pkg']
[0.175s] Level 1:colcon.colcon_core.package_identification:_identify(modules) by extension 'colcon_pkg'
[0.175s] Level 1:colcon.colcon_core.package_identification:_identify(modules) by extensions ['colcon_meta']
[0.175s] Level 1:colcon.colcon_core.package_identification:_identify(modules) by extension 'colcon_meta'
[0.175s] Level 1:colcon.colcon_core.package_identification:_identify(modules) by extensions ['ros']
[0.175s] Level 1:colcon.colcon_core.package_identification:_identify(modules) by extension 'ros'
[0.175s] Level 1:colcon.colcon_core.package_identification:_identify(modules) by extensions ['cmake', 'python']
[0.175s] Level 1:colcon.colcon_core.package_identification:_identify(modules) by extension 'cmake'
[0.175s] Level 1:colcon.colcon_core.package_identification:_identify(modules) by extension 'python'
[0.175s] Level 1:colcon.colcon_core.package_identification:_identify(modules) by extensions ['python_setup_py']
[0.175s] Level 1:colcon.colcon_core.package_identification:_identify(modules) by extension 'python_setup_py'
[0.176s] Level 1:colcon.colcon_core.package_identification:_identify(modules/__pycache__) by extensions ['ignore', 'ignore_ament_install']
[0.176s] Level 1:colcon.colcon_core.package_identification:_identify(modules/__pycache__) by extension 'ignore'
[0.176s] Level 1:colcon.colcon_core.package_identification:_identify(modules/__pycache__) by extension 'ignore_ament_install'
[0.176s] Level 1:colcon.colcon_core.package_identification:_identify(modules/__pycache__) by extensions ['colcon_pkg']
[0.176s] Level 1:colcon.colcon_core.package_identification:_identify(modules/__pycache__) by extension 'colcon_pkg'
[0.176s] Level 1:colcon.colcon_core.package_identification:_identify(modules/__pycache__) by extensions ['colcon_meta']
[0.176s] Level 1:colcon.colcon_core.package_identification:_identify(modules/__pycache__) by extension 'colcon_meta'
[0.176s] Level 1:colcon.colcon_core.package_identification:_identify(modules/__pycache__) by extensions ['ros']
[0.176s] Level 1:colcon.colcon_core.package_identification:_identify(modules/__pycache__) by extension 'ros'
[0.176s] Level 1:colcon.colcon_core.package_identification:_identify(modules/__pycache__) by extensions ['cmake', 'python']
[0.176s] Level 1:colcon.colcon_core.package_identification:_identify(modules/__pycache__) by extension 'cmake'
[0.176s] Level 1:colcon.colcon_core.package_identification:_identify(modules/__pycache__) by extension 'python'
[0.176s] Level 1:colcon.colcon_core.package_identification:_identify(modules/__pycache__) by extensions ['python_setup_py']
[0.176s] Level 1:colcon.colcon_core.package_identification:_identify(modules/__pycache__) by extension 'python_setup_py'
[0.176s] Level 1:colcon.colcon_core.package_identification:_identify(scenarios) by extensions ['ignore', 'ignore_ament_install']
[0.176s] Level 1:colcon.colcon_core.package_identification:_identify(scenarios) by extension 'ignore'
[0.176s] Level 1:colcon.colcon_core.package_identification:_identify(scenarios) by extension 'ignore_ament_install'
[0.176s] Level 1:colcon.colcon_core.package_identification:_identify(scenarios) by extensions ['colcon_pkg']
[0.176s] Level 1:colcon.colcon_core.package_identification:_identify(scenarios) by extension 'colcon_pkg'
[0.176s] Level 1:colcon.colcon_core.package_identification:_identify(scenarios) by extensions ['colcon_meta']
[0.176s] Level 1:colcon.colcon_core.package_identification:_identify(scenarios) by extension 'colcon_meta'
[0.176s] Level 1:colcon.colcon_core.package_identification:_identify(scenarios) by extensions ['ros']
[0.176s] Level 1:colcon.colcon_core.package_identification:_identify(scenarios) by extension 'ros'
[0.177s] Level 1:colcon.colcon_core.package_identification:_identify(scenarios) by extensions ['cmake', 'python']
[0.177s] Level 1:colcon.colcon_core.package_identification:_identify(scenarios) by extension 'cmake'
[0.177s] Level 1:colcon.colcon_core.package_identification:_identify(scenarios) by extension 'python'
[0.177s] Level 1:colcon.colcon_core.package_identification:_identify(scenarios) by extensions ['python_setup_py']
[0.177s] Level 1:colcon.colcon_core.package_identification:_identify(scenarios) by extension 'python_setup_py'
[0.177s] Level 1:colcon.colcon_core.package_identification:_identify(scenarios/__pycache__) by extensions ['ignore', 'ignore_ament_install']
[0.177s] Level 1:colcon.colcon_core.package_identification:_identify(scenarios/__pycache__) by extension 'ignore'
[0.177s] Level 1:colcon.colcon_core.package_identification:_identify(scenarios/__pycache__) by extension 'ignore_ament_install'
[0.177s] Level 1:colcon.colcon_core.package_identification:_identify(scenarios/__pycache__) by extensions ['colcon_pkg']
[0.177s] Level 1:colcon.colcon_core.package_identification:_identify(scenarios/__pycache__) by extension 'colcon_pkg'
[0.177s] Level 1:colcon.colcon_core.package_identification:_identify(scenarios/__pycache__) by extensions ['colcon_meta']
[0.177s] Level 1:colcon.colcon_core.package_identification:_identify(scenarios/__pycache__) by extension 'colcon_meta'
[0.177s] Level 1:colcon.colcon_core.package_identification:_identify(scenarios/__pycache__) by extensions ['ros']
[0.177s] Level 1:colcon.colcon_core.package_identification:_identify(scenarios/__pycache__) by extension 'ros'
[0.177s] Level 1:colcon.colcon_core.package_identification:_identify(scenarios/__pycache__) by extensions ['cmake', 'python']
[0.177s] Level 1:colcon.colcon_core.package_identification:_identify(scenarios/__pycache__) by extension 'cmake'
[0.177s] Level 1:colcon.colcon_core.package_identification:_identify(scenarios/__pycache__) by extension 'python'
[0.177s] Level 1:colcon.colcon_core.package_identification:_identify(scenarios/__pycache__) by extensions ['python_setup_py']
[0.177s] Level 1:colcon.colcon_core.package_identification:_identify(scenarios/__pycache__) by extension 'python_setup_py'
[0.177s] Level 1:colcon.colcon_core.package_identification:_identify(scenarios/example_turtlesim) by extensions ['ignore', 'ignore_ament_install']
[0.177s] Level 1:colcon.colcon_core.package_identification:_identify(scenarios/example_turtlesim) by extension 'ignore'
[0.177s] Level 1:colcon.colcon_core.package_identification:_identify(scenarios/example_turtlesim) by extension 'ignore_ament_install'
[0.177s] Level 1:colcon.colcon_core.package_identification:_identify(scenarios/example_turtlesim) by extensions ['colcon_pkg']
[0.178s] Level 1:colcon.colcon_core.package_identification:_identify(scenarios/example_turtlesim) by extension 'colcon_pkg'
[0.178s] Level 1:colcon.colcon_core.package_identification:_identify(scenarios/example_turtlesim) by extensions ['colcon_meta']
[0.178s] Level 1:colcon.colcon_core.package_identification:_identify(scenarios/example_turtlesim) by extension 'colcon_meta'
[0.178s] Level 1:colcon.colcon_core.package_identification:_identify(scenarios/example_turtlesim) by extensions ['ros']
[0.178s] Level 1:colcon.colcon_core.package_identification:_identify(scenarios/example_turtlesim) by extension 'ros'
[0.178s] Level 1:colcon.colcon_core.package_identification:_identify(scenarios/example_turtlesim) by extensions ['cmake', 'python']
[0.178s] Level 1:colcon.colcon_core.package_identification:_identify(scenarios/example_turtlesim) by extension 'cmake'
[0.178s] Level 1:colcon.colcon_core.package_identification:_identify(scenarios/example_turtlesim) by extension 'python'
[0.178s] Level 1:colcon.colcon_core.package_identification:_identify(scenarios/example_turtlesim) by extensions ['python_setup_py']
[0.178s] Level 1:colcon.colcon_core.package_identification:_identify(scenarios/example_turtlesim) by extension 'python_setup_py'
[0.178s] Level 1:colcon.colcon_core.package_identification:_identify(scenarios/example_turtlesim/__pycache__) by extensions ['ignore', 'ignore_ament_install']
[0.178s] Level 1:colcon.colcon_core.package_identification:_identify(scenarios/example_turtlesim/__pycache__) by extension 'ignore'
[0.178s] Level 1:colcon.colcon_core.package_identification:_identify(scenarios/example_turtlesim/__pycache__) by extension 'ignore_ament_install'
[0.178s] Level 1:colcon.colcon_core.package_identification:_identify(scenarios/example_turtlesim/__pycache__) by extensions ['colcon_pkg']
[0.178s] Level 1:colcon.colcon_core.package_identification:_identify(scenarios/example_turtlesim/__pycache__) by extension 'colcon_pkg'
[0.178s] Level 1:colcon.colcon_core.package_identification:_identify(scenarios/example_turtlesim/__pycache__) by extensions ['colcon_meta']
[0.178s] Level 1:colcon.colcon_core.package_identification:_identify(scenarios/example_turtlesim/__pycache__) by extension 'colcon_meta'
[0.178s] Level 1:colcon.colcon_core.package_identification:_identify(scenarios/example_turtlesim/__pycache__) by extensions ['ros']
[0.178s] Level 1:colcon.colcon_core.package_identification:_identify(scenarios/example_turtlesim/__pycache__) by extension 'ros'
[0.178s] Level 1:colcon.colcon_core.package_identification:_identify(scenarios/example_turtlesim/__pycache__) by extensions ['cmake', 'python']
[0.178s] Level 1:colcon.colcon_core.package_identification:_identify(scenarios/example_turtlesim/__pycache__) by extension 'cmake'
[0.178s] Level 1:colcon.colcon_core.package_identification:_identify(scenarios/example_turtlesim/__pycache__) by extension 'python'
[0.178s] Level 1:colcon.colcon_core.package_identification:_identify(scenarios/example_turtlesim/__pycache__) by extensions ['python_setup_py']
[0.178s] Level 1:colcon.colcon_core.package_identification:_identify(scenarios/example_turtlesim/__pycache__) by extension 'python_setup_py'
[0.178s] Level 1:colcon.colcon_core.package_identification:_identify(scenarios/nav2_turtlebot3) by extensions ['ignore', 'ignore_ament_install']
[0.179s] Level 1:colcon.colcon_core.package_identification:_identify(scenarios/nav2_turtlebot3) by extension 'ignore'
[0.179s] Level 1:colcon.colcon_core.package_identification:_identify(scenarios/nav2_turtlebot3) by extension 'ignore_ament_install'
[0.179s] Level 1:colcon.colcon_core.package_identification:_identify(scenarios/nav2_turtlebot3) by extensions ['colcon_pkg']
[0.179s] Level 1:colcon.colcon_core.package_identification:_identify(scenarios/nav2_turtlebot3) by extension 'colcon_pkg'
[0.179s] Level 1:colcon.colcon_core.package_identification:_identify(scenarios/nav2_turtlebot3) by extensions ['colcon_meta']
[0.179s] Level 1:colcon.colcon_core.package_identification:_identify(scenarios/nav2_turtlebot3) by extension 'colcon_meta'
[0.179s] Level 1:colcon.colcon_core.package_identification:_identify(scenarios/nav2_turtlebot3) by extensions ['ros']
[0.179s] Level 1:colcon.colcon_core.package_identification:_identify(scenarios/nav2_turtlebot3) by extension 'ros'
[0.179s] Level 1:colcon.colcon_core.package_identification:_identify(scenarios/nav2_turtlebot3) by extensions ['cmake', 'python']
[0.179s] Level 1:colcon.colcon_core.package_identification:_identify(scenarios/nav2_turtlebot3) by extension 'cmake'
[0.179s] Level 1:colcon.colcon_core.package_identification:_identify(scenarios/nav2_turtlebot3) by extension 'python'
[0.179s] Level 1:colcon.colcon_core.package_identification:_identify(scenarios/nav2_turtlebot3) by extensions ['python_setup_py']
[0.179s] Level 1:colcon.colcon_core.package_identification:_identify(scenarios/nav2_turtlebot3) by extension 'python_setup_py'
[0.179s] Level 1:colcon.colcon_core.package_identification:_identify(scenarios/nav2_turtlebot3/__pycache__) by extensions ['ignore', 'ignore_ament_install']
[0.179s] Level 1:colcon.colcon_core.package_identification:_identify(scenarios/nav2_turtlebot3/__pycache__) by extension 'ignore'
[0.179s] Level 1:colcon.colcon_core.package_identification:_identify(scenarios/nav2_turtlebot3/__pycache__) by extension 'ignore_ament_install'
[0.179s] Level 1:colcon.colcon_core.package_identification:_identify(scenarios/nav2_turtlebot3/__pycache__) by extensions ['colcon_pkg']
[0.179s] Level 1:colcon.colcon_core.package_identification:_identify(scenarios/nav2_turtlebot3/__pycache__) by extension 'colcon_pkg'
[0.179s] Level 1:colcon.colcon_core.package_identification:_identify(scenarios/nav2_turtlebot3/__pycache__) by extensions ['colcon_meta']
[0.179s] Level 1:colcon.colcon_core.package_identification:_identify(scenarios/nav2_turtlebot3/__pycache__) by extension 'colcon_meta'
[0.179s] Level 1:colcon.colcon_core.package_identification:_identify(scenarios/nav2_turtlebot3/__pycache__) by extensions ['ros']
[0.179s] Level 1:colcon.colcon_core.package_identification:_identify(scenarios/nav2_turtlebot3/__pycache__) by extension 'ros'
[0.179s] Level 1:colcon.colcon_core.package_identification:_identify(scenarios/nav2_turtlebot3/__pycache__) by extensions ['cmake', 'python']
[0.179s] Level 1:colcon.colcon_core.package_identification:_identify(scenarios/nav2_turtlebot3/__pycache__) by extension 'cmake'
[0.179s] Level 1:colcon.colcon_core.package_identification:_identify(scenarios/nav2_turtlebot3/__pycache__) by extension 'python'
[0.180s] Level 1:colcon.colcon_core.package_identification:_identify(scenarios/nav2_turtlebot3/__pycache__) by extensions ['python_setup_py']
[0.180s] Level 1:colcon.colcon_core.package_identification:_identify(scenarios/nav2_turtlebot3/__pycache__) by extension 'python_setup_py'
[0.180s] Level 1:colcon.colcon_core.package_identification:_identify(scenarios/test) by extensions ['ignore', 'ignore_ament_install']
[0.180s] Level 1:colcon.colcon_core.package_identification:_identify(scenarios/test) by extension 'ignore'
[0.180s] Level 1:colcon.colcon_core.package_identification:_identify(scenarios/test) by extension 'ignore_ament_install'
[0.180s] Level 1:colcon.colcon_core.package_identification:_identify(scenarios/test) by extensions ['colcon_pkg']
[0.180s] Level 1:colcon.colcon_core.package_identification:_identify(scenarios/test) by extension 'colcon_pkg'
[0.180s] Level 1:colcon.colcon_core.package_identification:_identify(scenarios/test) by extensions ['colcon_meta']
[0.180s] Level 1:colcon.colcon_core.package_identification:_identify(scenarios/test) by extension 'colcon_meta'
[0.180s] Level 1:colcon.colcon_core.package_identification:_identify(scenarios/test) by extensions ['ros']
[0.180s] Level 1:colcon.colcon_core.package_identification:_identify(scenarios/test) by extension 'ros'
[0.180s] Level 1:colcon.colcon_core.package_identification:_identify(scenarios/test) by extensions ['cmake', 'python']
[0.180s] Level 1:colcon.colcon_core.package_identification:_identify(scenarios/test) by extension 'cmake'
[0.180s] Level 1:colcon.colcon_core.package_identification:_identify(scenarios/test) by extension 'python'
[0.180s] Level 1:colcon.colcon_core.package_identification:_identify(scenarios/test) by extensions ['python_setup_py']
[0.180s] Level 1:colcon.colcon_core.package_identification:_identify(scenarios/test) by extension 'python_setup_py'
[0.180s] Level 1:colcon.colcon_core.package_identification:_identify(scenarios/test/__pycache__) by extensions ['ignore', 'ignore_ament_install']
[0.180s] Level 1:colcon.colcon_core.package_identification:_identify(scenarios/test/__pycache__) by extension 'ignore'
[0.180s] Level 1:colcon.colcon_core.package_identification:_identify(scenarios/test/__pycache__) by extension 'ignore_ament_install'
[0.180s] Level 1:colcon.colcon_core.package_identification:_identify(scenarios/test/__pycache__) by extensions ['colcon_pkg']
[0.180s] Level 1:colcon.colcon_core.package_identification:_identify(scenarios/test/__pycache__) by extension 'colcon_pkg'
[0.180s] Level 1:colcon.colcon_core.package_identification:_identify(scenarios/test/__pycache__) by extensions ['colcon_meta']
[0.180s] Level 1:colcon.colcon_core.package_identification:_identify(scenarios/test/__pycache__) by extension 'colcon_meta'
[0.180s] Level 1:colcon.colcon_core.package_identification:_identify(scenarios/test/__pycache__) by extensions ['ros']
[0.181s] Level 1:colcon.colcon_core.package_identification:_identify(scenarios/test/__pycache__) by extension 'ros'
[0.181s] Level 1:colcon.colcon_core.package_identification:_identify(scenarios/test/__pycache__) by extensions ['cmake', 'python']
[0.181s] Level 1:colcon.colcon_core.package_identification:_identify(scenarios/test/__pycache__) by extension 'cmake'
[0.181s] Level 1:colcon.colcon_core.package_identification:_identify(scenarios/test/__pycache__) by extension 'python'
[0.181s] Level 1:colcon.colcon_core.package_identification:_identify(scenarios/test/__pycache__) by extensions ['python_setup_py']
[0.181s] Level 1:colcon.colcon_core.package_identification:_identify(scenarios/test/__pycache__) by extension 'python_setup_py'
[0.181s] Level 1:colcon.colcon_core.package_identification:_identify(scenarios/test/captured_images) by extensions ['ignore', 'ignore_ament_install']
[0.181s] Level 1:colcon.colcon_core.package_identification:_identify(scenarios/test/captured_images) by extension 'ignore'
[0.181s] Level 1:colcon.colcon_core.package_identification:_identify(scenarios/test/captured_images) by extension 'ignore_ament_install'
[0.181s] Level 1:colcon.colcon_core.package_identification:_identify(scenarios/test/captured_images) by extensions ['colcon_pkg']
[0.181s] Level 1:colcon.colcon_core.package_identification:_identify(scenarios/test/captured_images) by extension 'colcon_pkg'
[0.181s] Level 1:colcon.colcon_core.package_identification:_identify(scenarios/test/captured_images) by extensions ['colcon_meta']
[0.181s] Level 1:colcon.colcon_core.package_identification:_identify(scenarios/test/captured_images) by extension 'colcon_meta'
[0.181s] Level 1:colcon.colcon_core.package_identification:_identify(scenarios/test/captured_images) by extensions ['ros']
[0.181s] Level 1:colcon.colcon_core.package_identification:_identify(scenarios/test/captured_images) by extension 'ros'
[0.181s] Level 1:colcon.colcon_core.package_identification:_identify(scenarios/test/captured_images) by extensions ['cmake', 'python']
[0.181s] Level 1:colcon.colcon_core.package_identification:_identify(scenarios/test/captured_images) by extension 'cmake'
[0.181s] Level 1:colcon.colcon_core.package_identification:_identify(scenarios/test/captured_images) by extension 'python'
[0.181s] Level 1:colcon.colcon_core.package_identification:_identify(scenarios/test/captured_images) by extensions ['python_setup_py']
[0.181s] Level 1:colcon.colcon_core.package_identification:_identify(scenarios/test/captured_images) by extension 'python_setup_py'
[0.181s] Level 1:colcon.colcon_core.package_identification:_identify(scenarios/test  backup2) by extensions ['ignore', 'ignore_ament_install']
[0.181s] Level 1:colcon.colcon_core.package_identification:_identify(scenarios/test  backup2) by extension 'ignore'
[0.181s] Level 1:colcon.colcon_core.package_identification:_identify(scenarios/test  backup2) by extension 'ignore_ament_install'
[0.181s] Level 1:colcon.colcon_core.package_identification:_identify(scenarios/test  backup2) by extensions ['colcon_pkg']
[0.181s] Level 1:colcon.colcon_core.package_identification:_identify(scenarios/test  backup2) by extension 'colcon_pkg'
[0.182s] Level 1:colcon.colcon_core.package_identification:_identify(scenarios/test  backup2) by extensions ['colcon_meta']
[0.182s] Level 1:colcon.colcon_core.package_identification:_identify(scenarios/test  backup2) by extension 'colcon_meta'
[0.182s] Level 1:colcon.colcon_core.package_identification:_identify(scenarios/test  backup2) by extensions ['ros']
[0.182s] Level 1:colcon.colcon_core.package_identification:_identify(scenarios/test  backup2) by extension 'ros'
[0.182s] Level 1:colcon.colcon_core.package_identification:_identify(scenarios/test  backup2) by extensions ['cmake', 'python']
[0.182s] Level 1:colcon.colcon_core.package_identification:_identify(scenarios/test  backup2) by extension 'cmake'
[0.182s] Level 1:colcon.colcon_core.package_identification:_identify(scenarios/test  backup2) by extension 'python'
[0.182s] Level 1:colcon.colcon_core.package_identification:_identify(scenarios/test  backup2) by extensions ['python_setup_py']
[0.182s] Level 1:colcon.colcon_core.package_identification:_identify(scenarios/test  backup2) by extension 'python_setup_py'
[0.182s] Level 1:colcon.colcon_core.package_identification:_identify(scenarios/test  backup2/__pycache__) by extensions ['ignore', 'ignore_ament_install']
[0.182s] Level 1:colcon.colcon_core.package_identification:_identify(scenarios/test  backup2/__pycache__) by extension 'ignore'
[0.182s] Level 1:colcon.colcon_core.package_identification:_identify(scenarios/test  backup2/__pycache__) by extension 'ignore_ament_install'
[0.182s] Level 1:colcon.colcon_core.package_identification:_identify(scenarios/test  backup2/__pycache__) by extensions ['colcon_pkg']
[0.182s] Level 1:colcon.colcon_core.package_identification:_identify(scenarios/test  backup2/__pycache__) by extension 'colcon_pkg'
[0.182s] Level 1:colcon.colcon_core.package_identification:_identify(scenarios/test  backup2/__pycache__) by extensions ['colcon_meta']
[0.182s] Level 1:colcon.colcon_core.package_identification:_identify(scenarios/test  backup2/__pycache__) by extension 'colcon_meta'
[0.182s] Level 1:colcon.colcon_core.package_identification:_identify(scenarios/test  backup2/__pycache__) by extensions ['ros']
[0.182s] Level 1:colcon.colcon_core.package_identification:_identify(scenarios/test  backup2/__pycache__) by extension 'ros'
[0.182s] Level 1:colcon.colcon_core.package_identification:_identify(scenarios/test  backup2/__pycache__) by extensions ['cmake', 'python']
[0.182s] Level 1:colcon.colcon_core.package_identification:_identify(scenarios/test  backup2/__pycache__) by extension 'cmake'
[0.182s] Level 1:colcon.colcon_core.package_identification:_identify(scenarios/test  backup2/__pycache__) by extension 'python'
[0.182s] Level 1:colcon.colcon_core.package_identification:_identify(scenarios/test  backup2/__pycache__) by extensions ['python_setup_py']
[0.182s] Level 1:colcon.colcon_core.package_identification:_identify(scenarios/test  backup2/__pycache__) by extension 'python_setup_py'
[0.182s] Level 1:colcon.colcon_core.package_identification:_identify(scenarios/test backup) by extensions ['ignore', 'ignore_ament_install']
[0.182s] Level 1:colcon.colcon_core.package_identification:_identify(scenarios/test backup) by extension 'ignore'
[0.182s] Level 1:colcon.colcon_core.package_identification:_identify(scenarios/test backup) by extension 'ignore_ament_install'
[0.182s] Level 1:colcon.colcon_core.package_identification:_identify(scenarios/test backup) by extensions ['colcon_pkg']
[0.182s] Level 1:colcon.colcon_core.package_identification:_identify(scenarios/test backup) by extension 'colcon_pkg'
[0.183s] Level 1:colcon.colcon_core.package_identification:_identify(scenarios/test backup) by extensions ['colcon_meta']
[0.183s] Level 1:colcon.colcon_core.package_identification:_identify(scenarios/test backup) by extension 'colcon_meta'
[0.183s] Level 1:colcon.colcon_core.package_identification:_identify(scenarios/test backup) by extensions ['ros']
[0.183s] Level 1:colcon.colcon_core.package_identification:_identify(scenarios/test backup) by extension 'ros'
[0.183s] Level 1:colcon.colcon_core.package_identification:_identify(scenarios/test backup) by extensions ['cmake', 'python']
[0.183s] Level 1:colcon.colcon_core.package_identification:_identify(scenarios/test backup) by extension 'cmake'
[0.183s] Level 1:colcon.colcon_core.package_identification:_identify(scenarios/test backup) by extension 'python'
[0.183s] Level 1:colcon.colcon_core.package_identification:_identify(scenarios/test backup) by extensions ['python_setup_py']
[0.183s] Level 1:colcon.colcon_core.package_identification:_identify(scenarios/test backup) by extension 'python_setup_py'
[0.183s] Level 1:colcon.colcon_core.package_identification:_identify(scenarios/test backup/__pycache__) by extensions ['ignore', 'ignore_ament_install']
[0.183s] Level 1:colcon.colcon_core.package_identification:_identify(scenarios/test backup/__pycache__) by extension 'ignore'
[0.183s] Level 1:colcon.colcon_core.package_identification:_identify(scenarios/test backup/__pycache__) by extension 'ignore_ament_install'
[0.183s] Level 1:colcon.colcon_core.package_identification:_identify(scenarios/test backup/__pycache__) by extensions ['colcon_pkg']
[0.183s] Level 1:colcon.colcon_core.package_identification:_identify(scenarios/test backup/__pycache__) by extension 'colcon_pkg'
[0.183s] Level 1:colcon.colcon_core.package_identification:_identify(scenarios/test backup/__pycache__) by extensions ['colcon_meta']
[0.183s] Level 1:colcon.colcon_core.package_identification:_identify(scenarios/test backup/__pycache__) by extension 'colcon_meta'
[0.183s] Level 1:colcon.colcon_core.package_identification:_identify(scenarios/test backup/__pycache__) by extensions ['ros']
[0.183s] Level 1:colcon.colcon_core.package_identification:_identify(scenarios/test backup/__pycache__) by extension 'ros'
[0.183s] Level 1:colcon.colcon_core.package_identification:_identify(scenarios/test backup/__pycache__) by extensions ['cmake', 'python']
[0.183s] Level 1:colcon.colcon_core.package_identification:_identify(scenarios/test backup/__pycache__) by extension 'cmake'
[0.183s] Level 1:colcon.colcon_core.package_identification:_identify(scenarios/test backup/__pycache__) by extension 'python'
[0.183s] Level 1:colcon.colcon_core.package_identification:_identify(scenarios/test backup/__pycache__) by extensions ['python_setup_py']
[0.183s] Level 1:colcon.colcon_core.package_identification:_identify(scenarios/test backup/__pycache__) by extension 'python_setup_py'
[0.183s] Level 1:colcon.colcon_core.package_identification:_identify(src) by extensions ['ignore', 'ignore_ament_install']
[0.183s] Level 1:colcon.colcon_core.package_identification:_identify(src) by extension 'ignore'
[0.183s] Level 1:colcon.colcon_core.package_identification:_identify(src) by extension 'ignore_ament_install'
[0.183s] Level 1:colcon.colcon_core.package_identification:_identify(src) by extensions ['colcon_pkg']
[0.183s] Level 1:colcon.colcon_core.package_identification:_identify(src) by extension 'colcon_pkg'
[0.183s] Level 1:colcon.colcon_core.package_identification:_identify(src) by extensions ['colcon_meta']
[0.183s] Level 1:colcon.colcon_core.package_identification:_identify(src) by extension 'colcon_meta'
[0.184s] Level 1:colcon.colcon_core.package_identification:_identify(src) by extensions ['ros']
[0.184s] Level 1:colcon.colcon_core.package_identification:_identify(src) by extension 'ros'
[0.184s] Level 1:colcon.colcon_core.package_identification:_identify(src) by extensions ['cmake', 'python']
[0.184s] Level 1:colcon.colcon_core.package_identification:_identify(src) by extension 'cmake'
[0.184s] Level 1:colcon.colcon_core.package_identification:_identify(src) by extension 'python'
[0.184s] Level 1:colcon.colcon_core.package_identification:_identify(src) by extensions ['python_setup_py']
[0.184s] Level 1:colcon.colcon_core.package_identification:_identify(src) by extension 'python_setup_py'
[0.184s] Level 1:colcon.colcon_core.package_identification:_identify(src/instant_messaging_interfaces) by extensions ['ignore', 'ignore_ament_install']
[0.184s] Level 1:colcon.colcon_core.package_identification:_identify(src/instant_messaging_interfaces) by extension 'ignore'
[0.184s] Level 1:colcon.colcon_core.package_identification:_identify(src/instant_messaging_interfaces) by extension 'ignore_ament_install'
[0.184s] Level 1:colcon.colcon_core.package_identification:_identify(src/instant_messaging_interfaces) by extensions ['colcon_pkg']
[0.184s] Level 1:colcon.colcon_core.package_identification:_identify(src/instant_messaging_interfaces) by extension 'colcon_pkg'
[0.184s] Level 1:colcon.colcon_core.package_identification:_identify(src/instant_messaging_interfaces) by extensions ['colcon_meta']
[0.184s] Level 1:colcon.colcon_core.package_identification:_identify(src/instant_messaging_interfaces) by extension 'colcon_meta'
[0.184s] Level 1:colcon.colcon_core.package_identification:_identify(src/instant_messaging_interfaces) by extensions ['ros']
[0.184s] Level 1:colcon.colcon_core.package_identification:_identify(src/instant_messaging_interfaces) by extension 'ros'
[0.186s] DEBUG:colcon.colcon_core.package_identification:Package 'src/instant_messaging_interfaces' with type 'ros.ament_cmake' and name 'instant_messaging_interfaces'
[0.186s] Level 1:colcon.colcon_core.package_identification:_identify(src/limo_fire_py) by extensions ['ignore', 'ignore_ament_install']
[0.186s] Level 1:colcon.colcon_core.package_identification:_identify(src/limo_fire_py) by extension 'ignore'
[0.186s] Level 1:colcon.colcon_core.package_identification:_identify(src/limo_fire_py) by extension 'ignore_ament_install'
[0.186s] Level 1:colcon.colcon_core.package_identification:_identify(src/limo_fire_py) by extensions ['colcon_pkg']
[0.186s] Level 1:colcon.colcon_core.package_identification:_identify(src/limo_fire_py) by extension 'colcon_pkg'
[0.186s] Level 1:colcon.colcon_core.package_identification:_identify(src/limo_fire_py) by extensions ['colcon_meta']
[0.186s] Level 1:colcon.colcon_core.package_identification:_identify(src/limo_fire_py) by extension 'colcon_meta'
[0.186s] Level 1:colcon.colcon_core.package_identification:_identify(src/limo_fire_py) by extensions ['ros']
[0.186s] Level 1:colcon.colcon_core.package_identification:_identify(src/limo_fire_py) by extension 'ros'
[0.186s] DEBUG:colcon.colcon_core.package_identification:Package 'src/limo_fire_py' with type 'ros.ament_python' and name 'limo_fire_py'
[0.186s] Level 1:colcon.colcon_core.package_identification:_identify(src/limo_night_patrol) by extensions ['ignore', 'ignore_ament_install']
[0.187s] Level 1:colcon.colcon_core.package_identification:_identify(src/limo_night_patrol) by extension 'ignore'
[0.187s] Level 1:colcon.colcon_core.package_identification:_identify(src/limo_night_patrol) by extension 'ignore_ament_install'
[0.187s] Level 1:colcon.colcon_core.package_identification:_identify(src/limo_night_patrol) by extensions ['colcon_pkg']
[0.187s] Level 1:colcon.colcon_core.package_identification:_identify(src/limo_night_patrol) by extension 'colcon_pkg'
[0.187s] Level 1:colcon.colcon_core.package_identification:_identify(src/limo_night_patrol) by extensions ['colcon_meta']
[0.187s] Level 1:colcon.colcon_core.package_identification:_identify(src/limo_night_patrol) by extension 'colcon_meta'
[0.187s] Level 1:colcon.colcon_core.package_identification:_identify(src/limo_night_patrol) by extensions ['ros']
[0.187s] Level 1:colcon.colcon_core.package_identification:_identify(src/limo_night_patrol) by extension 'ros'
[0.187s] DEBUG:colcon.colcon_core.package_identification:Failed to parse potential ROS package manifest in'src/limo_night_patrol': Error(s) in package 'src/limo_night_patrol/package.xml':
Error(s):
- The generic dependency on 'rclpy' is redundant with: build_depend, build_export_depend, exec_depend
[0.187s] Level 1:colcon.colcon_core.package_identification:_identify(src/limo_night_patrol) by extensions ['cmake', 'python']
[0.187s] Level 1:colcon.colcon_core.package_identification:_identify(src/limo_night_patrol) by extension 'cmake'
[0.187s] Level 1:colcon.colcon_core.package_identification:_identify(src/limo_night_patrol) by extension 'python'
[0.187s] DEBUG:colcon.colcon_core.package_identification:Python package in 'src/limo_night_patrol' passes arguments to the setup() function which requires a different identification extension than 'python'
[0.188s] Level 1:colcon.colcon_core.package_identification:_identify(src/limo_night_patrol) by extensions ['python_setup_py']
[0.188s] Level 1:colcon.colcon_core.package_identification:_identify(src/limo_night_patrol) by extension 'python_setup_py'
[0.330s] DEBUG:colcon.colcon_core.package_identification:Package 'src/limo_night_patrol' with type 'python' and name 'limo_night_patrol'
[0.330s] Level 1:colcon.colcon_core.package_identification:_identify(src/limo_waypoint_nav) by extensions ['ignore', 'ignore_ament_install']
[0.330s] Level 1:colcon.colcon_core.package_identification:_identify(src/limo_waypoint_nav) by extension 'ignore'
[0.330s] Level 1:colcon.colcon_core.package_identification:_identify(src/limo_waypoint_nav) by extension 'ignore_ament_install'
[0.330s] Level 1:colcon.colcon_core.package_identification:_identify(src/limo_waypoint_nav) by extensions ['colcon_pkg']
[0.330s] Level 1:colcon.colcon_core.package_identification:_identify(src/limo_waypoint_nav) by extension 'colcon_pkg'
[0.330s] Level 1:colcon.colcon_core.package_identification:_identify(src/limo_waypoint_nav) by extensions ['colcon_meta']
[0.330s] Level 1:colcon.colcon_core.package_identification:_identify(src/limo_waypoint_nav) by extension 'colcon_meta'
[0.330s] Level 1:colcon.colcon_core.package_identification:_identify(src/limo_waypoint_nav) by extensions ['ros']
[0.330s] Level 1:colcon.colcon_core.package_identification:_identify(src/limo_waypoint_nav) by extension 'ros'
[0.330s] Level 1:colcon.colcon_core.package_identification:_identify(src/limo_waypoint_nav) by extensions ['cmake', 'python']
[0.330s] Level 1:colcon.colcon_core.package_identification:_identify(src/limo_waypoint_nav) by extension 'cmake'
[0.330s] Level 1:colcon.colcon_core.package_identification:_identify(src/limo_waypoint_nav) by extension 'python'
[0.330s] Level 1:colcon.colcon_core.package_identification:_identify(src/limo_waypoint_nav) by extensions ['python_setup_py']
[0.330s] Level 1:colcon.colcon_core.package_identification:_identify(src/limo_waypoint_nav) by extension 'python_setup_py'
[0.331s] Level 1:colcon.colcon_core.package_identification:_identify(src/limo_waypoint_nav/limo_waypoint_nav) by extensions ['ignore', 'ignore_ament_install']
[0.331s] Level 1:colcon.colcon_core.package_identification:_identify(src/limo_waypoint_nav/limo_waypoint_nav) by extension 'ignore'
[0.331s] Level 1:colcon.colcon_core.package_identification:_identify(src/limo_waypoint_nav/limo_waypoint_nav) by extension 'ignore_ament_install'
[0.331s] Level 1:colcon.colcon_core.package_identification:_identify(src/limo_waypoint_nav/limo_waypoint_nav) by extensions ['colcon_pkg']
[0.331s] Level 1:colcon.colcon_core.package_identification:_identify(src/limo_waypoint_nav/limo_waypoint_nav) by extension 'colcon_pkg'
[0.331s] Level 1:colcon.colcon_core.package_identification:_identify(src/limo_waypoint_nav/limo_waypoint_nav) by extensions ['colcon_meta']
[0.331s] Level 1:colcon.colcon_core.package_identification:_identify(src/limo_waypoint_nav/limo_waypoint_nav) by extension 'colcon_meta'
[0.331s] Level 1:colcon.colcon_core.package_identification:_identify(src/limo_waypoint_nav/limo_waypoint_nav) by extensions ['ros']
[0.331s] Level 1:colcon.colcon_core.package_identification:_identify(src/limo_waypoint_nav/limo_waypoint_nav) by extension 'ros'
[0.331s] Level 1:colcon.colcon_core.package_identification:_identify(src/limo_waypoint_nav/limo_waypoint_nav) by extensions ['cmake', 'python']
[0.331s] Level 1:colcon.colcon_core.package_identification:_identify(src/limo_waypoint_nav/limo_waypoint_nav) by extension 'cmake'
[0.331s] Level 1:colcon.colcon_core.package_identification:_identify(src/limo_waypoint_nav/limo_waypoint_nav) by extension 'python'
[0.331s] Level 1:colcon.colcon_core.package_identification:_identify(src/limo_waypoint_nav/limo_waypoint_nav) by extensions ['python_setup_py']
[0.331s] Level 1:colcon.colcon_core.package_identification:_identify(src/limo_waypoint_nav/limo_waypoint_nav) by extension 'python_setup_py'
[0.331s] Level 1:colcon.colcon_core.package_identification:_identify(src/telegram_ros2) by extensions ['ignore', 'ignore_ament_install']
[0.331s] Level 1:colcon.colcon_core.package_identification:_identify(src/telegram_ros2) by extension 'ignore'
[0.331s] Level 1:colcon.colcon_core.package_identification:_identify(src/telegram_ros2) by extension 'ignore_ament_install'
[0.331s] Level 1:colcon.colcon_core.package_identification:_identify(src/telegram_ros2) by extensions ['colcon_pkg']
[0.331s] Level 1:colcon.colcon_core.package_identification:_identify(src/telegram_ros2) by extension 'colcon_pkg'
[0.331s] Level 1:colcon.colcon_core.package_identification:_identify(src/telegram_ros2) by extensions ['colcon_meta']
[0.331s] Level 1:colcon.colcon_core.package_identification:_identify(src/telegram_ros2) by extension 'colcon_meta'
[0.331s] Level 1:colcon.colcon_core.package_identification:_identify(src/telegram_ros2) by extensions ['ros']
[0.331s] Level 1:colcon.colcon_core.package_identification:_identify(src/telegram_ros2) by extension 'ros'
[0.332s] DEBUG:colcon.colcon_core.package_identification:Package 'src/telegram_ros2' with type 'ros.ament_python' and name 'telegram_ros2'
[0.332s] Level 1:colcon.colcon_core.package_identification:_identify(src/yolo_ros) by extensions ['ignore', 'ignore_ament_install']
[0.332s] Level 1:colcon.colcon_core.package_identification:_identify(src/yolo_ros) by extension 'ignore'
[0.332s] Level 1:colcon.colcon_core.package_identification:_identify(src/yolo_ros) by extension 'ignore_ament_install'
[0.332s] Level 1:colcon.colcon_core.package_identification:_identify(src/yolo_ros) by extensions ['colcon_pkg']
[0.332s] Level 1:colcon.colcon_core.package_identification:_identify(src/yolo_ros) by extension 'colcon_pkg'
[0.332s] Level 1:colcon.colcon_core.package_identification:_identify(src/yolo_ros) by extensions ['colcon_meta']
[0.332s] Level 1:colcon.colcon_core.package_identification:_identify(src/yolo_ros) by extension 'colcon_meta'
[0.332s] Level 1:colcon.colcon_core.package_identification:_identify(src/yolo_ros) by extensions ['ros']
[0.332s] Level 1:colcon.colcon_core.package_identification:_identify(src/yolo_ros) by extension 'ros'
[0.332s] Level 1:colcon.colcon_core.package_identification:_identify(src/yolo_ros) by extensions ['cmake', 'python']
[0.332s] Level 1:colcon.colcon_core.package_identification:_identify(src/yolo_ros) by extension 'cmake'
[0.332s] Level 1:colcon.colcon_core.package_identification:_identify(src/yolo_ros) by extension 'python'
[0.332s] Level 1:colcon.colcon_core.package_identification:_identify(src/yolo_ros) by extensions ['python_setup_py']
[0.332s] Level 1:colcon.colcon_core.package_identification:_identify(src/yolo_ros) by extension 'python_setup_py'
[0.332s] Level 1:colcon.colcon_core.package_identification:_identify(src/yolo_ros/docs) by extensions ['ignore', 'ignore_ament_install']
[0.332s] Level 1:colcon.colcon_core.package_identification:_identify(src/yolo_ros/docs) by extension 'ignore'
[0.332s] Level 1:colcon.colcon_core.package_identification:_identify(src/yolo_ros/docs) by extension 'ignore_ament_install'
[0.332s] Level 1:colcon.colcon_core.package_identification:_identify(src/yolo_ros/docs) by extensions ['colcon_pkg']
[0.333s] Level 1:colcon.colcon_core.package_identification:_identify(src/yolo_ros/docs) by extension 'colcon_pkg'
[0.333s] Level 1:colcon.colcon_core.package_identification:_identify(src/yolo_ros/docs) by extensions ['colcon_meta']
[0.333s] Level 1:colcon.colcon_core.package_identification:_identify(src/yolo_ros/docs) by extension 'colcon_meta'
[0.333s] Level 1:colcon.colcon_core.package_identification:_identify(src/yolo_ros/docs) by extensions ['ros']
[0.333s] Level 1:colcon.colcon_core.package_identification:_identify(src/yolo_ros/docs) by extension 'ros'
[0.333s] Level 1:colcon.colcon_core.package_identification:_identify(src/yolo_ros/docs) by extensions ['cmake', 'python']
[0.333s] Level 1:colcon.colcon_core.package_identification:_identify(src/yolo_ros/docs) by extension 'cmake'
[0.333s] Level 1:colcon.colcon_core.package_identification:_identify(src/yolo_ros/docs) by extension 'python'
[0.333s] Level 1:colcon.colcon_core.package_identification:_identify(src/yolo_ros/docs) by extensions ['python_setup_py']
[0.333s] Level 1:colcon.colcon_core.package_identification:_identify(src/yolo_ros/docs) by extension 'python_setup_py'
[0.333s] Level 1:colcon.colcon_core.package_identification:_identify(src/yolo_ros/yolo_bringup) by extensions ['ignore', 'ignore_ament_install']
[0.333s] Level 1:colcon.colcon_core.package_identification:_identify(src/yolo_ros/yolo_bringup) by extension 'ignore'
[0.333s] Level 1:colcon.colcon_core.package_identification:_identify(src/yolo_ros/yolo_bringup) by extension 'ignore_ament_install'
[0.333s] Level 1:colcon.colcon_core.package_identification:_identify(src/yolo_ros/yolo_bringup) by extensions ['colcon_pkg']
[0.333s] Level 1:colcon.colcon_core.package_identification:_identify(src/yolo_ros/yolo_bringup) by extension 'colcon_pkg'
[0.333s] Level 1:colcon.colcon_core.package_identification:_identify(src/yolo_ros/yolo_bringup) by extensions ['colcon_meta']
[0.333s] Level 1:colcon.colcon_core.package_identification:_identify(src/yolo_ros/yolo_bringup) by extension 'colcon_meta'
[0.333s] Level 1:colcon.colcon_core.package_identification:_identify(src/yolo_ros/yolo_bringup) by extensions ['ros']
[0.333s] Level 1:colcon.colcon_core.package_identification:_identify(src/yolo_ros/yolo_bringup) by extension 'ros'
[0.333s] DEBUG:colcon.colcon_core.package_identification:Package 'src/yolo_ros/yolo_bringup' with type 'ros.ament_cmake' and name 'yolo_bringup'
[0.333s] Level 1:colcon.colcon_core.package_identification:_identify(src/yolo_ros/yolo_msgs) by extensions ['ignore', 'ignore_ament_install']
[0.333s] Level 1:colcon.colcon_core.package_identification:_identify(src/yolo_ros/yolo_msgs) by extension 'ignore'
[0.333s] Level 1:colcon.colcon_core.package_identification:_identify(src/yolo_ros/yolo_msgs) by extension 'ignore_ament_install'
[0.333s] Level 1:colcon.colcon_core.package_identification:_identify(src/yolo_ros/yolo_msgs) by extensions ['colcon_pkg']
[0.333s] Level 1:colcon.colcon_core.package_identification:_identify(src/yolo_ros/yolo_msgs) by extension 'colcon_pkg'
[0.333s] Level 1:colcon.colcon_core.package_identification:_identify(src/yolo_ros/yolo_msgs) by extensions ['colcon_meta']
[0.333s] Level 1:colcon.colcon_core.package_identification:_identify(src/yolo_ros/yolo_msgs) by extension 'colcon_meta'
[0.333s] Level 1:colcon.colcon_core.package_identification:_identify(src/yolo_ros/yolo_msgs) by extensions ['ros']
[0.333s] Level 1:colcon.colcon_core.package_identification:_identify(src/yolo_ros/yolo_msgs) by extension 'ros'
[0.334s] DEBUG:colcon.colcon_core.package_identification:Package 'src/yolo_ros/yolo_msgs' with type 'ros.ament_cmake' and name 'yolo_msgs'
[0.334s] Level 1:colcon.colcon_core.package_identification:_identify(src/yolo_ros/yolo_ros) by extensions ['ignore', 'ignore_ament_install']
[0.334s] Level 1:colcon.colcon_core.package_identification:_identify(src/yolo_ros/yolo_ros) by extension 'ignore'
[0.334s] Level 1:colcon.colcon_core.package_identification:_identify(src/yolo_ros/yolo_ros) by extension 'ignore_ament_install'
[0.334s] Level 1:colcon.colcon_core.package_identification:_identify(src/yolo_ros/yolo_ros) by extensions ['colcon_pkg']
[0.334s] Level 1:colcon.colcon_core.package_identification:_identify(src/yolo_ros/yolo_ros) by extension 'colcon_pkg'
[0.334s] Level 1:colcon.colcon_core.package_identification:_identify(src/yolo_ros/yolo_ros) by extensions ['colcon_meta']
[0.334s] Level 1:colcon.colcon_core.package_identification:_identify(src/yolo_ros/yolo_ros) by extension 'colcon_meta'
[0.334s] Level 1:colcon.colcon_core.package_identification:_identify(src/yolo_ros/yolo_ros) by extensions ['ros']
[0.334s] Level 1:colcon.colcon_core.package_identification:_identify(src/yolo_ros/yolo_ros) by extension 'ros'
[0.334s] DEBUG:colcon.colcon_core.package_identification:Package 'src/yolo_ros/yolo_ros' with type 'ros.ament_python' and name 'yolo_ros'
[0.334s] Level 1:colcon.colcon_core.package_discovery:discover_packages(recursive) using defaults
[0.334s] Level 1:colcon.colcon_core.package_discovery:discover_packages(ignore) discover
[0.334s] Level 1:colcon.colcon_core.package_discovery:discover_packages(ignore) using defaults
[0.334s] Level 1:colcon.colcon_core.package_discovery:discover_packages(path) discover
[0.334s] Level 1:colcon.colcon_core.package_discovery:discover_packages(path) using defaults
[0.345s] Level 1:colcon.colcon_core.package_discovery:discover_packages(prefix_path) check parameters
[0.345s] Level 1:colcon.colcon_core.package_discovery:discover_packages(prefix_path) discover
[0.346s] DEBUG:colcon.colcon_installed_package_information.package_discovery:Found 10 installed packages in /home/psh/wego_ws/install
[0.347s] DEBUG:colcon.colcon_installed_package_information.package_discovery:Found 423 installed packages in /opt/ros/humble
[0.349s] Level 1:colcon.colcon_core.package_discovery:discover_packages(prefix_path) using defaults
[0.375s] Level 5:colcon.colcon_core.verb:set package 'instant_messaging_interfaces' build argument 'cmake_args' from command line to 'None'
[0.375s] Level 5:colcon.colcon_core.verb:set package 'instant_messaging_interfaces' build argument 'cmake_target' from command line to 'None'
[0.375s] Level 5:colcon.colcon_core.verb:set package 'instant_messaging_interfaces' build argument 'cmake_target_skip_unavailable' from command line to 'False'
[0.375s] Level 5:colcon.colcon_core.verb:set package 'instant_messaging_interfaces' build argument 'cmake_clean_cache' from command line to 'False'
[0.375s] Level 5:colcon.colcon_core.verb:set package 'instant_messaging_interfaces' build argument 'cmake_clean_first' from command line to 'False'
[0.375s] Level 5:colcon.colcon_core.verb:set package 'instant_messaging_interfaces' build argument 'cmake_force_configure' from command line to 'False'
[0.375s] Level 5:colcon.colcon_core.verb:set package 'instant_messaging_interfaces' build argument 'ament_cmake_args' from command line to 'None'
[0.375s] Level 5:colcon.colcon_core.verb:set package 'instant_messaging_interfaces' build argument 'catkin_cmake_args' from command line to 'None'
[0.375s] Level 5:colcon.colcon_core.verb:set package 'instant_messaging_interfaces' build argument 'catkin_skip_building_tests' from command line to 'False'
[0.375s] DEBUG:colcon.colcon_core.verb:Building package 'instant_messaging_interfaces' with the following arguments: {'ament_cmake_args': None, 'build_base': '/home/psh/Downloads/ueeejjj/team_ws/psh030917/py_bt_ros_1/build/instant_messaging_interfaces', 'catkin_cmake_args': None, 'catkin_skip_building_tests': False, 'cmake_args': None, 'cmake_clean_cache': False, 'cmake_clean_first': False, 'cmake_force_configure': False, 'cmake_target': None, 'cmake_target_skip_unavailable': False, 'install_base': '/home/psh/Downloads/ueeejjj/team_ws/psh030917/py_bt_ros_1/install/instant_messaging_interfaces', 'merge_install': False, 'path': '/home/psh/Downloads/ueeejjj/team_ws/psh030917/py_bt_ros_1/src/instant_messaging_interfaces', 'symlink_install': False, 'test_result_base': None}
[0.375s] Level 5:colcon.colcon_core.verb:set package 'limo_fire_py' build argument 'cmake_args' from command line to 'None'
[0.375s] Level 5:colcon.colcon_core.verb:set package 'limo_fire_py' build argument 'cmake_target' from command line to 'None'
[0.375s] Level 5:colcon.colcon_core.verb:set package 'limo_fire_py' build argument 'cmake_target_skip_unavailable' from command line to 'False'
[0.375s] Level 5:colcon.colcon_core.verb:set package 'limo_fire_py' build argument 'cmake_clean_cache' from command line to 'False'
[0.375s] Level 5:colcon.colcon_core.verb:set package 'limo_fire_py' build argument 'cmake_clean_first' from command line to 'False'
[0.375s] Level 5:colcon.colcon_core.verb:set package 'limo_fire_py' build argument 'cmake_force_configure' from command line to 'False'
[0.375s] Level 5:colcon.colcon_core.verb:set package 'limo_fire_py' build argument 'ament_cmake_args' from command line to 'None'
[0.375s] Level 5:colcon.colcon_core.verb:set package 'limo_fire_py' build argument 'catkin_cmake_args' from command line to 'None'
[0.375s] Level 5:colcon.colcon_core.verb:set package 'limo_fire_py' build argument 'catkin_skip_building_tests' from command line to 'False'
[0.375s] DEBUG:colcon.colcon_core.verb:Building package 'limo_fire_py' with the following arguments: {'ament_cmake_args': None, 'build_base': '/home/psh/Downloads/ueeejjj/team_ws/psh030917/py_bt_ros_1/build/limo_fire_py', 'catkin_cmake_args': None, 'catkin_skip_building_tests': False, 'cmake_args': None, 'cmake_clean_cache': False, 'cmake_clean_first': False, 'cmake_force_configure': False, 'cmake_target': None, 'cmake_target_skip_unavailable': False, 'install_base': '/home/psh/Downloads/ueeejjj/team_ws/psh030917/py_bt_ros_1/install/limo_fire_py', 'merge_install': False, 'path': '/home/psh/Downloads/ueeejjj/team_ws/psh030917/py_bt_ros_1/src/limo_fire_py', 'symlink_install': False, 'test_result_base': None}
[0.375s] Level 5:colcon.colcon_core.verb:set package 'limo_night_patrol' build argument 'cmake_args' from command line to 'None'
[0.375s] Level 5:colcon.colcon_core.verb:set package 'limo_night_patrol' build argument 'cmake_target' from command line to 'None'
[0.375s] Level 5:colcon.colcon_core.verb:set package 'limo_night_patrol' build argument 'cmake_target_skip_unavailable' from command line to 'False'
[0.375s] Level 5:colcon.colcon_core.verb:set package 'limo_night_patrol' build argument 'cmake_clean_cache' from command line to 'False'
[0.375s] Level 5:colcon.colcon_core.verb:set package 'limo_night_patrol' build argument 'cmake_clean_first' from command line to 'False'
[0.375s] Level 5:colcon.colcon_core.verb:set package 'limo_night_patrol' build argument 'cmake_force_configure' from command line to 'False'
[0.375s] Level 5:colcon.colcon_core.verb:set package 'limo_night_patrol' build argument 'ament_cmake_args' from command line to 'None'
[0.375s] Level 5:colcon.colcon_core.verb:set package 'limo_night_patrol' build argument 'catkin_cmake_args' from command line to 'None'
[0.375s] Level 5:colcon.colcon_core.verb:set package 'limo_night_patrol' build argument 'catkin_skip_building_tests' from command line to 'False'
[0.375s] DEBUG:colcon.colcon_core.verb:Building package 'limo_night_patrol' with the following arguments: {'ament_cmake_args': None, 'build_base': '/home/psh/Downloads/ueeejjj/team_ws/psh030917/py_bt_ros_1/build/limo_night_patrol', 'catkin_cmake_args': None, 'catkin_skip_building_tests': False, 'cmake_args': None, 'cmake_clean_cache': False, 'cmake_clean_first': False, 'cmake_force_configure': False, 'cmake_target': None, 'cmake_target_skip_unavailable': False, 'install_base': '/home/psh/Downloads/ueeejjj/team_ws/psh030917/py_bt_ros_1/install/limo_night_patrol', 'merge_install': False, 'path': '/home/psh/Downloads/ueeejjj/team_ws/psh030917/py_bt_ros_1/src/limo_night_patrol', 'symlink_install': False, 'test_result_base': None}
[0.375s] Level 5:colcon.colcon_core.verb:set package 'yolo_msgs' build argument 'cmake_args' from command line to 'None'
[0.375s] Level 5:colcon.colcon_core.verb:set package 'yolo_msgs' build argument 'cmake_target' from command line to 'None'
[0.375s] Level 5:colcon.colcon_core.verb:set package 'yolo_msgs' build argument 'cmake_target_skip_unavailable' from command line to 'False'
[0.375s] Level 5:colcon.colcon_core.verb:set package 'yolo_msgs' build argument 'cmake_clean_cache' from command line to 'False'
[0.375s] Level 5:colcon.colcon_core.verb:set package 'yolo_msgs' build argument 'cmake_clean_first' from command line to 'False'
[0.375s] Level 5:colcon.colcon_core.verb:set package 'yolo_msgs' build argument 'cmake_force_configure' from command line to 'False'
[0.375s] Level 5:colcon.colcon_core.verb:set package 'yolo_msgs' build argument 'ament_cmake_args' from command line to 'None'
[0.375s] Level 5:colcon.colcon_core.verb:set package 'yolo_msgs' build argument 'catkin_cmake_args' from command line to 'None'
[0.375s] Level 5:colcon.colcon_core.verb:set package 'yolo_msgs' build argument 'catkin_skip_building_tests' from command line to 'False'
[0.375s] DEBUG:colcon.colcon_core.verb:Building package 'yolo_msgs' with the following arguments: {'ament_cmake_args': None, 'build_base': '/home/psh/Downloads/ueeejjj/team_ws/psh030917/py_bt_ros_1/build/yolo_msgs', 'catkin_cmake_args': None, 'catkin_skip_building_tests': False, 'cmake_args': None, 'cmake_clean_cache': False, 'cmake_clean_first': False, 'cmake_force_configure': False, 'cmake_target': None, 'cmake_target_skip_unavailable': False, 'install_base': '/home/psh/Downloads/ueeejjj/team_ws/psh030917/py_bt_ros_1/install/yolo_msgs', 'merge_install': False, 'path': '/home/psh/Downloads/ueeejjj/team_ws/psh030917/py_bt_ros_1/src/yolo_ros/yolo_msgs', 'symlink_install': False, 'test_result_base': None}
[0.376s] Level 5:colcon.colcon_core.verb:set package 'telegram_ros2' build argument 'cmake_args' from command line to 'None'
[0.376s] Level 5:colcon.colcon_core.verb:set package 'telegram_ros2' build argument 'cmake_target' from command line to 'None'
[0.376s] Level 5:colcon.colcon_core.verb:set package 'telegram_ros2' build argument 'cmake_target_skip_unavailable' from command line to 'False'
[0.376s] Level 5:colcon.colcon_core.verb:set package 'telegram_ros2' build argument 'cmake_clean_cache' from command line to 'False'
[0.376s] Level 5:colcon.colcon_core.verb:set package 'telegram_ros2' build argument 'cmake_clean_first' from command line to 'False'
[0.376s] Level 5:colcon.colcon_core.verb:set package 'telegram_ros2' build argument 'cmake_force_configure' from command line to 'False'
[0.376s] Level 5:colcon.colcon_core.verb:set package 'telegram_ros2' build argument 'ament_cmake_args' from command line to 'None'
[0.376s] Level 5:colcon.colcon_core.verb:set package 'telegram_ros2' build argument 'catkin_cmake_args' from command line to 'None'
[0.376s] Level 5:colcon.colcon_core.verb:set package 'telegram_ros2' build argument 'catkin_skip_building_tests' from command line to 'False'
[0.376s] DEBUG:colcon.colcon_core.verb:Building package 'telegram_ros2' with the following arguments: {'ament_cmake_args': None, 'build_base': '/home/psh/Downloads/ueeejjj/team_ws/psh030917/py_bt_ros_1/build/telegram_ros2', 'catkin_cmake_args': None, 'catkin_skip_building_tests': False, 'cmake_args': None, 'cmake_clean_cache': False, 'cmake_clean_first': False, 'cmake_force_configure': False, 'cmake_target': None, 'cmake_target_skip_unavailable': False, 'install_base': '/home/psh/Downloads/ueeejjj/team_ws/psh030917/py_bt_ros_1/install/telegram_ros2', 'merge_install': False, 'path': '/home/psh/Downloads/ueeejjj/team_ws/psh030917/py_bt_ros_1/src/telegram_ros2', 'symlink_install': False, 'test_result_base': None}
[0.376s] Level 5:colcon.colcon_core.verb:set package 'yolo_ros' build argument 'cmake_args' from command line to 'None'
[0.376s] Level 5:colcon.colcon_core.verb:set package 'yolo_ros' build argument 'cmake_target' from command line to 'None'
[0.376s] Level 5:colcon.colcon_core.verb:set package 'yolo_ros' build argument 'cmake_target_skip_unavailable' from command line to 'False'
[0.376s] Level 5:colcon.colcon_core.verb:set package 'yolo_ros' build argument 'cmake_clean_cache' from command line to 'False'
[0.376s] Level 5:colcon.colcon_core.verb:set package 'yolo_ros' build argument 'cmake_clean_first' from command line to 'False'
[0.376s] Level 5:colcon.colcon_core.verb:set package 'yolo_ros' build argument 'cmake_force_configure' from command line to 'False'
[0.376s] Level 5:colcon.colcon_core.verb:set package 'yolo_ros' build argument 'ament_cmake_args' from command line to 'None'
[0.376s] Level 5:colcon.colcon_core.verb:set package 'yolo_ros' build argument 'catkin_cmake_args' from command line to 'None'
[0.376s] Level 5:colcon.colcon_core.verb:set package 'yolo_ros' build argument 'catkin_skip_building_tests' from command line to 'False'
[0.376s] DEBUG:colcon.colcon_core.verb:Building package 'yolo_ros' with the following arguments: {'ament_cmake_args': None, 'build_base': '/home/psh/Downloads/ueeejjj/team_ws/psh030917/py_bt_ros_1/build/yolo_ros', 'catkin_cmake_args': None, 'catkin_skip_building_tests': False, 'cmake_args': None, 'cmake_clean_cache': False, 'cmake_clean_first': False, 'cmake_force_configure': False, 'cmake_target': None, 'cmake_target_skip_unavailable': False, 'install_base': '/home/psh/Downloads/ueeejjj/team_ws/psh030917/py_bt_ros_1/install/yolo_ros', 'merge_install': False, 'path': '/home/psh/Downloads/ueeejjj/team_ws/psh030917/py_bt_ros_1/src/yolo_ros/yolo_ros', 'symlink_install': False, 'test_result_base': None}
[0.376s] Level 5:colcon.colcon_core.verb:set package 'yolo_bringup' build argument 'cmake_args' from command line to 'None'
[0.376s] Level 5:colcon.colcon_core.verb:set package 'yolo_bringup' build argument 'cmake_target' from command line to 'None'
[0.376s] Level 5:colcon.colcon_core.verb:set package 'yolo_bringup' build argument 'cmake_target_skip_unavailable' from command line to 'False'
[0.376s] Level 5:colcon.colcon_core.verb:set package 'yolo_bringup' build argument 'cmake_clean_cache' from command line to 'False'
[0.376s] Level 5:colcon.colcon_core.verb:set package 'yolo_bringup' build argument 'cmake_clean_first' from command line to 'False'
[0.376s] Level 5:colcon.colcon_core.verb:set package 'yolo_bringup' build argument 'cmake_force_configure' from command line to 'False'
[0.376s] Level 5:colcon.colcon_core.verb:set package 'yolo_bringup' build argument 'ament_cmake_args' from command line to 'None'
[0.376s] Level 5:colcon.colcon_core.verb:set package 'yolo_bringup' build argument 'catkin_cmake_args' from command line to 'None'
[0.376s] Level 5:colcon.colcon_core.verb:set package 'yolo_bringup' build argument 'catkin_skip_building_tests' from command line to 'False'
[0.376s] DEBUG:colcon.colcon_core.verb:Building package 'yolo_bringup' with the following arguments: {'ament_cmake_args': None, 'build_base': '/home/psh/Downloads/ueeejjj/team_ws/psh030917/py_bt_ros_1/build/yolo_bringup', 'catkin_cmake_args': None, 'catkin_skip_building_tests': False, 'cmake_args': None, 'cmake_clean_cache': False, 'cmake_clean_first': False, 'cmake_force_configure': False, 'cmake_target': None, 'cmake_target_skip_unavailable': False, 'install_base': '/home/psh/Downloads/ueeejjj/team_ws/psh030917/py_bt_ros_1/install/yolo_bringup', 'merge_install': False, 'path': '/home/psh/Downloads/ueeejjj/team_ws/psh030917/py_bt_ros_1/src/yolo_ros/yolo_bringup', 'symlink_install': False, 'test_result_base': None}
[0.376s] INFO:colcon.colcon_core.executor:Executing jobs using 'parallel' executor
[0.377s] DEBUG:colcon.colcon_parallel_executor.executor.parallel:run_until_complete
[0.378s] INFO:colcon.colcon_ros.task.ament_cmake.build:Building ROS package in '/home/psh/Downloads/ueeejjj/team_ws/psh030917/py_bt_ros_1/src/yolo_ros/yolo_msgs' with build type 'ament_cmake'
[0.378s] INFO:colcon.colcon_cmake.task.cmake.build:Building CMake package in '/home/psh/Downloads/ueeejjj/team_ws/psh030917/py_bt_ros_1/src/yolo_ros/yolo_msgs'
[0.379s] INFO:colcon.colcon_core.plugin_system:Skipping extension 'colcon_core.shell.bat': Not used on non-Windows systems
[0.379s] INFO:colcon.colcon_core.shell:Skip shell extension 'powershell' for command environment: Not usable outside of PowerShell
[0.379s] DEBUG:colcon.colcon_core.shell:Skip shell extension 'dsv' for command environment
[0.381s] INFO:colcon.colcon_ros.task.ament_cmake.build:Building ROS package in '/home/psh/Downloads/ueeejjj/team_ws/psh030917/py_bt_ros_1/src/instant_messaging_interfaces' with build type 'ament_cmake'
[0.381s] INFO:colcon.colcon_cmake.task.cmake.build:Building CMake package in '/home/psh/Downloads/ueeejjj/team_ws/psh030917/py_bt_ros_1/src/instant_messaging_interfaces'
[0.381s] INFO:colcon.colcon_core.shell:Skip shell extension 'powershell' for command environment: Not usable outside of PowerShell
[0.381s] DEBUG:colcon.colcon_core.shell:Skip shell extension 'dsv' for command environment
[0.383s] INFO:colcon.colcon_ros.task.ament_python.build:Building ROS package in '/home/psh/Downloads/ueeejjj/team_ws/psh030917/py_bt_ros_1/src/limo_fire_py' with build type 'ament_python'
[0.383s] Level 1:colcon.colcon_core.shell:create_environment_hook('limo_fire_py', 'ament_prefix_path')
[0.383s] INFO:colcon.colcon_core.shell:Creating environment hook '/home/psh/Downloads/ueeejjj/team_ws/psh030917/py_bt_ros_1/install/limo_fire_py/share/limo_fire_py/hook/ament_prefix_path.ps1'
[0.384s] INFO:colcon.colcon_core.shell:Creating environment descriptor '/home/psh/Downloads/ueeejjj/team_ws/psh030917/py_bt_ros_1/install/limo_fire_py/share/limo_fire_py/hook/ament_prefix_path.dsv'
[0.384s] INFO:colcon.colcon_core.shell:Creating environment hook '/home/psh/Downloads/ueeejjj/team_ws/psh030917/py_bt_ros_1/install/limo_fire_py/share/limo_fire_py/hook/ament_prefix_path.sh'
[0.384s] INFO:colcon.colcon_core.shell:Skip shell extension 'powershell' for command environment: Not usable outside of PowerShell
[0.384s] DEBUG:colcon.colcon_core.shell:Skip shell extension 'dsv' for command environment
[0.386s] INFO:colcon.colcon_core.task.python.build:Building Python package in '/home/psh/Downloads/ueeejjj/team_ws/psh030917/py_bt_ros_1/src/limo_night_patrol'
[0.386s] INFO:colcon.colcon_core.shell:Skip shell extension 'powershell' for command environment: Not usable outside of PowerShell
[0.386s] DEBUG:colcon.colcon_core.shell:Skip shell extension 'dsv' for command environment
[0.392s] DEBUG:colcon.colcon_core.event_handler.log_command:Invoking command in '/home/psh/Downloads/ueeejjj/team_ws/psh030917/py_bt_ros_1/build/yolo_msgs': CMAKE_PREFIX_PATH=${CMAKE_PREFIX_PATH}:/opt/ros/humble /usr/bin/cmake --build /home/psh/Downloads/ueeejjj/team_ws/psh030917/py_bt_ros_1/build/yolo_msgs -- -j22 -l22
[0.393s] DEBUG:colcon.colcon_core.event_handler.log_command:Invoking command in '/home/psh/Downloads/ueeejjj/team_ws/psh030917/py_bt_ros_1/build/instant_messaging_interfaces': CMAKE_PREFIX_PATH=${CMAKE_PREFIX_PATH}:/opt/ros/humble /usr/bin/cmake --build /home/psh/Downloads/ueeejjj/team_ws/psh030917/py_bt_ros_1/build/instant_messaging_interfaces -- -j22 -l22
[0.536s] INFO:colcon.colcon_core.task.python.build:Building Python package in '/home/psh/Downloads/ueeejjj/team_ws/psh030917/py_bt_ros_1/src/limo_fire_py'
[0.536s] INFO:colcon.colcon_core.shell:Skip shell extension 'powershell' for command environment: Not usable outside of PowerShell
[0.536s] DEBUG:colcon.colcon_core.shell:Skip shell extension 'dsv' for command environment
[0.541s] Level 1:colcon.colcon_core.environment:create_environment_scripts_only(yolo_msgs)
[0.542s] DEBUG:colcon.colcon_core.event_handler.log_command:Invoked command in '/home/psh/Downloads/ueeejjj/team_ws/psh030917/py_bt_ros_1/build/yolo_msgs' returned '2': CMAKE_PREFIX_PATH=${CMAKE_PREFIX_PATH}:/opt/ros/humble /usr/bin/cmake --build /home/psh/Downloads/ueeejjj/team_ws/psh030917/py_bt_ros_1/build/yolo_msgs -- -j22 -l22
[0.543s] Level 1:colcon.colcon_core.environment:checking '/home/psh/Downloads/ueeejjj/team_ws/psh030917/py_bt_ros_1/install/yolo_msgs' for CMake module files
[0.543s] Level 1:colcon.colcon_core.environment:checking '/home/psh/Downloads/ueeejjj/team_ws/psh030917/py_bt_ros_1/install/yolo_msgs' for CMake config files
[0.543s] Level 1:colcon.colcon_core.shell:create_environment_hook('yolo_msgs', 'cmake_prefix_path')
[0.543s] INFO:colcon.colcon_core.shell:Creating environment hook '/home/psh/Downloads/ueeejjj/team_ws/psh030917/py_bt_ros_1/install/yolo_msgs/share/yolo_msgs/hook/cmake_prefix_path.ps1'
[0.544s] INFO:colcon.colcon_core.shell:Creating environment descriptor '/home/psh/Downloads/ueeejjj/team_ws/psh030917/py_bt_ros_1/install/yolo_msgs/share/yolo_msgs/hook/cmake_prefix_path.dsv'
[0.544s] INFO:colcon.colcon_core.shell:Creating environment hook '/home/psh/Downloads/ueeejjj/team_ws/psh030917/py_bt_ros_1/install/yolo_msgs/share/yolo_msgs/hook/cmake_prefix_path.sh'
[0.544s] Level 1:colcon.colcon_core.environment:checking '/home/psh/Downloads/ueeejjj/team_ws/psh030917/py_bt_ros_1/install/yolo_msgs/lib'
[0.544s] Level 1:colcon.colcon_core.shell:create_environment_hook('yolo_msgs', 'ld_library_path_lib')
[0.545s] INFO:colcon.colcon_core.shell:Creating environment hook '/home/psh/Downloads/ueeejjj/team_ws/psh030917/py_bt_ros_1/install/yolo_msgs/share/yolo_msgs/hook/ld_library_path_lib.ps1'
[0.545s] INFO:colcon.colcon_core.shell:Creating environment descriptor '/home/psh/Downloads/ueeejjj/team_ws/psh030917/py_bt_ros_1/install/yolo_msgs/share/yolo_msgs/hook/ld_library_path_lib.dsv'
[0.545s] INFO:colcon.colcon_core.shell:Creating environment hook '/home/psh/Downloads/ueeejjj/team_ws/psh030917/py_bt_ros_1/install/yolo_msgs/share/yolo_msgs/hook/ld_library_path_lib.sh'
[0.545s] Level 1:colcon.colcon_core.environment:checking '/home/psh/Downloads/ueeejjj/team_ws/psh030917/py_bt_ros_1/install/yolo_msgs/bin'
[0.545s] Level 1:colcon.colcon_core.environment:checking '/home/psh/Downloads/ueeejjj/team_ws/psh030917/py_bt_ros_1/install/yolo_msgs/lib/pkgconfig/yolo_msgs.pc'
[0.545s] Level 1:colcon.colcon_core.environment:checking '/home/psh/Downloads/ueeejjj/team_ws/psh030917/py_bt_ros_1/install/yolo_msgs/lib/python3.10/site-packages'
[0.545s] Level 1:colcon.colcon_core.environment:checking '/home/psh/Downloads/ueeejjj/team_ws/psh030917/py_bt_ros_1/install/yolo_msgs/bin'
[0.546s] INFO:colcon.colcon_core.shell:Creating package script '/home/psh/Downloads/ueeejjj/team_ws/psh030917/py_bt_ros_1/install/yolo_msgs/share/yolo_msgs/package.ps1'
[0.546s] INFO:colcon.colcon_core.shell:Creating package descriptor '/home/psh/Downloads/ueeejjj/team_ws/psh030917/py_bt_ros_1/install/yolo_msgs/share/yolo_msgs/package.dsv'
[0.546s] INFO:colcon.colcon_core.shell:Creating package script '/home/psh/Downloads/ueeejjj/team_ws/psh030917/py_bt_ros_1/install/yolo_msgs/share/yolo_msgs/package.sh'
[0.547s] INFO:colcon.colcon_core.shell:Creating package script '/home/psh/Downloads/ueeejjj/team_ws/psh030917/py_bt_ros_1/install/yolo_msgs/share/yolo_msgs/package.bash'
[0.547s] INFO:colcon.colcon_core.shell:Creating package script '/home/psh/Downloads/ueeejjj/team_ws/psh030917/py_bt_ros_1/install/yolo_msgs/share/yolo_msgs/package.zsh'
[0.548s] Level 1:colcon.colcon_core.environment:create_file_with_runtime_dependencies(/home/psh/Downloads/ueeejjj/team_ws/psh030917/py_bt_ros_1/install/yolo_msgs/share/colcon-core/packages/yolo_msgs)
[0.548s] Level 1:colcon.colcon_core.environment:create_environment_scripts_only(instant_messaging_interfaces)
[0.548s] Level 1:colcon.colcon_core.environment:checking '/home/psh/Downloads/ueeejjj/team_ws/psh030917/py_bt_ros_1/install/instant_messaging_interfaces' for CMake module files
[0.549s] Level 1:colcon.colcon_core.environment:checking '/home/psh/Downloads/ueeejjj/team_ws/psh030917/py_bt_ros_1/install/instant_messaging_interfaces' for CMake config files
[0.549s] DEBUG:colcon.colcon_core.event_handler.log_command:Invoked command in '/home/psh/Downloads/ueeejjj/team_ws/psh030917/py_bt_ros_1/build/instant_messaging_interfaces' returned '2': CMAKE_PREFIX_PATH=${CMAKE_PREFIX_PATH}:/opt/ros/humble /usr/bin/cmake --build /home/psh/Downloads/ueeejjj/team_ws/psh030917/py_bt_ros_1/build/instant_messaging_interfaces -- -j22 -l22
[0.549s] Level 1:colcon.colcon_core.shell:create_environment_hook('instant_messaging_interfaces', 'cmake_prefix_path')
[0.549s] INFO:colcon.colcon_core.shell:Creating environment hook '/home/psh/Downloads/ueeejjj/team_ws/psh030917/py_bt_ros_1/install/instant_messaging_interfaces/share/instant_messaging_interfaces/hook/cmake_prefix_path.ps1'
[0.549s] INFO:colcon.colcon_core.shell:Creating environment descriptor '/home/psh/Downloads/ueeejjj/team_ws/psh030917/py_bt_ros_1/install/instant_messaging_interfaces/share/instant_messaging_interfaces/hook/cmake_prefix_path.dsv'
[0.550s] INFO:colcon.colcon_core.shell:Creating environment hook '/home/psh/Downloads/ueeejjj/team_ws/psh030917/py_bt_ros_1/install/instant_messaging_interfaces/share/instant_messaging_interfaces/hook/cmake_prefix_path.sh'
[0.550s] Level 1:colcon.colcon_core.environment:checking '/home/psh/Downloads/ueeejjj/team_ws/psh030917/py_bt_ros_1/install/instant_messaging_interfaces/lib'
[0.550s] Level 1:colcon.colcon_core.shell:create_environment_hook('instant_messaging_interfaces', 'ld_library_path_lib')
[0.550s] INFO:colcon.colcon_core.shell:Creating environment hook '/home/psh/Downloads/ueeejjj/team_ws/psh030917/py_bt_ros_1/install/instant_messaging_interfaces/share/instant_messaging_interfaces/hook/ld_library_path_lib.ps1'
[0.550s] INFO:colcon.colcon_core.shell:Creating environment descriptor '/home/psh/Downloads/ueeejjj/team_ws/psh030917/py_bt_ros_1/install/instant_messaging_interfaces/share/instant_messaging_interfaces/hook/ld_library_path_lib.dsv'
[0.551s] INFO:colcon.colcon_core.shell:Creating environment hook '/home/psh/Downloads/ueeejjj/team_ws/psh030917/py_bt_ros_1/install/instant_messaging_interfaces/share/instant_messaging_interfaces/hook/ld_library_path_lib.sh'
[0.551s] Level 1:colcon.colcon_core.environment:checking '/home/psh/Downloads/ueeejjj/team_ws/psh030917/py_bt_ros_1/install/instant_messaging_interfaces/bin'
[0.551s] Level 1:colcon.colcon_core.environment:checking '/home/psh/Downloads/ueeejjj/team_ws/psh030917/py_bt_ros_1/install/instant_messaging_interfaces/lib/pkgconfig/instant_messaging_interfaces.pc'
[0.551s] Level 1:colcon.colcon_core.environment:checking '/home/psh/Downloads/ueeejjj/team_ws/psh030917/py_bt_ros_1/install/instant_messaging_interfaces/lib/python3.10/site-packages'
[0.551s] Level 1:colcon.colcon_core.environment:checking '/home/psh/Downloads/ueeejjj/team_ws/psh030917/py_bt_ros_1/install/instant_messaging_interfaces/bin'
[0.551s] INFO:colcon.colcon_core.shell:Creating package script '/home/psh/Downloads/ueeejjj/team_ws/psh030917/py_bt_ros_1/install/instant_messaging_interfaces/share/instant_messaging_interfaces/package.ps1'
[0.551s] INFO:colcon.colcon_core.shell:Creating package descriptor '/home/psh/Downloads/ueeejjj/team_ws/psh030917/py_bt_ros_1/install/instant_messaging_interfaces/share/instant_messaging_interfaces/package.dsv'
[0.552s] INFO:colcon.colcon_core.shell:Creating package script '/home/psh/Downloads/ueeejjj/team_ws/psh030917/py_bt_ros_1/install/instant_messaging_interfaces/share/instant_messaging_interfaces/package.sh'
[0.552s] INFO:colcon.colcon_core.shell:Creating package script '/home/psh/Downloads/ueeejjj/team_ws/psh030917/py_bt_ros_1/install/instant_messaging_interfaces/share/instant_messaging_interfaces/package.bash'
[0.552s] INFO:colcon.colcon_core.shell:Creating package script '/home/psh/Downloads/ueeejjj/team_ws/psh030917/py_bt_ros_1/install/instant_messaging_interfaces/share/instant_messaging_interfaces/package.zsh'
[0.552s] Level 1:colcon.colcon_core.environment:create_file_with_runtime_dependencies(/home/psh/Downloads/ueeejjj/team_ws/psh030917/py_bt_ros_1/install/instant_messaging_interfaces/share/colcon-core/packages/instant_messaging_interfaces)
[0.709s] DEBUG:colcon.colcon_parallel_executor.executor.parallel:closing loop
[0.709s] DEBUG:colcon.colcon_parallel_executor.executor.parallel:loop closed
[0.709s] DEBUG:colcon.colcon_parallel_executor.executor.parallel:run_until_complete finished with '2'
[0.709s] DEBUG:colcon.colcon_core.event_reactor:joining thread
[0.714s] INFO:colcon.colcon_core.plugin_system:Skipping extension 'colcon_notification.desktop_notification.terminal_notifier': Not used on non-Darwin systems
[0.715s] INFO:colcon.colcon_core.plugin_system:Skipping extension 'colcon_notification.desktop_notification.win32': Not used on non-Windows systems
[0.715s] INFO:colcon.colcon_notification.desktop_notification:Sending desktop notification using 'notify2'
[0.723s] DEBUG:colcon.colcon_core.event_reactor:joined thread
[0.723s] INFO:colcon.colcon_core.shell:Creating prefix script '/home/psh/Downloads/ueeejjj/team_ws/psh030917/py_bt_ros_1/install/local_setup.ps1'
[0.723s] INFO:colcon.colcon_core.shell:Creating prefix util module '/home/psh/Downloads/ueeejjj/team_ws/psh030917/py_bt_ros_1/install/_local_setup_util_ps1.py'
[0.724s] INFO:colcon.colcon_core.shell:Creating prefix chain script '/home/psh/Downloads/ueeejjj/team_ws/psh030917/py_bt_ros_1/install/setup.ps1'
[0.725s] INFO:colcon.colcon_core.shell:Creating prefix script '/home/psh/Downloads/ueeejjj/team_ws/psh030917/py_bt_ros_1/install/local_setup.sh'
[0.725s] INFO:colcon.colcon_core.shell:Creating prefix util module '/home/psh/Downloads/ueeejjj/team_ws/psh030917/py_bt_ros_1/install/_local_setup_util_sh.py'
[0.726s] INFO:colcon.colcon_core.shell:Creating prefix chain script '/home/psh/Downloads/ueeejjj/team_ws/psh030917/py_bt_ros_1/install/setup.sh'
[0.726s] INFO:colcon.colcon_core.shell:Creating prefix script '/home/psh/Downloads/ueeejjj/team_ws/psh030917/py_bt_ros_1/install/local_setup.bash'
[0.727s] INFO:colcon.colcon_core.shell:Creating prefix chain script '/home/psh/Downloads/ueeejjj/team_ws/psh030917/py_bt_ros_1/install/setup.bash'
[0.727s] INFO:colcon.colcon_core.shell:Creating prefix script '/home/psh/Downloads/ueeejjj/team_ws/psh030917/py_bt_ros_1/install/local_setup.zsh'
[0.727s] INFO:colcon.colcon_core.shell:Creating prefix chain script '/home/psh/Downloads/ueeejjj/team_ws/psh030917/py_bt_ros_1/install/setup.zsh'
