[0.045s] Invoking command in '/home/wego/team_ws/psh030917/py_bt_ros_1/build/instant_messaging_interfaces': CMAKE_PREFIX_PATH=/opt/ros/humble /usr/bin/cmake /home/wego/team_ws/psh030917/py_bt_ros_1/src/instant_messaging_interfaces -DCMAKE_INSTALL_PREFIX=/home/wego/team_ws/psh030917/py_bt_ros_1/install/instant_messaging_interfaces
[0.844s] -- The C compiler identification is GNU 11.4.0
[0.844s] -- The CXX compiler identification is GNU 11.4.0
[0.845s] -- Detecting C compiler ABI info
[0.845s] -- Detecting C compiler ABI info - done
[0.845s] -- Check for working C compiler: /usr/bin/cc - skipped
[0.845s] -- Detecting C compile features
[0.845s] -- Detecting C compile features - done
[0.845s] -- Detecting CXX compiler ABI info
[0.941s] -- Detecting CXX compiler ABI info - done
[0.954s] -- Check for working CXX compiler: /usr/bin/c++ - skipped
[0.954s] -- Detecting CXX compile features
[0.955s] -- Detecting CXX compile features - done
[0.969s] -- Found ament_cmake: 1.3.12 (/opt/ros/humble/share/ament_cmake/cmake)
[1.351s] -- Found Python3: /usr/bin/python3 (found version "3.10.12") found components: Interpreter 
[1.601s] -- Found rosidl_default_generators: 1.2.0 (/opt/ros/humble/share/rosidl_default_generators/cmake)
[1.618s] -- Using all available rosidl_typesupport_c: rosidl_typesupport_fastrtps_c;rosidl_typesupport_introspection_c
[1.647s] -- Found rosidl_adapter: 3.1.7 (/opt/ros/humble/share/rosidl_adapter/cmake)
[1.827s] -- Using all available rosidl_typesupport_cpp: rosidl_typesupport_fastrtps_cpp;rosidl_typesupport_introspection_cpp
[2.895s] -- Found ament_cmake_ros: 0.10.0 (/opt/ros/humble/share/ament_cmake_ros/cmake)
[3.476s] -- Using all available rosidl_typesupport_c: rosidl_typesupport_fastrtps_c;rosidl_typesupport_introspection_c
[4.181s] -- Using all available rosidl_typesupport_cpp: rosidl_typesupport_fastrtps_cpp;rosidl_typesupport_introspection_cpp
[4.248s] -- Found PythonInterp: /usr/bin/python3 (found suitable version "3.10.12", minimum required is "3.6") 
[4.256s] -- Found python_cmake_module: 0.10.0 (/opt/ros/humble/share/python_cmake_module/cmake)
[4.334s] -- Found PythonLibs: /usr/lib/aarch64-linux-gnu/libpython3.10.so (found suitable version "3.10.12", minimum required is "3.5") 
[4.334s] -- Using PYTHON_EXECUTABLE: /usr/bin/python3
[4.334s] -- Using PYTHON_INCLUDE_DIRS: /usr/include/python3.10
[4.335s] -- Using PYTHON_LIBRARIES: /usr/lib/aarch64-linux-gnu/libpython3.10.so
[4.397s] -- Found PythonExtra: .so  
[4.479s] -- Found ament_lint_auto: 0.12.14 (/opt/ros/humble/share/ament_lint_auto/cmake)
[4.569s] -- Added test 'lint_cmake' to check CMake code style
[4.580s] -- Added test 'xmllint' to check XML markup files
[4.589s] -- Configuring done
[4.682s] -- Generating done
[4.714s] -- Build files have been written to: /home/wego/team_ws/psh030917/py_bt_ros_1/build/instant_messaging_interfaces
[4.736s] Invoked command in '/home/wego/team_ws/psh030917/py_bt_ros_1/build/instant_messaging_interfaces' returned '0': CMAKE_PREFIX_PATH=/opt/ros/humble /usr/bin/cmake /home/wego/team_ws/psh030917/py_bt_ros_1/src/instant_messaging_interfaces -DCMAKE_INSTALL_PREFIX=/home/wego/team_ws/psh030917/py_bt_ros_1/install/instant_messaging_interfaces
[4.741s] Invoking command in '/home/wego/team_ws/psh030917/py_bt_ros_1/build/instant_messaging_interfaces': CMAKE_PREFIX_PATH=/opt/ros/humble /usr/bin/cmake --build /home/wego/team_ws/psh030917/py_bt_ros_1/build/instant_messaging_interfaces -- -j6 -l6
[4.882s] [  3%] [34m[1mGenerating C code for ROS interfaces[0m
[4.909s] [  6%] [34m[1mGenerating C++ code for ROS interfaces[0m
[4.921s] [  6%] Built target ament_cmake_python_copy_instant_messaging_interfaces
[5.605s] [  6%] Built target instant_messaging_interfaces__cpp
[5.644s] [  9%] [34m[1mGenerating C++ introspection for ROS interfaces[0m
[5.645s] running egg_info
[5.646s] creating instant_messaging_interfaces.egg-info
[5.647s] writing instant_messaging_interfaces.egg-info/PKG-INFO
[5.647s] writing dependency_links to instant_messaging_interfaces.egg-info/dependency_links.txt
[5.648s] writing top-level names to instant_messaging_interfaces.egg-info/top_level.txt
[5.651s] writing manifest file 'instant_messaging_interfaces.egg-info/SOURCES.txt'
[5.655s] [ 12%] [34m[1mGenerating C++ type support dispatch for ROS interfaces[0m
[5.659s] reading manifest file 'instant_messaging_interfaces.egg-info/SOURCES.txt'
[5.659s] writing manifest file 'instant_messaging_interfaces.egg-info/SOURCES.txt'
[5.676s] [ 16%] [34m[1mGenerating C++ type support for eProsima Fast-RTPS[0m
[5.758s] [ 16%] Built target ament_cmake_python_build_instant_messaging_interfaces_egg
[5.919s] [ 19%] [32mBuilding C object CMakeFiles/instant_messaging_interfaces__rosidl_generator_c.dir/rosidl_generator_c/instant_messaging_interfaces/msg/detail/options__functions.c.o[0m
[6.248s] [ 22%] [32m[1mLinking C shared library libinstant_messaging_interfaces__rosidl_generator_c.so[0m
[6.431s] [ 25%] [32mBuilding CXX object CMakeFiles/instant_messaging_interfaces__rosidl_typesupport_cpp.dir/rosidl_typesupport_cpp/instant_messaging_interfaces/msg/options__type_support.cpp.o[0m
[6.433s] [ 29%] [32mBuilding CXX object CMakeFiles/instant_messaging_interfaces__rosidl_typesupport_introspection_cpp.dir/rosidl_typesupport_introspection_cpp/instant_messaging_interfaces/msg/detail/options__type_support.cpp.o[0m
[6.499s] [ 29%] Built target instant_messaging_interfaces__rosidl_generator_c
[6.535s] [ 32%] [34m[1mGenerating C type support for eProsima Fast-RTPS[0m
[6.550s] [ 35%] [34m[1mGenerating C type support dispatch for ROS interfaces[0m
[6.571s] [ 38%] [34m[1mGenerating C introspection for ROS interfaces[0m
[7.207s] [ 41%] [32mBuilding CXX object CMakeFiles/instant_messaging_interfaces__rosidl_typesupport_fastrtps_cpp.dir/rosidl_typesupport_fastrtps_cpp/instant_messaging_interfaces/msg/detail/dds_fastrtps/options__type_support.cpp.o[0m
[7.523s] [ 45%] [32mBuilding C object CMakeFiles/instant_messaging_interfaces__rosidl_typesupport_introspection_c.dir/rosidl_typesupport_introspection_c/instant_messaging_interfaces/msg/detail/options__type_support.c.o[0m
[7.558s] [ 48%] [32mBuilding CXX object CMakeFiles/instant_messaging_interfaces__rosidl_typesupport_c.dir/rosidl_typesupport_c/instant_messaging_interfaces/msg/options__type_support.cpp.o[0m
[7.650s] [ 51%] [32m[1mLinking CXX shared library libinstant_messaging_interfaces__rosidl_typesupport_c.so[0m
[7.650s] [ 54%] [32m[1mLinking CXX shared library libinstant_messaging_interfaces__rosidl_typesupport_cpp.so[0m
[7.777s] [ 58%] [32m[1mLinking C shared library libinstant_messaging_interfaces__rosidl_typesupport_introspection_c.so[0m
[7.779s] [ 58%] Built target instant_messaging_interfaces__rosidl_typesupport_c
[7.800s] [ 61%] [32mBuilding CXX object CMakeFiles/instant_messaging_interfaces__rosidl_typesupport_fastrtps_c.dir/rosidl_typesupport_fastrtps_c/instant_messaging_interfaces/msg/detail/options__type_support_c.cpp.o[0m
[7.821s] [ 61%] Built target instant_messaging_interfaces__rosidl_typesupport_cpp
[7.934s] [ 61%] Built target instant_messaging_interfaces__rosidl_typesupport_introspection_c
[8.310s] [ 64%] [32m[1mLinking CXX shared library libinstant_messaging_interfaces__rosidl_typesupport_introspection_cpp.so[0m
[8.571s] [ 64%] Built target instant_messaging_interfaces__rosidl_typesupport_introspection_cpp
[8.652s] [ 67%] [32m[1mLinking CXX shared library libinstant_messaging_interfaces__rosidl_typesupport_fastrtps_c.so[0m
[8.855s] [ 67%] Built target instant_messaging_interfaces__rosidl_typesupport_fastrtps_c
[8.901s] [ 70%] [32m[1mLinking CXX shared library libinstant_messaging_interfaces__rosidl_typesupport_fastrtps_cpp.so[0m
[9.062s] [ 70%] Built target instant_messaging_interfaces__rosidl_typesupport_fastrtps_cpp
[9.107s] [ 70%] Built target instant_messaging_interfaces
[9.157s] [ 74%] [34m[1mGenerating Python code for ROS interfaces[0m
[9.919s] [ 74%] Built target instant_messaging_interfaces__py
[10.002s] [ 77%] [32mBuilding C object CMakeFiles/instant_messaging_interfaces__rosidl_generator_py.dir/rosidl_generator_py/instant_messaging_interfaces/msg/_options_s.c.o[0m
[10.461s] [ 80%] [32m[1mLinking C shared library rosidl_generator_py/instant_messaging_interfaces/libinstant_messaging_interfaces__rosidl_generator_py.so[0m
[10.606s] [ 80%] Built target instant_messaging_interfaces__rosidl_generator_py
[10.719s] [ 83%] [32mBuilding C object CMakeFiles/instant_messaging_interfaces__rosidl_typesupport_fastrtps_c__pyext.dir/rosidl_generator_py/instant_messaging_interfaces/_instant_messaging_interfaces_s.ep.rosidl_typesupport_fastrtps_c.c.o[0m
[10.721s] [ 87%] [32mBuilding C object CMakeFiles/instant_messaging_interfaces__rosidl_typesupport_c__pyext.dir/rosidl_generator_py/instant_messaging_interfaces/_instant_messaging_interfaces_s.ep.rosidl_typesupport_c.c.o[0m
[10.747s] [ 90%] [32mBuilding C object CMakeFiles/instant_messaging_interfaces__rosidl_typesupport_introspection_c__pyext.dir/rosidl_generator_py/instant_messaging_interfaces/_instant_messaging_interfaces_s.ep.rosidl_typesupport_introspection_c.c.o[0m
[11.064s] [ 93%] [32m[1mLinking C shared library rosidl_generator_py/instant_messaging_interfaces/instant_messaging_interfaces_s__rosidl_typesupport_introspection_c.cpython-310-aarch64-linux-gnu.so[0m
[11.153s] [ 96%] [32m[1mLinking C shared library rosidl_generator_py/instant_messaging_interfaces/instant_messaging_interfaces_s__rosidl_typesupport_c.cpython-310-aarch64-linux-gnu.so[0m
[11.159s] [100%] [32m[1mLinking C shared library rosidl_generator_py/instant_messaging_interfaces/instant_messaging_interfaces_s__rosidl_typesupport_fastrtps_c.cpython-310-aarch64-linux-gnu.so[0m
[11.233s] [100%] Built target instant_messaging_interfaces__rosidl_typesupport_introspection_c__pyext
[11.258s] [100%] Built target instant_messaging_interfaces__rosidl_typesupport_fastrtps_c__pyext
[11.270s] [100%] Built target instant_messaging_interfaces__rosidl_typesupport_c__pyext
[11.312s] Invoked command in '/home/wego/team_ws/psh030917/py_bt_ros_1/build/instant_messaging_interfaces' returned '0': CMAKE_PREFIX_PATH=/opt/ros/humble /usr/bin/cmake --build /home/wego/team_ws/psh030917/py_bt_ros_1/build/instant_messaging_interfaces -- -j6 -l6
[11.348s] Invoking command in '/home/wego/team_ws/psh030917/py_bt_ros_1/build/instant_messaging_interfaces': CMAKE_PREFIX_PATH=/opt/ros/humble /usr/bin/cmake --install /home/wego/team_ws/psh030917/py_bt_ros_1/build/instant_messaging_interfaces
[11.383s] -- Install configuration: ""
[11.383s] -- Installing: /home/wego/team_ws/psh030917/py_bt_ros_1/install/instant_messaging_interfaces/share/ament_index/resource_index/rosidl_interfaces/instant_messaging_interfaces
[11.384s] -- Installing: /home/wego/team_ws/psh030917/py_bt_ros_1/install/instant_messaging_interfaces/include/instant_messaging_interfaces/instant_messaging_interfaces
[11.384s] -- Installing: /home/wego/team_ws/psh030917/py_bt_ros_1/install/instant_messaging_interfaces/include/instant_messaging_interfaces/instant_messaging_interfaces/msg
[11.384s] -- Installing: /home/wego/team_ws/psh030917/py_bt_ros_1/install/instant_messaging_interfaces/include/instant_messaging_interfaces/instant_messaging_interfaces/msg/rosidl_generator_c__visibility_control.h
[11.384s] -- Installing: /home/wego/team_ws/psh030917/py_bt_ros_1/install/instant_messaging_interfaces/include/instant_messaging_interfaces/instant_messaging_interfaces/msg/detail
[11.397s] -- Installing: /home/wego/team_ws/psh030917/py_bt_ros_1/install/instant_messaging_interfaces/include/instant_messaging_interfaces/instant_messaging_interfaces/msg/detail/options__functions.c
[11.397s] -- Installing: /home/wego/team_ws/psh030917/py_bt_ros_1/install/instant_messaging_interfaces/include/instant_messaging_interfaces/instant_messaging_interfaces/msg/detail/options__functions.h
[11.397s] -- Installing: /home/wego/team_ws/psh030917/py_bt_ros_1/install/instant_messaging_interfaces/include/instant_messaging_interfaces/instant_messaging_interfaces/msg/detail/options__type_support.h
[11.398s] -- Installing: /home/wego/team_ws/psh030917/py_bt_ros_1/install/instant_messaging_interfaces/include/instant_messaging_interfaces/instant_messaging_interfaces/msg/detail/options__struct.h
[11.398s] -- Installing: /home/wego/team_ws/psh030917/py_bt_ros_1/install/instant_messaging_interfaces/include/instant_messaging_interfaces/instant_messaging_interfaces/msg/options.h
[11.398s] -- Installing: /home/wego/team_ws/psh030917/py_bt_ros_1/install/instant_messaging_interfaces/share/instant_messaging_interfaces/environment/library_path.sh
[11.399s] -- Installing: /home/wego/team_ws/psh030917/py_bt_ros_1/install/instant_messaging_interfaces/share/instant_messaging_interfaces/environment/library_path.dsv
[11.399s] -- Installing: /home/wego/team_ws/psh030917/py_bt_ros_1/install/instant_messaging_interfaces/lib/libinstant_messaging_interfaces__rosidl_generator_c.so
[11.400s] -- Set runtime path of "/home/wego/team_ws/psh030917/py_bt_ros_1/install/instant_messaging_interfaces/lib/libinstant_messaging_interfaces__rosidl_generator_c.so" to ""
[11.400s] -- Up-to-date: /home/wego/team_ws/psh030917/py_bt_ros_1/install/instant_messaging_interfaces/include/instant_messaging_interfaces/instant_messaging_interfaces
[11.400s] -- Up-to-date: /home/wego/team_ws/psh030917/py_bt_ros_1/install/instant_messaging_interfaces/include/instant_messaging_interfaces/instant_messaging_interfaces/msg
[11.400s] -- Up-to-date: /home/wego/team_ws/psh030917/py_bt_ros_1/install/instant_messaging_interfaces/include/instant_messaging_interfaces/instant_messaging_interfaces/msg/detail
[11.401s] -- Installing: /home/wego/team_ws/psh030917/py_bt_ros_1/install/instant_messaging_interfaces/include/instant_messaging_interfaces/instant_messaging_interfaces/msg/detail/options__rosidl_typesupport_fastrtps_c.h
[11.401s] -- Installing: /home/wego/team_ws/psh030917/py_bt_ros_1/install/instant_messaging_interfaces/include/instant_messaging_interfaces/instant_messaging_interfaces/msg/rosidl_typesupport_fastrtps_c__visibility_control.h
[11.401s] -- Installing: /home/wego/team_ws/psh030917/py_bt_ros_1/install/instant_messaging_interfaces/lib/libinstant_messaging_interfaces__rosidl_typesupport_fastrtps_c.so
[11.401s] -- Set runtime path of "/home/wego/team_ws/psh030917/py_bt_ros_1/install/instant_messaging_interfaces/lib/libinstant_messaging_interfaces__rosidl_typesupport_fastrtps_c.so" to ""
[11.402s] -- Up-to-date: /home/wego/team_ws/psh030917/py_bt_ros_1/install/instant_messaging_interfaces/include/instant_messaging_interfaces/instant_messaging_interfaces
[11.402s] -- Up-to-date: /home/wego/team_ws/psh030917/py_bt_ros_1/install/instant_messaging_interfaces/include/instant_messaging_interfaces/instant_messaging_interfaces/msg
[11.402s] -- Installing: /home/wego/team_ws/psh030917/py_bt_ros_1/install/instant_messaging_interfaces/include/instant_messaging_interfaces/instant_messaging_interfaces/msg/rosidl_typesupport_introspection_c__visibility_control.h
[11.402s] -- Up-to-date: /home/wego/team_ws/psh030917/py_bt_ros_1/install/instant_messaging_interfaces/include/instant_messaging_interfaces/instant_messaging_interfaces/msg/detail
[11.402s] -- Installing: /home/wego/team_ws/psh030917/py_bt_ros_1/install/instant_messaging_interfaces/include/instant_messaging_interfaces/instant_messaging_interfaces/msg/detail/options__rosidl_typesupport_introspection_c.h
[11.403s] -- Installing: /home/wego/team_ws/psh030917/py_bt_ros_1/install/instant_messaging_interfaces/include/instant_messaging_interfaces/instant_messaging_interfaces/msg/detail/options__type_support.c
[11.403s] -- Installing: /home/wego/team_ws/psh030917/py_bt_ros_1/install/instant_messaging_interfaces/lib/libinstant_messaging_interfaces__rosidl_typesupport_introspection_c.so
[11.405s] -- Set runtime path of "/home/wego/team_ws/psh030917/py_bt_ros_1/install/instant_messaging_interfaces/lib/libinstant_messaging_interfaces__rosidl_typesupport_introspection_c.so" to ""
[11.408s] -- Installing: /home/wego/team_ws/psh030917/py_bt_ros_1/install/instant_messaging_interfaces/lib/libinstant_messaging_interfaces__rosidl_typesupport_c.so
[11.408s] -- Set runtime path of "/home/wego/team_ws/psh030917/py_bt_ros_1/install/instant_messaging_interfaces/lib/libinstant_messaging_interfaces__rosidl_typesupport_c.so" to ""
[11.408s] -- Up-to-date: /home/wego/team_ws/psh030917/py_bt_ros_1/install/instant_messaging_interfaces/include/instant_messaging_interfaces/instant_messaging_interfaces
[11.409s] -- Up-to-date: /home/wego/team_ws/psh030917/py_bt_ros_1/install/instant_messaging_interfaces/include/instant_messaging_interfaces/instant_messaging_interfaces/msg
[11.409s] -- Installing: /home/wego/team_ws/psh030917/py_bt_ros_1/install/instant_messaging_interfaces/include/instant_messaging_interfaces/instant_messaging_interfaces/msg/rosidl_generator_cpp__visibility_control.hpp
[11.409s] -- Installing: /home/wego/team_ws/psh030917/py_bt_ros_1/install/instant_messaging_interfaces/include/instant_messaging_interfaces/instant_messaging_interfaces/msg/options.hpp
[11.409s] -- Up-to-date: /home/wego/team_ws/psh030917/py_bt_ros_1/install/instant_messaging_interfaces/include/instant_messaging_interfaces/instant_messaging_interfaces/msg/detail
[11.409s] -- Installing: /home/wego/team_ws/psh030917/py_bt_ros_1/install/instant_messaging_interfaces/include/instant_messaging_interfaces/instant_messaging_interfaces/msg/detail/options__type_support.hpp
[11.410s] -- Installing: /home/wego/team_ws/psh030917/py_bt_ros_1/install/instant_messaging_interfaces/include/instant_messaging_interfaces/instant_messaging_interfaces/msg/detail/options__traits.hpp
[11.410s] -- Installing: /home/wego/team_ws/psh030917/py_bt_ros_1/install/instant_messaging_interfaces/include/instant_messaging_interfaces/instant_messaging_interfaces/msg/detail/options__struct.hpp
[11.410s] -- Installing: /home/wego/team_ws/psh030917/py_bt_ros_1/install/instant_messaging_interfaces/include/instant_messaging_interfaces/instant_messaging_interfaces/msg/detail/options__builder.hpp
[11.410s] -- Up-to-date: /home/wego/team_ws/psh030917/py_bt_ros_1/install/instant_messaging_interfaces/include/instant_messaging_interfaces/instant_messaging_interfaces
[11.410s] -- Up-to-date: /home/wego/team_ws/psh030917/py_bt_ros_1/install/instant_messaging_interfaces/include/instant_messaging_interfaces/instant_messaging_interfaces/msg
[11.410s] -- Installing: /home/wego/team_ws/psh030917/py_bt_ros_1/install/instant_messaging_interfaces/include/instant_messaging_interfaces/instant_messaging_interfaces/msg/rosidl_typesupport_fastrtps_cpp__visibility_control.h
[11.411s] -- Up-to-date: /home/wego/team_ws/psh030917/py_bt_ros_1/install/instant_messaging_interfaces/include/instant_messaging_interfaces/instant_messaging_interfaces/msg/detail
[11.411s] -- Installing: /home/wego/team_ws/psh030917/py_bt_ros_1/install/instant_messaging_interfaces/include/instant_messaging_interfaces/instant_messaging_interfaces/msg/detail/options__rosidl_typesupport_fastrtps_cpp.hpp
[11.411s] -- Installing: /home/wego/team_ws/psh030917/py_bt_ros_1/install/instant_messaging_interfaces/include/instant_messaging_interfaces/instant_messaging_interfaces/msg/detail/dds_fastrtps
[11.411s] -- Installing: /home/wego/team_ws/psh030917/py_bt_ros_1/install/instant_messaging_interfaces/lib/libinstant_messaging_interfaces__rosidl_typesupport_fastrtps_cpp.so
[11.412s] -- Set runtime path of "/home/wego/team_ws/psh030917/py_bt_ros_1/install/instant_messaging_interfaces/lib/libinstant_messaging_interfaces__rosidl_typesupport_fastrtps_cpp.so" to ""
[11.412s] -- Up-to-date: /home/wego/team_ws/psh030917/py_bt_ros_1/install/instant_messaging_interfaces/include/instant_messaging_interfaces/instant_messaging_interfaces
[11.412s] -- Up-to-date: /home/wego/team_ws/psh030917/py_bt_ros_1/install/instant_messaging_interfaces/include/instant_messaging_interfaces/instant_messaging_interfaces/msg
[11.412s] -- Up-to-date: /home/wego/team_ws/psh030917/py_bt_ros_1/install/instant_messaging_interfaces/include/instant_messaging_interfaces/instant_messaging_interfaces/msg/detail
[11.413s] -- Installing: /home/wego/team_ws/psh030917/py_bt_ros_1/install/instant_messaging_interfaces/include/instant_messaging_interfaces/instant_messaging_interfaces/msg/detail/options__type_support.cpp
[11.413s] -- Installing: /home/wego/team_ws/psh030917/py_bt_ros_1/install/instant_messaging_interfaces/include/instant_messaging_interfaces/instant_messaging_interfaces/msg/detail/options__rosidl_typesupport_introspection_cpp.hpp
[11.414s] -- Installing: /home/wego/team_ws/psh030917/py_bt_ros_1/install/instant_messaging_interfaces/lib/libinstant_messaging_interfaces__rosidl_typesupport_introspection_cpp.so
[11.414s] -- Set runtime path of "/home/wego/team_ws/psh030917/py_bt_ros_1/install/instant_messaging_interfaces/lib/libinstant_messaging_interfaces__rosidl_typesupport_introspection_cpp.so" to ""
[11.415s] -- Installing: /home/wego/team_ws/psh030917/py_bt_ros_1/install/instant_messaging_interfaces/lib/libinstant_messaging_interfaces__rosidl_typesupport_cpp.so
[11.415s] -- Set runtime path of "/home/wego/team_ws/psh030917/py_bt_ros_1/install/instant_messaging_interfaces/lib/libinstant_messaging_interfaces__rosidl_typesupport_cpp.so" to ""
[11.415s] -- Installing: /home/wego/team_ws/psh030917/py_bt_ros_1/install/instant_messaging_interfaces/share/instant_messaging_interfaces/environment/pythonpath.sh
[11.416s] -- Installing: /home/wego/team_ws/psh030917/py_bt_ros_1/install/instant_messaging_interfaces/share/instant_messaging_interfaces/environment/pythonpath.dsv
[11.416s] -- Installing: /home/wego/team_ws/psh030917/py_bt_ros_1/install/instant_messaging_interfaces/local/lib/python3.10/dist-packages/instant_messaging_interfaces-0.0.0-py3.10.egg-info
[11.416s] -- Installing: /home/wego/team_ws/psh030917/py_bt_ros_1/install/instant_messaging_interfaces/local/lib/python3.10/dist-packages/instant_messaging_interfaces-0.0.0-py3.10.egg-info/SOURCES.txt
[11.416s] -- Installing: /home/wego/team_ws/psh030917/py_bt_ros_1/install/instant_messaging_interfaces/local/lib/python3.10/dist-packages/instant_messaging_interfaces-0.0.0-py3.10.egg-info/PKG-INFO
[11.417s] -- Installing: /home/wego/team_ws/psh030917/py_bt_ros_1/install/instant_messaging_interfaces/local/lib/python3.10/dist-packages/instant_messaging_interfaces-0.0.0-py3.10.egg-info/top_level.txt
[11.417s] -- Installing: /home/wego/team_ws/psh030917/py_bt_ros_1/install/instant_messaging_interfaces/local/lib/python3.10/dist-packages/instant_messaging_interfaces-0.0.0-py3.10.egg-info/dependency_links.txt
[11.418s] -- Installing: /home/wego/team_ws/psh030917/py_bt_ros_1/install/instant_messaging_interfaces/local/lib/python3.10/dist-packages/instant_messaging_interfaces
[11.418s] -- Installing: /home/wego/team_ws/psh030917/py_bt_ros_1/install/instant_messaging_interfaces/local/lib/python3.10/dist-packages/instant_messaging_interfaces/instant_messaging_interfaces_s__rosidl_typesupport_introspection_c.cpython-310-aarch64-linux-gnu.so
[11.418s] -- Installing: /home/wego/team_ws/psh030917/py_bt_ros_1/install/instant_messaging_interfaces/local/lib/python3.10/dist-packages/instant_messaging_interfaces/__init__.py
[11.418s] -- Installing: /home/wego/team_ws/psh030917/py_bt_ros_1/install/instant_messaging_interfaces/local/lib/python3.10/dist-packages/instant_messaging_interfaces/msg
[11.419s] -- Installing: /home/wego/team_ws/psh030917/py_bt_ros_1/install/instant_messaging_interfaces/local/lib/python3.10/dist-packages/instant_messaging_interfaces/msg/_options.py
[11.419s] -- Installing: /home/wego/team_ws/psh030917/py_bt_ros_1/install/instant_messaging_interfaces/local/lib/python3.10/dist-packages/instant_messaging_interfaces/msg/__init__.py
[11.420s] -- Installing: /home/wego/team_ws/psh030917/py_bt_ros_1/install/instant_messaging_interfaces/local/lib/python3.10/dist-packages/instant_messaging_interfaces/msg/_options_s.c
[11.420s] -- Installing: /home/wego/team_ws/psh030917/py_bt_ros_1/install/instant_messaging_interfaces/local/lib/python3.10/dist-packages/instant_messaging_interfaces/_instant_messaging_interfaces_s.ep.rosidl_typesupport_fastrtps_c.c
[11.420s] -- Installing: /home/wego/team_ws/psh030917/py_bt_ros_1/install/instant_messaging_interfaces/local/lib/python3.10/dist-packages/instant_messaging_interfaces/libinstant_messaging_interfaces__rosidl_generator_py.so
[11.420s] -- Installing: /home/wego/team_ws/psh030917/py_bt_ros_1/install/instant_messaging_interfaces/local/lib/python3.10/dist-packages/instant_messaging_interfaces/instant_messaging_interfaces_s__rosidl_typesupport_c.cpython-310-aarch64-linux-gnu.so
[11.423s] -- Installing: /home/wego/team_ws/psh030917/py_bt_ros_1/install/instant_messaging_interfaces/local/lib/python3.10/dist-packages/instant_messaging_interfaces/_instant_messaging_interfaces_s.ep.rosidl_typesupport_introspection_c.c
[11.424s] -- Installing: /home/wego/team_ws/psh030917/py_bt_ros_1/install/instant_messaging_interfaces/local/lib/python3.10/dist-packages/instant_messaging_interfaces/_instant_messaging_interfaces_s.ep.rosidl_typesupport_c.c
[11.424s] -- Installing: /home/wego/team_ws/psh030917/py_bt_ros_1/install/instant_messaging_interfaces/local/lib/python3.10/dist-packages/instant_messaging_interfaces/instant_messaging_interfaces_s__rosidl_typesupport_fastrtps_c.cpython-310-aarch64-linux-gnu.so
[11.522s] Listing '/home/wego/team_ws/psh030917/py_bt_ros_1/install/instant_messaging_interfaces/local/lib/python3.10/dist-packages/instant_messaging_interfaces'...
[11.522s] Compiling '/home/wego/team_ws/psh030917/py_bt_ros_1/install/instant_messaging_interfaces/local/lib/python3.10/dist-packages/instant_messaging_interfaces/__init__.py'...
[11.522s] Listing '/home/wego/team_ws/psh030917/py_bt_ros_1/install/instant_messaging_interfaces/local/lib/python3.10/dist-packages/instant_messaging_interfaces/msg'...
[11.522s] Compiling '/home/wego/team_ws/psh030917/py_bt_ros_1/install/instant_messaging_interfaces/local/lib/python3.10/dist-packages/instant_messaging_interfaces/msg/__init__.py'...
[11.523s] Compiling '/home/wego/team_ws/psh030917/py_bt_ros_1/install/instant_messaging_interfaces/local/lib/python3.10/dist-packages/instant_messaging_interfaces/msg/_options.py'...
[11.537s] -- Installing: /home/wego/team_ws/psh030917/py_bt_ros_1/install/instant_messaging_interfaces/local/lib/python3.10/dist-packages/instant_messaging_interfaces/instant_messaging_interfaces_s__rosidl_typesupport_fastrtps_c.cpython-310-aarch64-linux-gnu.so
[11.539s] -- Set runtime path of "/home/wego/team_ws/psh030917/py_bt_ros_1/install/instant_messaging_interfaces/local/lib/python3.10/dist-packages/instant_messaging_interfaces/instant_messaging_interfaces_s__rosidl_typesupport_fastrtps_c.cpython-310-aarch64-linux-gnu.so" to ""
[11.539s] -- Installing: /home/wego/team_ws/psh030917/py_bt_ros_1/install/instant_messaging_interfaces/local/lib/python3.10/dist-packages/instant_messaging_interfaces/instant_messaging_interfaces_s__rosidl_typesupport_introspection_c.cpython-310-aarch64-linux-gnu.so
[11.539s] -- Set runtime path of "/home/wego/team_ws/psh030917/py_bt_ros_1/install/instant_messaging_interfaces/local/lib/python3.10/dist-packages/instant_messaging_interfaces/instant_messaging_interfaces_s__rosidl_typesupport_introspection_c.cpython-310-aarch64-linux-gnu.so" to ""
[11.540s] -- Installing: /home/wego/team_ws/psh030917/py_bt_ros_1/install/instant_messaging_interfaces/local/lib/python3.10/dist-packages/instant_messaging_interfaces/instant_messaging_interfaces_s__rosidl_typesupport_c.cpython-310-aarch64-linux-gnu.so
[11.540s] -- Set runtime path of "/home/wego/team_ws/psh030917/py_bt_ros_1/install/instant_messaging_interfaces/local/lib/python3.10/dist-packages/instant_messaging_interfaces/instant_messaging_interfaces_s__rosidl_typesupport_c.cpython-310-aarch64-linux-gnu.so" to ""
[11.540s] -- Installing: /home/wego/team_ws/psh030917/py_bt_ros_1/install/instant_messaging_interfaces/lib/libinstant_messaging_interfaces__rosidl_generator_py.so
[11.541s] -- Set runtime path of "/home/wego/team_ws/psh030917/py_bt_ros_1/install/instant_messaging_interfaces/lib/libinstant_messaging_interfaces__rosidl_generator_py.so" to ""
[11.541s] -- Installing: /home/wego/team_ws/psh030917/py_bt_ros_1/install/instant_messaging_interfaces/share/instant_messaging_interfaces/msg/Options.idl
[11.542s] -- Installing: /home/wego/team_ws/psh030917/py_bt_ros_1/install/instant_messaging_interfaces/share/instant_messaging_interfaces/msg/Options.msg
[11.543s] -- Installing: /home/wego/team_ws/psh030917/py_bt_ros_1/install/instant_messaging_interfaces/share/ament_index/resource_index/package_run_dependencies/instant_messaging_interfaces
[11.544s] -- Installing: /home/wego/team_ws/psh030917/py_bt_ros_1/install/instant_messaging_interfaces/share/ament_index/resource_index/parent_prefix_path/instant_messaging_interfaces
[11.544s] -- Installing: /home/wego/team_ws/psh030917/py_bt_ros_1/install/instant_messaging_interfaces/share/instant_messaging_interfaces/environment/ament_prefix_path.sh
[11.545s] -- Installing: /home/wego/team_ws/psh030917/py_bt_ros_1/install/instant_messaging_interfaces/share/instant_messaging_interfaces/environment/ament_prefix_path.dsv
[11.545s] -- Installing: /home/wego/team_ws/psh030917/py_bt_ros_1/install/instant_messaging_interfaces/share/instant_messaging_interfaces/environment/path.sh
[11.545s] -- Installing: /home/wego/team_ws/psh030917/py_bt_ros_1/install/instant_messaging_interfaces/share/instant_messaging_interfaces/environment/path.dsv
[11.545s] -- Installing: /home/wego/team_ws/psh030917/py_bt_ros_1/install/instant_messaging_interfaces/share/instant_messaging_interfaces/local_setup.bash
[11.552s] -- Installing: /home/wego/team_ws/psh030917/py_bt_ros_1/install/instant_messaging_interfaces/share/instant_messaging_interfaces/local_setup.sh
[11.553s] -- Installing: /home/wego/team_ws/psh030917/py_bt_ros_1/install/instant_messaging_interfaces/share/instant_messaging_interfaces/local_setup.zsh
[11.553s] -- Installing: /home/wego/team_ws/psh030917/py_bt_ros_1/install/instant_messaging_interfaces/share/instant_messaging_interfaces/local_setup.dsv
[11.553s] -- Installing: /home/wego/team_ws/psh030917/py_bt_ros_1/install/instant_messaging_interfaces/share/instant_messaging_interfaces/package.dsv
[11.553s] -- Installing: /home/wego/team_ws/psh030917/py_bt_ros_1/install/instant_messaging_interfaces/share/ament_index/resource_index/packages/instant_messaging_interfaces
[11.554s] -- Installing: /home/wego/team_ws/psh030917/py_bt_ros_1/install/instant_messaging_interfaces/share/instant_messaging_interfaces/cmake/export_instant_messaging_interfaces__rosidl_generator_cExport.cmake
[11.554s] -- Installing: /home/wego/team_ws/psh030917/py_bt_ros_1/install/instant_messaging_interfaces/share/instant_messaging_interfaces/cmake/export_instant_messaging_interfaces__rosidl_generator_cExport-noconfig.cmake
[11.554s] -- Installing: /home/wego/team_ws/psh030917/py_bt_ros_1/install/instant_messaging_interfaces/share/instant_messaging_interfaces/cmake/export_instant_messaging_interfaces__rosidl_typesupport_fastrtps_cExport.cmake
[11.555s] -- Installing: /home/wego/team_ws/psh030917/py_bt_ros_1/install/instant_messaging_interfaces/share/instant_messaging_interfaces/cmake/export_instant_messaging_interfaces__rosidl_typesupport_fastrtps_cExport-noconfig.cmake
[11.557s] -- Installing: /home/wego/team_ws/psh030917/py_bt_ros_1/install/instant_messaging_interfaces/share/instant_messaging_interfaces/cmake/instant_messaging_interfaces__rosidl_typesupport_introspection_cExport.cmake
[11.558s] -- Installing: /home/wego/team_ws/psh030917/py_bt_ros_1/install/instant_messaging_interfaces/share/instant_messaging_interfaces/cmake/instant_messaging_interfaces__rosidl_typesupport_introspection_cExport-noconfig.cmake
[11.559s] -- Installing: /home/wego/team_ws/psh030917/py_bt_ros_1/install/instant_messaging_interfaces/share/instant_messaging_interfaces/cmake/instant_messaging_interfaces__rosidl_typesupport_cExport.cmake
[11.559s] -- Installing: /home/wego/team_ws/psh030917/py_bt_ros_1/install/instant_messaging_interfaces/share/instant_messaging_interfaces/cmake/instant_messaging_interfaces__rosidl_typesupport_cExport-noconfig.cmake
[11.559s] -- Installing: /home/wego/team_ws/psh030917/py_bt_ros_1/install/instant_messaging_interfaces/share/instant_messaging_interfaces/cmake/export_instant_messaging_interfaces__rosidl_generator_cppExport.cmake
[11.563s] -- Installing: /home/wego/team_ws/psh030917/py_bt_ros_1/install/instant_messaging_interfaces/share/instant_messaging_interfaces/cmake/export_instant_messaging_interfaces__rosidl_typesupport_fastrtps_cppExport.cmake
[11.568s] -- Installing: /home/wego/team_ws/psh030917/py_bt_ros_1/install/instant_messaging_interfaces/share/instant_messaging_interfaces/cmake/export_instant_messaging_interfaces__rosidl_typesupport_fastrtps_cppExport-noconfig.cmake
[11.569s] -- Installing: /home/wego/team_ws/psh030917/py_bt_ros_1/install/instant_messaging_interfaces/share/instant_messaging_interfaces/cmake/instant_messaging_interfaces__rosidl_typesupport_introspection_cppExport.cmake
[11.570s] -- Installing: /home/wego/team_ws/psh030917/py_bt_ros_1/install/instant_messaging_interfaces/share/instant_messaging_interfaces/cmake/instant_messaging_interfaces__rosidl_typesupport_introspection_cppExport-noconfig.cmake
[11.570s] -- Installing: /home/wego/team_ws/psh030917/py_bt_ros_1/install/instant_messaging_interfaces/share/instant_messaging_interfaces/cmake/instant_messaging_interfaces__rosidl_typesupport_cppExport.cmake
[11.572s] -- Installing: /home/wego/team_ws/psh030917/py_bt_ros_1/install/instant_messaging_interfaces/share/instant_messaging_interfaces/cmake/instant_messaging_interfaces__rosidl_typesupport_cppExport-noconfig.cmake
[11.572s] -- Installing: /home/wego/team_ws/psh030917/py_bt_ros_1/install/instant_messaging_interfaces/share/instant_messaging_interfaces/cmake/export_instant_messaging_interfaces__rosidl_generator_pyExport.cmake
[11.572s] -- Installing: /home/wego/team_ws/psh030917/py_bt_ros_1/install/instant_messaging_interfaces/share/instant_messaging_interfaces/cmake/export_instant_messaging_interfaces__rosidl_generator_pyExport-noconfig.cmake
[11.572s] -- Installing: /home/wego/team_ws/psh030917/py_bt_ros_1/install/instant_messaging_interfaces/share/instant_messaging_interfaces/cmake/rosidl_cmake-extras.cmake
[11.573s] -- Installing: /home/wego/team_ws/psh030917/py_bt_ros_1/install/instant_messaging_interfaces/share/instant_messaging_interfaces/cmake/ament_cmake_export_include_directories-extras.cmake
[11.573s] -- Installing: /home/wego/team_ws/psh030917/py_bt_ros_1/install/instant_messaging_interfaces/share/instant_messaging_interfaces/cmake/ament_cmake_export_libraries-extras.cmake
[11.573s] -- Installing: /home/wego/team_ws/psh030917/py_bt_ros_1/install/instant_messaging_interfaces/share/instant_messaging_interfaces/cmake/ament_cmake_export_targets-extras.cmake
[11.573s] -- Installing: /home/wego/team_ws/psh030917/py_bt_ros_1/install/instant_messaging_interfaces/share/instant_messaging_interfaces/cmake/rosidl_cmake_export_typesupport_targets-extras.cmake
[11.573s] -- Installing: /home/wego/team_ws/psh030917/py_bt_ros_1/install/instant_messaging_interfaces/share/instant_messaging_interfaces/cmake/ament_cmake_export_dependencies-extras.cmake
[11.573s] -- Installing: /home/wego/team_ws/psh030917/py_bt_ros_1/install/instant_messaging_interfaces/share/instant_messaging_interfaces/cmake/rosidl_cmake_export_typesupport_libraries-extras.cmake
[11.573s] -- Installing: /home/wego/team_ws/psh030917/py_bt_ros_1/install/instant_messaging_interfaces/share/instant_messaging_interfaces/cmake/instant_messaging_interfacesConfig.cmake
[11.573s] -- Installing: /home/wego/team_ws/psh030917/py_bt_ros_1/install/instant_messaging_interfaces/share/instant_messaging_interfaces/cmake/instant_messaging_interfacesConfig-version.cmake
[11.574s] -- Installing: /home/wego/team_ws/psh030917/py_bt_ros_1/install/instant_messaging_interfaces/share/instant_messaging_interfaces/package.xml
[11.574s] Invoked command in '/home/wego/team_ws/psh030917/py_bt_ros_1/build/instant_messaging_interfaces' returned '0': CMAKE_PREFIX_PATH=/opt/ros/humble /usr/bin/cmake --install /home/wego/team_ws/psh030917/py_bt_ros_1/build/instant_messaging_interfaces
