/home/wego/team_ws/psh030917/py_bt_ros_1/install/limo_night_patrol/lib/python3.10/site-packages/limo_night_patrol/event_handler_night_node.py
/home/wego/team_ws/psh030917/py_bt_ros_1/install/limo_night_patrol/lib/python3.10/site-packages/limo_night_patrol/__init__.py
/home/wego/team_ws/psh030917/py_bt_ros_1/install/limo_night_patrol/lib/python3.10/site-packages/limo_night_patrol/dummy_safety_mux_node.py
/home/wego/team_ws/psh030917/py_bt_ros_1/install/limo_night_patrol/lib/python3.10/site-packages/limo_night_patrol/dummy_rgb_publisher_node.py
/home/wego/team_ws/psh030917/py_bt_ros_1/install/limo_night_patrol/lib/python3.10/site-packages/limo_night_patrol/dummy_navigator_node.py
/home/wego/team_ws/psh030917/py_bt_ros_1/install/limo_night_patrol/lib/python3.10/site-packages/limo_night_patrol/depth_obstacle_detector_node.py
/home/wego/team_ws/psh030917/py_bt_ros_1/install/limo_night_patrol/lib/python3.10/site-packages/limo_night_patrol/camera_capture_server_node.py
/home/wego/team_ws/psh030917/py_bt_ros_1/install/limo_night_patrol/lib/python3.10/site-packages/limo_night_patrol/patrol_manager_node.py
/home/wego/team_ws/psh030917/py_bt_ros_1/install/limo_night_patrol/lib/python3.10/site-packages/limo_night_patrol/night_intruder_detector_node.py
/home/wego/team_ws/psh030917/py_bt_ros_1/install/limo_night_patrol/lib/python3.10/site-packages/limo_night_patrol/dummy_limo_base_node.py
/home/wego/team_ws/psh030917/py_bt_ros_1/install/limo_night_patrol/lib/python3.10/site-packages/limo_night_patrol/mode_manager_node.py
/home/wego/team_ws/psh030917/py_bt_ros_1/install/limo_night_patrol/lib/python3.10/site-packages/limo_night_patrol/__pycache__/event_handler_night_node.cpython-310.pyc
/home/wego/team_ws/psh030917/py_bt_ros_1/install/limo_night_patrol/lib/python3.10/site-packages/limo_night_patrol/__pycache__/__init__.cpython-310.pyc
/home/wego/team_ws/psh030917/py_bt_ros_1/install/limo_night_patrol/lib/python3.10/site-packages/limo_night_patrol/__pycache__/dummy_safety_mux_node.cpython-310.pyc
/home/wego/team_ws/psh030917/py_bt_ros_1/install/limo_night_patrol/lib/python3.10/site-packages/limo_night_patrol/__pycache__/dummy_rgb_publisher_node.cpython-310.pyc
/home/wego/team_ws/psh030917/py_bt_ros_1/install/limo_night_patrol/lib/python3.10/site-packages/limo_night_patrol/__pycache__/dummy_navigator_node.cpython-310.pyc
/home/wego/team_ws/psh030917/py_bt_ros_1/install/limo_night_patrol/lib/python3.10/site-packages/limo_night_patrol/__pycache__/depth_obstacle_detector_node.cpython-310.pyc
/home/wego/team_ws/psh030917/py_bt_ros_1/install/limo_night_patrol/lib/python3.10/site-packages/limo_night_patrol/__pycache__/camera_capture_server_node.cpython-310.pyc
/home/wego/team_ws/psh030917/py_bt_ros_1/install/limo_night_patrol/lib/python3.10/site-packages/limo_night_patrol/__pycache__/patrol_manager_node.cpython-310.pyc
/home/wego/team_ws/psh030917/py_bt_ros_1/install/limo_night_patrol/lib/python3.10/site-packages/limo_night_patrol/__pycache__/night_intruder_detector_node.cpython-310.pyc
/home/wego/team_ws/psh030917/py_bt_ros_1/install/limo_night_patrol/lib/python3.10/site-packages/limo_night_patrol/__pycache__/dummy_limo_base_node.cpython-310.pyc
/home/wego/team_ws/psh030917/py_bt_ros_1/install/limo_night_patrol/lib/python3.10/site-packages/limo_night_patrol/__pycache__/mode_manager_node.cpython-310.pyc
/home/wego/team_ws/psh030917/py_bt_ros_1/install/limo_night_patrol/share/ament_index/resource_index/packages/limo_night_patrol
/home/wego/team_ws/psh030917/py_bt_ros_1/install/limo_night_patrol/share/limo_night_patrol/package.xml
/home/wego/team_ws/psh030917/py_bt_ros_1/install/limo_night_patrol/share/limo_night_patrol/launch/night_patrol.launch.py
/home/wego/team_ws/psh030917/py_bt_ros_1/install/limo_night_patrol/share/limo_night_patrol/launch/night_patrol_sim.launch.py
/home/wego/team_ws/psh030917/py_bt_ros_1/install/limo_night_patrol/lib/python3.10/site-packages/limo_night_patrol-0.0.1-py3.10.egg-info/requires.txt
/home/wego/team_ws/psh030917/py_bt_ros_1/install/limo_night_patrol/lib/python3.10/site-packages/limo_night_patrol-0.0.1-py3.10.egg-info/SOURCES.txt
/home/wego/team_ws/psh030917/py_bt_ros_1/install/limo_night_patrol/lib/python3.10/site-packages/limo_night_patrol-0.0.1-py3.10.egg-info/entry_points.txt
/home/wego/team_ws/psh030917/py_bt_ros_1/install/limo_night_patrol/lib/python3.10/site-packages/limo_night_patrol-0.0.1-py3.10.egg-info/PKG-INFO
/home/wego/team_ws/psh030917/py_bt_ros_1/install/limo_night_patrol/lib/python3.10/site-packages/limo_night_patrol-0.0.1-py3.10.egg-info/top_level.txt
/home/wego/team_ws/psh030917/py_bt_ros_1/install/limo_night_patrol/lib/python3.10/site-packages/limo_night_patrol-0.0.1-py3.10.egg-info/dependency_links.txt
/home/wego/team_ws/psh030917/py_bt_ros_1/install/limo_night_patrol/lib/python3.10/site-packages/limo_night_patrol-0.0.1-py3.10.egg-info/zip-safe
/home/wego/team_ws/psh030917/py_bt_ros_1/install/limo_night_patrol/lib/limo_night_patrol/camera_capture_server
/home/wego/team_ws/psh030917/py_bt_ros_1/install/limo_night_patrol/lib/limo_night_patrol/depth_obstacle_detector
/home/wego/team_ws/psh030917/py_bt_ros_1/install/limo_night_patrol/lib/limo_night_patrol/dummy_limo_base
/home/wego/team_ws/psh030917/py_bt_ros_1/install/limo_night_patrol/lib/limo_night_patrol/dummy_navigator
/home/wego/team_ws/psh030917/py_bt_ros_1/install/limo_night_patrol/lib/limo_night_patrol/dummy_rgb_pub
/home/wego/team_ws/psh030917/py_bt_ros_1/install/limo_night_patrol/lib/limo_night_patrol/dummy_safety_mux
/home/wego/team_ws/psh030917/py_bt_ros_1/install/limo_night_patrol/lib/limo_night_patrol/event_handler_night
/home/wego/team_ws/psh030917/py_bt_ros_1/install/limo_night_patrol/lib/limo_night_patrol/mode_manager
/home/wego/team_ws/psh030917/py_bt_ros_1/install/limo_night_patrol/lib/limo_night_patrol/night_intruder_detector
/home/wego/team_ws/psh030917/py_bt_ros_1/install/limo_night_patrol/lib/limo_night_patrol/patrol_manager
