[1.559s] Invoking command in '/home/wego/team_ws/MinGeun-SMG/limo_fire_py-main': PYTHONPATH=/home/wego/team_ws/MinGeun-SMG/limo_fire_py-main/build/limo_fire_py/prefix_override:/usr/lib/python3/dist-packages/colcon_core/task/python/colcon_distutils_commands:/home/wego/team_ws/MinGeun-SMG/limo_fire_py-main/install/limo_fire_py/lib/python3.10/site-packages:${PYTHONPATH} /usr/bin/python3 -W ignore:setup.py install is deprecated -W ignore:easy_install command is deprecated setup.py egg_info --egg-base build/limo_fire_py build --build-base /home/wego/team_ws/MinGeun-SMG/limo_fire_py-main/build/limo_fire_py/build install --record /home/wego/team_ws/MinGeun-SMG/limo_fire_py-main/build/limo_fire_py/install.log --single-version-externally-managed install_data
[2.170s] running egg_info
[2.172s] writing build/limo_fire_py/limo_fire_py.egg-info/PKG-INFO
[2.173s] writing dependency_links to build/limo_fire_py/limo_fire_py.egg-info/dependency_links.txt
[2.177s] writing entry points to build/limo_fire_py/limo_fire_py.egg-info/entry_points.txt
[2.177s] writing requirements to build/limo_fire_py/limo_fire_py.egg-info/requires.txt
[2.177s] writing top-level names to build/limo_fire_py/limo_fire_py.egg-info/top_level.txt
[2.180s] reading manifest file 'build/limo_fire_py/limo_fire_py.egg-info/SOURCES.txt'
[2.182s] writing manifest file 'build/limo_fire_py/limo_fire_py.egg-info/SOURCES.txt'
[2.182s] running build
[2.182s] running build_py
[2.183s] copying limo_fire_py/fire_sensor_reader.py -> /home/wego/team_ws/MinGeun-SMG/limo_fire_py-main/build/limo_fire_py/build/lib/limo_fire_py
[2.184s] running install
[2.184s] running install_lib
[2.187s] copying /home/wego/team_ws/MinGeun-SMG/limo_fire_py-main/build/limo_fire_py/build/lib/limo_fire_py/fire_sensor_reader.py -> /home/wego/team_ws/MinGeun-SMG/limo_fire_py-main/install/limo_fire_py/lib/python3.10/site-packages/limo_fire_py
[2.189s] byte-compiling /home/wego/team_ws/MinGeun-SMG/limo_fire_py-main/install/limo_fire_py/lib/python3.10/site-packages/limo_fire_py/fire_sensor_reader.py to fire_sensor_reader.cpython-310.pyc
[2.191s] running install_data
[2.192s] running install_egg_info
[2.196s] removing '/home/wego/team_ws/MinGeun-SMG/limo_fire_py-main/install/limo_fire_py/lib/python3.10/site-packages/limo_fire_py-0.0.0-py3.10.egg-info' (and everything under it)
[2.197s] Copying build/limo_fire_py/limo_fire_py.egg-info to /home/wego/team_ws/MinGeun-SMG/limo_fire_py-main/install/limo_fire_py/lib/python3.10/site-packages/limo_fire_py-0.0.0-py3.10.egg-info
[2.199s] running install_scripts
[2.249s] Installing bt_runner script to /home/wego/team_ws/MinGeun-SMG/limo_fire_py-main/install/limo_fire_py/lib/limo_fire_py
[2.250s] Installing bt_visualizer script to /home/wego/team_ws/MinGeun-SMG/limo_fire_py-main/install/limo_fire_py/lib/limo_fire_py
[2.250s] Installing fire_alarm_notifier script to /home/wego/team_ws/MinGeun-SMG/limo_fire_py-main/install/limo_fire_py/lib/limo_fire_py
[2.250s] Installing fire_safety_controller script to /home/wego/team_ws/MinGeun-SMG/limo_fire_py-main/install/limo_fire_py/lib/limo_fire_py
[2.251s] Installing fire_sensor_publisher script to /home/wego/team_ws/MinGeun-SMG/limo_fire_py-main/install/limo_fire_py/lib/limo_fire_py
[2.251s] Installing fire_sensor_reader script to /home/wego/team_ws/MinGeun-SMG/limo_fire_py-main/install/limo_fire_py/lib/limo_fire_py
[2.252s] Installing pygame_visualizer script to /home/wego/team_ws/MinGeun-SMG/limo_fire_py-main/install/limo_fire_py/lib/limo_fire_py
[2.252s] writing list of installed files to '/home/wego/team_ws/MinGeun-SMG/limo_fire_py-main/build/limo_fire_py/install.log'
[2.339s] Invoked command in '/home/wego/team_ws/MinGeun-SMG/limo_fire_py-main' returned '0': PYTHONPATH=/home/wego/team_ws/MinGeun-SMG/limo_fire_py-main/build/limo_fire_py/prefix_override:/usr/lib/python3/dist-packages/colcon_core/task/python/colcon_distutils_commands:/home/wego/team_ws/MinGeun-SMG/limo_fire_py-main/install/limo_fire_py/lib/python3.10/site-packages:${PYTHONPATH} /usr/bin/python3 -W ignore:setup.py install is deprecated -W ignore:easy_install command is deprecated setup.py egg_info --egg-base build/limo_fire_py build --build-base /home/wego/team_ws/MinGeun-SMG/limo_fire_py-main/build/limo_fire_py/build install --record /home/wego/team_ws/MinGeun-SMG/limo_fire_py-main/build/limo_fire_py/install.log --single-version-externally-managed install_data
