[2.185s] Invoking command in '/home/wego/team_ws/psh030917/py_bt_ros_1/src/telegram_ros2': CMAKE_PREFIX_PATH=/home/wego/team_ws/psh030917/py_bt_ros_1/install/instant_messaging_interfaces:/home/wego/team_ws/psh030917/py_bt_ros_1/install/yolo_bringup:/home/wego/team_ws/psh030917/py_bt_ros_1/install/yolo_msgs LD_LIBRARY_PATH=/home/wego/team_ws/psh030917/py_bt_ros_1/install/instant_messaging_interfaces/lib:/opt/ros/humble/lib:/usr/lib/aarch64-linux-gnu:/opt/ros/humble/opt/rviz_ogre_vendor/lib:/opt/ros/humble/lib/aarch64-linux-gnu:/opt/ros/humble/lib:/usr/local/cuda-12.6/lib64:/usr/local/TensorRT-10.3.0.26/lib PYTHONPATH=/home/wego/team_ws/psh030917/py_bt_ros_1/build/telegram_ros2/prefix_override:/usr/lib/python3/dist-packages/colcon_core/task/python/colcon_distutils_commands:/home/wego/team_ws/psh030917/py_bt_ros_1/install/telegram_ros2/lib/python3.10/site-packages:${PYTHONPATH} /usr/bin/python3 -W ignore:setup.py install is deprecated -W ignore:easy_install command is deprecated setup.py egg_info --egg-base ../../build/telegram_ros2 build --build-base /home/wego/team_ws/psh030917/py_bt_ros_1/build/telegram_ros2/build install --record /home/wego/team_ws/psh030917/py_bt_ros_1/build/telegram_ros2/install.log --install-scripts $base/lib/telegram_ros2 --single-version-externally-managed install_data
[2.744s] running egg_info
[2.746s] writing ../../build/telegram_ros2/telegram_ros2.egg-info/PKG-INFO
[2.748s] writing dependency_links to ../../build/telegram_ros2/telegram_ros2.egg-info/dependency_links.txt
[2.748s] writing entry points to ../../build/telegram_ros2/telegram_ros2.egg-info/entry_points.txt
[2.748s] writing requirements to ../../build/telegram_ros2/telegram_ros2.egg-info/requires.txt
[2.748s] writing top-level names to ../../build/telegram_ros2/telegram_ros2.egg-info/top_level.txt
[2.752s] reading manifest file '../../build/telegram_ros2/telegram_ros2.egg-info/SOURCES.txt'
[2.752s] adding license file 'LICENSE'
[2.753s] writing manifest file '../../build/telegram_ros2/telegram_ros2.egg-info/SOURCES.txt'
[2.754s] running build
[2.754s] running build_py
[2.754s] running install
[2.759s] running install_lib
[2.759s] running install_data
[2.759s] running install_egg_info
[2.763s] removing '/home/wego/team_ws/psh030917/py_bt_ros_1/install/telegram_ros2/lib/python3.10/site-packages/telegram_ros2-0.0.0-py3.10.egg-info' (and everything under it)
[2.764s] Copying ../../build/telegram_ros2/telegram_ros2.egg-info to /home/wego/team_ws/psh030917/py_bt_ros_1/install/telegram_ros2/lib/python3.10/site-packages/telegram_ros2-0.0.0-py3.10.egg-info
[2.766s] running install_scripts
[2.811s] Installing telegram_ros2_bridge script to /home/wego/team_ws/psh030917/py_bt_ros_1/install/telegram_ros2/lib/telegram_ros2
[2.812s] writing list of installed files to '/home/wego/team_ws/psh030917/py_bt_ros_1/build/telegram_ros2/install.log'
[2.941s] Invoked command in '/home/wego/team_ws/psh030917/py_bt_ros_1/src/telegram_ros2' returned '0': CMAKE_PREFIX_PATH=/home/wego/team_ws/psh030917/py_bt_ros_1/install/instant_messaging_interfaces:/home/wego/team_ws/psh030917/py_bt_ros_1/install/yolo_bringup:/home/wego/team_ws/psh030917/py_bt_ros_1/install/yolo_msgs LD_LIBRARY_PATH=/home/wego/team_ws/psh030917/py_bt_ros_1/install/instant_messaging_interfaces/lib:/opt/ros/humble/lib:/usr/lib/aarch64-linux-gnu:/opt/ros/humble/opt/rviz_ogre_vendor/lib:/opt/ros/humble/lib/aarch64-linux-gnu:/opt/ros/humble/lib:/usr/local/cuda-12.6/lib64:/usr/local/TensorRT-10.3.0.26/lib PYTHONPATH=/home/wego/team_ws/psh030917/py_bt_ros_1/build/telegram_ros2/prefix_override:/usr/lib/python3/dist-packages/colcon_core/task/python/colcon_distutils_commands:/home/wego/team_ws/psh030917/py_bt_ros_1/install/telegram_ros2/lib/python3.10/site-packages:${PYTHONPATH} /usr/bin/python3 -W ignore:setup.py install is deprecated -W ignore:easy_install command is deprecated setup.py egg_info --egg-base ../../build/telegram_ros2 build --build-base /home/wego/team_ws/psh030917/py_bt_ros_1/build/telegram_ros2/build install --record /home/wego/team_ws/psh030917/py_bt_ros_1/build/telegram_ros2/install.log --install-scripts $base/lib/telegram_ros2 --single-version-externally-managed install_data
