[1.073s] Invoking command in '/home/wego/team_ws/MinGeun-SMG/limo_fire_py-main': PYTHONPATH=/home/wego/team_ws/MinGeun-SMG/limo_fire_py-main/build/limo_fire_py/prefix_override:/usr/lib/python3/dist-packages/colcon_core/task/python/colcon_distutils_commands:/home/wego/team_ws/MinGeun-SMG/limo_fire_py-main/install/limo_fire_py/lib/python3.10/site-packages: /usr/bin/python3 -W ignore:setup.py install is deprecated -W ignore:easy_install command is deprecated setup.py egg_info --egg-base build/limo_fire_py build --build-base /home/wego/team_ws/MinGeun-SMG/limo_fire_py-main/build/limo_fire_py/build install --record /home/wego/team_ws/MinGeun-SMG/limo_fire_py-main/build/limo_fire_py/install.log --single-version-externally-managed install_data
[1.477s] running egg_info
[1.478s] writing build/limo_fire_py/limo_fire_py.egg-info/PKG-INFO
[1.478s] writing dependency_links to build/limo_fire_py/limo_fire_py.egg-info/dependency_links.txt
[1.478s] writing entry points to build/limo_fire_py/limo_fire_py.egg-info/entry_points.txt
[1.479s] writing requirements to build/limo_fire_py/limo_fire_py.egg-info/requires.txt
[1.479s] writing top-level names to build/limo_fire_py/limo_fire_py.egg-info/top_level.txt
[1.483s] reading manifest file 'build/limo_fire_py/limo_fire_py.egg-info/SOURCES.txt'
[1.484s] writing manifest file 'build/limo_fire_py/limo_fire_py.egg-info/SOURCES.txt'
[1.485s] running build
[1.485s] running build_py
[1.485s] copying limo_fire_py/fire_sensor_reader.py -> /home/wego/team_ws/MinGeun-SMG/limo_fire_py-main/build/limo_fire_py/build/lib/limo_fire_py
[1.486s] running install
[1.487s] running install_lib
[1.488s] copying /home/wego/team_ws/MinGeun-SMG/limo_fire_py-main/build/limo_fire_py/build/lib/limo_fire_py/fire_sensor_reader.py -> /home/wego/team_ws/MinGeun-SMG/limo_fire_py-main/install/limo_fire_py/lib/python3.10/site-packages/limo_fire_py
[1.490s] byte-compiling /home/wego/team_ws/MinGeun-SMG/limo_fire_py-main/install/limo_fire_py/lib/python3.10/site-packages/limo_fire_py/fire_sensor_reader.py to fire_sensor_reader.cpython-310.pyc
[1.492s] running install_data
[1.493s] running install_egg_info
[1.496s] removing '/home/wego/team_ws/MinGeun-SMG/limo_fire_py-main/install/limo_fire_py/lib/python3.10/site-packages/limo_fire_py-0.0.0-py3.10.egg-info' (and everything under it)
[1.497s] Copying build/limo_fire_py/limo_fire_py.egg-info to /home/wego/team_ws/MinGeun-SMG/limo_fire_py-main/install/limo_fire_py/lib/python3.10/site-packages/limo_fire_py-0.0.0-py3.10.egg-info
[1.499s] running install_scripts
[1.540s] Installing bt_runner script to /home/wego/team_ws/MinGeun-SMG/limo_fire_py-main/install/limo_fire_py/lib/limo_fire_py
[1.540s] Installing bt_visualizer script to /home/wego/team_ws/MinGeun-SMG/limo_fire_py-main/install/limo_fire_py/lib/limo_fire_py
[1.541s] Installing fire_alarm_notifier script to /home/wego/team_ws/MinGeun-SMG/limo_fire_py-main/install/limo_fire_py/lib/limo_fire_py
[1.541s] Installing fire_safety_controller script to /home/wego/team_ws/MinGeun-SMG/limo_fire_py-main/install/limo_fire_py/lib/limo_fire_py
[1.541s] Installing fire_sensor_publisher script to /home/wego/team_ws/MinGeun-SMG/limo_fire_py-main/install/limo_fire_py/lib/limo_fire_py
[1.541s] Installing fire_sensor_reader script to /home/wego/team_ws/MinGeun-SMG/limo_fire_py-main/install/limo_fire_py/lib/limo_fire_py
[1.541s] Installing pygame_visualizer script to /home/wego/team_ws/MinGeun-SMG/limo_fire_py-main/install/limo_fire_py/lib/limo_fire_py
[1.542s] writing list of installed files to '/home/wego/team_ws/MinGeun-SMG/limo_fire_py-main/build/limo_fire_py/install.log'
[1.606s] Invoked command in '/home/wego/team_ws/MinGeun-SMG/limo_fire_py-main' returned '0': PYTHONPATH=/home/wego/team_ws/MinGeun-SMG/limo_fire_py-main/build/limo_fire_py/prefix_override:/usr/lib/python3/dist-packages/colcon_core/task/python/colcon_distutils_commands:/home/wego/team_ws/MinGeun-SMG/limo_fire_py-main/install/limo_fire_py/lib/python3.10/site-packages: /usr/bin/python3 -W ignore:setup.py install is deprecated -W ignore:easy_install command is deprecated setup.py egg_info --egg-base build/limo_fire_py build --build-base /home/wego/team_ws/MinGeun-SMG/limo_fire_py-main/build/limo_fire_py/build install --record /home/wego/team_ws/MinGeun-SMG/limo_fire_py-main/build/limo_fire_py/install.log --single-version-externally-managed install_data
