[0.024s] Invoking command in '/home/wego/team_ws/psh030917/py_bt_ros_1/build/yolo_bringup': AMENT_PREFIX_PATH=/home/wego/team_ws/psh030917/py_bt_ros_1/install/yolo_ros:/home/wego/team_ws/psh030917/py_bt_ros_1/install/yolo_msgs:${AMENT_PREFIX_PATH} CMAKE_PREFIX_PATH=/home/wego/team_ws/psh030917/py_bt_ros_1/install/yolo_msgs:/opt/ros/humble LD_LIBRARY_PATH=/home/wego/team_ws/psh030917/py_bt_ros_1/install/yolo_msgs/lib:/opt/ros/humble/lib:/usr/lib/aarch64-linux-gnu:/opt/ros/humble/opt/rviz_ogre_vendor/lib:/opt/ros/humble/lib/aarch64-linux-gnu:/opt/ros/humble/lib:/usr/local/cuda-12.6/lib64:/usr/local/TensorRT-10.3.0.26/lib PYTHONPATH=/home/wego/team_ws/psh030917/py_bt_ros_1/install/yolo_ros/lib/python3.10/site-packages:/home/wego/team_ws/psh030917/py_bt_ros_1/install/yolo_msgs/local/lib/python3.10/dist-packages:/opt/ros/humble/lib/python3.10/site-packages:/opt/ros/humble/local/lib/python3.10/dist-packages /usr/bin/cmake /home/wego/team_ws/psh030917/py_bt_ros_1/src/yolo_ros/yolo_bringup -DCMAKE_INSTALL_PREFIX=/home/wego/team_ws/psh030917/py_bt_ros_1/install/yolo_bringup
[0.142s] -- The C compiler identification is GNU 11.4.0
[0.283s] -- The CXX compiler identification is GNU 11.4.0
[0.297s] -- Detecting C compiler ABI info
[0.445s] -- Detecting C compiler ABI info - done
[0.469s] -- Check for working C compiler: /usr/bin/cc - skipped
[0.470s] -- Detecting C compile features
[0.471s] -- Detecting C compile features - done
[0.480s] -- Detecting CXX compiler ABI info
[0.665s] -- Detecting CXX compiler ABI info - done
[0.683s] -- Check for working CXX compiler: /usr/bin/c++ - skipped
[0.684s] -- Detecting CXX compile features
[0.685s] -- Detecting CXX compile features - done
[0.693s] -- Found ament_cmake: 1.3.12 (/opt/ros/humble/share/ament_cmake/cmake)
[1.083s] -- Found Python3: /usr/bin/python3 (found version "3.10.12") found components: Interpreter 
[1.517s] -- Configuring done
[1.525s] -- Generating done
[1.530s] -- Build files have been written to: /home/wego/team_ws/psh030917/py_bt_ros_1/build/yolo_bringup
[1.548s] Invoked command in '/home/wego/team_ws/psh030917/py_bt_ros_1/build/yolo_bringup' returned '0': AMENT_PREFIX_PATH=/home/wego/team_ws/psh030917/py_bt_ros_1/install/yolo_ros:/home/wego/team_ws/psh030917/py_bt_ros_1/install/yolo_msgs:${AMENT_PREFIX_PATH} CMAKE_PREFIX_PATH=/home/wego/team_ws/psh030917/py_bt_ros_1/install/yolo_msgs:/opt/ros/humble LD_LIBRARY_PATH=/home/wego/team_ws/psh030917/py_bt_ros_1/install/yolo_msgs/lib:/opt/ros/humble/lib:/usr/lib/aarch64-linux-gnu:/opt/ros/humble/opt/rviz_ogre_vendor/lib:/opt/ros/humble/lib/aarch64-linux-gnu:/opt/ros/humble/lib:/usr/local/cuda-12.6/lib64:/usr/local/TensorRT-10.3.0.26/lib PYTHONPATH=/home/wego/team_ws/psh030917/py_bt_ros_1/install/yolo_ros/lib/python3.10/site-packages:/home/wego/team_ws/psh030917/py_bt_ros_1/install/yolo_msgs/local/lib/python3.10/dist-packages:/opt/ros/humble/lib/python3.10/site-packages:/opt/ros/humble/local/lib/python3.10/dist-packages /usr/bin/cmake /home/wego/team_ws/psh030917/py_bt_ros_1/src/yolo_ros/yolo_bringup -DCMAKE_INSTALL_PREFIX=/home/wego/team_ws/psh030917/py_bt_ros_1/install/yolo_bringup
[1.550s] Invoking command in '/home/wego/team_ws/psh030917/py_bt_ros_1/build/yolo_bringup': AMENT_PREFIX_PATH=/home/wego/team_ws/psh030917/py_bt_ros_1/install/yolo_ros:/home/wego/team_ws/psh030917/py_bt_ros_1/install/yolo_msgs:${AMENT_PREFIX_PATH} CMAKE_PREFIX_PATH=/home/wego/team_ws/psh030917/py_bt_ros_1/install/yolo_msgs:/opt/ros/humble LD_LIBRARY_PATH=/home/wego/team_ws/psh030917/py_bt_ros_1/install/yolo_msgs/lib:/opt/ros/humble/lib:/usr/lib/aarch64-linux-gnu:/opt/ros/humble/opt/rviz_ogre_vendor/lib:/opt/ros/humble/lib/aarch64-linux-gnu:/opt/ros/humble/lib:/usr/local/cuda-12.6/lib64:/usr/local/TensorRT-10.3.0.26/lib PYTHONPATH=/home/wego/team_ws/psh030917/py_bt_ros_1/install/yolo_ros/lib/python3.10/site-packages:/home/wego/team_ws/psh030917/py_bt_ros_1/install/yolo_msgs/local/lib/python3.10/dist-packages:/opt/ros/humble/lib/python3.10/site-packages:/opt/ros/humble/local/lib/python3.10/dist-packages /usr/bin/cmake --build /home/wego/team_ws/psh030917/py_bt_ros_1/build/yolo_bringup -- -j6 -l6
[1.639s] Invoked command in '/home/wego/team_ws/psh030917/py_bt_ros_1/build/yolo_bringup' returned '0': AMENT_PREFIX_PATH=/home/wego/team_ws/psh030917/py_bt_ros_1/install/yolo_ros:/home/wego/team_ws/psh030917/py_bt_ros_1/install/yolo_msgs:${AMENT_PREFIX_PATH} CMAKE_PREFIX_PATH=/home/wego/team_ws/psh030917/py_bt_ros_1/install/yolo_msgs:/opt/ros/humble LD_LIBRARY_PATH=/home/wego/team_ws/psh030917/py_bt_ros_1/install/yolo_msgs/lib:/opt/ros/humble/lib:/usr/lib/aarch64-linux-gnu:/opt/ros/humble/opt/rviz_ogre_vendor/lib:/opt/ros/humble/lib/aarch64-linux-gnu:/opt/ros/humble/lib:/usr/local/cuda-12.6/lib64:/usr/local/TensorRT-10.3.0.26/lib PYTHONPATH=/home/wego/team_ws/psh030917/py_bt_ros_1/install/yolo_ros/lib/python3.10/site-packages:/home/wego/team_ws/psh030917/py_bt_ros_1/install/yolo_msgs/local/lib/python3.10/dist-packages:/opt/ros/humble/lib/python3.10/site-packages:/opt/ros/humble/local/lib/python3.10/dist-packages /usr/bin/cmake --build /home/wego/team_ws/psh030917/py_bt_ros_1/build/yolo_bringup -- -j6 -l6
[1.645s] Invoking command in '/home/wego/team_ws/psh030917/py_bt_ros_1/build/yolo_bringup': AMENT_PREFIX_PATH=/home/wego/team_ws/psh030917/py_bt_ros_1/install/yolo_ros:/home/wego/team_ws/psh030917/py_bt_ros_1/install/yolo_msgs:${AMENT_PREFIX_PATH} CMAKE_PREFIX_PATH=/home/wego/team_ws/psh030917/py_bt_ros_1/install/yolo_msgs:/opt/ros/humble LD_LIBRARY_PATH=/home/wego/team_ws/psh030917/py_bt_ros_1/install/yolo_msgs/lib:/opt/ros/humble/lib:/usr/lib/aarch64-linux-gnu:/opt/ros/humble/opt/rviz_ogre_vendor/lib:/opt/ros/humble/lib/aarch64-linux-gnu:/opt/ros/humble/lib:/usr/local/cuda-12.6/lib64:/usr/local/TensorRT-10.3.0.26/lib PYTHONPATH=/home/wego/team_ws/psh030917/py_bt_ros_1/install/yolo_ros/lib/python3.10/site-packages:/home/wego/team_ws/psh030917/py_bt_ros_1/install/yolo_msgs/local/lib/python3.10/dist-packages:/opt/ros/humble/lib/python3.10/site-packages:/opt/ros/humble/local/lib/python3.10/dist-packages /usr/bin/cmake --install /home/wego/team_ws/psh030917/py_bt_ros_1/build/yolo_bringup
[1.667s] -- Install configuration: ""
[1.667s] -- Installing: /home/wego/team_ws/psh030917/py_bt_ros_1/install/yolo_bringup/share/yolo_bringup//launch
[1.668s] -- Installing: /home/wego/team_ws/psh030917/py_bt_ros_1/install/yolo_bringup/share/yolo_bringup//launch/yolo.launch.py
[1.668s] -- Installing: /home/wego/team_ws/psh030917/py_bt_ros_1/install/yolo_bringup/share/yolo_bringup//launch/yolov9.launch.py
[1.669s] -- Installing: /home/wego/team_ws/psh030917/py_bt_ros_1/install/yolo_bringup/share/yolo_bringup//launch/yolov12.launch.py
[1.669s] -- Installing: /home/wego/team_ws/psh030917/py_bt_ros_1/install/yolo_bringup/share/yolo_bringup//launch/yolo-world.launch.py
[1.670s] -- Installing: /home/wego/team_ws/psh030917/py_bt_ros_1/install/yolo_bringup/share/yolo_bringup//launch/yolov10.launch.py
[1.670s] -- Installing: /home/wego/team_ws/psh030917/py_bt_ros_1/install/yolo_bringup/share/yolo_bringup//launch/yolov8.launch.py
[1.670s] -- Installing: /home/wego/team_ws/psh030917/py_bt_ros_1/install/yolo_bringup/share/yolo_bringup//launch/yoloe.launch.py
[1.670s] -- Installing: /home/wego/team_ws/psh030917/py_bt_ros_1/install/yolo_bringup/share/yolo_bringup//launch/yolov11.launch.py
[1.671s] -- Installing: /home/wego/team_ws/psh030917/py_bt_ros_1/install/yolo_bringup/share/yolo_bringup//launch/yolov5.launch.py
[1.671s] -- Installing: /home/wego/team_ws/psh030917/py_bt_ros_1/install/yolo_bringup/share/ament_index/resource_index/package_run_dependencies/yolo_bringup
[1.671s] -- Installing: /home/wego/team_ws/psh030917/py_bt_ros_1/install/yolo_bringup/share/ament_index/resource_index/parent_prefix_path/yolo_bringup
[1.672s] -- Installing: /home/wego/team_ws/psh030917/py_bt_ros_1/install/yolo_bringup/share/yolo_bringup/environment/ament_prefix_path.sh
[1.672s] -- Installing: /home/wego/team_ws/psh030917/py_bt_ros_1/install/yolo_bringup/share/yolo_bringup/environment/ament_prefix_path.dsv
[1.672s] -- Installing: /home/wego/team_ws/psh030917/py_bt_ros_1/install/yolo_bringup/share/yolo_bringup/environment/path.sh
[1.672s] -- Installing: /home/wego/team_ws/psh030917/py_bt_ros_1/install/yolo_bringup/share/yolo_bringup/environment/path.dsv
[1.673s] -- Installing: /home/wego/team_ws/psh030917/py_bt_ros_1/install/yolo_bringup/share/yolo_bringup/local_setup.bash
[1.673s] -- Installing: /home/wego/team_ws/psh030917/py_bt_ros_1/install/yolo_bringup/share/yolo_bringup/local_setup.sh
[1.673s] -- Installing: /home/wego/team_ws/psh030917/py_bt_ros_1/install/yolo_bringup/share/yolo_bringup/local_setup.zsh
[1.674s] -- Installing: /home/wego/team_ws/psh030917/py_bt_ros_1/install/yolo_bringup/share/yolo_bringup/local_setup.dsv
[1.674s] -- Installing: /home/wego/team_ws/psh030917/py_bt_ros_1/install/yolo_bringup/share/yolo_bringup/package.dsv
[1.674s] -- Installing: /home/wego/team_ws/psh030917/py_bt_ros_1/install/yolo_bringup/share/ament_index/resource_index/packages/yolo_bringup
[1.675s] -- Installing: /home/wego/team_ws/psh030917/py_bt_ros_1/install/yolo_bringup/share/yolo_bringup/cmake/yolo_bringupConfig.cmake
[1.675s] -- Installing: /home/wego/team_ws/psh030917/py_bt_ros_1/install/yolo_bringup/share/yolo_bringup/cmake/yolo_bringupConfig-version.cmake
[1.676s] -- Installing: /home/wego/team_ws/psh030917/py_bt_ros_1/install/yolo_bringup/share/yolo_bringup/package.xml
[1.686s] Invoked command in '/home/wego/team_ws/psh030917/py_bt_ros_1/build/yolo_bringup' returned '0': AMENT_PREFIX_PATH=/home/wego/team_ws/psh030917/py_bt_ros_1/install/yolo_ros:/home/wego/team_ws/psh030917/py_bt_ros_1/install/yolo_msgs:${AMENT_PREFIX_PATH} CMAKE_PREFIX_PATH=/home/wego/team_ws/psh030917/py_bt_ros_1/install/yolo_msgs:/opt/ros/humble LD_LIBRARY_PATH=/home/wego/team_ws/psh030917/py_bt_ros_1/install/yolo_msgs/lib:/opt/ros/humble/lib:/usr/lib/aarch64-linux-gnu:/opt/ros/humble/opt/rviz_ogre_vendor/lib:/opt/ros/humble/lib/aarch64-linux-gnu:/opt/ros/humble/lib:/usr/local/cuda-12.6/lib64:/usr/local/TensorRT-10.3.0.26/lib PYTHONPATH=/home/wego/team_ws/psh030917/py_bt_ros_1/install/yolo_ros/lib/python3.10/site-packages:/home/wego/team_ws/psh030917/py_bt_ros_1/install/yolo_msgs/local/lib/python3.10/dist-packages:/opt/ros/humble/lib/python3.10/site-packages:/opt/ros/humble/local/lib/python3.10/dist-packages /usr/bin/cmake --install /home/wego/team_ws/psh030917/py_bt_ros_1/build/yolo_bringup
