running egg_info
creating ../../build/limo_night_patrol/limo_night_patrol.egg-info
writing ../../build/limo_night_patrol/limo_night_patrol.egg-info/PKG-INFO
writing dependency_links to ../../build/limo_night_patrol/limo_night_patrol.egg-info/dependency_links.txt
writing entry points to ../../build/limo_night_patrol/limo_night_patrol.egg-info/entry_points.txt
writing requirements to ../../build/limo_night_patrol/limo_night_patrol.egg-info/requires.txt
writing top-level names to ../../build/limo_night_patrol/limo_night_patrol.egg-info/top_level.txt
writing manifest file '../../build/limo_night_patrol/limo_night_patrol.egg-info/SOURCES.txt'
reading manifest file '../../build/limo_night_patrol/limo_night_patrol.egg-info/SOURCES.txt'
writing manifest file '../../build/limo_night_patrol/limo_night_patrol.egg-info/SOURCES.txt'
running build
running build_py
creating /home/wego/team_ws/psh030917/py_bt_ros_1/build/limo_night_patrol/build
creating /home/wego/team_ws/psh030917/py_bt_ros_1/build/limo_night_patrol/build/lib
creating /home/wego/team_ws/psh030917/py_bt_ros_1/build/limo_night_patrol/build/lib/limo_night_patrol
copying limo_night_patrol/event_handler_night_node.py -> /home/wego/team_ws/psh030917/py_bt_ros_1/build/limo_night_patrol/build/lib/limo_night_patrol
copying limo_night_patrol/__init__.py -> /home/wego/team_ws/psh030917/py_bt_ros_1/build/limo_night_patrol/build/lib/limo_night_patrol
copying limo_night_patrol/dummy_safety_mux_node.py -> /home/wego/team_ws/psh030917/py_bt_ros_1/build/limo_night_patrol/build/lib/limo_night_patrol
copying limo_night_patrol/dummy_rgb_publisher_node.py -> /home/wego/team_ws/psh030917/py_bt_ros_1/build/limo_night_patrol/build/lib/limo_night_patrol
copying limo_night_patrol/dummy_navigator_node.py -> /home/wego/team_ws/psh030917/py_bt_ros_1/build/limo_night_patrol/build/lib/limo_night_patrol
copying limo_night_patrol/depth_obstacle_detector_node.py -> /home/wego/team_ws/psh030917/py_bt_ros_1/build/limo_night_patrol/build/lib/limo_night_patrol
copying limo_night_patrol/camera_capture_server_node.py -> /home/wego/team_ws/psh030917/py_bt_ros_1/build/limo_night_patrol/build/lib/limo_night_patrol
copying limo_night_patrol/patrol_manager_node.py -> /home/wego/team_ws/psh030917/py_bt_ros_1/build/limo_night_patrol/build/lib/limo_night_patrol
copying limo_night_patrol/night_intruder_detector_node.py -> /home/wego/team_ws/psh030917/py_bt_ros_1/build/limo_night_patrol/build/lib/limo_night_patrol
copying limo_night_patrol/dummy_limo_base_node.py -> /home/wego/team_ws/psh030917/py_bt_ros_1/build/limo_night_patrol/build/lib/limo_night_patrol
copying limo_night_patrol/mode_manager_node.py -> /home/wego/team_ws/psh030917/py_bt_ros_1/build/limo_night_patrol/build/lib/limo_night_patrol
running install
running install_lib
creating /home/wego/team_ws/psh030917/py_bt_ros_1/install/limo_night_patrol/lib/python3.10/site-packages/limo_night_patrol
copying /home/wego/team_ws/psh030917/py_bt_ros_1/build/limo_night_patrol/build/lib/limo_night_patrol/event_handler_night_node.py -> /home/wego/team_ws/psh030917/py_bt_ros_1/install/limo_night_patrol/lib/python3.10/site-packages/limo_night_patrol
copying /home/wego/team_ws/psh030917/py_bt_ros_1/build/limo_night_patrol/build/lib/limo_night_patrol/__init__.py -> /home/wego/team_ws/psh030917/py_bt_ros_1/install/limo_night_patrol/lib/python3.10/site-packages/limo_night_patrol
copying /home/wego/team_ws/psh030917/py_bt_ros_1/build/limo_night_patrol/build/lib/limo_night_patrol/dummy_safety_mux_node.py -> /home/wego/team_ws/psh030917/py_bt_ros_1/install/limo_night_patrol/lib/python3.10/site-packages/limo_night_patrol
copying /home/wego/team_ws/psh030917/py_bt_ros_1/build/limo_night_patrol/build/lib/limo_night_patrol/dummy_rgb_publisher_node.py -> /home/wego/team_ws/psh030917/py_bt_ros_1/install/limo_night_patrol/lib/python3.10/site-packages/limo_night_patrol
copying /home/wego/team_ws/psh030917/py_bt_ros_1/build/limo_night_patrol/build/lib/limo_night_patrol/dummy_navigator_node.py -> /home/wego/team_ws/psh030917/py_bt_ros_1/install/limo_night_patrol/lib/python3.10/site-packages/limo_night_patrol
copying /home/wego/team_ws/psh030917/py_bt_ros_1/build/limo_night_patrol/build/lib/limo_night_patrol/depth_obstacle_detector_node.py -> /home/wego/team_ws/psh030917/py_bt_ros_1/install/limo_night_patrol/lib/python3.10/site-packages/limo_night_patrol
copying /home/wego/team_ws/psh030917/py_bt_ros_1/build/limo_night_patrol/build/lib/limo_night_patrol/camera_capture_server_node.py -> /home/wego/team_ws/psh030917/py_bt_ros_1/install/limo_night_patrol/lib/python3.10/site-packages/limo_night_patrol
copying /home/wego/team_ws/psh030917/py_bt_ros_1/build/limo_night_patrol/build/lib/limo_night_patrol/patrol_manager_node.py -> /home/wego/team_ws/psh030917/py_bt_ros_1/install/limo_night_patrol/lib/python3.10/site-packages/limo_night_patrol
copying /home/wego/team_ws/psh030917/py_bt_ros_1/build/limo_night_patrol/build/lib/limo_night_patrol/night_intruder_detector_node.py -> /home/wego/team_ws/psh030917/py_bt_ros_1/install/limo_night_patrol/lib/python3.10/site-packages/limo_night_patrol
copying /home/wego/team_ws/psh030917/py_bt_ros_1/build/limo_night_patrol/build/lib/limo_night_patrol/dummy_limo_base_node.py -> /home/wego/team_ws/psh030917/py_bt_ros_1/install/limo_night_patrol/lib/python3.10/site-packages/limo_night_patrol
copying /home/wego/team_ws/psh030917/py_bt_ros_1/build/limo_night_patrol/build/lib/limo_night_patrol/mode_manager_node.py -> /home/wego/team_ws/psh030917/py_bt_ros_1/install/limo_night_patrol/lib/python3.10/site-packages/limo_night_patrol
byte-compiling /home/wego/team_ws/psh030917/py_bt_ros_1/install/limo_night_patrol/lib/python3.10/site-packages/limo_night_patrol/event_handler_night_node.py to event_handler_night_node.cpython-310.pyc
byte-compiling /home/wego/team_ws/psh030917/py_bt_ros_1/install/limo_night_patrol/lib/python3.10/site-packages/limo_night_patrol/__init__.py to __init__.cpython-310.pyc
byte-compiling /home/wego/team_ws/psh030917/py_bt_ros_1/install/limo_night_patrol/lib/python3.10/site-packages/limo_night_patrol/dummy_safety_mux_node.py to dummy_safety_mux_node.cpython-310.pyc
byte-compiling /home/wego/team_ws/psh030917/py_bt_ros_1/install/limo_night_patrol/lib/python3.10/site-packages/limo_night_patrol/dummy_rgb_publisher_node.py to dummy_rgb_publisher_node.cpython-310.pyc
byte-compiling /home/wego/team_ws/psh030917/py_bt_ros_1/install/limo_night_patrol/lib/python3.10/site-packages/limo_night_patrol/dummy_navigator_node.py to dummy_navigator_node.cpython-310.pyc
byte-compiling /home/wego/team_ws/psh030917/py_bt_ros_1/install/limo_night_patrol/lib/python3.10/site-packages/limo_night_patrol/depth_obstacle_detector_node.py to depth_obstacle_detector_node.cpython-310.pyc
byte-compiling /home/wego/team_ws/psh030917/py_bt_ros_1/install/limo_night_patrol/lib/python3.10/site-packages/limo_night_patrol/camera_capture_server_node.py to camera_capture_server_node.cpython-310.pyc
byte-compiling /home/wego/team_ws/psh030917/py_bt_ros_1/install/limo_night_patrol/lib/python3.10/site-packages/limo_night_patrol/patrol_manager_node.py to patrol_manager_node.cpython-310.pyc
byte-compiling /home/wego/team_ws/psh030917/py_bt_ros_1/install/limo_night_patrol/lib/python3.10/site-packages/limo_night_patrol/night_intruder_detector_node.py to night_intruder_detector_node.cpython-310.pyc
byte-compiling /home/wego/team_ws/psh030917/py_bt_ros_1/install/limo_night_patrol/lib/python3.10/site-packages/limo_night_patrol/dummy_limo_base_node.py to dummy_limo_base_node.cpython-310.pyc
byte-compiling /home/wego/team_ws/psh030917/py_bt_ros_1/install/limo_night_patrol/lib/python3.10/site-packages/limo_night_patrol/mode_manager_node.py to mode_manager_node.cpython-310.pyc
running install_data
creating /home/wego/team_ws/psh030917/py_bt_ros_1/install/limo_night_patrol/share
creating /home/wego/team_ws/psh030917/py_bt_ros_1/install/limo_night_patrol/share/ament_index
creating /home/wego/team_ws/psh030917/py_bt_ros_1/install/limo_night_patrol/share/ament_index/resource_index
creating /home/wego/team_ws/psh030917/py_bt_ros_1/install/limo_night_patrol/share/ament_index/resource_index/packages
copying resource/limo_night_patrol -> /home/wego/team_ws/psh030917/py_bt_ros_1/install/limo_night_patrol/share/ament_index/resource_index/packages
creating /home/wego/team_ws/psh030917/py_bt_ros_1/install/limo_night_patrol/share/limo_night_patrol
copying package.xml -> /home/wego/team_ws/psh030917/py_bt_ros_1/install/limo_night_patrol/share/limo_night_patrol
creating /home/wego/team_ws/psh030917/py_bt_ros_1/install/limo_night_patrol/share/limo_night_patrol/launch
copying launch/night_patrol.launch.py -> /home/wego/team_ws/psh030917/py_bt_ros_1/install/limo_night_patrol/share/limo_night_patrol/launch
copying launch/night_patrol_sim.launch.py -> /home/wego/team_ws/psh030917/py_bt_ros_1/install/limo_night_patrol/share/limo_night_patrol/launch
running install_egg_info
Copying ../../build/limo_night_patrol/limo_night_patrol.egg-info to /home/wego/team_ws/psh030917/py_bt_ros_1/install/limo_night_patrol/lib/python3.10/site-packages/limo_night_patrol-0.0.1-py3.10.egg-info
running install_scripts
Installing camera_capture_server script to /home/wego/team_ws/psh030917/py_bt_ros_1/install/limo_night_patrol/lib/limo_night_patrol
Installing depth_obstacle_detector script to /home/wego/team_ws/psh030917/py_bt_ros_1/install/limo_night_patrol/lib/limo_night_patrol
Installing dummy_limo_base script to /home/wego/team_ws/psh030917/py_bt_ros_1/install/limo_night_patrol/lib/limo_night_patrol
Installing dummy_navigator script to /home/wego/team_ws/psh030917/py_bt_ros_1/install/limo_night_patrol/lib/limo_night_patrol
Installing dummy_rgb_pub script to /home/wego/team_ws/psh030917/py_bt_ros_1/install/limo_night_patrol/lib/limo_night_patrol
Installing dummy_safety_mux script to /home/wego/team_ws/psh030917/py_bt_ros_1/install/limo_night_patrol/lib/limo_night_patrol
Installing event_handler_night script to /home/wego/team_ws/psh030917/py_bt_ros_1/install/limo_night_patrol/lib/limo_night_patrol
Installing mode_manager script to /home/wego/team_ws/psh030917/py_bt_ros_1/install/limo_night_patrol/lib/limo_night_patrol
Installing night_intruder_detector script to /home/wego/team_ws/psh030917/py_bt_ros_1/install/limo_night_patrol/lib/limo_night_patrol
Installing patrol_manager script to /home/wego/team_ws/psh030917/py_bt_ros_1/install/limo_night_patrol/lib/limo_night_patrol
writing list of installed files to '/home/wego/team_ws/psh030917/py_bt_ros_1/build/limo_night_patrol/install.log'
