running egg_info
writing ../../build/limo_fire_py/limo_fire_py.egg-info/PKG-INFO
writing dependency_links to ../../build/limo_fire_py/limo_fire_py.egg-info/dependency_links.txt
writing entry points to ../../build/limo_fire_py/limo_fire_py.egg-info/entry_points.txt
writing requirements to ../../build/limo_fire_py/limo_fire_py.egg-info/requires.txt
writing top-level names to ../../build/limo_fire_py/limo_fire_py.egg-info/top_level.txt
reading manifest file '../../build/limo_fire_py/limo_fire_py.egg-info/SOURCES.txt'
writing manifest file '../../build/limo_fire_py/limo_fire_py.egg-info/SOURCES.txt'
running build
running build_py
running install
running install_lib
running install_data
running install_egg_info
removing '/home/wego/team_ws/psh030917/py_bt_ros_1/install/limo_fire_py/lib/python3.10/site-packages/limo_fire_py-0.0.0-py3.10.egg-info' (and everything under it)
Copying ../../build/limo_fire_py/limo_fire_py.egg-info to /home/wego/team_ws/psh030917/py_bt_ros_1/install/limo_fire_py/lib/python3.10/site-packages/limo_fire_py-0.0.0-py3.10.egg-info
running install_scripts
Installing bt_runner script to /home/wego/team_ws/psh030917/py_bt_ros_1/install/limo_fire_py/lib/limo_fire_py
Installing bt_visualizer script to /home/wego/team_ws/psh030917/py_bt_ros_1/install/limo_fire_py/lib/limo_fire_py
Installing fire_alarm_notifier script to /home/wego/team_ws/psh030917/py_bt_ros_1/install/limo_fire_py/lib/limo_fire_py
Installing fire_safety_controller script to /home/wego/team_ws/psh030917/py_bt_ros_1/install/limo_fire_py/lib/limo_fire_py
Installing fire_sensor_publisher script to /home/wego/team_ws/psh030917/py_bt_ros_1/install/limo_fire_py/lib/limo_fire_py
Installing fire_sensor_reader script to /home/wego/team_ws/psh030917/py_bt_ros_1/install/limo_fire_py/lib/limo_fire_py
Installing pygame_visualizer script to /home/wego/team_ws/psh030917/py_bt_ros_1/install/limo_fire_py/lib/limo_fire_py
writing list of installed files to '/home/wego/team_ws/psh030917/py_bt_ros_1/build/limo_fire_py/install.log'
