[0.060s] Invoking command in '/home/wego/team_ws/psh030917/py_bt_ros_1/build/yolo_msgs': CMAKE_PREFIX_PATH=/opt/ros/humble /usr/bin/cmake /home/wego/team_ws/psh030917/py_bt_ros_1/src/yolo_ros/yolo_msgs -DCMAKE_INSTALL_PREFIX=/home/wego/team_ws/psh030917/py_bt_ros_1/install/yolo_msgs
[0.869s] -- The C compiler identification is GNU 11.4.0
[0.869s] -- The CXX compiler identification is GNU 11.4.0
[0.870s] -- Detecting C compiler ABI info
[0.871s] -- Detecting C compiler ABI info - done
[0.871s] -- Check for working C compiler: /usr/bin/cc - skipped
[0.871s] -- Detecting C compile features
[0.871s] -- Detecting C compile features - done
[0.872s] -- Detecting CXX compiler ABI info
[1.003s] -- Detecting CXX compiler ABI info - done
[1.018s] -- Check for working CXX compiler: /usr/bin/c++ - skipped
[1.019s] -- Detecting CXX compile features
[1.020s] -- Detecting CXX compile features - done
[1.026s] -- Found ament_cmake: 1.3.12 (/opt/ros/humble/share/ament_cmake/cmake)
[1.484s] -- Found Python3: /usr/bin/python3 (found version "3.10.12") found components: Interpreter 
[1.719s] -- Found rosidl_default_generators: 1.2.0 (/opt/ros/humble/share/rosidl_default_generators/cmake)
[1.727s] -- Using all available rosidl_typesupport_c: rosidl_typesupport_fastrtps_c;rosidl_typesupport_introspection_c
[1.742s] -- Found rosidl_adapter: 3.1.7 (/opt/ros/humble/share/rosidl_adapter/cmake)
[1.862s] -- Using all available rosidl_typesupport_cpp: rosidl_typesupport_fastrtps_cpp;rosidl_typesupport_introspection_cpp
[1.976s] -- Found std_msgs: 4.9.0 (/opt/ros/humble/share/std_msgs/cmake)
[2.098s] -- Found geometry_msgs: 4.9.0 (/opt/ros/humble/share/geometry_msgs/cmake)
[3.260s] -- Found ament_cmake_ros: 0.10.0 (/opt/ros/humble/share/ament_cmake_ros/cmake)
[4.069s] -- Using all available rosidl_typesupport_c: rosidl_typesupport_fastrtps_c;rosidl_typesupport_introspection_c
[4.920s] -- Using all available rosidl_typesupport_cpp: rosidl_typesupport_fastrtps_cpp;rosidl_typesupport_introspection_cpp
[5.030s] -- Found PythonInterp: /usr/bin/python3 (found suitable version "3.10.12", minimum required is "3.6") 
[5.041s] -- Found python_cmake_module: 0.10.0 (/opt/ros/humble/share/python_cmake_module/cmake)
[5.169s] -- Found PythonLibs: /usr/lib/aarch64-linux-gnu/libpython3.10.so (found suitable version "3.10.12", minimum required is "3.5") 
[5.170s] -- Using PYTHON_EXECUTABLE: /usr/bin/python3
[5.170s] -- Using PYTHON_INCLUDE_DIRS: /usr/include/python3.10
[5.170s] -- Using PYTHON_LIBRARIES: /usr/lib/aarch64-linux-gnu/libpython3.10.so
[5.275s] -- Found PythonExtra: .so  
[5.506s] -- Configuring done
[5.690s] -- Generating done
[5.756s] -- Build files have been written to: /home/wego/team_ws/psh030917/py_bt_ros_1/build/yolo_msgs
[5.805s] Invoked command in '/home/wego/team_ws/psh030917/py_bt_ros_1/build/yolo_msgs' returned '0': CMAKE_PREFIX_PATH=/opt/ros/humble /usr/bin/cmake /home/wego/team_ws/psh030917/py_bt_ros_1/src/yolo_ros/yolo_msgs -DCMAKE_INSTALL_PREFIX=/home/wego/team_ws/psh030917/py_bt_ros_1/install/yolo_msgs
[5.806s] Invoking command in '/home/wego/team_ws/psh030917/py_bt_ros_1/build/yolo_msgs': CMAKE_PREFIX_PATH=/opt/ros/humble /usr/bin/cmake --build /home/wego/team_ws/psh030917/py_bt_ros_1/build/yolo_msgs -- -j6 -l6
[6.067s] [  1%] [34m[1mGenerating C code for ROS interfaces[0m
[6.106s] [  1%] [34m[1mGenerating C++ code for ROS interfaces[0m
[6.166s] [  1%] Built target ament_cmake_python_copy_yolo_msgs
[7.224s] running egg_info
[7.235s] creating yolo_msgs.egg-info
[7.235s] writing yolo_msgs.egg-info/PKG-INFO
[7.236s] writing dependency_links to yolo_msgs.egg-info/dependency_links.txt
[7.237s] writing top-level names to yolo_msgs.egg-info/top_level.txt
[7.240s] writing manifest file 'yolo_msgs.egg-info/SOURCES.txt'
[7.246s] reading manifest file 'yolo_msgs.egg-info/SOURCES.txt'
[7.247s] writing manifest file 'yolo_msgs.egg-info/SOURCES.txt'
[7.467s] [  1%] Built target ament_cmake_python_build_yolo_msgs_egg
[9.772s] [  1%] Built target yolo_msgs__cpp
[9.801s] [  2%] [34m[1mGenerating C++ type support for eProsima Fast-RTPS[0m
[9.810s] [  3%] [34m[1mGenerating C++ type support dispatch for ROS interfaces[0m
[9.826s] [  3%] [34m[1mGenerating C++ introspection for ROS interfaces[0m
[10.253s] [  3%] [32mBuilding C object CMakeFiles/yolo_msgs__rosidl_generator_c.dir/rosidl_generator_c/yolo_msgs/msg/detail/vector2__functions.c.o[0m
[10.268s] [  4%] [32mBuilding C object CMakeFiles/yolo_msgs__rosidl_generator_c.dir/rosidl_generator_c/yolo_msgs/msg/detail/pose2_d__functions.c.o[0m
[10.284s] [  5%] [32mBuilding C object CMakeFiles/yolo_msgs__rosidl_generator_c.dir/rosidl_generator_c/yolo_msgs/msg/detail/point2_d__functions.c.o[0m
[10.371s] [  6%] [32mBuilding C object CMakeFiles/yolo_msgs__rosidl_generator_c.dir/rosidl_generator_c/yolo_msgs/msg/detail/bounding_box2_d__functions.c.o[0m
[10.487s] [  7%] [32mBuilding C object CMakeFiles/yolo_msgs__rosidl_generator_c.dir/rosidl_generator_c/yolo_msgs/msg/detail/bounding_box3_d__functions.c.o[0m
[10.516s] [  8%] [32mBuilding C object CMakeFiles/yolo_msgs__rosidl_generator_c.dir/rosidl_generator_c/yolo_msgs/msg/detail/mask__functions.c.o[0m
[10.534s] [  8%] [32mBuilding C object CMakeFiles/yolo_msgs__rosidl_generator_c.dir/rosidl_generator_c/yolo_msgs/msg/detail/key_point2_d__functions.c.o[0m
[10.660s] [  9%] [32mBuilding C object CMakeFiles/yolo_msgs__rosidl_generator_c.dir/rosidl_generator_c/yolo_msgs/msg/detail/key_point2_d_array__functions.c.o[0m
[10.727s] [ 10%] [32mBuilding C object CMakeFiles/yolo_msgs__rosidl_generator_c.dir/rosidl_generator_c/yolo_msgs/msg/detail/key_point3_d__functions.c.o[0m
[10.736s] [ 11%] [32mBuilding C object CMakeFiles/yolo_msgs__rosidl_generator_c.dir/rosidl_generator_c/yolo_msgs/msg/detail/key_point3_d_array__functions.c.o[0m
[10.847s] [ 12%] [32mBuilding C object CMakeFiles/yolo_msgs__rosidl_generator_c.dir/rosidl_generator_c/yolo_msgs/msg/detail/detection__functions.c.o[0m
[10.985s] [ 12%] [32mBuilding C object CMakeFiles/yolo_msgs__rosidl_generator_c.dir/rosidl_generator_c/yolo_msgs/msg/detail/detection_array__functions.c.o[0m
[11.026s] [ 13%] [32mBuilding C object CMakeFiles/yolo_msgs__rosidl_generator_c.dir/rosidl_generator_c/yolo_msgs/srv/detail/set_classes__functions.c.o[0m
[11.246s] [ 14%] [32m[1mLinking C shared library libyolo_msgs__rosidl_generator_c.so[0m
[11.418s] [ 14%] Built target yolo_msgs__rosidl_generator_c
[11.498s] [ 15%] [34m[1mGenerating C introspection for ROS interfaces[0m
[11.502s] [ 16%] [34m[1mGenerating C type support for eProsima Fast-RTPS[0m
[11.524s] [ 17%] [34m[1mGenerating C type support dispatch for ROS interfaces[0m
[12.857s] [ 18%] [32mBuilding CXX object CMakeFiles/yolo_msgs__rosidl_typesupport_cpp.dir/rosidl_typesupport_cpp/yolo_msgs/msg/point2_d__type_support.cpp.o[0m
[13.687s] [ 19%] [32mBuilding CXX object CMakeFiles/yolo_msgs__rosidl_typesupport_fastrtps_cpp.dir/rosidl_typesupport_fastrtps_cpp/yolo_msgs/msg/detail/dds_fastrtps/point2_d__type_support.cpp.o[0m
[13.809s] [ 20%] [32mBuilding CXX object CMakeFiles/yolo_msgs__rosidl_typesupport_cpp.dir/rosidl_typesupport_cpp/yolo_msgs/msg/vector2__type_support.cpp.o[0m
[14.206s] [ 21%] [32mBuilding CXX object CMakeFiles/yolo_msgs__rosidl_typesupport_introspection_cpp.dir/rosidl_typesupport_introspection_cpp/yolo_msgs/msg/detail/point2_d__type_support.cpp.o[0m
[14.562s] [ 21%] [32mBuilding CXX object CMakeFiles/yolo_msgs__rosidl_typesupport_c.dir/rosidl_typesupport_c/yolo_msgs/msg/point2_d__type_support.cpp.o[0m
[14.641s] [ 21%] [32mBuilding CXX object CMakeFiles/yolo_msgs__rosidl_typesupport_cpp.dir/rosidl_typesupport_cpp/yolo_msgs/msg/pose2_d__type_support.cpp.o[0m
[14.655s] [ 22%] [32mBuilding CXX object CMakeFiles/yolo_msgs__rosidl_typesupport_c.dir/rosidl_typesupport_c/yolo_msgs/msg/vector2__type_support.cpp.o[0m
[14.663s] [ 23%] [32mBuilding C object CMakeFiles/yolo_msgs__rosidl_typesupport_introspection_c.dir/rosidl_typesupport_introspection_c/yolo_msgs/msg/detail/point2_d__type_support.c.o[0m
[14.672s] [ 24%] [32mBuilding CXX object CMakeFiles/yolo_msgs__rosidl_typesupport_fastrtps_cpp.dir/rosidl_typesupport_fastrtps_cpp/yolo_msgs/msg/detail/dds_fastrtps/vector2__type_support.cpp.o[0m
[14.764s] [ 25%] [32mBuilding C object CMakeFiles/yolo_msgs__rosidl_typesupport_introspection_c.dir/rosidl_typesupport_introspection_c/yolo_msgs/msg/detail/vector2__type_support.c.o[0m
[14.775s] [ 26%] [32mBuilding CXX object CMakeFiles/yolo_msgs__rosidl_typesupport_c.dir/rosidl_typesupport_c/yolo_msgs/msg/pose2_d__type_support.cpp.o[0m
[14.872s] [ 26%] [32mBuilding C object CMakeFiles/yolo_msgs__rosidl_typesupport_introspection_c.dir/rosidl_typesupport_introspection_c/yolo_msgs/msg/detail/pose2_d__type_support.c.o[0m
[14.888s] [ 27%] [32mBuilding CXX object CMakeFiles/yolo_msgs__rosidl_typesupport_c.dir/rosidl_typesupport_c/yolo_msgs/msg/bounding_box2_d__type_support.cpp.o[0m
[14.988s] [ 28%] [32mBuilding C object CMakeFiles/yolo_msgs__rosidl_typesupport_introspection_c.dir/rosidl_typesupport_introspection_c/yolo_msgs/msg/detail/bounding_box2_d__type_support.c.o[0m
[14.995s] [ 29%] [32mBuilding CXX object CMakeFiles/yolo_msgs__rosidl_typesupport_c.dir/rosidl_typesupport_c/yolo_msgs/msg/bounding_box3_d__type_support.cpp.o[0m
[15.098s] [ 29%] [32mBuilding CXX object CMakeFiles/yolo_msgs__rosidl_typesupport_c.dir/rosidl_typesupport_c/yolo_msgs/msg/mask__type_support.cpp.o[0m
[15.105s] [ 30%] [32mBuilding C object CMakeFiles/yolo_msgs__rosidl_typesupport_introspection_c.dir/rosidl_typesupport_introspection_c/yolo_msgs/msg/detail/bounding_box3_d__type_support.c.o[0m
[15.198s] [ 31%] [32mBuilding CXX object CMakeFiles/yolo_msgs__rosidl_typesupport_c.dir/rosidl_typesupport_c/yolo_msgs/msg/key_point2_d__type_support.cpp.o[0m
[15.240s] [ 32%] [32mBuilding C object CMakeFiles/yolo_msgs__rosidl_typesupport_introspection_c.dir/rosidl_typesupport_introspection_c/yolo_msgs/msg/detail/mask__type_support.c.o[0m
[15.269s] [ 33%] [32mBuilding CXX object CMakeFiles/yolo_msgs__rosidl_typesupport_cpp.dir/rosidl_typesupport_cpp/yolo_msgs/msg/bounding_box2_d__type_support.cpp.o[0m
[15.302s] [ 34%] [32mBuilding CXX object CMakeFiles/yolo_msgs__rosidl_typesupport_c.dir/rosidl_typesupport_c/yolo_msgs/msg/key_point2_d_array__type_support.cpp.o[0m
[15.397s] [ 36%] [32mBuilding CXX object CMakeFiles/yolo_msgs__rosidl_typesupport_fastrtps_c.dir/rosidl_typesupport_fastrtps_c/yolo_msgs/msg/detail/point2_d__type_support_c.cpp.o[0m
[15.399s] [ 36%] [32mBuilding CXX object CMakeFiles/yolo_msgs__rosidl_typesupport_c.dir/rosidl_typesupport_c/yolo_msgs/msg/key_point3_d__type_support.cpp.o[0m
[15.399s] [ 37%] [32mBuilding C object CMakeFiles/yolo_msgs__rosidl_typesupport_introspection_c.dir/rosidl_typesupport_introspection_c/yolo_msgs/msg/detail/key_point2_d__type_support.c.o[0m
[15.507s] [ 38%] [32mBuilding CXX object CMakeFiles/yolo_msgs__rosidl_typesupport_introspection_cpp.dir/rosidl_typesupport_introspection_cpp/yolo_msgs/msg/detail/vector2__type_support.cpp.o[0m
[15.515s] [ 39%] [32mBuilding CXX object CMakeFiles/yolo_msgs__rosidl_typesupport_c.dir/rosidl_typesupport_c/yolo_msgs/msg/key_point3_d_array__type_support.cpp.o[0m
[15.536s] [ 39%] [32mBuilding C object CMakeFiles/yolo_msgs__rosidl_typesupport_introspection_c.dir/rosidl_typesupport_introspection_c/yolo_msgs/msg/detail/key_point2_d_array__type_support.c.o[0m
[15.627s] [ 39%] [32mBuilding CXX object CMakeFiles/yolo_msgs__rosidl_typesupport_c.dir/rosidl_typesupport_c/yolo_msgs/msg/detection__type_support.cpp.o[0m
[15.694s] [ 40%] [32mBuilding C object CMakeFiles/yolo_msgs__rosidl_typesupport_introspection_c.dir/rosidl_typesupport_introspection_c/yolo_msgs/msg/detail/key_point3_d__type_support.c.o[0m
[15.757s] [ 41%] [32mBuilding CXX object CMakeFiles/yolo_msgs__rosidl_typesupport_c.dir/rosidl_typesupport_c/yolo_msgs/msg/detection_array__type_support.cpp.o[0m
[15.848s] [ 42%] [32mBuilding C object CMakeFiles/yolo_msgs__rosidl_typesupport_introspection_c.dir/rosidl_typesupport_introspection_c/yolo_msgs/msg/detail/key_point3_d_array__type_support.c.o[0m
[15.856s] [ 43%] [32mBuilding CXX object CMakeFiles/yolo_msgs__rosidl_typesupport_c.dir/rosidl_typesupport_c/yolo_msgs/srv/set_classes__type_support.cpp.o[0m
[15.959s] [ 45%] [32m[1mLinking CXX shared library libyolo_msgs__rosidl_typesupport_c.so[0m
[15.959s] [ 45%] [32mBuilding CXX object CMakeFiles/yolo_msgs__rosidl_typesupport_fastrtps_cpp.dir/rosidl_typesupport_fastrtps_cpp/yolo_msgs/msg/detail/dds_fastrtps/pose2_d__type_support.cpp.o[0m
[15.969s] [ 46%] [32mBuilding C object CMakeFiles/yolo_msgs__rosidl_typesupport_introspection_c.dir/rosidl_typesupport_introspection_c/yolo_msgs/msg/detail/detection__type_support.c.o[0m
[16.071s] [ 46%] Built target yolo_msgs__rosidl_typesupport_c
[16.090s] [ 47%] [32mBuilding C object CMakeFiles/yolo_msgs__rosidl_typesupport_introspection_c.dir/rosidl_typesupport_introspection_c/yolo_msgs/srv/detail/set_classes__type_support.c.o[0m
[16.090s] [ 47%] [32mBuilding C object CMakeFiles/yolo_msgs__rosidl_typesupport_introspection_c.dir/rosidl_typesupport_introspection_c/yolo_msgs/msg/detail/detection_array__type_support.c.o[0m
[16.174s] [ 48%] [32mBuilding CXX object CMakeFiles/yolo_msgs__rosidl_typesupport_cpp.dir/rosidl_typesupport_cpp/yolo_msgs/msg/bounding_box3_d__type_support.cpp.o[0m
[16.178s] [ 48%] [32mBuilding CXX object CMakeFiles/yolo_msgs__rosidl_typesupport_fastrtps_c.dir/rosidl_typesupport_fastrtps_c/yolo_msgs/msg/detail/vector2__type_support_c.cpp.o[0m
[16.186s] [ 48%] [32mBuilding CXX object CMakeFiles/yolo_msgs__rosidl_typesupport_fastrtps_cpp.dir/rosidl_typesupport_fastrtps_cpp/yolo_msgs/msg/detail/dds_fastrtps/bounding_box2_d__type_support.cpp.o[0m
[16.197s] [ 49%] [32m[1mLinking C shared library libyolo_msgs__rosidl_typesupport_introspection_c.so[0m
[16.338s] [ 49%] Built target yolo_msgs__rosidl_typesupport_introspection_c
[16.360s] [ 50%] [32mBuilding CXX object CMakeFiles/yolo_msgs__rosidl_typesupport_fastrtps_cpp.dir/rosidl_typesupport_fastrtps_cpp/yolo_msgs/msg/detail/dds_fastrtps/bounding_box3_d__type_support.cpp.o[0m
[16.436s] [ 51%] [32mBuilding CXX object CMakeFiles/yolo_msgs__rosidl_typesupport_introspection_cpp.dir/rosidl_typesupport_introspection_cpp/yolo_msgs/msg/detail/pose2_d__type_support.cpp.o[0m
[16.914s] [ 52%] [32mBuilding CXX object CMakeFiles/yolo_msgs__rosidl_typesupport_fastrtps_cpp.dir/rosidl_typesupport_fastrtps_cpp/yolo_msgs/msg/detail/dds_fastrtps/mask__type_support.cpp.o[0m
[17.077s] [ 53%] [32mBuilding CXX object CMakeFiles/yolo_msgs__rosidl_typesupport_cpp.dir/rosidl_typesupport_cpp/yolo_msgs/msg/mask__type_support.cpp.o[0m
[17.323s] [ 54%] [32mBuilding CXX object CMakeFiles/yolo_msgs__rosidl_typesupport_fastrtps_c.dir/rosidl_typesupport_fastrtps_c/yolo_msgs/msg/detail/pose2_d__type_support_c.cpp.o[0m
[17.394s] [ 55%] [32mBuilding CXX object CMakeFiles/yolo_msgs__rosidl_typesupport_fastrtps_cpp.dir/rosidl_typesupport_fastrtps_cpp/yolo_msgs/msg/detail/dds_fastrtps/key_point2_d__type_support.cpp.o[0m
[17.438s] [ 56%] [32mBuilding CXX object CMakeFiles/yolo_msgs__rosidl_typesupport_fastrtps_cpp.dir/rosidl_typesupport_fastrtps_cpp/yolo_msgs/msg/detail/dds_fastrtps/key_point2_d_array__type_support.cpp.o[0m
[17.808s] [ 57%] [32mBuilding CXX object CMakeFiles/yolo_msgs__rosidl_typesupport_cpp.dir/rosidl_typesupport_cpp/yolo_msgs/msg/key_point2_d__type_support.cpp.o[0m
[17.852s] [ 58%] [32mBuilding CXX object CMakeFiles/yolo_msgs__rosidl_typesupport_introspection_cpp.dir/rosidl_typesupport_introspection_cpp/yolo_msgs/msg/detail/bounding_box2_d__type_support.cpp.o[0m
[18.117s] [ 58%] [32mBuilding CXX object CMakeFiles/yolo_msgs__rosidl_typesupport_fastrtps_cpp.dir/rosidl_typesupport_fastrtps_cpp/yolo_msgs/msg/detail/dds_fastrtps/key_point3_d__type_support.cpp.o[0m
[18.347s] [ 59%] [32mBuilding CXX object CMakeFiles/yolo_msgs__rosidl_typesupport_fastrtps_c.dir/rosidl_typesupport_fastrtps_c/yolo_msgs/msg/detail/bounding_box2_d__type_support_c.cpp.o[0m
[18.484s] [ 60%] [32mBuilding CXX object CMakeFiles/yolo_msgs__rosidl_typesupport_fastrtps_cpp.dir/rosidl_typesupport_fastrtps_cpp/yolo_msgs/msg/detail/dds_fastrtps/key_point3_d_array__type_support.cpp.o[0m
[18.525s] [ 60%] [32mBuilding CXX object CMakeFiles/yolo_msgs__rosidl_typesupport_cpp.dir/rosidl_typesupport_cpp/yolo_msgs/msg/key_point2_d_array__type_support.cpp.o[0m
[18.532s] [ 61%] [32mBuilding CXX object CMakeFiles/yolo_msgs__rosidl_typesupport_fastrtps_cpp.dir/rosidl_typesupport_fastrtps_cpp/yolo_msgs/msg/detail/dds_fastrtps/detection__type_support.cpp.o[0m
[19.101s] [ 62%] [32mBuilding CXX object CMakeFiles/yolo_msgs__rosidl_typesupport_fastrtps_cpp.dir/rosidl_typesupport_fastrtps_cpp/yolo_msgs/msg/detail/dds_fastrtps/detection_array__type_support.cpp.o[0m
[19.148s] [ 63%] [32mBuilding CXX object CMakeFiles/yolo_msgs__rosidl_typesupport_fastrtps_c.dir/rosidl_typesupport_fastrtps_c/yolo_msgs/msg/detail/bounding_box3_d__type_support_c.cpp.o[0m
[19.168s] [ 63%] [32mBuilding CXX object CMakeFiles/yolo_msgs__rosidl_typesupport_introspection_cpp.dir/rosidl_typesupport_introspection_cpp/yolo_msgs/msg/detail/bounding_box3_d__type_support.cpp.o[0m
[19.400s] [ 64%] [32mBuilding CXX object CMakeFiles/yolo_msgs__rosidl_typesupport_cpp.dir/rosidl_typesupport_cpp/yolo_msgs/msg/key_point3_d__type_support.cpp.o[0m
[19.661s] [ 65%] [32mBuilding CXX object CMakeFiles/yolo_msgs__rosidl_typesupport_cpp.dir/rosidl_typesupport_cpp/yolo_msgs/msg/key_point3_d_array__type_support.cpp.o[0m
[19.708s] [ 66%] [32mBuilding CXX object CMakeFiles/yolo_msgs__rosidl_typesupport_cpp.dir/rosidl_typesupport_cpp/yolo_msgs/msg/detection__type_support.cpp.o[0m
[20.034s] [ 67%] [32mBuilding CXX object CMakeFiles/yolo_msgs__rosidl_typesupport_fastrtps_cpp.dir/rosidl_typesupport_fastrtps_cpp/yolo_msgs/srv/detail/dds_fastrtps/set_classes__type_support.cpp.o[0m
[20.160s] [ 68%] [32mBuilding CXX object CMakeFiles/yolo_msgs__rosidl_typesupport_fastrtps_c.dir/rosidl_typesupport_fastrtps_c/yolo_msgs/msg/detail/mask__type_support_c.cpp.o[0m
[20.284s] [ 68%] [32mBuilding CXX object CMakeFiles/yolo_msgs__rosidl_typesupport_fastrtps_c.dir/rosidl_typesupport_fastrtps_c/yolo_msgs/msg/detail/key_point2_d__type_support_c.cpp.o[0m
[20.389s] [ 69%] [32mBuilding CXX object CMakeFiles/yolo_msgs__rosidl_typesupport_cpp.dir/rosidl_typesupport_cpp/yolo_msgs/msg/detection_array__type_support.cpp.o[0m
[20.557s] [ 69%] [32mBuilding CXX object CMakeFiles/yolo_msgs__rosidl_typesupport_cpp.dir/rosidl_typesupport_cpp/yolo_msgs/srv/set_classes__type_support.cpp.o[0m
[20.594s] [ 70%] [32mBuilding CXX object CMakeFiles/yolo_msgs__rosidl_typesupport_introspection_cpp.dir/rosidl_typesupport_introspection_cpp/yolo_msgs/msg/detail/mask__type_support.cpp.o[0m
[21.078s] [ 71%] [32mBuilding CXX object CMakeFiles/yolo_msgs__rosidl_typesupport_fastrtps_c.dir/rosidl_typesupport_fastrtps_c/yolo_msgs/msg/detail/key_point2_d_array__type_support_c.cpp.o[0m
[21.142s] [ 72%] [32mBuilding CXX object CMakeFiles/yolo_msgs__rosidl_typesupport_fastrtps_c.dir/rosidl_typesupport_fastrtps_c/yolo_msgs/msg/detail/key_point3_d__type_support_c.cpp.o[0m
[21.164s] [ 72%] [32m[1mLinking CXX shared library libyolo_msgs__rosidl_typesupport_fastrtps_cpp.so[0m
[21.164s] [ 73%] [32mBuilding CXX object CMakeFiles/yolo_msgs__rosidl_typesupport_introspection_cpp.dir/rosidl_typesupport_introspection_cpp/yolo_msgs/msg/detail/key_point2_d__type_support.cpp.o[0m
[21.391s] [ 73%] Built target yolo_msgs__rosidl_typesupport_fastrtps_cpp
[21.408s] [ 74%] [32mBuilding CXX object CMakeFiles/yolo_msgs__rosidl_typesupport_introspection_cpp.dir/rosidl_typesupport_introspection_cpp/yolo_msgs/msg/detail/key_point2_d_array__type_support.cpp.o[0m
[21.413s] [ 75%] [32m[1mLinking CXX shared library libyolo_msgs__rosidl_typesupport_cpp.so[0m
[21.522s] [ 75%] Built target yolo_msgs__rosidl_typesupport_cpp
[21.546s] [ 76%] [32mBuilding CXX object CMakeFiles/yolo_msgs__rosidl_typesupport_introspection_cpp.dir/rosidl_typesupport_introspection_cpp/yolo_msgs/msg/detail/key_point3_d__type_support.cpp.o[0m
[21.723s] [ 76%] [32mBuilding CXX object CMakeFiles/yolo_msgs__rosidl_typesupport_introspection_cpp.dir/rosidl_typesupport_introspection_cpp/yolo_msgs/msg/detail/key_point3_d_array__type_support.cpp.o[0m
[22.064s] [ 77%] [32mBuilding CXX object CMakeFiles/yolo_msgs__rosidl_typesupport_fastrtps_c.dir/rosidl_typesupport_fastrtps_c/yolo_msgs/msg/detail/key_point3_d_array__type_support_c.cpp.o[0m
[22.198s] [ 78%] [32mBuilding CXX object CMakeFiles/yolo_msgs__rosidl_typesupport_introspection_cpp.dir/rosidl_typesupport_introspection_cpp/yolo_msgs/msg/detail/detection__type_support.cpp.o[0m
[22.358s] [ 79%] [32mBuilding CXX object CMakeFiles/yolo_msgs__rosidl_typesupport_fastrtps_c.dir/rosidl_typesupport_fastrtps_c/yolo_msgs/msg/detail/detection__type_support_c.cpp.o[0m
[22.451s] [ 79%] [32mBuilding CXX object CMakeFiles/yolo_msgs__rosidl_typesupport_fastrtps_c.dir/rosidl_typesupport_fastrtps_c/yolo_msgs/msg/detail/detection_array__type_support_c.cpp.o[0m
[22.514s] [ 80%] [32mBuilding CXX object CMakeFiles/yolo_msgs__rosidl_typesupport_introspection_cpp.dir/rosidl_typesupport_introspection_cpp/yolo_msgs/msg/detail/detection_array__type_support.cpp.o[0m
[22.914s] [ 81%] [32mBuilding CXX object CMakeFiles/yolo_msgs__rosidl_typesupport_introspection_cpp.dir/rosidl_typesupport_introspection_cpp/yolo_msgs/srv/detail/set_classes__type_support.cpp.o[0m
[23.070s] [ 82%] [32mBuilding CXX object CMakeFiles/yolo_msgs__rosidl_typesupport_fastrtps_c.dir/rosidl_typesupport_fastrtps_c/yolo_msgs/srv/detail/set_classes__type_support_c.cpp.o[0m
[23.941s] [ 83%] [32m[1mLinking CXX shared library libyolo_msgs__rosidl_typesupport_fastrtps_c.so[0m
[24.114s] [ 83%] Built target yolo_msgs__rosidl_typesupport_fastrtps_c
[24.190s] [ 84%] [32m[1mLinking CXX shared library libyolo_msgs__rosidl_typesupport_introspection_cpp.so[0m
[24.433s] [ 84%] Built target yolo_msgs__rosidl_typesupport_introspection_cpp
[24.474s] [ 84%] Built target yolo_msgs
[24.521s] [ 85%] [34m[1mGenerating Python code for ROS interfaces[0m
[28.361s] [ 85%] Built target yolo_msgs__py
[28.409s] [ 86%] [32mBuilding C object CMakeFiles/yolo_msgs__rosidl_generator_py.dir/rosidl_generator_py/yolo_msgs/msg/_point2_d_s.c.o[0m
[28.409s] [ 87%] [32mBuilding C object CMakeFiles/yolo_msgs__rosidl_generator_py.dir/rosidl_generator_py/yolo_msgs/msg/_pose2_d_s.c.o[0m
[28.414s] [ 88%] [32mBuilding C object CMakeFiles/yolo_msgs__rosidl_generator_py.dir/rosidl_generator_py/yolo_msgs/msg/_mask_s.c.o[0m
[28.414s] [ 88%] [32mBuilding C object CMakeFiles/yolo_msgs__rosidl_generator_py.dir/rosidl_generator_py/yolo_msgs/msg/_vector2_s.c.o[0m
[28.423s] [ 89%] [32mBuilding C object CMakeFiles/yolo_msgs__rosidl_generator_py.dir/rosidl_generator_py/yolo_msgs/msg/_bounding_box3_d_s.c.o[0m
[28.424s] [ 90%] [32mBuilding C object CMakeFiles/yolo_msgs__rosidl_generator_py.dir/rosidl_generator_py/yolo_msgs/msg/_bounding_box2_d_s.c.o[0m
[28.672s] [ 90%] [32mBuilding C object CMakeFiles/yolo_msgs__rosidl_generator_py.dir/rosidl_generator_py/yolo_msgs/msg/_key_point2_d_s.c.o[0m
[28.704s] [ 91%] [32mBuilding C object CMakeFiles/yolo_msgs__rosidl_generator_py.dir/rosidl_generator_py/yolo_msgs/msg/_key_point2_d_array_s.c.o[0m
[28.719s] [ 92%] [32mBuilding C object CMakeFiles/yolo_msgs__rosidl_generator_py.dir/rosidl_generator_py/yolo_msgs/msg/_key_point3_d_s.c.o[0m
[28.730s] [ 93%] [32mBuilding C object CMakeFiles/yolo_msgs__rosidl_generator_py.dir/rosidl_generator_py/yolo_msgs/msg/_key_point3_d_array_s.c.o[0m
[28.742s] [ 94%] [32mBuilding C object CMakeFiles/yolo_msgs__rosidl_generator_py.dir/rosidl_generator_py/yolo_msgs/msg/_detection_s.c.o[0m
[28.777s] [ 94%] [32mBuilding C object CMakeFiles/yolo_msgs__rosidl_generator_py.dir/rosidl_generator_py/yolo_msgs/msg/_detection_array_s.c.o[0m
[28.938s] [ 95%] [32mBuilding C object CMakeFiles/yolo_msgs__rosidl_generator_py.dir/rosidl_generator_py/yolo_msgs/srv/_set_classes_s.c.o[0m
[29.191s] [ 96%] [32m[1mLinking C shared library rosidl_generator_py/yolo_msgs/libyolo_msgs__rosidl_generator_py.so[0m
[29.280s] [ 96%] Built target yolo_msgs__rosidl_generator_py
[29.320s] [ 97%] [32mBuilding C object CMakeFiles/yolo_msgs__rosidl_typesupport_introspection_c__pyext.dir/rosidl_generator_py/yolo_msgs/_yolo_msgs_s.ep.rosidl_typesupport_introspection_c.c.o[0m
[29.320s] [ 98%] [32mBuilding C object CMakeFiles/yolo_msgs__rosidl_typesupport_c__pyext.dir/rosidl_generator_py/yolo_msgs/_yolo_msgs_s.ep.rosidl_typesupport_c.c.o[0m
[29.330s] [ 99%] [32mBuilding C object CMakeFiles/yolo_msgs__rosidl_typesupport_fastrtps_c__pyext.dir/rosidl_generator_py/yolo_msgs/_yolo_msgs_s.ep.rosidl_typesupport_fastrtps_c.c.o[0m
[29.624s] [ 99%] [32m[1mLinking C shared library rosidl_generator_py/yolo_msgs/yolo_msgs_s__rosidl_typesupport_c.cpython-310-aarch64-linux-gnu.so[0m
[29.639s] [100%] [32m[1mLinking C shared library rosidl_generator_py/yolo_msgs/yolo_msgs_s__rosidl_typesupport_introspection_c.cpython-310-aarch64-linux-gnu.so[0m
[29.640s] [100%] [32m[1mLinking C shared library rosidl_generator_py/yolo_msgs/yolo_msgs_s__rosidl_typesupport_fastrtps_c.cpython-310-aarch64-linux-gnu.so[0m
[29.727s] [100%] Built target yolo_msgs__rosidl_typesupport_c__pyext
[29.736s] [100%] Built target yolo_msgs__rosidl_typesupport_fastrtps_c__pyext
[29.737s] [100%] Built target yolo_msgs__rosidl_typesupport_introspection_c__pyext
[29.770s] Invoked command in '/home/wego/team_ws/psh030917/py_bt_ros_1/build/yolo_msgs' returned '0': CMAKE_PREFIX_PATH=/opt/ros/humble /usr/bin/cmake --build /home/wego/team_ws/psh030917/py_bt_ros_1/build/yolo_msgs -- -j6 -l6
[29.776s] Invoking command in '/home/wego/team_ws/psh030917/py_bt_ros_1/build/yolo_msgs': CMAKE_PREFIX_PATH=/opt/ros/humble /usr/bin/cmake --install /home/wego/team_ws/psh030917/py_bt_ros_1/build/yolo_msgs
[29.794s] -- Install configuration: ""
[29.794s] -- Installing: /home/wego/team_ws/psh030917/py_bt_ros_1/install/yolo_msgs/share/ament_index/resource_index/rosidl_interfaces/yolo_msgs
[29.795s] -- Installing: /home/wego/team_ws/psh030917/py_bt_ros_1/install/yolo_msgs/include/yolo_msgs/yolo_msgs
[29.795s] -- Installing: /home/wego/team_ws/psh030917/py_bt_ros_1/install/yolo_msgs/include/yolo_msgs/yolo_msgs/msg
[29.795s] -- Installing: /home/wego/team_ws/psh030917/py_bt_ros_1/install/yolo_msgs/include/yolo_msgs/yolo_msgs/msg/pose2_d.h
[29.795s] -- Installing: /home/wego/team_ws/psh030917/py_bt_ros_1/install/yolo_msgs/include/yolo_msgs/yolo_msgs/msg/vector2.h
[29.796s] -- Installing: /home/wego/team_ws/psh030917/py_bt_ros_1/install/yolo_msgs/include/yolo_msgs/yolo_msgs/msg/detection_array.h
[29.796s] -- Installing: /home/wego/team_ws/psh030917/py_bt_ros_1/install/yolo_msgs/include/yolo_msgs/yolo_msgs/msg/key_point3_d_array.h
[29.796s] -- Installing: /home/wego/team_ws/psh030917/py_bt_ros_1/install/yolo_msgs/include/yolo_msgs/yolo_msgs/msg/rosidl_generator_c__visibility_control.h
[29.797s] -- Installing: /home/wego/team_ws/psh030917/py_bt_ros_1/install/yolo_msgs/include/yolo_msgs/yolo_msgs/msg/key_point2_d_array.h
[29.797s] -- Installing: /home/wego/team_ws/psh030917/py_bt_ros_1/install/yolo_msgs/include/yolo_msgs/yolo_msgs/msg/key_point3_d.h
[29.798s] -- Installing: /home/wego/team_ws/psh030917/py_bt_ros_1/install/yolo_msgs/include/yolo_msgs/yolo_msgs/msg/detection.h
[29.798s] -- Installing: /home/wego/team_ws/psh030917/py_bt_ros_1/install/yolo_msgs/include/yolo_msgs/yolo_msgs/msg/key_point2_d.h
[29.798s] -- Installing: /home/wego/team_ws/psh030917/py_bt_ros_1/install/yolo_msgs/include/yolo_msgs/yolo_msgs/msg/detail
[29.798s] -- Installing: /home/wego/team_ws/psh030917/py_bt_ros_1/install/yolo_msgs/include/yolo_msgs/yolo_msgs/msg/detail/pose2_d__functions.c
[29.799s] -- Installing: /home/wego/team_ws/psh030917/py_bt_ros_1/install/yolo_msgs/include/yolo_msgs/yolo_msgs/msg/detail/key_point2_d_array__functions.c
[29.799s] -- Installing: /home/wego/team_ws/psh030917/py_bt_ros_1/install/yolo_msgs/include/yolo_msgs/yolo_msgs/msg/detail/bounding_box2_d__functions.h
[29.799s] -- Installing: /home/wego/team_ws/psh030917/py_bt_ros_1/install/yolo_msgs/include/yolo_msgs/yolo_msgs/msg/detail/detection__functions.c
[29.799s] -- Installing: /home/wego/team_ws/psh030917/py_bt_ros_1/install/yolo_msgs/include/yolo_msgs/yolo_msgs/msg/detail/vector2__functions.c
[29.800s] -- Installing: /home/wego/team_ws/psh030917/py_bt_ros_1/install/yolo_msgs/include/yolo_msgs/yolo_msgs/msg/detail/key_point2_d__type_support.h
[29.800s] -- Installing: /home/wego/team_ws/psh030917/py_bt_ros_1/install/yolo_msgs/include/yolo_msgs/yolo_msgs/msg/detail/key_point3_d_array__struct.h
[29.801s] -- Installing: /home/wego/team_ws/psh030917/py_bt_ros_1/install/yolo_msgs/include/yolo_msgs/yolo_msgs/msg/detail/pose2_d__functions.h
[29.801s] -- Installing: /home/wego/team_ws/psh030917/py_bt_ros_1/install/yolo_msgs/include/yolo_msgs/yolo_msgs/msg/detail/key_point3_d__functions.h
[29.801s] -- Installing: /home/wego/team_ws/psh030917/py_bt_ros_1/install/yolo_msgs/include/yolo_msgs/yolo_msgs/msg/detail/vector2__type_support.h
[29.801s] -- Installing: /home/wego/team_ws/psh030917/py_bt_ros_1/install/yolo_msgs/include/yolo_msgs/yolo_msgs/msg/detail/key_point2_d__functions.h
[29.801s] -- Installing: /home/wego/team_ws/psh030917/py_bt_ros_1/install/yolo_msgs/include/yolo_msgs/yolo_msgs/msg/detail/key_point2_d_array__functions.h
[29.802s] -- Installing: /home/wego/team_ws/psh030917/py_bt_ros_1/install/yolo_msgs/include/yolo_msgs/yolo_msgs/msg/detail/key_point3_d_array__type_support.h
[29.802s] -- Installing: /home/wego/team_ws/psh030917/py_bt_ros_1/install/yolo_msgs/include/yolo_msgs/yolo_msgs/msg/detail/vector2__struct.h
[29.802s] -- Installing: /home/wego/team_ws/psh030917/py_bt_ros_1/install/yolo_msgs/include/yolo_msgs/yolo_msgs/msg/detail/bounding_box3_d__type_support.h
[29.802s] -- Installing: /home/wego/team_ws/psh030917/py_bt_ros_1/install/yolo_msgs/include/yolo_msgs/yolo_msgs/msg/detail/detection_array__struct.h
[29.802s] -- Installing: /home/wego/team_ws/psh030917/py_bt_ros_1/install/yolo_msgs/include/yolo_msgs/yolo_msgs/msg/detail/detection_array__functions.h
[29.802s] -- Installing: /home/wego/team_ws/psh030917/py_bt_ros_1/install/yolo_msgs/include/yolo_msgs/yolo_msgs/msg/detail/key_point3_d_array__functions.c
[29.803s] -- Installing: /home/wego/team_ws/psh030917/py_bt_ros_1/install/yolo_msgs/include/yolo_msgs/yolo_msgs/msg/detail/key_point2_d_array__type_support.h
[29.803s] -- Installing: /home/wego/team_ws/psh030917/py_bt_ros_1/install/yolo_msgs/include/yolo_msgs/yolo_msgs/msg/detail/key_point2_d_array__struct.h
[29.803s] -- Installing: /home/wego/team_ws/psh030917/py_bt_ros_1/install/yolo_msgs/include/yolo_msgs/yolo_msgs/msg/detail/pose2_d__struct.h
[29.803s] -- Installing: /home/wego/team_ws/psh030917/py_bt_ros_1/install/yolo_msgs/include/yolo_msgs/yolo_msgs/msg/detail/mask__functions.c
[29.804s] -- Installing: /home/wego/team_ws/psh030917/py_bt_ros_1/install/yolo_msgs/include/yolo_msgs/yolo_msgs/msg/detail/key_point3_d__struct.h
[29.804s] -- Installing: /home/wego/team_ws/psh030917/py_bt_ros_1/install/yolo_msgs/include/yolo_msgs/yolo_msgs/msg/detail/point2_d__type_support.h
[29.804s] -- Installing: /home/wego/team_ws/psh030917/py_bt_ros_1/install/yolo_msgs/include/yolo_msgs/yolo_msgs/msg/detail/detection__struct.h
[29.804s] -- Installing: /home/wego/team_ws/psh030917/py_bt_ros_1/install/yolo_msgs/include/yolo_msgs/yolo_msgs/msg/detail/bounding_box2_d__type_support.h
[29.805s] -- Installing: /home/wego/team_ws/psh030917/py_bt_ros_1/install/yolo_msgs/include/yolo_msgs/yolo_msgs/msg/detail/bounding_box3_d__functions.c
[29.805s] -- Installing: /home/wego/team_ws/psh030917/py_bt_ros_1/install/yolo_msgs/include/yolo_msgs/yolo_msgs/msg/detail/vector2__functions.h
[29.805s] -- Installing: /home/wego/team_ws/psh030917/py_bt_ros_1/install/yolo_msgs/include/yolo_msgs/yolo_msgs/msg/detail/point2_d__struct.h
[29.805s] -- Installing: /home/wego/team_ws/psh030917/py_bt_ros_1/install/yolo_msgs/include/yolo_msgs/yolo_msgs/msg/detail/detection_array__type_support.h
[29.806s] -- Installing: /home/wego/team_ws/psh030917/py_bt_ros_1/install/yolo_msgs/include/yolo_msgs/yolo_msgs/msg/detail/key_point3_d_array__functions.h
[29.806s] -- Installing: /home/wego/team_ws/psh030917/py_bt_ros_1/install/yolo_msgs/include/yolo_msgs/yolo_msgs/msg/detail/point2_d__functions.c
[29.806s] -- Installing: /home/wego/team_ws/psh030917/py_bt_ros_1/install/yolo_msgs/include/yolo_msgs/yolo_msgs/msg/detail/point2_d__functions.h
[29.807s] -- Installing: /home/wego/team_ws/psh030917/py_bt_ros_1/install/yolo_msgs/include/yolo_msgs/yolo_msgs/msg/detail/key_point3_d__type_support.h
[29.807s] -- Installing: /home/wego/team_ws/psh030917/py_bt_ros_1/install/yolo_msgs/include/yolo_msgs/yolo_msgs/msg/detail/detection__functions.h
[29.807s] -- Installing: /home/wego/team_ws/psh030917/py_bt_ros_1/install/yolo_msgs/include/yolo_msgs/yolo_msgs/msg/detail/pose2_d__type_support.h
[29.807s] -- Installing: /home/wego/team_ws/psh030917/py_bt_ros_1/install/yolo_msgs/include/yolo_msgs/yolo_msgs/msg/detail/key_point3_d__functions.c
[29.807s] -- Installing: /home/wego/team_ws/psh030917/py_bt_ros_1/install/yolo_msgs/include/yolo_msgs/yolo_msgs/msg/detail/detection_array__functions.c
[29.807s] -- Installing: /home/wego/team_ws/psh030917/py_bt_ros_1/install/yolo_msgs/include/yolo_msgs/yolo_msgs/msg/detail/bounding_box3_d__functions.h
[29.808s] -- Installing: /home/wego/team_ws/psh030917/py_bt_ros_1/install/yolo_msgs/include/yolo_msgs/yolo_msgs/msg/detail/bounding_box2_d__struct.h
[29.808s] -- Installing: /home/wego/team_ws/psh030917/py_bt_ros_1/install/yolo_msgs/include/yolo_msgs/yolo_msgs/msg/detail/bounding_box2_d__functions.c
[29.808s] -- Installing: /home/wego/team_ws/psh030917/py_bt_ros_1/install/yolo_msgs/include/yolo_msgs/yolo_msgs/msg/detail/detection__type_support.h
[29.808s] -- Installing: /home/wego/team_ws/psh030917/py_bt_ros_1/install/yolo_msgs/include/yolo_msgs/yolo_msgs/msg/detail/mask__type_support.h
[29.809s] -- Installing: /home/wego/team_ws/psh030917/py_bt_ros_1/install/yolo_msgs/include/yolo_msgs/yolo_msgs/msg/detail/mask__functions.h
[29.809s] -- Installing: /home/wego/team_ws/psh030917/py_bt_ros_1/install/yolo_msgs/include/yolo_msgs/yolo_msgs/msg/detail/mask__struct.h
[29.809s] -- Installing: /home/wego/team_ws/psh030917/py_bt_ros_1/install/yolo_msgs/include/yolo_msgs/yolo_msgs/msg/detail/key_point2_d__functions.c
[29.809s] -- Installing: /home/wego/team_ws/psh030917/py_bt_ros_1/install/yolo_msgs/include/yolo_msgs/yolo_msgs/msg/detail/key_point2_d__struct.h
[29.809s] -- Installing: /home/wego/team_ws/psh030917/py_bt_ros_1/install/yolo_msgs/include/yolo_msgs/yolo_msgs/msg/detail/bounding_box3_d__struct.h
[29.810s] -- Installing: /home/wego/team_ws/psh030917/py_bt_ros_1/install/yolo_msgs/include/yolo_msgs/yolo_msgs/msg/bounding_box2_d.h
[29.810s] -- Installing: /home/wego/team_ws/psh030917/py_bt_ros_1/install/yolo_msgs/include/yolo_msgs/yolo_msgs/msg/bounding_box3_d.h
[29.810s] -- Installing: /home/wego/team_ws/psh030917/py_bt_ros_1/install/yolo_msgs/include/yolo_msgs/yolo_msgs/msg/point2_d.h
[29.810s] -- Installing: /home/wego/team_ws/psh030917/py_bt_ros_1/install/yolo_msgs/include/yolo_msgs/yolo_msgs/msg/mask.h
[29.810s] -- Installing: /home/wego/team_ws/psh030917/py_bt_ros_1/install/yolo_msgs/include/yolo_msgs/yolo_msgs/srv
[29.811s] -- Installing: /home/wego/team_ws/psh030917/py_bt_ros_1/install/yolo_msgs/include/yolo_msgs/yolo_msgs/srv/detail
[29.811s] -- Installing: /home/wego/team_ws/psh030917/py_bt_ros_1/install/yolo_msgs/include/yolo_msgs/yolo_msgs/srv/detail/set_classes__struct.h
[29.811s] -- Installing: /home/wego/team_ws/psh030917/py_bt_ros_1/install/yolo_msgs/include/yolo_msgs/yolo_msgs/srv/detail/set_classes__functions.c
[29.811s] -- Installing: /home/wego/team_ws/psh030917/py_bt_ros_1/install/yolo_msgs/include/yolo_msgs/yolo_msgs/srv/detail/set_classes__type_support.h
[29.812s] -- Installing: /home/wego/team_ws/psh030917/py_bt_ros_1/install/yolo_msgs/include/yolo_msgs/yolo_msgs/srv/detail/set_classes__functions.h
[29.812s] -- Installing: /home/wego/team_ws/psh030917/py_bt_ros_1/install/yolo_msgs/include/yolo_msgs/yolo_msgs/srv/set_classes.h
[29.812s] -- Installing: /home/wego/team_ws/psh030917/py_bt_ros_1/install/yolo_msgs/share/yolo_msgs/environment/library_path.sh
[29.812s] -- Installing: /home/wego/team_ws/psh030917/py_bt_ros_1/install/yolo_msgs/share/yolo_msgs/environment/library_path.dsv
[29.813s] -- Installing: /home/wego/team_ws/psh030917/py_bt_ros_1/install/yolo_msgs/lib/libyolo_msgs__rosidl_generator_c.so
[29.814s] -- Set runtime path of "/home/wego/team_ws/psh030917/py_bt_ros_1/install/yolo_msgs/lib/libyolo_msgs__rosidl_generator_c.so" to ""
[29.814s] -- Up-to-date: /home/wego/team_ws/psh030917/py_bt_ros_1/install/yolo_msgs/include/yolo_msgs/yolo_msgs
[29.814s] -- Up-to-date: /home/wego/team_ws/psh030917/py_bt_ros_1/install/yolo_msgs/include/yolo_msgs/yolo_msgs/msg
[29.814s] -- Up-to-date: /home/wego/team_ws/psh030917/py_bt_ros_1/install/yolo_msgs/include/yolo_msgs/yolo_msgs/msg/detail
[29.815s] -- Installing: /home/wego/team_ws/psh030917/py_bt_ros_1/install/yolo_msgs/include/yolo_msgs/yolo_msgs/msg/detail/detection_array__rosidl_typesupport_fastrtps_c.h
[29.815s] -- Installing: /home/wego/team_ws/psh030917/py_bt_ros_1/install/yolo_msgs/include/yolo_msgs/yolo_msgs/msg/detail/detection__rosidl_typesupport_fastrtps_c.h
[29.815s] -- Installing: /home/wego/team_ws/psh030917/py_bt_ros_1/install/yolo_msgs/include/yolo_msgs/yolo_msgs/msg/detail/key_point2_d__rosidl_typesupport_fastrtps_c.h
[29.816s] -- Installing: /home/wego/team_ws/psh030917/py_bt_ros_1/install/yolo_msgs/include/yolo_msgs/yolo_msgs/msg/detail/pose2_d__rosidl_typesupport_fastrtps_c.h
[29.816s] -- Installing: /home/wego/team_ws/psh030917/py_bt_ros_1/install/yolo_msgs/include/yolo_msgs/yolo_msgs/msg/detail/key_point3_d_array__rosidl_typesupport_fastrtps_c.h
[29.816s] -- Installing: /home/wego/team_ws/psh030917/py_bt_ros_1/install/yolo_msgs/include/yolo_msgs/yolo_msgs/msg/detail/vector2__rosidl_typesupport_fastrtps_c.h
[29.816s] -- Installing: /home/wego/team_ws/psh030917/py_bt_ros_1/install/yolo_msgs/include/yolo_msgs/yolo_msgs/msg/detail/key_point2_d_array__rosidl_typesupport_fastrtps_c.h
[29.817s] -- Installing: /home/wego/team_ws/psh030917/py_bt_ros_1/install/yolo_msgs/include/yolo_msgs/yolo_msgs/msg/detail/bounding_box3_d__rosidl_typesupport_fastrtps_c.h
[29.817s] -- Installing: /home/wego/team_ws/psh030917/py_bt_ros_1/install/yolo_msgs/include/yolo_msgs/yolo_msgs/msg/detail/point2_d__rosidl_typesupport_fastrtps_c.h
[29.817s] -- Installing: /home/wego/team_ws/psh030917/py_bt_ros_1/install/yolo_msgs/include/yolo_msgs/yolo_msgs/msg/detail/mask__rosidl_typesupport_fastrtps_c.h
[29.817s] -- Installing: /home/wego/team_ws/psh030917/py_bt_ros_1/install/yolo_msgs/include/yolo_msgs/yolo_msgs/msg/detail/bounding_box2_d__rosidl_typesupport_fastrtps_c.h
[29.817s] -- Installing: /home/wego/team_ws/psh030917/py_bt_ros_1/install/yolo_msgs/include/yolo_msgs/yolo_msgs/msg/detail/key_point3_d__rosidl_typesupport_fastrtps_c.h
[29.818s] -- Installing: /home/wego/team_ws/psh030917/py_bt_ros_1/install/yolo_msgs/include/yolo_msgs/yolo_msgs/msg/rosidl_typesupport_fastrtps_c__visibility_control.h
[29.818s] -- Up-to-date: /home/wego/team_ws/psh030917/py_bt_ros_1/install/yolo_msgs/include/yolo_msgs/yolo_msgs/srv
[29.818s] -- Up-to-date: /home/wego/team_ws/psh030917/py_bt_ros_1/install/yolo_msgs/include/yolo_msgs/yolo_msgs/srv/detail
[29.818s] -- Installing: /home/wego/team_ws/psh030917/py_bt_ros_1/install/yolo_msgs/include/yolo_msgs/yolo_msgs/srv/detail/set_classes__rosidl_typesupport_fastrtps_c.h
[29.818s] -- Installing: /home/wego/team_ws/psh030917/py_bt_ros_1/install/yolo_msgs/lib/libyolo_msgs__rosidl_typesupport_fastrtps_c.so
[29.819s] -- Set runtime path of "/home/wego/team_ws/psh030917/py_bt_ros_1/install/yolo_msgs/lib/libyolo_msgs__rosidl_typesupport_fastrtps_c.so" to ""
[29.820s] -- Up-to-date: /home/wego/team_ws/psh030917/py_bt_ros_1/install/yolo_msgs/include/yolo_msgs/yolo_msgs
[29.820s] -- Up-to-date: /home/wego/team_ws/psh030917/py_bt_ros_1/install/yolo_msgs/include/yolo_msgs/yolo_msgs/msg
[29.820s] -- Installing: /home/wego/team_ws/psh030917/py_bt_ros_1/install/yolo_msgs/include/yolo_msgs/yolo_msgs/msg/rosidl_typesupport_introspection_c__visibility_control.h
[29.820s] -- Up-to-date: /home/wego/team_ws/psh030917/py_bt_ros_1/install/yolo_msgs/include/yolo_msgs/yolo_msgs/msg/detail
[29.820s] -- Installing: /home/wego/team_ws/psh030917/py_bt_ros_1/install/yolo_msgs/include/yolo_msgs/yolo_msgs/msg/detail/key_point3_d__rosidl_typesupport_introspection_c.h
[29.821s] -- Installing: /home/wego/team_ws/psh030917/py_bt_ros_1/install/yolo_msgs/include/yolo_msgs/yolo_msgs/msg/detail/key_point3_d__type_support.c
[29.821s] -- Installing: /home/wego/team_ws/psh030917/py_bt_ros_1/install/yolo_msgs/include/yolo_msgs/yolo_msgs/msg/detail/mask__type_support.c
[29.821s] -- Installing: /home/wego/team_ws/psh030917/py_bt_ros_1/install/yolo_msgs/include/yolo_msgs/yolo_msgs/msg/detail/detection__rosidl_typesupport_introspection_c.h
[29.821s] -- Installing: /home/wego/team_ws/psh030917/py_bt_ros_1/install/yolo_msgs/include/yolo_msgs/yolo_msgs/msg/detail/bounding_box2_d__rosidl_typesupport_introspection_c.h
[29.821s] -- Installing: /home/wego/team_ws/psh030917/py_bt_ros_1/install/yolo_msgs/include/yolo_msgs/yolo_msgs/msg/detail/bounding_box3_d__type_support.c
[29.822s] -- Installing: /home/wego/team_ws/psh030917/py_bt_ros_1/install/yolo_msgs/include/yolo_msgs/yolo_msgs/msg/detail/vector2__type_support.c
[29.822s] -- Installing: /home/wego/team_ws/psh030917/py_bt_ros_1/install/yolo_msgs/include/yolo_msgs/yolo_msgs/msg/detail/detection_array__type_support.c
[29.822s] -- Installing: /home/wego/team_ws/psh030917/py_bt_ros_1/install/yolo_msgs/include/yolo_msgs/yolo_msgs/msg/detail/pose2_d__type_support.c
[29.822s] -- Installing: /home/wego/team_ws/psh030917/py_bt_ros_1/install/yolo_msgs/include/yolo_msgs/yolo_msgs/msg/detail/mask__rosidl_typesupport_introspection_c.h
[29.823s] -- Installing: /home/wego/team_ws/psh030917/py_bt_ros_1/install/yolo_msgs/include/yolo_msgs/yolo_msgs/msg/detail/detection__type_support.c
[29.823s] -- Installing: /home/wego/team_ws/psh030917/py_bt_ros_1/install/yolo_msgs/include/yolo_msgs/yolo_msgs/msg/detail/key_point2_d_array__rosidl_typesupport_introspection_c.h
[29.823s] -- Installing: /home/wego/team_ws/psh030917/py_bt_ros_1/install/yolo_msgs/include/yolo_msgs/yolo_msgs/msg/detail/pose2_d__rosidl_typesupport_introspection_c.h
[29.823s] -- Installing: /home/wego/team_ws/psh030917/py_bt_ros_1/install/yolo_msgs/include/yolo_msgs/yolo_msgs/msg/detail/bounding_box3_d__rosidl_typesupport_introspection_c.h
[29.824s] -- Installing: /home/wego/team_ws/psh030917/py_bt_ros_1/install/yolo_msgs/include/yolo_msgs/yolo_msgs/msg/detail/point2_d__rosidl_typesupport_introspection_c.h
[29.824s] -- Installing: /home/wego/team_ws/psh030917/py_bt_ros_1/install/yolo_msgs/include/yolo_msgs/yolo_msgs/msg/detail/key_point3_d_array__type_support.c
[29.824s] -- Installing: /home/wego/team_ws/psh030917/py_bt_ros_1/install/yolo_msgs/include/yolo_msgs/yolo_msgs/msg/detail/key_point2_d_array__type_support.c
[29.824s] -- Installing: /home/wego/team_ws/psh030917/py_bt_ros_1/install/yolo_msgs/include/yolo_msgs/yolo_msgs/msg/detail/detection_array__rosidl_typesupport_introspection_c.h
[29.824s] -- Installing: /home/wego/team_ws/psh030917/py_bt_ros_1/install/yolo_msgs/include/yolo_msgs/yolo_msgs/msg/detail/point2_d__type_support.c
[29.825s] -- Installing: /home/wego/team_ws/psh030917/py_bt_ros_1/install/yolo_msgs/include/yolo_msgs/yolo_msgs/msg/detail/bounding_box2_d__type_support.c
[29.825s] -- Installing: /home/wego/team_ws/psh030917/py_bt_ros_1/install/yolo_msgs/include/yolo_msgs/yolo_msgs/msg/detail/key_point3_d_array__rosidl_typesupport_introspection_c.h
[29.825s] -- Installing: /home/wego/team_ws/psh030917/py_bt_ros_1/install/yolo_msgs/include/yolo_msgs/yolo_msgs/msg/detail/key_point2_d__type_support.c
[29.825s] -- Installing: /home/wego/team_ws/psh030917/py_bt_ros_1/install/yolo_msgs/include/yolo_msgs/yolo_msgs/msg/detail/vector2__rosidl_typesupport_introspection_c.h
[29.826s] -- Installing: /home/wego/team_ws/psh030917/py_bt_ros_1/install/yolo_msgs/include/yolo_msgs/yolo_msgs/msg/detail/key_point2_d__rosidl_typesupport_introspection_c.h
[29.826s] -- Up-to-date: /home/wego/team_ws/psh030917/py_bt_ros_1/install/yolo_msgs/include/yolo_msgs/yolo_msgs/srv
[29.826s] -- Up-to-date: /home/wego/team_ws/psh030917/py_bt_ros_1/install/yolo_msgs/include/yolo_msgs/yolo_msgs/srv/detail
[29.826s] -- Installing: /home/wego/team_ws/psh030917/py_bt_ros_1/install/yolo_msgs/include/yolo_msgs/yolo_msgs/srv/detail/set_classes__type_support.c
[29.826s] -- Installing: /home/wego/team_ws/psh030917/py_bt_ros_1/install/yolo_msgs/include/yolo_msgs/yolo_msgs/srv/detail/set_classes__rosidl_typesupport_introspection_c.h
[29.827s] -- Installing: /home/wego/team_ws/psh030917/py_bt_ros_1/install/yolo_msgs/lib/libyolo_msgs__rosidl_typesupport_introspection_c.so
[29.827s] -- Set runtime path of "/home/wego/team_ws/psh030917/py_bt_ros_1/install/yolo_msgs/lib/libyolo_msgs__rosidl_typesupport_introspection_c.so" to ""
[29.827s] -- Installing: /home/wego/team_ws/psh030917/py_bt_ros_1/install/yolo_msgs/lib/libyolo_msgs__rosidl_typesupport_c.so
[29.828s] -- Set runtime path of "/home/wego/team_ws/psh030917/py_bt_ros_1/install/yolo_msgs/lib/libyolo_msgs__rosidl_typesupport_c.so" to ""
[29.828s] -- Up-to-date: /home/wego/team_ws/psh030917/py_bt_ros_1/install/yolo_msgs/include/yolo_msgs/yolo_msgs
[29.828s] -- Up-to-date: /home/wego/team_ws/psh030917/py_bt_ros_1/install/yolo_msgs/include/yolo_msgs/yolo_msgs/msg
[29.828s] -- Installing: /home/wego/team_ws/psh030917/py_bt_ros_1/install/yolo_msgs/include/yolo_msgs/yolo_msgs/msg/point2_d.hpp
[29.828s] -- Installing: /home/wego/team_ws/psh030917/py_bt_ros_1/install/yolo_msgs/include/yolo_msgs/yolo_msgs/msg/key_point2_d.hpp
[29.828s] -- Installing: /home/wego/team_ws/psh030917/py_bt_ros_1/install/yolo_msgs/include/yolo_msgs/yolo_msgs/msg/detection.hpp
[29.829s] -- Installing: /home/wego/team_ws/psh030917/py_bt_ros_1/install/yolo_msgs/include/yolo_msgs/yolo_msgs/msg/bounding_box2_d.hpp
[29.830s] -- Installing: /home/wego/team_ws/psh030917/py_bt_ros_1/install/yolo_msgs/include/yolo_msgs/yolo_msgs/msg/key_point3_d.hpp
[29.830s] -- Installing: /home/wego/team_ws/psh030917/py_bt_ros_1/install/yolo_msgs/include/yolo_msgs/yolo_msgs/msg/detection_array.hpp
[29.830s] -- Installing: /home/wego/team_ws/psh030917/py_bt_ros_1/install/yolo_msgs/include/yolo_msgs/yolo_msgs/msg/mask.hpp
[29.830s] -- Installing: /home/wego/team_ws/psh030917/py_bt_ros_1/install/yolo_msgs/include/yolo_msgs/yolo_msgs/msg/rosidl_generator_cpp__visibility_control.hpp
[29.830s] -- Installing: /home/wego/team_ws/psh030917/py_bt_ros_1/install/yolo_msgs/include/yolo_msgs/yolo_msgs/msg/vector2.hpp
[29.831s] -- Up-to-date: /home/wego/team_ws/psh030917/py_bt_ros_1/install/yolo_msgs/include/yolo_msgs/yolo_msgs/msg/detail
[29.831s] -- Installing: /home/wego/team_ws/psh030917/py_bt_ros_1/install/yolo_msgs/include/yolo_msgs/yolo_msgs/msg/detail/key_point2_d__builder.hpp
[29.831s] -- Installing: /home/wego/team_ws/psh030917/py_bt_ros_1/install/yolo_msgs/include/yolo_msgs/yolo_msgs/msg/detail/key_point2_d_array__type_support.hpp
[29.831s] -- Installing: /home/wego/team_ws/psh030917/py_bt_ros_1/install/yolo_msgs/include/yolo_msgs/yolo_msgs/msg/detail/vector2__builder.hpp
[29.832s] -- Installing: /home/wego/team_ws/psh030917/py_bt_ros_1/install/yolo_msgs/include/yolo_msgs/yolo_msgs/msg/detail/point2_d__builder.hpp
[29.832s] -- Installing: /home/wego/team_ws/psh030917/py_bt_ros_1/install/yolo_msgs/include/yolo_msgs/yolo_msgs/msg/detail/bounding_box2_d__type_support.hpp
[29.832s] -- Installing: /home/wego/team_ws/psh030917/py_bt_ros_1/install/yolo_msgs/include/yolo_msgs/yolo_msgs/msg/detail/bounding_box3_d__traits.hpp
[29.832s] -- Installing: /home/wego/team_ws/psh030917/py_bt_ros_1/install/yolo_msgs/include/yolo_msgs/yolo_msgs/msg/detail/bounding_box2_d__builder.hpp
[29.833s] -- Installing: /home/wego/team_ws/psh030917/py_bt_ros_1/install/yolo_msgs/include/yolo_msgs/yolo_msgs/msg/detail/key_point3_d__struct.hpp
[29.833s] -- Installing: /home/wego/team_ws/psh030917/py_bt_ros_1/install/yolo_msgs/include/yolo_msgs/yolo_msgs/msg/detail/point2_d__traits.hpp
[29.833s] -- Installing: /home/wego/team_ws/psh030917/py_bt_ros_1/install/yolo_msgs/include/yolo_msgs/yolo_msgs/msg/detail/key_point3_d_array__struct.hpp
[29.833s] -- Installing: /home/wego/team_ws/psh030917/py_bt_ros_1/install/yolo_msgs/include/yolo_msgs/yolo_msgs/msg/detail/key_point2_d_array__traits.hpp
[29.833s] -- Installing: /home/wego/team_ws/psh030917/py_bt_ros_1/install/yolo_msgs/include/yolo_msgs/yolo_msgs/msg/detail/key_point2_d__struct.hpp
[29.834s] -- Installing: /home/wego/team_ws/psh030917/py_bt_ros_1/install/yolo_msgs/include/yolo_msgs/yolo_msgs/msg/detail/detection_array__traits.hpp
[29.834s] -- Installing: /home/wego/team_ws/psh030917/py_bt_ros_1/install/yolo_msgs/include/yolo_msgs/yolo_msgs/msg/detail/vector2__type_support.hpp
[29.834s] -- Installing: /home/wego/team_ws/psh030917/py_bt_ros_1/install/yolo_msgs/include/yolo_msgs/yolo_msgs/msg/detail/detection__type_support.hpp
[29.834s] -- Installing: /home/wego/team_ws/psh030917/py_bt_ros_1/install/yolo_msgs/include/yolo_msgs/yolo_msgs/msg/detail/point2_d__struct.hpp
[29.834s] -- Installing: /home/wego/team_ws/psh030917/py_bt_ros_1/install/yolo_msgs/include/yolo_msgs/yolo_msgs/msg/detail/point2_d__type_support.hpp
[29.834s] -- Installing: /home/wego/team_ws/psh030917/py_bt_ros_1/install/yolo_msgs/include/yolo_msgs/yolo_msgs/msg/detail/bounding_box3_d__builder.hpp
[29.835s] -- Installing: /home/wego/team_ws/psh030917/py_bt_ros_1/install/yolo_msgs/include/yolo_msgs/yolo_msgs/msg/detail/bounding_box3_d__type_support.hpp
[29.835s] -- Installing: /home/wego/team_ws/psh030917/py_bt_ros_1/install/yolo_msgs/include/yolo_msgs/yolo_msgs/msg/detail/key_point2_d_array__struct.hpp
[29.835s] -- Installing: /home/wego/team_ws/psh030917/py_bt_ros_1/install/yolo_msgs/include/yolo_msgs/yolo_msgs/msg/detail/bounding_box2_d__struct.hpp
[29.835s] -- Installing: /home/wego/team_ws/psh030917/py_bt_ros_1/install/yolo_msgs/include/yolo_msgs/yolo_msgs/msg/detail/bounding_box3_d__struct.hpp
[29.835s] -- Installing: /home/wego/team_ws/psh030917/py_bt_ros_1/install/yolo_msgs/include/yolo_msgs/yolo_msgs/msg/detail/vector2__traits.hpp
[29.836s] -- Installing: /home/wego/team_ws/psh030917/py_bt_ros_1/install/yolo_msgs/include/yolo_msgs/yolo_msgs/msg/detail/vector2__struct.hpp
[29.836s] -- Installing: /home/wego/team_ws/psh030917/py_bt_ros_1/install/yolo_msgs/include/yolo_msgs/yolo_msgs/msg/detail/detection__builder.hpp
[29.836s] -- Installing: /home/wego/team_ws/psh030917/py_bt_ros_1/install/yolo_msgs/include/yolo_msgs/yolo_msgs/msg/detail/key_point2_d__traits.hpp
[29.836s] -- Installing: /home/wego/team_ws/psh030917/py_bt_ros_1/install/yolo_msgs/include/yolo_msgs/yolo_msgs/msg/detail/pose2_d__builder.hpp
[29.836s] -- Installing: /home/wego/team_ws/psh030917/py_bt_ros_1/install/yolo_msgs/include/yolo_msgs/yolo_msgs/msg/detail/bounding_box2_d__traits.hpp
[29.841s] -- Installing: /home/wego/team_ws/psh030917/py_bt_ros_1/install/yolo_msgs/include/yolo_msgs/yolo_msgs/msg/detail/key_point3_d_array__builder.hpp
[29.841s] -- Installing: /home/wego/team_ws/psh030917/py_bt_ros_1/install/yolo_msgs/include/yolo_msgs/yolo_msgs/msg/detail/detection_array__struct.hpp
[29.841s] -- Installing: /home/wego/team_ws/psh030917/py_bt_ros_1/install/yolo_msgs/include/yolo_msgs/yolo_msgs/msg/detail/key_point2_d_array__builder.hpp
[29.841s] -- Installing: /home/wego/team_ws/psh030917/py_bt_ros_1/install/yolo_msgs/include/yolo_msgs/yolo_msgs/msg/detail/mask__type_support.hpp
[29.841s] -- Installing: /home/wego/team_ws/psh030917/py_bt_ros_1/install/yolo_msgs/include/yolo_msgs/yolo_msgs/msg/detail/mask__builder.hpp
[29.841s] -- Installing: /home/wego/team_ws/psh030917/py_bt_ros_1/install/yolo_msgs/include/yolo_msgs/yolo_msgs/msg/detail/pose2_d__traits.hpp
[29.842s] -- Installing: /home/wego/team_ws/psh030917/py_bt_ros_1/install/yolo_msgs/include/yolo_msgs/yolo_msgs/msg/detail/detection_array__type_support.hpp
[29.842s] -- Installing: /home/wego/team_ws/psh030917/py_bt_ros_1/install/yolo_msgs/include/yolo_msgs/yolo_msgs/msg/detail/key_point3_d_array__traits.hpp
[29.842s] -- Installing: /home/wego/team_ws/psh030917/py_bt_ros_1/install/yolo_msgs/include/yolo_msgs/yolo_msgs/msg/detail/pose2_d__struct.hpp
[29.842s] -- Installing: /home/wego/team_ws/psh030917/py_bt_ros_1/install/yolo_msgs/include/yolo_msgs/yolo_msgs/msg/detail/key_point3_d__type_support.hpp
[29.842s] -- Installing: /home/wego/team_ws/psh030917/py_bt_ros_1/install/yolo_msgs/include/yolo_msgs/yolo_msgs/msg/detail/key_point3_d__traits.hpp
[29.842s] -- Installing: /home/wego/team_ws/psh030917/py_bt_ros_1/install/yolo_msgs/include/yolo_msgs/yolo_msgs/msg/detail/detection_array__builder.hpp
[29.842s] -- Installing: /home/wego/team_ws/psh030917/py_bt_ros_1/install/yolo_msgs/include/yolo_msgs/yolo_msgs/msg/detail/key_point3_d_array__type_support.hpp
[29.843s] -- Installing: /home/wego/team_ws/psh030917/py_bt_ros_1/install/yolo_msgs/include/yolo_msgs/yolo_msgs/msg/detail/mask__traits.hpp
[29.843s] -- Installing: /home/wego/team_ws/psh030917/py_bt_ros_1/install/yolo_msgs/include/yolo_msgs/yolo_msgs/msg/detail/mask__struct.hpp
[29.843s] -- Installing: /home/wego/team_ws/psh030917/py_bt_ros_1/install/yolo_msgs/include/yolo_msgs/yolo_msgs/msg/detail/detection__traits.hpp
[29.843s] -- Installing: /home/wego/team_ws/psh030917/py_bt_ros_1/install/yolo_msgs/include/yolo_msgs/yolo_msgs/msg/detail/detection__struct.hpp
[29.843s] -- Installing: /home/wego/team_ws/psh030917/py_bt_ros_1/install/yolo_msgs/include/yolo_msgs/yolo_msgs/msg/detail/pose2_d__type_support.hpp
[29.844s] -- Installing: /home/wego/team_ws/psh030917/py_bt_ros_1/install/yolo_msgs/include/yolo_msgs/yolo_msgs/msg/detail/key_point2_d__type_support.hpp
[29.844s] -- Installing: /home/wego/team_ws/psh030917/py_bt_ros_1/install/yolo_msgs/include/yolo_msgs/yolo_msgs/msg/detail/key_point3_d__builder.hpp
[29.844s] -- Installing: /home/wego/team_ws/psh030917/py_bt_ros_1/install/yolo_msgs/include/yolo_msgs/yolo_msgs/msg/bounding_box3_d.hpp
[29.844s] -- Installing: /home/wego/team_ws/psh030917/py_bt_ros_1/install/yolo_msgs/include/yolo_msgs/yolo_msgs/msg/key_point2_d_array.hpp
[29.844s] -- Installing: /home/wego/team_ws/psh030917/py_bt_ros_1/install/yolo_msgs/include/yolo_msgs/yolo_msgs/msg/key_point3_d_array.hpp
[29.844s] -- Installing: /home/wego/team_ws/psh030917/py_bt_ros_1/install/yolo_msgs/include/yolo_msgs/yolo_msgs/msg/pose2_d.hpp
[29.845s] -- Up-to-date: /home/wego/team_ws/psh030917/py_bt_ros_1/install/yolo_msgs/include/yolo_msgs/yolo_msgs/srv
[29.845s] -- Installing: /home/wego/team_ws/psh030917/py_bt_ros_1/install/yolo_msgs/include/yolo_msgs/yolo_msgs/srv/set_classes.hpp
[29.845s] -- Up-to-date: /home/wego/team_ws/psh030917/py_bt_ros_1/install/yolo_msgs/include/yolo_msgs/yolo_msgs/srv/detail
[29.845s] -- Installing: /home/wego/team_ws/psh030917/py_bt_ros_1/install/yolo_msgs/include/yolo_msgs/yolo_msgs/srv/detail/set_classes__struct.hpp
[29.845s] -- Installing: /home/wego/team_ws/psh030917/py_bt_ros_1/install/yolo_msgs/include/yolo_msgs/yolo_msgs/srv/detail/set_classes__traits.hpp
[29.845s] -- Installing: /home/wego/team_ws/psh030917/py_bt_ros_1/install/yolo_msgs/include/yolo_msgs/yolo_msgs/srv/detail/set_classes__builder.hpp
[29.845s] -- Installing: /home/wego/team_ws/psh030917/py_bt_ros_1/install/yolo_msgs/include/yolo_msgs/yolo_msgs/srv/detail/set_classes__type_support.hpp
[29.845s] -- Up-to-date: /home/wego/team_ws/psh030917/py_bt_ros_1/install/yolo_msgs/include/yolo_msgs/yolo_msgs
[29.846s] -- Up-to-date: /home/wego/team_ws/psh030917/py_bt_ros_1/install/yolo_msgs/include/yolo_msgs/yolo_msgs/msg
[29.846s] -- Installing: /home/wego/team_ws/psh030917/py_bt_ros_1/install/yolo_msgs/include/yolo_msgs/yolo_msgs/msg/rosidl_typesupport_fastrtps_cpp__visibility_control.h
[29.846s] -- Up-to-date: /home/wego/team_ws/psh030917/py_bt_ros_1/install/yolo_msgs/include/yolo_msgs/yolo_msgs/msg/detail
[29.846s] -- Installing: /home/wego/team_ws/psh030917/py_bt_ros_1/install/yolo_msgs/include/yolo_msgs/yolo_msgs/msg/detail/bounding_box2_d__rosidl_typesupport_fastrtps_cpp.hpp
[29.846s] -- Installing: /home/wego/team_ws/psh030917/py_bt_ros_1/install/yolo_msgs/include/yolo_msgs/yolo_msgs/msg/detail/mask__rosidl_typesupport_fastrtps_cpp.hpp
[29.846s] -- Installing: /home/wego/team_ws/psh030917/py_bt_ros_1/install/yolo_msgs/include/yolo_msgs/yolo_msgs/msg/detail/vector2__rosidl_typesupport_fastrtps_cpp.hpp
[29.847s] -- Installing: /home/wego/team_ws/psh030917/py_bt_ros_1/install/yolo_msgs/include/yolo_msgs/yolo_msgs/msg/detail/point2_d__rosidl_typesupport_fastrtps_cpp.hpp
[29.847s] -- Installing: /home/wego/team_ws/psh030917/py_bt_ros_1/install/yolo_msgs/include/yolo_msgs/yolo_msgs/msg/detail/detection__rosidl_typesupport_fastrtps_cpp.hpp
[29.847s] -- Installing: /home/wego/team_ws/psh030917/py_bt_ros_1/install/yolo_msgs/include/yolo_msgs/yolo_msgs/msg/detail/key_point2_d__rosidl_typesupport_fastrtps_cpp.hpp
[29.847s] -- Installing: /home/wego/team_ws/psh030917/py_bt_ros_1/install/yolo_msgs/include/yolo_msgs/yolo_msgs/msg/detail/key_point3_d__rosidl_typesupport_fastrtps_cpp.hpp
[29.847s] -- Installing: /home/wego/team_ws/psh030917/py_bt_ros_1/install/yolo_msgs/include/yolo_msgs/yolo_msgs/msg/detail/detection_array__rosidl_typesupport_fastrtps_cpp.hpp
[29.847s] -- Installing: /home/wego/team_ws/psh030917/py_bt_ros_1/install/yolo_msgs/include/yolo_msgs/yolo_msgs/msg/detail/key_point3_d_array__rosidl_typesupport_fastrtps_cpp.hpp
[29.847s] -- Installing: /home/wego/team_ws/psh030917/py_bt_ros_1/install/yolo_msgs/include/yolo_msgs/yolo_msgs/msg/detail/pose2_d__rosidl_typesupport_fastrtps_cpp.hpp
[29.848s] -- Installing: /home/wego/team_ws/psh030917/py_bt_ros_1/install/yolo_msgs/include/yolo_msgs/yolo_msgs/msg/detail/dds_fastrtps
[29.848s] -- Installing: /home/wego/team_ws/psh030917/py_bt_ros_1/install/yolo_msgs/include/yolo_msgs/yolo_msgs/msg/detail/key_point2_d_array__rosidl_typesupport_fastrtps_cpp.hpp
[29.848s] -- Installing: /home/wego/team_ws/psh030917/py_bt_ros_1/install/yolo_msgs/include/yolo_msgs/yolo_msgs/msg/detail/bounding_box3_d__rosidl_typesupport_fastrtps_cpp.hpp
[29.848s] -- Up-to-date: /home/wego/team_ws/psh030917/py_bt_ros_1/install/yolo_msgs/include/yolo_msgs/yolo_msgs/srv
[29.848s] -- Up-to-date: /home/wego/team_ws/psh030917/py_bt_ros_1/install/yolo_msgs/include/yolo_msgs/yolo_msgs/srv/detail
[29.848s] -- Installing: /home/wego/team_ws/psh030917/py_bt_ros_1/install/yolo_msgs/include/yolo_msgs/yolo_msgs/srv/detail/set_classes__rosidl_typesupport_fastrtps_cpp.hpp
[29.848s] -- Installing: /home/wego/team_ws/psh030917/py_bt_ros_1/install/yolo_msgs/include/yolo_msgs/yolo_msgs/srv/detail/dds_fastrtps
[29.849s] -- Installing: /home/wego/team_ws/psh030917/py_bt_ros_1/install/yolo_msgs/lib/libyolo_msgs__rosidl_typesupport_fastrtps_cpp.so
[29.861s] -- Set runtime path of "/home/wego/team_ws/psh030917/py_bt_ros_1/install/yolo_msgs/lib/libyolo_msgs__rosidl_typesupport_fastrtps_cpp.so" to ""
[29.861s] -- Up-to-date: /home/wego/team_ws/psh030917/py_bt_ros_1/install/yolo_msgs/include/yolo_msgs/yolo_msgs
[29.861s] -- Up-to-date: /home/wego/team_ws/psh030917/py_bt_ros_1/install/yolo_msgs/include/yolo_msgs/yolo_msgs/msg
[29.862s] -- Up-to-date: /home/wego/team_ws/psh030917/py_bt_ros_1/install/yolo_msgs/include/yolo_msgs/yolo_msgs/msg/detail
[29.862s] -- Installing: /home/wego/team_ws/psh030917/py_bt_ros_1/install/yolo_msgs/include/yolo_msgs/yolo_msgs/msg/detail/vector2__rosidl_typesupport_introspection_cpp.hpp
[29.862s] -- Installing: /home/wego/team_ws/psh030917/py_bt_ros_1/install/yolo_msgs/include/yolo_msgs/yolo_msgs/msg/detail/bounding_box3_d__rosidl_typesupport_introspection_cpp.hpp
[29.862s] -- Installing: /home/wego/team_ws/psh030917/py_bt_ros_1/install/yolo_msgs/include/yolo_msgs/yolo_msgs/msg/detail/mask__rosidl_typesupport_introspection_cpp.hpp
[29.862s] -- Installing: /home/wego/team_ws/psh030917/py_bt_ros_1/install/yolo_msgs/include/yolo_msgs/yolo_msgs/msg/detail/detection_array__type_support.cpp
[29.862s] -- Installing: /home/wego/team_ws/psh030917/py_bt_ros_1/install/yolo_msgs/include/yolo_msgs/yolo_msgs/msg/detail/detection__type_support.cpp
[29.863s] -- Installing: /home/wego/team_ws/psh030917/py_bt_ros_1/install/yolo_msgs/include/yolo_msgs/yolo_msgs/msg/detail/pose2_d__rosidl_typesupport_introspection_cpp.hpp
[29.863s] -- Installing: /home/wego/team_ws/psh030917/py_bt_ros_1/install/yolo_msgs/include/yolo_msgs/yolo_msgs/msg/detail/point2_d__rosidl_typesupport_introspection_cpp.hpp
[29.863s] -- Installing: /home/wego/team_ws/psh030917/py_bt_ros_1/install/yolo_msgs/include/yolo_msgs/yolo_msgs/msg/detail/bounding_box2_d__type_support.cpp
[29.863s] -- Installing: /home/wego/team_ws/psh030917/py_bt_ros_1/install/yolo_msgs/include/yolo_msgs/yolo_msgs/msg/detail/key_point3_d__rosidl_typesupport_introspection_cpp.hpp
[29.863s] -- Installing: /home/wego/team_ws/psh030917/py_bt_ros_1/install/yolo_msgs/include/yolo_msgs/yolo_msgs/msg/detail/key_point3_d_array__rosidl_typesupport_introspection_cpp.hpp
[29.863s] -- Installing: /home/wego/team_ws/psh030917/py_bt_ros_1/install/yolo_msgs/include/yolo_msgs/yolo_msgs/msg/detail/pose2_d__type_support.cpp
[29.863s] -- Installing: /home/wego/team_ws/psh030917/py_bt_ros_1/install/yolo_msgs/include/yolo_msgs/yolo_msgs/msg/detail/bounding_box3_d__type_support.cpp
[29.864s] -- Installing: /home/wego/team_ws/psh030917/py_bt_ros_1/install/yolo_msgs/include/yolo_msgs/yolo_msgs/msg/detail/detection_array__rosidl_typesupport_introspection_cpp.hpp
[29.864s] -- Installing: /home/wego/team_ws/psh030917/py_bt_ros_1/install/yolo_msgs/include/yolo_msgs/yolo_msgs/msg/detail/key_point2_d__type_support.cpp
[29.864s] -- Installing: /home/wego/team_ws/psh030917/py_bt_ros_1/install/yolo_msgs/include/yolo_msgs/yolo_msgs/msg/detail/detection__rosidl_typesupport_introspection_cpp.hpp
[29.864s] -- Installing: /home/wego/team_ws/psh030917/py_bt_ros_1/install/yolo_msgs/include/yolo_msgs/yolo_msgs/msg/detail/mask__type_support.cpp
[29.864s] -- Installing: /home/wego/team_ws/psh030917/py_bt_ros_1/install/yolo_msgs/include/yolo_msgs/yolo_msgs/msg/detail/point2_d__type_support.cpp
[29.864s] -- Installing: /home/wego/team_ws/psh030917/py_bt_ros_1/install/yolo_msgs/include/yolo_msgs/yolo_msgs/msg/detail/key_point2_d_array__rosidl_typesupport_introspection_cpp.hpp
[29.865s] -- Installing: /home/wego/team_ws/psh030917/py_bt_ros_1/install/yolo_msgs/include/yolo_msgs/yolo_msgs/msg/detail/key_point3_d__type_support.cpp
[29.865s] -- Installing: /home/wego/team_ws/psh030917/py_bt_ros_1/install/yolo_msgs/include/yolo_msgs/yolo_msgs/msg/detail/key_point3_d_array__type_support.cpp
[29.865s] -- Installing: /home/wego/team_ws/psh030917/py_bt_ros_1/install/yolo_msgs/include/yolo_msgs/yolo_msgs/msg/detail/key_point2_d__rosidl_typesupport_introspection_cpp.hpp
[29.865s] -- Installing: /home/wego/team_ws/psh030917/py_bt_ros_1/install/yolo_msgs/include/yolo_msgs/yolo_msgs/msg/detail/key_point2_d_array__type_support.cpp
[29.865s] -- Installing: /home/wego/team_ws/psh030917/py_bt_ros_1/install/yolo_msgs/include/yolo_msgs/yolo_msgs/msg/detail/bounding_box2_d__rosidl_typesupport_introspection_cpp.hpp
[29.865s] -- Installing: /home/wego/team_ws/psh030917/py_bt_ros_1/install/yolo_msgs/include/yolo_msgs/yolo_msgs/msg/detail/vector2__type_support.cpp
[29.866s] -- Up-to-date: /home/wego/team_ws/psh030917/py_bt_ros_1/install/yolo_msgs/include/yolo_msgs/yolo_msgs/srv
[29.866s] -- Up-to-date: /home/wego/team_ws/psh030917/py_bt_ros_1/install/yolo_msgs/include/yolo_msgs/yolo_msgs/srv/detail
[29.866s] -- Installing: /home/wego/team_ws/psh030917/py_bt_ros_1/install/yolo_msgs/include/yolo_msgs/yolo_msgs/srv/detail/set_classes__rosidl_typesupport_introspection_cpp.hpp
[29.866s] -- Installing: /home/wego/team_ws/psh030917/py_bt_ros_1/install/yolo_msgs/include/yolo_msgs/yolo_msgs/srv/detail/set_classes__type_support.cpp
[29.866s] -- Installing: /home/wego/team_ws/psh030917/py_bt_ros_1/install/yolo_msgs/lib/libyolo_msgs__rosidl_typesupport_introspection_cpp.so
[29.867s] -- Set runtime path of "/home/wego/team_ws/psh030917/py_bt_ros_1/install/yolo_msgs/lib/libyolo_msgs__rosidl_typesupport_introspection_cpp.so" to ""
[29.867s] -- Installing: /home/wego/team_ws/psh030917/py_bt_ros_1/install/yolo_msgs/lib/libyolo_msgs__rosidl_typesupport_cpp.so
[29.867s] -- Set runtime path of "/home/wego/team_ws/psh030917/py_bt_ros_1/install/yolo_msgs/lib/libyolo_msgs__rosidl_typesupport_cpp.so" to ""
[29.867s] -- Installing: /home/wego/team_ws/psh030917/py_bt_ros_1/install/yolo_msgs/share/yolo_msgs/environment/pythonpath.sh
[29.867s] -- Installing: /home/wego/team_ws/psh030917/py_bt_ros_1/install/yolo_msgs/share/yolo_msgs/environment/pythonpath.dsv
[29.867s] -- Installing: /home/wego/team_ws/psh030917/py_bt_ros_1/install/yolo_msgs/local/lib/python3.10/dist-packages/yolo_msgs-4.3.1-py3.10.egg-info
[29.867s] -- Installing: /home/wego/team_ws/psh030917/py_bt_ros_1/install/yolo_msgs/local/lib/python3.10/dist-packages/yolo_msgs-4.3.1-py3.10.egg-info/SOURCES.txt
[29.868s] -- Installing: /home/wego/team_ws/psh030917/py_bt_ros_1/install/yolo_msgs/local/lib/python3.10/dist-packages/yolo_msgs-4.3.1-py3.10.egg-info/PKG-INFO
[29.868s] -- Installing: /home/wego/team_ws/psh030917/py_bt_ros_1/install/yolo_msgs/local/lib/python3.10/dist-packages/yolo_msgs-4.3.1-py3.10.egg-info/top_level.txt
[29.868s] -- Installing: /home/wego/team_ws/psh030917/py_bt_ros_1/install/yolo_msgs/local/lib/python3.10/dist-packages/yolo_msgs-4.3.1-py3.10.egg-info/dependency_links.txt
[29.868s] -- Installing: /home/wego/team_ws/psh030917/py_bt_ros_1/install/yolo_msgs/local/lib/python3.10/dist-packages/yolo_msgs
[29.868s] -- Installing: /home/wego/team_ws/psh030917/py_bt_ros_1/install/yolo_msgs/local/lib/python3.10/dist-packages/yolo_msgs/yolo_msgs_s__rosidl_typesupport_c.cpython-310-aarch64-linux-gnu.so
[29.868s] -- Installing: /home/wego/team_ws/psh030917/py_bt_ros_1/install/yolo_msgs/local/lib/python3.10/dist-packages/yolo_msgs/_yolo_msgs_s.ep.rosidl_typesupport_c.c
[29.868s] -- Installing: /home/wego/team_ws/psh030917/py_bt_ros_1/install/yolo_msgs/local/lib/python3.10/dist-packages/yolo_msgs/__init__.py
[29.869s] -- Installing: /home/wego/team_ws/psh030917/py_bt_ros_1/install/yolo_msgs/local/lib/python3.10/dist-packages/yolo_msgs/msg
[29.869s] -- Installing: /home/wego/team_ws/psh030917/py_bt_ros_1/install/yolo_msgs/local/lib/python3.10/dist-packages/yolo_msgs/msg/_detection.py
[29.869s] -- Installing: /home/wego/team_ws/psh030917/py_bt_ros_1/install/yolo_msgs/local/lib/python3.10/dist-packages/yolo_msgs/msg/_detection_array_s.c
[29.869s] -- Installing: /home/wego/team_ws/psh030917/py_bt_ros_1/install/yolo_msgs/local/lib/python3.10/dist-packages/yolo_msgs/msg/_key_point3_d_array.py
[29.869s] -- Installing: /home/wego/team_ws/psh030917/py_bt_ros_1/install/yolo_msgs/local/lib/python3.10/dist-packages/yolo_msgs/msg/_key_point2_d_array.py
[29.869s] -- Installing: /home/wego/team_ws/psh030917/py_bt_ros_1/install/yolo_msgs/local/lib/python3.10/dist-packages/yolo_msgs/msg/_bounding_box2_d.py
[29.869s] -- Installing: /home/wego/team_ws/psh030917/py_bt_ros_1/install/yolo_msgs/local/lib/python3.10/dist-packages/yolo_msgs/msg/__init__.py
[29.870s] -- Installing: /home/wego/team_ws/psh030917/py_bt_ros_1/install/yolo_msgs/local/lib/python3.10/dist-packages/yolo_msgs/msg/_bounding_box3_d.py
[29.870s] -- Installing: /home/wego/team_ws/psh030917/py_bt_ros_1/install/yolo_msgs/local/lib/python3.10/dist-packages/yolo_msgs/msg/_pose2_d.py
[29.870s] -- Installing: /home/wego/team_ws/psh030917/py_bt_ros_1/install/yolo_msgs/local/lib/python3.10/dist-packages/yolo_msgs/msg/_mask.py
[29.870s] -- Installing: /home/wego/team_ws/psh030917/py_bt_ros_1/install/yolo_msgs/local/lib/python3.10/dist-packages/yolo_msgs/msg/_vector2_s.c
[29.870s] -- Installing: /home/wego/team_ws/psh030917/py_bt_ros_1/install/yolo_msgs/local/lib/python3.10/dist-packages/yolo_msgs/msg/_bounding_box3_d_s.c
[29.870s] -- Installing: /home/wego/team_ws/psh030917/py_bt_ros_1/install/yolo_msgs/local/lib/python3.10/dist-packages/yolo_msgs/msg/_mask_s.c
[29.870s] -- Installing: /home/wego/team_ws/psh030917/py_bt_ros_1/install/yolo_msgs/local/lib/python3.10/dist-packages/yolo_msgs/msg/_key_point3_d_array_s.c
[29.870s] -- Installing: /home/wego/team_ws/psh030917/py_bt_ros_1/install/yolo_msgs/local/lib/python3.10/dist-packages/yolo_msgs/msg/_key_point2_d_array_s.c
[29.871s] -- Installing: /home/wego/team_ws/psh030917/py_bt_ros_1/install/yolo_msgs/local/lib/python3.10/dist-packages/yolo_msgs/msg/_vector2.py
[29.871s] -- Installing: /home/wego/team_ws/psh030917/py_bt_ros_1/install/yolo_msgs/local/lib/python3.10/dist-packages/yolo_msgs/msg/_point2_d_s.c
[29.871s] -- Installing: /home/wego/team_ws/psh030917/py_bt_ros_1/install/yolo_msgs/local/lib/python3.10/dist-packages/yolo_msgs/msg/_bounding_box2_d_s.c
[29.871s] -- Installing: /home/wego/team_ws/psh030917/py_bt_ros_1/install/yolo_msgs/local/lib/python3.10/dist-packages/yolo_msgs/msg/_pose2_d_s.c
[29.871s] -- Installing: /home/wego/team_ws/psh030917/py_bt_ros_1/install/yolo_msgs/local/lib/python3.10/dist-packages/yolo_msgs/msg/_key_point3_d_s.c
[29.871s] -- Installing: /home/wego/team_ws/psh030917/py_bt_ros_1/install/yolo_msgs/local/lib/python3.10/dist-packages/yolo_msgs/msg/_point2_d.py
[29.871s] -- Installing: /home/wego/team_ws/psh030917/py_bt_ros_1/install/yolo_msgs/local/lib/python3.10/dist-packages/yolo_msgs/msg/_detection_s.c
[29.872s] -- Installing: /home/wego/team_ws/psh030917/py_bt_ros_1/install/yolo_msgs/local/lib/python3.10/dist-packages/yolo_msgs/msg/_key_point2_d.py
[29.872s] -- Installing: /home/wego/team_ws/psh030917/py_bt_ros_1/install/yolo_msgs/local/lib/python3.10/dist-packages/yolo_msgs/msg/_key_point2_d_s.c
[29.872s] -- Installing: /home/wego/team_ws/psh030917/py_bt_ros_1/install/yolo_msgs/local/lib/python3.10/dist-packages/yolo_msgs/msg/_detection_array.py
[29.872s] -- Installing: /home/wego/team_ws/psh030917/py_bt_ros_1/install/yolo_msgs/local/lib/python3.10/dist-packages/yolo_msgs/msg/_key_point3_d.py
[29.872s] -- Installing: /home/wego/team_ws/psh030917/py_bt_ros_1/install/yolo_msgs/local/lib/python3.10/dist-packages/yolo_msgs/_yolo_msgs_s.ep.rosidl_typesupport_introspection_c.c
[29.872s] -- Installing: /home/wego/team_ws/psh030917/py_bt_ros_1/install/yolo_msgs/local/lib/python3.10/dist-packages/yolo_msgs/yolo_msgs_s__rosidl_typesupport_introspection_c.cpython-310-aarch64-linux-gnu.so
[29.872s] -- Installing: /home/wego/team_ws/psh030917/py_bt_ros_1/install/yolo_msgs/local/lib/python3.10/dist-packages/yolo_msgs/_yolo_msgs_s.ep.rosidl_typesupport_fastrtps_c.c
[29.872s] -- Installing: /home/wego/team_ws/psh030917/py_bt_ros_1/install/yolo_msgs/local/lib/python3.10/dist-packages/yolo_msgs/srv
[29.872s] -- Installing: /home/wego/team_ws/psh030917/py_bt_ros_1/install/yolo_msgs/local/lib/python3.10/dist-packages/yolo_msgs/srv/_set_classes.py
[29.873s] -- Installing: /home/wego/team_ws/psh030917/py_bt_ros_1/install/yolo_msgs/local/lib/python3.10/dist-packages/yolo_msgs/srv/__init__.py
[29.873s] -- Installing: /home/wego/team_ws/psh030917/py_bt_ros_1/install/yolo_msgs/local/lib/python3.10/dist-packages/yolo_msgs/srv/_set_classes_s.c
[29.873s] -- Installing: /home/wego/team_ws/psh030917/py_bt_ros_1/install/yolo_msgs/local/lib/python3.10/dist-packages/yolo_msgs/yolo_msgs_s__rosidl_typesupport_fastrtps_c.cpython-310-aarch64-linux-gnu.so
[29.873s] -- Installing: /home/wego/team_ws/psh030917/py_bt_ros_1/install/yolo_msgs/local/lib/python3.10/dist-packages/yolo_msgs/libyolo_msgs__rosidl_generator_py.so
[29.973s] Listing '/home/wego/team_ws/psh030917/py_bt_ros_1/install/yolo_msgs/local/lib/python3.10/dist-packages/yolo_msgs'...
[29.974s] Compiling '/home/wego/team_ws/psh030917/py_bt_ros_1/install/yolo_msgs/local/lib/python3.10/dist-packages/yolo_msgs/__init__.py'...
[29.974s] Listing '/home/wego/team_ws/psh030917/py_bt_ros_1/install/yolo_msgs/local/lib/python3.10/dist-packages/yolo_msgs/msg'...
[29.974s] Compiling '/home/wego/team_ws/psh030917/py_bt_ros_1/install/yolo_msgs/local/lib/python3.10/dist-packages/yolo_msgs/msg/__init__.py'...
[29.974s] Compiling '/home/wego/team_ws/psh030917/py_bt_ros_1/install/yolo_msgs/local/lib/python3.10/dist-packages/yolo_msgs/msg/_bounding_box2_d.py'...
[29.974s] Compiling '/home/wego/team_ws/psh030917/py_bt_ros_1/install/yolo_msgs/local/lib/python3.10/dist-packages/yolo_msgs/msg/_bounding_box3_d.py'...
[29.975s] Compiling '/home/wego/team_ws/psh030917/py_bt_ros_1/install/yolo_msgs/local/lib/python3.10/dist-packages/yolo_msgs/msg/_detection.py'...
[29.975s] Compiling '/home/wego/team_ws/psh030917/py_bt_ros_1/install/yolo_msgs/local/lib/python3.10/dist-packages/yolo_msgs/msg/_detection_array.py'...
[29.975s] Compiling '/home/wego/team_ws/psh030917/py_bt_ros_1/install/yolo_msgs/local/lib/python3.10/dist-packages/yolo_msgs/msg/_key_point2_d.py'...
[29.975s] Compiling '/home/wego/team_ws/psh030917/py_bt_ros_1/install/yolo_msgs/local/lib/python3.10/dist-packages/yolo_msgs/msg/_key_point2_d_array.py'...
[29.976s] Compiling '/home/wego/team_ws/psh030917/py_bt_ros_1/install/yolo_msgs/local/lib/python3.10/dist-packages/yolo_msgs/msg/_key_point3_d.py'...
[29.976s] Compiling '/home/wego/team_ws/psh030917/py_bt_ros_1/install/yolo_msgs/local/lib/python3.10/dist-packages/yolo_msgs/msg/_key_point3_d_array.py'...
[29.976s] Compiling '/home/wego/team_ws/psh030917/py_bt_ros_1/install/yolo_msgs/local/lib/python3.10/dist-packages/yolo_msgs/msg/_mask.py'...
[29.976s] Compiling '/home/wego/team_ws/psh030917/py_bt_ros_1/install/yolo_msgs/local/lib/python3.10/dist-packages/yolo_msgs/msg/_point2_d.py'...
[29.976s] Compiling '/home/wego/team_ws/psh030917/py_bt_ros_1/install/yolo_msgs/local/lib/python3.10/dist-packages/yolo_msgs/msg/_pose2_d.py'...
[29.976s] Compiling '/home/wego/team_ws/psh030917/py_bt_ros_1/install/yolo_msgs/local/lib/python3.10/dist-packages/yolo_msgs/msg/_vector2.py'...
[29.977s] Listing '/home/wego/team_ws/psh030917/py_bt_ros_1/install/yolo_msgs/local/lib/python3.10/dist-packages/yolo_msgs/srv'...
[29.977s] Compiling '/home/wego/team_ws/psh030917/py_bt_ros_1/install/yolo_msgs/local/lib/python3.10/dist-packages/yolo_msgs/srv/__init__.py'...
[29.977s] Compiling '/home/wego/team_ws/psh030917/py_bt_ros_1/install/yolo_msgs/local/lib/python3.10/dist-packages/yolo_msgs/srv/_set_classes.py'...
[29.986s] -- Installing: /home/wego/team_ws/psh030917/py_bt_ros_1/install/yolo_msgs/local/lib/python3.10/dist-packages/yolo_msgs/yolo_msgs_s__rosidl_typesupport_fastrtps_c.cpython-310-aarch64-linux-gnu.so
[29.987s] -- Set runtime path of "/home/wego/team_ws/psh030917/py_bt_ros_1/install/yolo_msgs/local/lib/python3.10/dist-packages/yolo_msgs/yolo_msgs_s__rosidl_typesupport_fastrtps_c.cpython-310-aarch64-linux-gnu.so" to ""
[29.988s] -- Installing: /home/wego/team_ws/psh030917/py_bt_ros_1/install/yolo_msgs/local/lib/python3.10/dist-packages/yolo_msgs/yolo_msgs_s__rosidl_typesupport_introspection_c.cpython-310-aarch64-linux-gnu.so
[29.988s] -- Set runtime path of "/home/wego/team_ws/psh030917/py_bt_ros_1/install/yolo_msgs/local/lib/python3.10/dist-packages/yolo_msgs/yolo_msgs_s__rosidl_typesupport_introspection_c.cpython-310-aarch64-linux-gnu.so" to ""
[29.989s] -- Installing: /home/wego/team_ws/psh030917/py_bt_ros_1/install/yolo_msgs/local/lib/python3.10/dist-packages/yolo_msgs/yolo_msgs_s__rosidl_typesupport_c.cpython-310-aarch64-linux-gnu.so
[29.990s] -- Set runtime path of "/home/wego/team_ws/psh030917/py_bt_ros_1/install/yolo_msgs/local/lib/python3.10/dist-packages/yolo_msgs/yolo_msgs_s__rosidl_typesupport_c.cpython-310-aarch64-linux-gnu.so" to ""
[29.990s] -- Installing: /home/wego/team_ws/psh030917/py_bt_ros_1/install/yolo_msgs/lib/libyolo_msgs__rosidl_generator_py.so
[29.992s] -- Set runtime path of "/home/wego/team_ws/psh030917/py_bt_ros_1/install/yolo_msgs/lib/libyolo_msgs__rosidl_generator_py.so" to ""
[29.992s] -- Installing: /home/wego/team_ws/psh030917/py_bt_ros_1/install/yolo_msgs/share/yolo_msgs/msg/Point2D.idl
[29.993s] -- Installing: /home/wego/team_ws/psh030917/py_bt_ros_1/install/yolo_msgs/share/yolo_msgs/msg/Vector2.idl
[29.993s] -- Installing: /home/wego/team_ws/psh030917/py_bt_ros_1/install/yolo_msgs/share/yolo_msgs/msg/Pose2D.idl
[29.993s] -- Installing: /home/wego/team_ws/psh030917/py_bt_ros_1/install/yolo_msgs/share/yolo_msgs/msg/BoundingBox2D.idl
[29.994s] -- Installing: /home/wego/team_ws/psh030917/py_bt_ros_1/install/yolo_msgs/share/yolo_msgs/msg/BoundingBox3D.idl
[29.995s] -- Installing: /home/wego/team_ws/psh030917/py_bt_ros_1/install/yolo_msgs/share/yolo_msgs/msg/Mask.idl
[29.996s] -- Installing: /home/wego/team_ws/psh030917/py_bt_ros_1/install/yolo_msgs/share/yolo_msgs/msg/KeyPoint2D.idl
[29.996s] -- Installing: /home/wego/team_ws/psh030917/py_bt_ros_1/install/yolo_msgs/share/yolo_msgs/msg/KeyPoint2DArray.idl
[29.997s] -- Installing: /home/wego/team_ws/psh030917/py_bt_ros_1/install/yolo_msgs/share/yolo_msgs/msg/KeyPoint3D.idl
[29.997s] -- Installing: /home/wego/team_ws/psh030917/py_bt_ros_1/install/yolo_msgs/share/yolo_msgs/msg/KeyPoint3DArray.idl
[29.997s] -- Installing: /home/wego/team_ws/psh030917/py_bt_ros_1/install/yolo_msgs/share/yolo_msgs/msg/Detection.idl
[29.998s] -- Installing: /home/wego/team_ws/psh030917/py_bt_ros_1/install/yolo_msgs/share/yolo_msgs/msg/DetectionArray.idl
[29.998s] -- Installing: /home/wego/team_ws/psh030917/py_bt_ros_1/install/yolo_msgs/share/yolo_msgs/srv/SetClasses.idl
[29.999s] -- Installing: /home/wego/team_ws/psh030917/py_bt_ros_1/install/yolo_msgs/share/yolo_msgs/msg/Point2D.msg
[29.999s] -- Installing: /home/wego/team_ws/psh030917/py_bt_ros_1/install/yolo_msgs/share/yolo_msgs/msg/Vector2.msg
[29.999s] -- Installing: /home/wego/team_ws/psh030917/py_bt_ros_1/install/yolo_msgs/share/yolo_msgs/msg/Pose2D.msg
[30.000s] -- Installing: /home/wego/team_ws/psh030917/py_bt_ros_1/install/yolo_msgs/share/yolo_msgs/msg/BoundingBox2D.msg
[30.000s] -- Installing: /home/wego/team_ws/psh030917/py_bt_ros_1/install/yolo_msgs/share/yolo_msgs/msg/BoundingBox3D.msg
[30.001s] -- Installing: /home/wego/team_ws/psh030917/py_bt_ros_1/install/yolo_msgs/share/yolo_msgs/msg/Mask.msg
[30.001s] -- Installing: /home/wego/team_ws/psh030917/py_bt_ros_1/install/yolo_msgs/share/yolo_msgs/msg/KeyPoint2D.msg
[30.001s] -- Installing: /home/wego/team_ws/psh030917/py_bt_ros_1/install/yolo_msgs/share/yolo_msgs/msg/KeyPoint2DArray.msg
[30.001s] -- Installing: /home/wego/team_ws/psh030917/py_bt_ros_1/install/yolo_msgs/share/yolo_msgs/msg/KeyPoint3D.msg
[30.001s] -- Installing: /home/wego/team_ws/psh030917/py_bt_ros_1/install/yolo_msgs/share/yolo_msgs/msg/KeyPoint3DArray.msg
[30.002s] -- Installing: /home/wego/team_ws/psh030917/py_bt_ros_1/install/yolo_msgs/share/yolo_msgs/msg/Detection.msg
[30.002s] -- Installing: /home/wego/team_ws/psh030917/py_bt_ros_1/install/yolo_msgs/share/yolo_msgs/msg/DetectionArray.msg
[30.002s] -- Installing: /home/wego/team_ws/psh030917/py_bt_ros_1/install/yolo_msgs/share/yolo_msgs/srv/SetClasses.srv
[30.002s] -- Installing: /home/wego/team_ws/psh030917/py_bt_ros_1/install/yolo_msgs/share/yolo_msgs/srv/SetClasses_Request.msg
[30.003s] -- Installing: /home/wego/team_ws/psh030917/py_bt_ros_1/install/yolo_msgs/share/yolo_msgs/srv/SetClasses_Response.msg
[30.003s] -- Installing: /home/wego/team_ws/psh030917/py_bt_ros_1/install/yolo_msgs/share/ament_index/resource_index/package_run_dependencies/yolo_msgs
[30.003s] -- Installing: /home/wego/team_ws/psh030917/py_bt_ros_1/install/yolo_msgs/share/ament_index/resource_index/parent_prefix_path/yolo_msgs
[30.004s] -- Installing: /home/wego/team_ws/psh030917/py_bt_ros_1/install/yolo_msgs/share/yolo_msgs/environment/ament_prefix_path.sh
[30.004s] -- Installing: /home/wego/team_ws/psh030917/py_bt_ros_1/install/yolo_msgs/share/yolo_msgs/environment/ament_prefix_path.dsv
[30.005s] -- Installing: /home/wego/team_ws/psh030917/py_bt_ros_1/install/yolo_msgs/share/yolo_msgs/environment/path.sh
[30.005s] -- Installing: /home/wego/team_ws/psh030917/py_bt_ros_1/install/yolo_msgs/share/yolo_msgs/environment/path.dsv
[30.005s] -- Installing: /home/wego/team_ws/psh030917/py_bt_ros_1/install/yolo_msgs/share/yolo_msgs/local_setup.bash
[30.006s] -- Installing: /home/wego/team_ws/psh030917/py_bt_ros_1/install/yolo_msgs/share/yolo_msgs/local_setup.sh
[30.006s] -- Installing: /home/wego/team_ws/psh030917/py_bt_ros_1/install/yolo_msgs/share/yolo_msgs/local_setup.zsh
[30.006s] -- Installing: /home/wego/team_ws/psh030917/py_bt_ros_1/install/yolo_msgs/share/yolo_msgs/local_setup.dsv
[30.007s] -- Installing: /home/wego/team_ws/psh030917/py_bt_ros_1/install/yolo_msgs/share/yolo_msgs/package.dsv
[30.007s] -- Installing: /home/wego/team_ws/psh030917/py_bt_ros_1/install/yolo_msgs/share/ament_index/resource_index/packages/yolo_msgs
[30.008s] -- Installing: /home/wego/team_ws/psh030917/py_bt_ros_1/install/yolo_msgs/share/yolo_msgs/cmake/export_yolo_msgs__rosidl_generator_cExport.cmake
[30.008s] -- Installing: /home/wego/team_ws/psh030917/py_bt_ros_1/install/yolo_msgs/share/yolo_msgs/cmake/export_yolo_msgs__rosidl_generator_cExport-noconfig.cmake
[30.009s] -- Installing: /home/wego/team_ws/psh030917/py_bt_ros_1/install/yolo_msgs/share/yolo_msgs/cmake/export_yolo_msgs__rosidl_typesupport_fastrtps_cExport.cmake
[30.009s] -- Installing: /home/wego/team_ws/psh030917/py_bt_ros_1/install/yolo_msgs/share/yolo_msgs/cmake/export_yolo_msgs__rosidl_typesupport_fastrtps_cExport-noconfig.cmake
[30.009s] -- Installing: /home/wego/team_ws/psh030917/py_bt_ros_1/install/yolo_msgs/share/yolo_msgs/cmake/yolo_msgs__rosidl_typesupport_introspection_cExport.cmake
[30.010s] -- Installing: /home/wego/team_ws/psh030917/py_bt_ros_1/install/yolo_msgs/share/yolo_msgs/cmake/yolo_msgs__rosidl_typesupport_introspection_cExport-noconfig.cmake
[30.010s] -- Installing: /home/wego/team_ws/psh030917/py_bt_ros_1/install/yolo_msgs/share/yolo_msgs/cmake/yolo_msgs__rosidl_typesupport_cExport.cmake
[30.011s] -- Installing: /home/wego/team_ws/psh030917/py_bt_ros_1/install/yolo_msgs/share/yolo_msgs/cmake/yolo_msgs__rosidl_typesupport_cExport-noconfig.cmake
[30.011s] -- Installing: /home/wego/team_ws/psh030917/py_bt_ros_1/install/yolo_msgs/share/yolo_msgs/cmake/export_yolo_msgs__rosidl_generator_cppExport.cmake
[30.012s] -- Installing: /home/wego/team_ws/psh030917/py_bt_ros_1/install/yolo_msgs/share/yolo_msgs/cmake/export_yolo_msgs__rosidl_typesupport_fastrtps_cppExport.cmake
[30.012s] -- Installing: /home/wego/team_ws/psh030917/py_bt_ros_1/install/yolo_msgs/share/yolo_msgs/cmake/export_yolo_msgs__rosidl_typesupport_fastrtps_cppExport-noconfig.cmake
[30.013s] -- Installing: /home/wego/team_ws/psh030917/py_bt_ros_1/install/yolo_msgs/share/yolo_msgs/cmake/yolo_msgs__rosidl_typesupport_introspection_cppExport.cmake
[30.013s] -- Installing: /home/wego/team_ws/psh030917/py_bt_ros_1/install/yolo_msgs/share/yolo_msgs/cmake/yolo_msgs__rosidl_typesupport_introspection_cppExport-noconfig.cmake
[30.015s] -- Installing: /home/wego/team_ws/psh030917/py_bt_ros_1/install/yolo_msgs/share/yolo_msgs/cmake/yolo_msgs__rosidl_typesupport_cppExport.cmake
[30.016s] -- Installing: /home/wego/team_ws/psh030917/py_bt_ros_1/install/yolo_msgs/share/yolo_msgs/cmake/yolo_msgs__rosidl_typesupport_cppExport-noconfig.cmake
[30.016s] -- Installing: /home/wego/team_ws/psh030917/py_bt_ros_1/install/yolo_msgs/share/yolo_msgs/cmake/export_yolo_msgs__rosidl_generator_pyExport.cmake
[30.017s] -- Installing: /home/wego/team_ws/psh030917/py_bt_ros_1/install/yolo_msgs/share/yolo_msgs/cmake/export_yolo_msgs__rosidl_generator_pyExport-noconfig.cmake
[30.017s] -- Installing: /home/wego/team_ws/psh030917/py_bt_ros_1/install/yolo_msgs/share/yolo_msgs/cmake/rosidl_cmake-extras.cmake
[30.017s] -- Installing: /home/wego/team_ws/psh030917/py_bt_ros_1/install/yolo_msgs/share/yolo_msgs/cmake/ament_cmake_export_dependencies-extras.cmake
[30.017s] -- Installing: /home/wego/team_ws/psh030917/py_bt_ros_1/install/yolo_msgs/share/yolo_msgs/cmake/ament_cmake_export_include_directories-extras.cmake
[30.018s] -- Installing: /home/wego/team_ws/psh030917/py_bt_ros_1/install/yolo_msgs/share/yolo_msgs/cmake/ament_cmake_export_libraries-extras.cmake
[30.018s] -- Installing: /home/wego/team_ws/psh030917/py_bt_ros_1/install/yolo_msgs/share/yolo_msgs/cmake/ament_cmake_export_targets-extras.cmake
[30.019s] -- Installing: /home/wego/team_ws/psh030917/py_bt_ros_1/install/yolo_msgs/share/yolo_msgs/cmake/rosidl_cmake_export_typesupport_targets-extras.cmake
[30.019s] -- Installing: /home/wego/team_ws/psh030917/py_bt_ros_1/install/yolo_msgs/share/yolo_msgs/cmake/rosidl_cmake_export_typesupport_libraries-extras.cmake
[30.019s] -- Installing: /home/wego/team_ws/psh030917/py_bt_ros_1/install/yolo_msgs/share/yolo_msgs/cmake/yolo_msgsConfig.cmake
[30.019s] -- Installing: /home/wego/team_ws/psh030917/py_bt_ros_1/install/yolo_msgs/share/yolo_msgs/cmake/yolo_msgsConfig-version.cmake
[30.020s] -- Installing: /home/wego/team_ws/psh030917/py_bt_ros_1/install/yolo_msgs/share/yolo_msgs/package.xml
[30.027s] Invoked command in '/home/wego/team_ws/psh030917/py_bt_ros_1/build/yolo_msgs' returned '0': CMAKE_PREFIX_PATH=/opt/ros/humble /usr/bin/cmake --install /home/wego/team_ws/psh030917/py_bt_ros_1/build/yolo_msgs
