[0.042s] Invoking command in '/home/wego/team_ws/psh030917/py_bt_ros_1/build/yolo_msgs': CMAKE_PREFIX_PATH=/opt/ros/humble /usr/bin/cmake --build /home/wego/team_ws/psh030917/py_bt_ros_1/build/yolo_msgs -- -j6 -l6
[0.799s] [35m[1mConsolidate compiler generated dependencies of target yolo_msgs__rosidl_generator_c[0m
[0.799s] [  0%] Built target yolo_msgs__cpp
[0.799s] [ 12%] Built target yolo_msgs__rosidl_generator_c
[0.800s] [35m[1mConsolidate compiler generated dependencies of target yolo_msgs__rosidl_typesupport_introspection_cpp[0m
[0.800s] [35m[1mConsolidate compiler generated dependencies of target yolo_msgs__rosidl_typesupport_fastrtps_cpp[0m
[0.800s] [35m[1mConsolidate compiler generated dependencies of target yolo_msgs__rosidl_typesupport_cpp[0m
[0.800s] [35m[1mConsolidate compiler generated dependencies of target yolo_msgs__rosidl_typesupport_introspection_c[0m
[0.800s] [35m[1mConsolidate compiler generated dependencies of target yolo_msgs__rosidl_typesupport_fastrtps_c[0m
[0.801s] [ 12%] Built target ament_cmake_python_copy_yolo_msgs
[0.802s] [ 24%] Built target yolo_msgs__rosidl_typesupport_introspection_cpp
[0.802s] [ 36%] Built target yolo_msgs__rosidl_typesupport_cpp
[0.802s] [35m[1mConsolidate compiler generated dependencies of target yolo_msgs__rosidl_typesupport_c[0m
[0.803s] [ 60%] Built target yolo_msgs__rosidl_typesupport_fastrtps_cpp
[0.803s] [ 72%] Built target yolo_msgs__rosidl_typesupport_fastrtps_c
[0.803s] [ 72%] Built target yolo_msgs__rosidl_typesupport_introspection_c
[0.803s] [ 84%] Built target yolo_msgs__rosidl_typesupport_c
[0.803s] [ 84%] Built target yolo_msgs
[0.803s] [ 85%] Built target yolo_msgs__py
[0.803s] [35m[1mConsolidate compiler generated dependencies of target yolo_msgs__rosidl_generator_py[0m
[0.804s] [ 96%] Built target yolo_msgs__rosidl_generator_py
[0.804s] [35m[1mConsolidate compiler generated dependencies of target yolo_msgs__rosidl_typesupport_fastrtps_c__pyext[0m
[0.804s] [35m[1mConsolidate compiler generated dependencies of target yolo_msgs__rosidl_typesupport_c__pyext[0m
[0.804s] [35m[1mConsolidate compiler generated dependencies of target yolo_msgs__rosidl_typesupport_introspection_c__pyext[0m
[0.804s] [ 97%] Built target yolo_msgs__rosidl_typesupport_fastrtps_c__pyext
[0.805s] [ 98%] Built target yolo_msgs__rosidl_typesupport_c__pyext
[0.805s] [100%] Built target yolo_msgs__rosidl_typesupport_introspection_c__pyext
[0.920s] running egg_info
[0.921s] writing yolo_msgs.egg-info/PKG-INFO
[0.922s] writing dependency_links to yolo_msgs.egg-info/dependency_links.txt
[0.922s] writing top-level names to yolo_msgs.egg-info/top_level.txt
[0.930s] reading manifest file 'yolo_msgs.egg-info/SOURCES.txt'
[0.932s] writing manifest file 'yolo_msgs.egg-info/SOURCES.txt'
[1.007s] [100%] Built target ament_cmake_python_build_yolo_msgs_egg
[1.406s] Invoked command in '/home/wego/team_ws/psh030917/py_bt_ros_1/build/yolo_msgs' returned '0': CMAKE_PREFIX_PATH=/opt/ros/humble /usr/bin/cmake --build /home/wego/team_ws/psh030917/py_bt_ros_1/build/yolo_msgs -- -j6 -l6
[1.429s] Invoking command in '/home/wego/team_ws/psh030917/py_bt_ros_1/build/yolo_msgs': CMAKE_PREFIX_PATH=/opt/ros/humble /usr/bin/cmake --install /home/wego/team_ws/psh030917/py_bt_ros_1/build/yolo_msgs
[1.447s] -- Install configuration: ""
[1.447s] -- Up-to-date: /home/wego/team_ws/psh030917/py_bt_ros_1/install/yolo_msgs/share/ament_index/resource_index/rosidl_interfaces/yolo_msgs
[1.447s] -- Up-to-date: /home/wego/team_ws/psh030917/py_bt_ros_1/install/yolo_msgs/include/yolo_msgs/yolo_msgs
[1.447s] -- Up-to-date: /home/wego/team_ws/psh030917/py_bt_ros_1/install/yolo_msgs/include/yolo_msgs/yolo_msgs/msg
[1.448s] -- Up-to-date: /home/wego/team_ws/psh030917/py_bt_ros_1/install/yolo_msgs/include/yolo_msgs/yolo_msgs/msg/pose2_d.h
[1.448s] -- Up-to-date: /home/wego/team_ws/psh030917/py_bt_ros_1/install/yolo_msgs/include/yolo_msgs/yolo_msgs/msg/vector2.h
[1.448s] -- Up-to-date: /home/wego/team_ws/psh030917/py_bt_ros_1/install/yolo_msgs/include/yolo_msgs/yolo_msgs/msg/detection_array.h
[1.448s] -- Up-to-date: /home/wego/team_ws/psh030917/py_bt_ros_1/install/yolo_msgs/include/yolo_msgs/yolo_msgs/msg/key_point3_d_array.h
[1.448s] -- Up-to-date: /home/wego/team_ws/psh030917/py_bt_ros_1/install/yolo_msgs/include/yolo_msgs/yolo_msgs/msg/rosidl_generator_c__visibility_control.h
[1.449s] -- Up-to-date: /home/wego/team_ws/psh030917/py_bt_ros_1/install/yolo_msgs/include/yolo_msgs/yolo_msgs/msg/key_point2_d_array.h
[1.449s] -- Up-to-date: /home/wego/team_ws/psh030917/py_bt_ros_1/install/yolo_msgs/include/yolo_msgs/yolo_msgs/msg/key_point3_d.h
[1.449s] -- Up-to-date: /home/wego/team_ws/psh030917/py_bt_ros_1/install/yolo_msgs/include/yolo_msgs/yolo_msgs/msg/detection.h
[1.449s] -- Up-to-date: /home/wego/team_ws/psh030917/py_bt_ros_1/install/yolo_msgs/include/yolo_msgs/yolo_msgs/msg/key_point2_d.h
[1.450s] -- Up-to-date: /home/wego/team_ws/psh030917/py_bt_ros_1/install/yolo_msgs/include/yolo_msgs/yolo_msgs/msg/detail
[1.450s] -- Up-to-date: /home/wego/team_ws/psh030917/py_bt_ros_1/install/yolo_msgs/include/yolo_msgs/yolo_msgs/msg/detail/pose2_d__functions.c
[1.450s] -- Up-to-date: /home/wego/team_ws/psh030917/py_bt_ros_1/install/yolo_msgs/include/yolo_msgs/yolo_msgs/msg/detail/key_point2_d_array__functions.c
[1.450s] -- Up-to-date: /home/wego/team_ws/psh030917/py_bt_ros_1/install/yolo_msgs/include/yolo_msgs/yolo_msgs/msg/detail/bounding_box2_d__functions.h
[1.450s] -- Up-to-date: /home/wego/team_ws/psh030917/py_bt_ros_1/install/yolo_msgs/include/yolo_msgs/yolo_msgs/msg/detail/detection__functions.c
[1.450s] -- Up-to-date: /home/wego/team_ws/psh030917/py_bt_ros_1/install/yolo_msgs/include/yolo_msgs/yolo_msgs/msg/detail/vector2__functions.c
[1.450s] -- Up-to-date: /home/wego/team_ws/psh030917/py_bt_ros_1/install/yolo_msgs/include/yolo_msgs/yolo_msgs/msg/detail/key_point2_d__type_support.h
[1.451s] -- Up-to-date: /home/wego/team_ws/psh030917/py_bt_ros_1/install/yolo_msgs/include/yolo_msgs/yolo_msgs/msg/detail/key_point3_d_array__struct.h
[1.451s] -- Up-to-date: /home/wego/team_ws/psh030917/py_bt_ros_1/install/yolo_msgs/include/yolo_msgs/yolo_msgs/msg/detail/pose2_d__functions.h
[1.451s] -- Up-to-date: /home/wego/team_ws/psh030917/py_bt_ros_1/install/yolo_msgs/include/yolo_msgs/yolo_msgs/msg/detail/key_point3_d__functions.h
[1.451s] -- Up-to-date: /home/wego/team_ws/psh030917/py_bt_ros_1/install/yolo_msgs/include/yolo_msgs/yolo_msgs/msg/detail/vector2__type_support.h
[1.451s] -- Up-to-date: /home/wego/team_ws/psh030917/py_bt_ros_1/install/yolo_msgs/include/yolo_msgs/yolo_msgs/msg/detail/key_point2_d__functions.h
[1.451s] -- Up-to-date: /home/wego/team_ws/psh030917/py_bt_ros_1/install/yolo_msgs/include/yolo_msgs/yolo_msgs/msg/detail/key_point2_d_array__functions.h
[1.451s] -- Up-to-date: /home/wego/team_ws/psh030917/py_bt_ros_1/install/yolo_msgs/include/yolo_msgs/yolo_msgs/msg/detail/key_point3_d_array__type_support.h
[1.451s] -- Up-to-date: /home/wego/team_ws/psh030917/py_bt_ros_1/install/yolo_msgs/include/yolo_msgs/yolo_msgs/msg/detail/vector2__struct.h
[1.452s] -- Up-to-date: /home/wego/team_ws/psh030917/py_bt_ros_1/install/yolo_msgs/include/yolo_msgs/yolo_msgs/msg/detail/bounding_box3_d__type_support.h
[1.452s] -- Up-to-date: /home/wego/team_ws/psh030917/py_bt_ros_1/install/yolo_msgs/include/yolo_msgs/yolo_msgs/msg/detail/detection_array__struct.h
[1.452s] -- Up-to-date: /home/wego/team_ws/psh030917/py_bt_ros_1/install/yolo_msgs/include/yolo_msgs/yolo_msgs/msg/detail/detection_array__functions.h
[1.452s] -- Up-to-date: /home/wego/team_ws/psh030917/py_bt_ros_1/install/yolo_msgs/include/yolo_msgs/yolo_msgs/msg/detail/key_point3_d_array__functions.c
[1.452s] -- Up-to-date: /home/wego/team_ws/psh030917/py_bt_ros_1/install/yolo_msgs/include/yolo_msgs/yolo_msgs/msg/detail/key_point2_d_array__type_support.h
[1.452s] -- Up-to-date: /home/wego/team_ws/psh030917/py_bt_ros_1/install/yolo_msgs/include/yolo_msgs/yolo_msgs/msg/detail/key_point2_d_array__struct.h
[1.453s] -- Up-to-date: /home/wego/team_ws/psh030917/py_bt_ros_1/install/yolo_msgs/include/yolo_msgs/yolo_msgs/msg/detail/pose2_d__struct.h
[1.454s] -- Up-to-date: /home/wego/team_ws/psh030917/py_bt_ros_1/install/yolo_msgs/include/yolo_msgs/yolo_msgs/msg/detail/mask__functions.c
[1.454s] -- Up-to-date: /home/wego/team_ws/psh030917/py_bt_ros_1/install/yolo_msgs/include/yolo_msgs/yolo_msgs/msg/detail/key_point3_d__struct.h
[1.455s] -- Up-to-date: /home/wego/team_ws/psh030917/py_bt_ros_1/install/yolo_msgs/include/yolo_msgs/yolo_msgs/msg/detail/point2_d__type_support.h
[1.455s] -- Up-to-date: /home/wego/team_ws/psh030917/py_bt_ros_1/install/yolo_msgs/include/yolo_msgs/yolo_msgs/msg/detail/detection__struct.h
[1.455s] -- Up-to-date: /home/wego/team_ws/psh030917/py_bt_ros_1/install/yolo_msgs/include/yolo_msgs/yolo_msgs/msg/detail/bounding_box2_d__type_support.h
[1.455s] -- Up-to-date: /home/wego/team_ws/psh030917/py_bt_ros_1/install/yolo_msgs/include/yolo_msgs/yolo_msgs/msg/detail/bounding_box3_d__functions.c
[1.456s] -- Up-to-date: /home/wego/team_ws/psh030917/py_bt_ros_1/install/yolo_msgs/include/yolo_msgs/yolo_msgs/msg/detail/vector2__functions.h
[1.456s] -- Up-to-date: /home/wego/team_ws/psh030917/py_bt_ros_1/install/yolo_msgs/include/yolo_msgs/yolo_msgs/msg/detail/point2_d__struct.h
[1.457s] -- Up-to-date: /home/wego/team_ws/psh030917/py_bt_ros_1/install/yolo_msgs/include/yolo_msgs/yolo_msgs/msg/detail/detection_array__type_support.h
[1.457s] -- Up-to-date: /home/wego/team_ws/psh030917/py_bt_ros_1/install/yolo_msgs/include/yolo_msgs/yolo_msgs/msg/detail/key_point3_d_array__functions.h
[1.458s] -- Up-to-date: /home/wego/team_ws/psh030917/py_bt_ros_1/install/yolo_msgs/include/yolo_msgs/yolo_msgs/msg/detail/point2_d__functions.c
[1.459s] -- Up-to-date: /home/wego/team_ws/psh030917/py_bt_ros_1/install/yolo_msgs/include/yolo_msgs/yolo_msgs/msg/detail/point2_d__functions.h
[1.460s] -- Up-to-date: /home/wego/team_ws/psh030917/py_bt_ros_1/install/yolo_msgs/include/yolo_msgs/yolo_msgs/msg/detail/key_point3_d__type_support.h
[1.460s] -- Up-to-date: /home/wego/team_ws/psh030917/py_bt_ros_1/install/yolo_msgs/include/yolo_msgs/yolo_msgs/msg/detail/detection__functions.h
[1.461s] -- Up-to-date: /home/wego/team_ws/psh030917/py_bt_ros_1/install/yolo_msgs/include/yolo_msgs/yolo_msgs/msg/detail/pose2_d__type_support.h
[1.461s] -- Up-to-date: /home/wego/team_ws/psh030917/py_bt_ros_1/install/yolo_msgs/include/yolo_msgs/yolo_msgs/msg/detail/key_point3_d__functions.c
[1.461s] -- Up-to-date: /home/wego/team_ws/psh030917/py_bt_ros_1/install/yolo_msgs/include/yolo_msgs/yolo_msgs/msg/detail/detection_array__functions.c
[1.462s] -- Up-to-date: /home/wego/team_ws/psh030917/py_bt_ros_1/install/yolo_msgs/include/yolo_msgs/yolo_msgs/msg/detail/bounding_box3_d__functions.h
[1.462s] -- Up-to-date: /home/wego/team_ws/psh030917/py_bt_ros_1/install/yolo_msgs/include/yolo_msgs/yolo_msgs/msg/detail/bounding_box2_d__struct.h
[1.463s] -- Up-to-date: /home/wego/team_ws/psh030917/py_bt_ros_1/install/yolo_msgs/include/yolo_msgs/yolo_msgs/msg/detail/bounding_box2_d__functions.c
[1.463s] -- Up-to-date: /home/wego/team_ws/psh030917/py_bt_ros_1/install/yolo_msgs/include/yolo_msgs/yolo_msgs/msg/detail/detection__type_support.h
[1.463s] -- Up-to-date: /home/wego/team_ws/psh030917/py_bt_ros_1/install/yolo_msgs/include/yolo_msgs/yolo_msgs/msg/detail/mask__type_support.h
[1.464s] -- Up-to-date: /home/wego/team_ws/psh030917/py_bt_ros_1/install/yolo_msgs/include/yolo_msgs/yolo_msgs/msg/detail/mask__functions.h
[1.464s] -- Up-to-date: /home/wego/team_ws/psh030917/py_bt_ros_1/install/yolo_msgs/include/yolo_msgs/yolo_msgs/msg/detail/mask__struct.h
[1.464s] -- Up-to-date: /home/wego/team_ws/psh030917/py_bt_ros_1/install/yolo_msgs/include/yolo_msgs/yolo_msgs/msg/detail/key_point2_d__functions.c
[1.464s] -- Up-to-date: /home/wego/team_ws/psh030917/py_bt_ros_1/install/yolo_msgs/include/yolo_msgs/yolo_msgs/msg/detail/key_point2_d__struct.h
[1.464s] -- Up-to-date: /home/wego/team_ws/psh030917/py_bt_ros_1/install/yolo_msgs/include/yolo_msgs/yolo_msgs/msg/detail/bounding_box3_d__struct.h
[1.464s] -- Up-to-date: /home/wego/team_ws/psh030917/py_bt_ros_1/install/yolo_msgs/include/yolo_msgs/yolo_msgs/msg/bounding_box2_d.h
[1.465s] -- Up-to-date: /home/wego/team_ws/psh030917/py_bt_ros_1/install/yolo_msgs/include/yolo_msgs/yolo_msgs/msg/bounding_box3_d.h
[1.465s] -- Up-to-date: /home/wego/team_ws/psh030917/py_bt_ros_1/install/yolo_msgs/include/yolo_msgs/yolo_msgs/msg/point2_d.h
[1.465s] -- Up-to-date: /home/wego/team_ws/psh030917/py_bt_ros_1/install/yolo_msgs/include/yolo_msgs/yolo_msgs/msg/mask.h
[1.465s] -- Up-to-date: /home/wego/team_ws/psh030917/py_bt_ros_1/install/yolo_msgs/include/yolo_msgs/yolo_msgs/srv
[1.465s] -- Up-to-date: /home/wego/team_ws/psh030917/py_bt_ros_1/install/yolo_msgs/include/yolo_msgs/yolo_msgs/srv/detail
[1.465s] -- Up-to-date: /home/wego/team_ws/psh030917/py_bt_ros_1/install/yolo_msgs/include/yolo_msgs/yolo_msgs/srv/detail/set_classes__struct.h
[1.465s] -- Up-to-date: /home/wego/team_ws/psh030917/py_bt_ros_1/install/yolo_msgs/include/yolo_msgs/yolo_msgs/srv/detail/set_classes__functions.c
[1.466s] -- Up-to-date: /home/wego/team_ws/psh030917/py_bt_ros_1/install/yolo_msgs/include/yolo_msgs/yolo_msgs/srv/detail/set_classes__type_support.h
[1.466s] -- Up-to-date: /home/wego/team_ws/psh030917/py_bt_ros_1/install/yolo_msgs/include/yolo_msgs/yolo_msgs/srv/detail/set_classes__functions.h
[1.466s] -- Up-to-date: /home/wego/team_ws/psh030917/py_bt_ros_1/install/yolo_msgs/include/yolo_msgs/yolo_msgs/srv/set_classes.h
[1.466s] -- Up-to-date: /home/wego/team_ws/psh030917/py_bt_ros_1/install/yolo_msgs/share/yolo_msgs/environment/library_path.sh
[1.466s] -- Up-to-date: /home/wego/team_ws/psh030917/py_bt_ros_1/install/yolo_msgs/share/yolo_msgs/environment/library_path.dsv
[1.467s] -- Up-to-date: /home/wego/team_ws/psh030917/py_bt_ros_1/install/yolo_msgs/lib/libyolo_msgs__rosidl_generator_c.so
[1.467s] -- Up-to-date: /home/wego/team_ws/psh030917/py_bt_ros_1/install/yolo_msgs/include/yolo_msgs/yolo_msgs
[1.467s] -- Up-to-date: /home/wego/team_ws/psh030917/py_bt_ros_1/install/yolo_msgs/include/yolo_msgs/yolo_msgs/msg
[1.467s] -- Up-to-date: /home/wego/team_ws/psh030917/py_bt_ros_1/install/yolo_msgs/include/yolo_msgs/yolo_msgs/msg/detail
[1.467s] -- Up-to-date: /home/wego/team_ws/psh030917/py_bt_ros_1/install/yolo_msgs/include/yolo_msgs/yolo_msgs/msg/detail/detection_array__rosidl_typesupport_fastrtps_c.h
[1.467s] -- Up-to-date: /home/wego/team_ws/psh030917/py_bt_ros_1/install/yolo_msgs/include/yolo_msgs/yolo_msgs/msg/detail/detection__rosidl_typesupport_fastrtps_c.h
[1.468s] -- Up-to-date: /home/wego/team_ws/psh030917/py_bt_ros_1/install/yolo_msgs/include/yolo_msgs/yolo_msgs/msg/detail/key_point2_d__rosidl_typesupport_fastrtps_c.h
[1.468s] -- Up-to-date: /home/wego/team_ws/psh030917/py_bt_ros_1/install/yolo_msgs/include/yolo_msgs/yolo_msgs/msg/detail/pose2_d__rosidl_typesupport_fastrtps_c.h
[1.468s] -- Up-to-date: /home/wego/team_ws/psh030917/py_bt_ros_1/install/yolo_msgs/include/yolo_msgs/yolo_msgs/msg/detail/key_point3_d_array__rosidl_typesupport_fastrtps_c.h
[1.468s] -- Up-to-date: /home/wego/team_ws/psh030917/py_bt_ros_1/install/yolo_msgs/include/yolo_msgs/yolo_msgs/msg/detail/vector2__rosidl_typesupport_fastrtps_c.h
[1.469s] -- Up-to-date: /home/wego/team_ws/psh030917/py_bt_ros_1/install/yolo_msgs/include/yolo_msgs/yolo_msgs/msg/detail/key_point2_d_array__rosidl_typesupport_fastrtps_c.h
[1.469s] -- Up-to-date: /home/wego/team_ws/psh030917/py_bt_ros_1/install/yolo_msgs/include/yolo_msgs/yolo_msgs/msg/detail/bounding_box3_d__rosidl_typesupport_fastrtps_c.h
[1.470s] -- Up-to-date: /home/wego/team_ws/psh030917/py_bt_ros_1/install/yolo_msgs/include/yolo_msgs/yolo_msgs/msg/detail/point2_d__rosidl_typesupport_fastrtps_c.h
[1.470s] -- Up-to-date: /home/wego/team_ws/psh030917/py_bt_ros_1/install/yolo_msgs/include/yolo_msgs/yolo_msgs/msg/detail/mask__rosidl_typesupport_fastrtps_c.h
[1.470s] -- Up-to-date: /home/wego/team_ws/psh030917/py_bt_ros_1/install/yolo_msgs/include/yolo_msgs/yolo_msgs/msg/detail/bounding_box2_d__rosidl_typesupport_fastrtps_c.h
[1.470s] -- Up-to-date: /home/wego/team_ws/psh030917/py_bt_ros_1/install/yolo_msgs/include/yolo_msgs/yolo_msgs/msg/detail/key_point3_d__rosidl_typesupport_fastrtps_c.h
[1.470s] -- Up-to-date: /home/wego/team_ws/psh030917/py_bt_ros_1/install/yolo_msgs/include/yolo_msgs/yolo_msgs/msg/rosidl_typesupport_fastrtps_c__visibility_control.h
[1.471s] -- Up-to-date: /home/wego/team_ws/psh030917/py_bt_ros_1/install/yolo_msgs/include/yolo_msgs/yolo_msgs/srv
[1.471s] -- Up-to-date: /home/wego/team_ws/psh030917/py_bt_ros_1/install/yolo_msgs/include/yolo_msgs/yolo_msgs/srv/detail
[1.471s] -- Up-to-date: /home/wego/team_ws/psh030917/py_bt_ros_1/install/yolo_msgs/include/yolo_msgs/yolo_msgs/srv/detail/set_classes__rosidl_typesupport_fastrtps_c.h
[1.471s] -- Up-to-date: /home/wego/team_ws/psh030917/py_bt_ros_1/install/yolo_msgs/lib/libyolo_msgs__rosidl_typesupport_fastrtps_c.so
[1.471s] -- Up-to-date: /home/wego/team_ws/psh030917/py_bt_ros_1/install/yolo_msgs/include/yolo_msgs/yolo_msgs
[1.471s] -- Up-to-date: /home/wego/team_ws/psh030917/py_bt_ros_1/install/yolo_msgs/include/yolo_msgs/yolo_msgs/msg
[1.471s] -- Up-to-date: /home/wego/team_ws/psh030917/py_bt_ros_1/install/yolo_msgs/include/yolo_msgs/yolo_msgs/msg/rosidl_typesupport_introspection_c__visibility_control.h
[1.472s] -- Up-to-date: /home/wego/team_ws/psh030917/py_bt_ros_1/install/yolo_msgs/include/yolo_msgs/yolo_msgs/msg/detail
[1.472s] -- Up-to-date: /home/wego/team_ws/psh030917/py_bt_ros_1/install/yolo_msgs/include/yolo_msgs/yolo_msgs/msg/detail/key_point3_d__rosidl_typesupport_introspection_c.h
[1.472s] -- Up-to-date: /home/wego/team_ws/psh030917/py_bt_ros_1/install/yolo_msgs/include/yolo_msgs/yolo_msgs/msg/detail/key_point3_d__type_support.c
[1.472s] -- Up-to-date: /home/wego/team_ws/psh030917/py_bt_ros_1/install/yolo_msgs/include/yolo_msgs/yolo_msgs/msg/detail/mask__type_support.c
[1.472s] -- Up-to-date: /home/wego/team_ws/psh030917/py_bt_ros_1/install/yolo_msgs/include/yolo_msgs/yolo_msgs/msg/detail/detection__rosidl_typesupport_introspection_c.h
[1.472s] -- Up-to-date: /home/wego/team_ws/psh030917/py_bt_ros_1/install/yolo_msgs/include/yolo_msgs/yolo_msgs/msg/detail/bounding_box2_d__rosidl_typesupport_introspection_c.h
[1.472s] -- Up-to-date: /home/wego/team_ws/psh030917/py_bt_ros_1/install/yolo_msgs/include/yolo_msgs/yolo_msgs/msg/detail/bounding_box3_d__type_support.c
[1.473s] -- Up-to-date: /home/wego/team_ws/psh030917/py_bt_ros_1/install/yolo_msgs/include/yolo_msgs/yolo_msgs/msg/detail/vector2__type_support.c
[1.473s] -- Up-to-date: /home/wego/team_ws/psh030917/py_bt_ros_1/install/yolo_msgs/include/yolo_msgs/yolo_msgs/msg/detail/detection_array__type_support.c
[1.473s] -- Up-to-date: /home/wego/team_ws/psh030917/py_bt_ros_1/install/yolo_msgs/include/yolo_msgs/yolo_msgs/msg/detail/pose2_d__type_support.c
[1.473s] -- Up-to-date: /home/wego/team_ws/psh030917/py_bt_ros_1/install/yolo_msgs/include/yolo_msgs/yolo_msgs/msg/detail/mask__rosidl_typesupport_introspection_c.h
[1.473s] -- Up-to-date: /home/wego/team_ws/psh030917/py_bt_ros_1/install/yolo_msgs/include/yolo_msgs/yolo_msgs/msg/detail/detection__type_support.c
[1.473s] -- Up-to-date: /home/wego/team_ws/psh030917/py_bt_ros_1/install/yolo_msgs/include/yolo_msgs/yolo_msgs/msg/detail/key_point2_d_array__rosidl_typesupport_introspection_c.h
[1.473s] -- Up-to-date: /home/wego/team_ws/psh030917/py_bt_ros_1/install/yolo_msgs/include/yolo_msgs/yolo_msgs/msg/detail/pose2_d__rosidl_typesupport_introspection_c.h
[1.474s] -- Up-to-date: /home/wego/team_ws/psh030917/py_bt_ros_1/install/yolo_msgs/include/yolo_msgs/yolo_msgs/msg/detail/bounding_box3_d__rosidl_typesupport_introspection_c.h
[1.474s] -- Up-to-date: /home/wego/team_ws/psh030917/py_bt_ros_1/install/yolo_msgs/include/yolo_msgs/yolo_msgs/msg/detail/point2_d__rosidl_typesupport_introspection_c.h
[1.474s] -- Up-to-date: /home/wego/team_ws/psh030917/py_bt_ros_1/install/yolo_msgs/include/yolo_msgs/yolo_msgs/msg/detail/key_point3_d_array__type_support.c
[1.474s] -- Up-to-date: /home/wego/team_ws/psh030917/py_bt_ros_1/install/yolo_msgs/include/yolo_msgs/yolo_msgs/msg/detail/key_point2_d_array__type_support.c
[1.474s] -- Up-to-date: /home/wego/team_ws/psh030917/py_bt_ros_1/install/yolo_msgs/include/yolo_msgs/yolo_msgs/msg/detail/detection_array__rosidl_typesupport_introspection_c.h
[1.475s] -- Up-to-date: /home/wego/team_ws/psh030917/py_bt_ros_1/install/yolo_msgs/include/yolo_msgs/yolo_msgs/msg/detail/point2_d__type_support.c
[1.475s] -- Up-to-date: /home/wego/team_ws/psh030917/py_bt_ros_1/install/yolo_msgs/include/yolo_msgs/yolo_msgs/msg/detail/bounding_box2_d__type_support.c
[1.475s] -- Up-to-date: /home/wego/team_ws/psh030917/py_bt_ros_1/install/yolo_msgs/include/yolo_msgs/yolo_msgs/msg/detail/key_point3_d_array__rosidl_typesupport_introspection_c.h
[1.475s] -- Up-to-date: /home/wego/team_ws/psh030917/py_bt_ros_1/install/yolo_msgs/include/yolo_msgs/yolo_msgs/msg/detail/key_point2_d__type_support.c
[1.475s] -- Up-to-date: /home/wego/team_ws/psh030917/py_bt_ros_1/install/yolo_msgs/include/yolo_msgs/yolo_msgs/msg/detail/vector2__rosidl_typesupport_introspection_c.h
[1.476s] -- Up-to-date: /home/wego/team_ws/psh030917/py_bt_ros_1/install/yolo_msgs/include/yolo_msgs/yolo_msgs/msg/detail/key_point2_d__rosidl_typesupport_introspection_c.h
[1.476s] -- Up-to-date: /home/wego/team_ws/psh030917/py_bt_ros_1/install/yolo_msgs/include/yolo_msgs/yolo_msgs/srv
[1.476s] -- Up-to-date: /home/wego/team_ws/psh030917/py_bt_ros_1/install/yolo_msgs/include/yolo_msgs/yolo_msgs/srv/detail
[1.477s] -- Up-to-date: /home/wego/team_ws/psh030917/py_bt_ros_1/install/yolo_msgs/include/yolo_msgs/yolo_msgs/srv/detail/set_classes__type_support.c
[1.477s] -- Up-to-date: /home/wego/team_ws/psh030917/py_bt_ros_1/install/yolo_msgs/include/yolo_msgs/yolo_msgs/srv/detail/set_classes__rosidl_typesupport_introspection_c.h
[1.477s] -- Up-to-date: /home/wego/team_ws/psh030917/py_bt_ros_1/install/yolo_msgs/lib/libyolo_msgs__rosidl_typesupport_introspection_c.so
[1.478s] -- Up-to-date: /home/wego/team_ws/psh030917/py_bt_ros_1/install/yolo_msgs/lib/libyolo_msgs__rosidl_typesupport_c.so
[1.478s] -- Up-to-date: /home/wego/team_ws/psh030917/py_bt_ros_1/install/yolo_msgs/include/yolo_msgs/yolo_msgs
[1.478s] -- Up-to-date: /home/wego/team_ws/psh030917/py_bt_ros_1/install/yolo_msgs/include/yolo_msgs/yolo_msgs/msg
[1.478s] -- Up-to-date: /home/wego/team_ws/psh030917/py_bt_ros_1/install/yolo_msgs/include/yolo_msgs/yolo_msgs/msg/point2_d.hpp
[1.479s] -- Up-to-date: /home/wego/team_ws/psh030917/py_bt_ros_1/install/yolo_msgs/include/yolo_msgs/yolo_msgs/msg/key_point2_d.hpp
[1.479s] -- Up-to-date: /home/wego/team_ws/psh030917/py_bt_ros_1/install/yolo_msgs/include/yolo_msgs/yolo_msgs/msg/detection.hpp
[1.479s] -- Up-to-date: /home/wego/team_ws/psh030917/py_bt_ros_1/install/yolo_msgs/include/yolo_msgs/yolo_msgs/msg/bounding_box2_d.hpp
[1.479s] -- Up-to-date: /home/wego/team_ws/psh030917/py_bt_ros_1/install/yolo_msgs/include/yolo_msgs/yolo_msgs/msg/key_point3_d.hpp
[1.479s] -- Up-to-date: /home/wego/team_ws/psh030917/py_bt_ros_1/install/yolo_msgs/include/yolo_msgs/yolo_msgs/msg/detection_array.hpp
[1.480s] -- Up-to-date: /home/wego/team_ws/psh030917/py_bt_ros_1/install/yolo_msgs/include/yolo_msgs/yolo_msgs/msg/mask.hpp
[1.480s] -- Up-to-date: /home/wego/team_ws/psh030917/py_bt_ros_1/install/yolo_msgs/include/yolo_msgs/yolo_msgs/msg/rosidl_generator_cpp__visibility_control.hpp
[1.480s] -- Up-to-date: /home/wego/team_ws/psh030917/py_bt_ros_1/install/yolo_msgs/include/yolo_msgs/yolo_msgs/msg/vector2.hpp
[1.480s] -- Up-to-date: /home/wego/team_ws/psh030917/py_bt_ros_1/install/yolo_msgs/include/yolo_msgs/yolo_msgs/msg/detail
[1.481s] -- Up-to-date: /home/wego/team_ws/psh030917/py_bt_ros_1/install/yolo_msgs/include/yolo_msgs/yolo_msgs/msg/detail/key_point2_d__builder.hpp
[1.481s] -- Up-to-date: /home/wego/team_ws/psh030917/py_bt_ros_1/install/yolo_msgs/include/yolo_msgs/yolo_msgs/msg/detail/key_point2_d_array__type_support.hpp
[1.481s] -- Up-to-date: /home/wego/team_ws/psh030917/py_bt_ros_1/install/yolo_msgs/include/yolo_msgs/yolo_msgs/msg/detail/vector2__builder.hpp
[1.481s] -- Up-to-date: /home/wego/team_ws/psh030917/py_bt_ros_1/install/yolo_msgs/include/yolo_msgs/yolo_msgs/msg/detail/point2_d__builder.hpp
[1.481s] -- Up-to-date: /home/wego/team_ws/psh030917/py_bt_ros_1/install/yolo_msgs/include/yolo_msgs/yolo_msgs/msg/detail/bounding_box2_d__type_support.hpp
[1.482s] -- Up-to-date: /home/wego/team_ws/psh030917/py_bt_ros_1/install/yolo_msgs/include/yolo_msgs/yolo_msgs/msg/detail/bounding_box3_d__traits.hpp
[1.482s] -- Up-to-date: /home/wego/team_ws/psh030917/py_bt_ros_1/install/yolo_msgs/include/yolo_msgs/yolo_msgs/msg/detail/bounding_box2_d__builder.hpp
[1.482s] -- Up-to-date: /home/wego/team_ws/psh030917/py_bt_ros_1/install/yolo_msgs/include/yolo_msgs/yolo_msgs/msg/detail/key_point3_d__struct.hpp
[1.482s] -- Up-to-date: /home/wego/team_ws/psh030917/py_bt_ros_1/install/yolo_msgs/include/yolo_msgs/yolo_msgs/msg/detail/point2_d__traits.hpp
[1.482s] -- Up-to-date: /home/wego/team_ws/psh030917/py_bt_ros_1/install/yolo_msgs/include/yolo_msgs/yolo_msgs/msg/detail/key_point3_d_array__struct.hpp
[1.482s] -- Up-to-date: /home/wego/team_ws/psh030917/py_bt_ros_1/install/yolo_msgs/include/yolo_msgs/yolo_msgs/msg/detail/key_point2_d_array__traits.hpp
[1.482s] -- Up-to-date: /home/wego/team_ws/psh030917/py_bt_ros_1/install/yolo_msgs/include/yolo_msgs/yolo_msgs/msg/detail/key_point2_d__struct.hpp
[1.482s] -- Up-to-date: /home/wego/team_ws/psh030917/py_bt_ros_1/install/yolo_msgs/include/yolo_msgs/yolo_msgs/msg/detail/detection_array__traits.hpp
[1.483s] -- Up-to-date: /home/wego/team_ws/psh030917/py_bt_ros_1/install/yolo_msgs/include/yolo_msgs/yolo_msgs/msg/detail/vector2__type_support.hpp
[1.483s] -- Up-to-date: /home/wego/team_ws/psh030917/py_bt_ros_1/install/yolo_msgs/include/yolo_msgs/yolo_msgs/msg/detail/detection__type_support.hpp
[1.483s] -- Up-to-date: /home/wego/team_ws/psh030917/py_bt_ros_1/install/yolo_msgs/include/yolo_msgs/yolo_msgs/msg/detail/point2_d__struct.hpp
[1.483s] -- Up-to-date: /home/wego/team_ws/psh030917/py_bt_ros_1/install/yolo_msgs/include/yolo_msgs/yolo_msgs/msg/detail/point2_d__type_support.hpp
[1.483s] -- Up-to-date: /home/wego/team_ws/psh030917/py_bt_ros_1/install/yolo_msgs/include/yolo_msgs/yolo_msgs/msg/detail/bounding_box3_d__builder.hpp
[1.483s] -- Up-to-date: /home/wego/team_ws/psh030917/py_bt_ros_1/install/yolo_msgs/include/yolo_msgs/yolo_msgs/msg/detail/bounding_box3_d__type_support.hpp
[1.484s] -- Up-to-date: /home/wego/team_ws/psh030917/py_bt_ros_1/install/yolo_msgs/include/yolo_msgs/yolo_msgs/msg/detail/key_point2_d_array__struct.hpp
[1.484s] -- Up-to-date: /home/wego/team_ws/psh030917/py_bt_ros_1/install/yolo_msgs/include/yolo_msgs/yolo_msgs/msg/detail/bounding_box2_d__struct.hpp
[1.484s] -- Up-to-date: /home/wego/team_ws/psh030917/py_bt_ros_1/install/yolo_msgs/include/yolo_msgs/yolo_msgs/msg/detail/bounding_box3_d__struct.hpp
[1.485s] -- Up-to-date: /home/wego/team_ws/psh030917/py_bt_ros_1/install/yolo_msgs/include/yolo_msgs/yolo_msgs/msg/detail/vector2__traits.hpp
[1.485s] -- Up-to-date: /home/wego/team_ws/psh030917/py_bt_ros_1/install/yolo_msgs/include/yolo_msgs/yolo_msgs/msg/detail/vector2__struct.hpp
[1.485s] -- Up-to-date: /home/wego/team_ws/psh030917/py_bt_ros_1/install/yolo_msgs/include/yolo_msgs/yolo_msgs/msg/detail/detection__builder.hpp
[1.486s] -- Up-to-date: /home/wego/team_ws/psh030917/py_bt_ros_1/install/yolo_msgs/include/yolo_msgs/yolo_msgs/msg/detail/key_point2_d__traits.hpp
[1.486s] -- Up-to-date: /home/wego/team_ws/psh030917/py_bt_ros_1/install/yolo_msgs/include/yolo_msgs/yolo_msgs/msg/detail/pose2_d__builder.hpp
[1.486s] -- Up-to-date: /home/wego/team_ws/psh030917/py_bt_ros_1/install/yolo_msgs/include/yolo_msgs/yolo_msgs/msg/detail/bounding_box2_d__traits.hpp
[1.486s] -- Up-to-date: /home/wego/team_ws/psh030917/py_bt_ros_1/install/yolo_msgs/include/yolo_msgs/yolo_msgs/msg/detail/key_point3_d_array__builder.hpp
[1.486s] -- Up-to-date: /home/wego/team_ws/psh030917/py_bt_ros_1/install/yolo_msgs/include/yolo_msgs/yolo_msgs/msg/detail/detection_array__struct.hpp
[1.487s] -- Up-to-date: /home/wego/team_ws/psh030917/py_bt_ros_1/install/yolo_msgs/include/yolo_msgs/yolo_msgs/msg/detail/key_point2_d_array__builder.hpp
[1.487s] -- Up-to-date: /home/wego/team_ws/psh030917/py_bt_ros_1/install/yolo_msgs/include/yolo_msgs/yolo_msgs/msg/detail/mask__type_support.hpp
[1.487s] -- Up-to-date: /home/wego/team_ws/psh030917/py_bt_ros_1/install/yolo_msgs/include/yolo_msgs/yolo_msgs/msg/detail/mask__builder.hpp
[1.487s] -- Up-to-date: /home/wego/team_ws/psh030917/py_bt_ros_1/install/yolo_msgs/include/yolo_msgs/yolo_msgs/msg/detail/pose2_d__traits.hpp
[1.487s] -- Up-to-date: /home/wego/team_ws/psh030917/py_bt_ros_1/install/yolo_msgs/include/yolo_msgs/yolo_msgs/msg/detail/detection_array__type_support.hpp
[1.488s] -- Up-to-date: /home/wego/team_ws/psh030917/py_bt_ros_1/install/yolo_msgs/include/yolo_msgs/yolo_msgs/msg/detail/key_point3_d_array__traits.hpp
[1.488s] -- Up-to-date: /home/wego/team_ws/psh030917/py_bt_ros_1/install/yolo_msgs/include/yolo_msgs/yolo_msgs/msg/detail/pose2_d__struct.hpp
[1.488s] -- Up-to-date: /home/wego/team_ws/psh030917/py_bt_ros_1/install/yolo_msgs/include/yolo_msgs/yolo_msgs/msg/detail/key_point3_d__type_support.hpp
[1.488s] -- Up-to-date: /home/wego/team_ws/psh030917/py_bt_ros_1/install/yolo_msgs/include/yolo_msgs/yolo_msgs/msg/detail/key_point3_d__traits.hpp
[1.488s] -- Up-to-date: /home/wego/team_ws/psh030917/py_bt_ros_1/install/yolo_msgs/include/yolo_msgs/yolo_msgs/msg/detail/detection_array__builder.hpp
[1.488s] -- Up-to-date: /home/wego/team_ws/psh030917/py_bt_ros_1/install/yolo_msgs/include/yolo_msgs/yolo_msgs/msg/detail/key_point3_d_array__type_support.hpp
[1.489s] -- Up-to-date: /home/wego/team_ws/psh030917/py_bt_ros_1/install/yolo_msgs/include/yolo_msgs/yolo_msgs/msg/detail/mask__traits.hpp
[1.489s] -- Up-to-date: /home/wego/team_ws/psh030917/py_bt_ros_1/install/yolo_msgs/include/yolo_msgs/yolo_msgs/msg/detail/mask__struct.hpp
[1.489s] -- Up-to-date: /home/wego/team_ws/psh030917/py_bt_ros_1/install/yolo_msgs/include/yolo_msgs/yolo_msgs/msg/detail/detection__traits.hpp
[1.489s] -- Up-to-date: /home/wego/team_ws/psh030917/py_bt_ros_1/install/yolo_msgs/include/yolo_msgs/yolo_msgs/msg/detail/detection__struct.hpp
[1.489s] -- Up-to-date: /home/wego/team_ws/psh030917/py_bt_ros_1/install/yolo_msgs/include/yolo_msgs/yolo_msgs/msg/detail/pose2_d__type_support.hpp
[1.490s] -- Up-to-date: /home/wego/team_ws/psh030917/py_bt_ros_1/install/yolo_msgs/include/yolo_msgs/yolo_msgs/msg/detail/key_point2_d__type_support.hpp
[1.490s] -- Up-to-date: /home/wego/team_ws/psh030917/py_bt_ros_1/install/yolo_msgs/include/yolo_msgs/yolo_msgs/msg/detail/key_point3_d__builder.hpp
[1.490s] -- Up-to-date: /home/wego/team_ws/psh030917/py_bt_ros_1/install/yolo_msgs/include/yolo_msgs/yolo_msgs/msg/bounding_box3_d.hpp
[1.490s] -- Up-to-date: /home/wego/team_ws/psh030917/py_bt_ros_1/install/yolo_msgs/include/yolo_msgs/yolo_msgs/msg/key_point2_d_array.hpp
[1.490s] -- Up-to-date: /home/wego/team_ws/psh030917/py_bt_ros_1/install/yolo_msgs/include/yolo_msgs/yolo_msgs/msg/key_point3_d_array.hpp
[1.491s] -- Up-to-date: /home/wego/team_ws/psh030917/py_bt_ros_1/install/yolo_msgs/include/yolo_msgs/yolo_msgs/msg/pose2_d.hpp
[1.491s] -- Up-to-date: /home/wego/team_ws/psh030917/py_bt_ros_1/install/yolo_msgs/include/yolo_msgs/yolo_msgs/srv
[1.491s] -- Up-to-date: /home/wego/team_ws/psh030917/py_bt_ros_1/install/yolo_msgs/include/yolo_msgs/yolo_msgs/srv/set_classes.hpp
[1.491s] -- Up-to-date: /home/wego/team_ws/psh030917/py_bt_ros_1/install/yolo_msgs/include/yolo_msgs/yolo_msgs/srv/detail
[1.491s] -- Up-to-date: /home/wego/team_ws/psh030917/py_bt_ros_1/install/yolo_msgs/include/yolo_msgs/yolo_msgs/srv/detail/set_classes__struct.hpp
[1.491s] -- Up-to-date: /home/wego/team_ws/psh030917/py_bt_ros_1/install/yolo_msgs/include/yolo_msgs/yolo_msgs/srv/detail/set_classes__traits.hpp
[1.491s] -- Up-to-date: /home/wego/team_ws/psh030917/py_bt_ros_1/install/yolo_msgs/include/yolo_msgs/yolo_msgs/srv/detail/set_classes__builder.hpp
[1.491s] -- Up-to-date: /home/wego/team_ws/psh030917/py_bt_ros_1/install/yolo_msgs/include/yolo_msgs/yolo_msgs/srv/detail/set_classes__type_support.hpp
[1.492s] -- Up-to-date: /home/wego/team_ws/psh030917/py_bt_ros_1/install/yolo_msgs/include/yolo_msgs/yolo_msgs
[1.492s] -- Up-to-date: /home/wego/team_ws/psh030917/py_bt_ros_1/install/yolo_msgs/include/yolo_msgs/yolo_msgs/msg
[1.492s] -- Up-to-date: /home/wego/team_ws/psh030917/py_bt_ros_1/install/yolo_msgs/include/yolo_msgs/yolo_msgs/msg/rosidl_typesupport_fastrtps_cpp__visibility_control.h
[1.492s] -- Up-to-date: /home/wego/team_ws/psh030917/py_bt_ros_1/install/yolo_msgs/include/yolo_msgs/yolo_msgs/msg/detail
[1.492s] -- Up-to-date: /home/wego/team_ws/psh030917/py_bt_ros_1/install/yolo_msgs/include/yolo_msgs/yolo_msgs/msg/detail/bounding_box2_d__rosidl_typesupport_fastrtps_cpp.hpp
[1.493s] -- Up-to-date: /home/wego/team_ws/psh030917/py_bt_ros_1/install/yolo_msgs/include/yolo_msgs/yolo_msgs/msg/detail/mask__rosidl_typesupport_fastrtps_cpp.hpp
[1.493s] -- Up-to-date: /home/wego/team_ws/psh030917/py_bt_ros_1/install/yolo_msgs/include/yolo_msgs/yolo_msgs/msg/detail/vector2__rosidl_typesupport_fastrtps_cpp.hpp
[1.493s] -- Up-to-date: /home/wego/team_ws/psh030917/py_bt_ros_1/install/yolo_msgs/include/yolo_msgs/yolo_msgs/msg/detail/point2_d__rosidl_typesupport_fastrtps_cpp.hpp
[1.493s] -- Up-to-date: /home/wego/team_ws/psh030917/py_bt_ros_1/install/yolo_msgs/include/yolo_msgs/yolo_msgs/msg/detail/detection__rosidl_typesupport_fastrtps_cpp.hpp
[1.493s] -- Up-to-date: /home/wego/team_ws/psh030917/py_bt_ros_1/install/yolo_msgs/include/yolo_msgs/yolo_msgs/msg/detail/key_point2_d__rosidl_typesupport_fastrtps_cpp.hpp
[1.494s] -- Up-to-date: /home/wego/team_ws/psh030917/py_bt_ros_1/install/yolo_msgs/include/yolo_msgs/yolo_msgs/msg/detail/key_point3_d__rosidl_typesupport_fastrtps_cpp.hpp
[1.494s] -- Up-to-date: /home/wego/team_ws/psh030917/py_bt_ros_1/install/yolo_msgs/include/yolo_msgs/yolo_msgs/msg/detail/detection_array__rosidl_typesupport_fastrtps_cpp.hpp
[1.494s] -- Up-to-date: /home/wego/team_ws/psh030917/py_bt_ros_1/install/yolo_msgs/include/yolo_msgs/yolo_msgs/msg/detail/key_point3_d_array__rosidl_typesupport_fastrtps_cpp.hpp
[1.494s] -- Up-to-date: /home/wego/team_ws/psh030917/py_bt_ros_1/install/yolo_msgs/include/yolo_msgs/yolo_msgs/msg/detail/pose2_d__rosidl_typesupport_fastrtps_cpp.hpp
[1.494s] -- Up-to-date: /home/wego/team_ws/psh030917/py_bt_ros_1/install/yolo_msgs/include/yolo_msgs/yolo_msgs/msg/detail/dds_fastrtps
[1.494s] -- Up-to-date: /home/wego/team_ws/psh030917/py_bt_ros_1/install/yolo_msgs/include/yolo_msgs/yolo_msgs/msg/detail/key_point2_d_array__rosidl_typesupport_fastrtps_cpp.hpp
[1.495s] -- Up-to-date: /home/wego/team_ws/psh030917/py_bt_ros_1/install/yolo_msgs/include/yolo_msgs/yolo_msgs/msg/detail/bounding_box3_d__rosidl_typesupport_fastrtps_cpp.hpp
[1.495s] -- Up-to-date: /home/wego/team_ws/psh030917/py_bt_ros_1/install/yolo_msgs/include/yolo_msgs/yolo_msgs/srv
[1.495s] -- Up-to-date: /home/wego/team_ws/psh030917/py_bt_ros_1/install/yolo_msgs/include/yolo_msgs/yolo_msgs/srv/detail
[1.495s] -- Up-to-date: /home/wego/team_ws/psh030917/py_bt_ros_1/install/yolo_msgs/include/yolo_msgs/yolo_msgs/srv/detail/set_classes__rosidl_typesupport_fastrtps_cpp.hpp
[1.495s] -- Up-to-date: /home/wego/team_ws/psh030917/py_bt_ros_1/install/yolo_msgs/include/yolo_msgs/yolo_msgs/srv/detail/dds_fastrtps
[1.495s] -- Up-to-date: /home/wego/team_ws/psh030917/py_bt_ros_1/install/yolo_msgs/lib/libyolo_msgs__rosidl_typesupport_fastrtps_cpp.so
[1.496s] -- Up-to-date: /home/wego/team_ws/psh030917/py_bt_ros_1/install/yolo_msgs/include/yolo_msgs/yolo_msgs
[1.497s] -- Up-to-date: /home/wego/team_ws/psh030917/py_bt_ros_1/install/yolo_msgs/include/yolo_msgs/yolo_msgs/msg
[1.497s] -- Up-to-date: /home/wego/team_ws/psh030917/py_bt_ros_1/install/yolo_msgs/include/yolo_msgs/yolo_msgs/msg/detail
[1.497s] -- Up-to-date: /home/wego/team_ws/psh030917/py_bt_ros_1/install/yolo_msgs/include/yolo_msgs/yolo_msgs/msg/detail/vector2__rosidl_typesupport_introspection_cpp.hpp
[1.498s] -- Up-to-date: /home/wego/team_ws/psh030917/py_bt_ros_1/install/yolo_msgs/include/yolo_msgs/yolo_msgs/msg/detail/bounding_box3_d__rosidl_typesupport_introspection_cpp.hpp
[1.498s] -- Up-to-date: /home/wego/team_ws/psh030917/py_bt_ros_1/install/yolo_msgs/include/yolo_msgs/yolo_msgs/msg/detail/mask__rosidl_typesupport_introspection_cpp.hpp
[1.498s] -- Up-to-date: /home/wego/team_ws/psh030917/py_bt_ros_1/install/yolo_msgs/include/yolo_msgs/yolo_msgs/msg/detail/detection_array__type_support.cpp
[1.498s] -- Up-to-date: /home/wego/team_ws/psh030917/py_bt_ros_1/install/yolo_msgs/include/yolo_msgs/yolo_msgs/msg/detail/detection__type_support.cpp
[1.498s] -- Up-to-date: /home/wego/team_ws/psh030917/py_bt_ros_1/install/yolo_msgs/include/yolo_msgs/yolo_msgs/msg/detail/pose2_d__rosidl_typesupport_introspection_cpp.hpp
[1.499s] -- Up-to-date: /home/wego/team_ws/psh030917/py_bt_ros_1/install/yolo_msgs/include/yolo_msgs/yolo_msgs/msg/detail/point2_d__rosidl_typesupport_introspection_cpp.hpp
[1.499s] -- Up-to-date: /home/wego/team_ws/psh030917/py_bt_ros_1/install/yolo_msgs/include/yolo_msgs/yolo_msgs/msg/detail/bounding_box2_d__type_support.cpp
[1.499s] -- Up-to-date: /home/wego/team_ws/psh030917/py_bt_ros_1/install/yolo_msgs/include/yolo_msgs/yolo_msgs/msg/detail/key_point3_d__rosidl_typesupport_introspection_cpp.hpp
[1.499s] -- Up-to-date: /home/wego/team_ws/psh030917/py_bt_ros_1/install/yolo_msgs/include/yolo_msgs/yolo_msgs/msg/detail/key_point3_d_array__rosidl_typesupport_introspection_cpp.hpp
[1.499s] -- Up-to-date: /home/wego/team_ws/psh030917/py_bt_ros_1/install/yolo_msgs/include/yolo_msgs/yolo_msgs/msg/detail/pose2_d__type_support.cpp
[1.499s] -- Up-to-date: /home/wego/team_ws/psh030917/py_bt_ros_1/install/yolo_msgs/include/yolo_msgs/yolo_msgs/msg/detail/bounding_box3_d__type_support.cpp
[1.499s] -- Up-to-date: /home/wego/team_ws/psh030917/py_bt_ros_1/install/yolo_msgs/include/yolo_msgs/yolo_msgs/msg/detail/detection_array__rosidl_typesupport_introspection_cpp.hpp
[1.499s] -- Up-to-date: /home/wego/team_ws/psh030917/py_bt_ros_1/install/yolo_msgs/include/yolo_msgs/yolo_msgs/msg/detail/key_point2_d__type_support.cpp
[1.500s] -- Up-to-date: /home/wego/team_ws/psh030917/py_bt_ros_1/install/yolo_msgs/include/yolo_msgs/yolo_msgs/msg/detail/detection__rosidl_typesupport_introspection_cpp.hpp
[1.500s] -- Up-to-date: /home/wego/team_ws/psh030917/py_bt_ros_1/install/yolo_msgs/include/yolo_msgs/yolo_msgs/msg/detail/mask__type_support.cpp
[1.500s] -- Up-to-date: /home/wego/team_ws/psh030917/py_bt_ros_1/install/yolo_msgs/include/yolo_msgs/yolo_msgs/msg/detail/point2_d__type_support.cpp
[1.500s] -- Up-to-date: /home/wego/team_ws/psh030917/py_bt_ros_1/install/yolo_msgs/include/yolo_msgs/yolo_msgs/msg/detail/key_point2_d_array__rosidl_typesupport_introspection_cpp.hpp
[1.500s] -- Up-to-date: /home/wego/team_ws/psh030917/py_bt_ros_1/install/yolo_msgs/include/yolo_msgs/yolo_msgs/msg/detail/key_point3_d__type_support.cpp
[1.500s] -- Up-to-date: /home/wego/team_ws/psh030917/py_bt_ros_1/install/yolo_msgs/include/yolo_msgs/yolo_msgs/msg/detail/key_point3_d_array__type_support.cpp
[1.500s] -- Up-to-date: /home/wego/team_ws/psh030917/py_bt_ros_1/install/yolo_msgs/include/yolo_msgs/yolo_msgs/msg/detail/key_point2_d__rosidl_typesupport_introspection_cpp.hpp
[1.500s] -- Up-to-date: /home/wego/team_ws/psh030917/py_bt_ros_1/install/yolo_msgs/include/yolo_msgs/yolo_msgs/msg/detail/key_point2_d_array__type_support.cpp
[1.501s] -- Up-to-date: /home/wego/team_ws/psh030917/py_bt_ros_1/install/yolo_msgs/include/yolo_msgs/yolo_msgs/msg/detail/bounding_box2_d__rosidl_typesupport_introspection_cpp.hpp
[1.501s] -- Up-to-date: /home/wego/team_ws/psh030917/py_bt_ros_1/install/yolo_msgs/include/yolo_msgs/yolo_msgs/msg/detail/vector2__type_support.cpp
[1.501s] -- Up-to-date: /home/wego/team_ws/psh030917/py_bt_ros_1/install/yolo_msgs/include/yolo_msgs/yolo_msgs/srv
[1.501s] -- Up-to-date: /home/wego/team_ws/psh030917/py_bt_ros_1/install/yolo_msgs/include/yolo_msgs/yolo_msgs/srv/detail
[1.501s] -- Up-to-date: /home/wego/team_ws/psh030917/py_bt_ros_1/install/yolo_msgs/include/yolo_msgs/yolo_msgs/srv/detail/set_classes__rosidl_typesupport_introspection_cpp.hpp
[1.501s] -- Up-to-date: /home/wego/team_ws/psh030917/py_bt_ros_1/install/yolo_msgs/include/yolo_msgs/yolo_msgs/srv/detail/set_classes__type_support.cpp
[1.501s] -- Up-to-date: /home/wego/team_ws/psh030917/py_bt_ros_1/install/yolo_msgs/lib/libyolo_msgs__rosidl_typesupport_introspection_cpp.so
[1.501s] -- Up-to-date: /home/wego/team_ws/psh030917/py_bt_ros_1/install/yolo_msgs/lib/libyolo_msgs__rosidl_typesupport_cpp.so
[1.502s] -- Up-to-date: /home/wego/team_ws/psh030917/py_bt_ros_1/install/yolo_msgs/share/yolo_msgs/environment/pythonpath.sh
[1.502s] -- Up-to-date: /home/wego/team_ws/psh030917/py_bt_ros_1/install/yolo_msgs/share/yolo_msgs/environment/pythonpath.dsv
[1.502s] -- Up-to-date: /home/wego/team_ws/psh030917/py_bt_ros_1/install/yolo_msgs/local/lib/python3.10/dist-packages/yolo_msgs-4.3.1-py3.10.egg-info
[1.502s] -- Installing: /home/wego/team_ws/psh030917/py_bt_ros_1/install/yolo_msgs/local/lib/python3.10/dist-packages/yolo_msgs-4.3.1-py3.10.egg-info/SOURCES.txt
[1.502s] -- Installing: /home/wego/team_ws/psh030917/py_bt_ros_1/install/yolo_msgs/local/lib/python3.10/dist-packages/yolo_msgs-4.3.1-py3.10.egg-info/PKG-INFO
[1.502s] -- Installing: /home/wego/team_ws/psh030917/py_bt_ros_1/install/yolo_msgs/local/lib/python3.10/dist-packages/yolo_msgs-4.3.1-py3.10.egg-info/top_level.txt
[1.502s] -- Installing: /home/wego/team_ws/psh030917/py_bt_ros_1/install/yolo_msgs/local/lib/python3.10/dist-packages/yolo_msgs-4.3.1-py3.10.egg-info/dependency_links.txt
[1.502s] -- Up-to-date: /home/wego/team_ws/psh030917/py_bt_ros_1/install/yolo_msgs/local/lib/python3.10/dist-packages/yolo_msgs
[1.503s] -- Up-to-date: /home/wego/team_ws/psh030917/py_bt_ros_1/install/yolo_msgs/local/lib/python3.10/dist-packages/yolo_msgs/yolo_msgs_s__rosidl_typesupport_c.cpython-310-aarch64-linux-gnu.so
[1.503s] -- Up-to-date: /home/wego/team_ws/psh030917/py_bt_ros_1/install/yolo_msgs/local/lib/python3.10/dist-packages/yolo_msgs/_yolo_msgs_s.ep.rosidl_typesupport_c.c
[1.503s] -- Up-to-date: /home/wego/team_ws/psh030917/py_bt_ros_1/install/yolo_msgs/local/lib/python3.10/dist-packages/yolo_msgs/__init__.py
[1.503s] -- Up-to-date: /home/wego/team_ws/psh030917/py_bt_ros_1/install/yolo_msgs/local/lib/python3.10/dist-packages/yolo_msgs/msg
[1.503s] -- Up-to-date: /home/wego/team_ws/psh030917/py_bt_ros_1/install/yolo_msgs/local/lib/python3.10/dist-packages/yolo_msgs/msg/_detection.py
[1.503s] -- Up-to-date: /home/wego/team_ws/psh030917/py_bt_ros_1/install/yolo_msgs/local/lib/python3.10/dist-packages/yolo_msgs/msg/_detection_array_s.c
[1.503s] -- Up-to-date: /home/wego/team_ws/psh030917/py_bt_ros_1/install/yolo_msgs/local/lib/python3.10/dist-packages/yolo_msgs/msg/_key_point3_d_array.py
[1.503s] -- Up-to-date: /home/wego/team_ws/psh030917/py_bt_ros_1/install/yolo_msgs/local/lib/python3.10/dist-packages/yolo_msgs/msg/_key_point2_d_array.py
[1.504s] -- Up-to-date: /home/wego/team_ws/psh030917/py_bt_ros_1/install/yolo_msgs/local/lib/python3.10/dist-packages/yolo_msgs/msg/_bounding_box2_d.py
[1.504s] -- Up-to-date: /home/wego/team_ws/psh030917/py_bt_ros_1/install/yolo_msgs/local/lib/python3.10/dist-packages/yolo_msgs/msg/__init__.py
[1.504s] -- Up-to-date: /home/wego/team_ws/psh030917/py_bt_ros_1/install/yolo_msgs/local/lib/python3.10/dist-packages/yolo_msgs/msg/_bounding_box3_d.py
[1.504s] -- Up-to-date: /home/wego/team_ws/psh030917/py_bt_ros_1/install/yolo_msgs/local/lib/python3.10/dist-packages/yolo_msgs/msg/_pose2_d.py
[1.504s] -- Up-to-date: /home/wego/team_ws/psh030917/py_bt_ros_1/install/yolo_msgs/local/lib/python3.10/dist-packages/yolo_msgs/msg/_mask.py
[1.504s] -- Up-to-date: /home/wego/team_ws/psh030917/py_bt_ros_1/install/yolo_msgs/local/lib/python3.10/dist-packages/yolo_msgs/msg/_vector2_s.c
[1.504s] -- Up-to-date: /home/wego/team_ws/psh030917/py_bt_ros_1/install/yolo_msgs/local/lib/python3.10/dist-packages/yolo_msgs/msg/_bounding_box3_d_s.c
[1.505s] -- Up-to-date: /home/wego/team_ws/psh030917/py_bt_ros_1/install/yolo_msgs/local/lib/python3.10/dist-packages/yolo_msgs/msg/_mask_s.c
[1.505s] -- Up-to-date: /home/wego/team_ws/psh030917/py_bt_ros_1/install/yolo_msgs/local/lib/python3.10/dist-packages/yolo_msgs/msg/_key_point3_d_array_s.c
[1.505s] -- Up-to-date: /home/wego/team_ws/psh030917/py_bt_ros_1/install/yolo_msgs/local/lib/python3.10/dist-packages/yolo_msgs/msg/_key_point2_d_array_s.c
[1.505s] -- Up-to-date: /home/wego/team_ws/psh030917/py_bt_ros_1/install/yolo_msgs/local/lib/python3.10/dist-packages/yolo_msgs/msg/_vector2.py
[1.505s] -- Up-to-date: /home/wego/team_ws/psh030917/py_bt_ros_1/install/yolo_msgs/local/lib/python3.10/dist-packages/yolo_msgs/msg/_point2_d_s.c
[1.505s] -- Up-to-date: /home/wego/team_ws/psh030917/py_bt_ros_1/install/yolo_msgs/local/lib/python3.10/dist-packages/yolo_msgs/msg/_bounding_box2_d_s.c
[1.505s] -- Up-to-date: /home/wego/team_ws/psh030917/py_bt_ros_1/install/yolo_msgs/local/lib/python3.10/dist-packages/yolo_msgs/msg/_pose2_d_s.c
[1.506s] -- Up-to-date: /home/wego/team_ws/psh030917/py_bt_ros_1/install/yolo_msgs/local/lib/python3.10/dist-packages/yolo_msgs/msg/_key_point3_d_s.c
[1.506s] -- Up-to-date: /home/wego/team_ws/psh030917/py_bt_ros_1/install/yolo_msgs/local/lib/python3.10/dist-packages/yolo_msgs/msg/_point2_d.py
[1.506s] -- Up-to-date: /home/wego/team_ws/psh030917/py_bt_ros_1/install/yolo_msgs/local/lib/python3.10/dist-packages/yolo_msgs/msg/_detection_s.c
[1.506s] -- Up-to-date: /home/wego/team_ws/psh030917/py_bt_ros_1/install/yolo_msgs/local/lib/python3.10/dist-packages/yolo_msgs/msg/_key_point2_d.py
[1.506s] -- Up-to-date: /home/wego/team_ws/psh030917/py_bt_ros_1/install/yolo_msgs/local/lib/python3.10/dist-packages/yolo_msgs/msg/_key_point2_d_s.c
[1.506s] -- Up-to-date: /home/wego/team_ws/psh030917/py_bt_ros_1/install/yolo_msgs/local/lib/python3.10/dist-packages/yolo_msgs/msg/_detection_array.py
[1.506s] -- Up-to-date: /home/wego/team_ws/psh030917/py_bt_ros_1/install/yolo_msgs/local/lib/python3.10/dist-packages/yolo_msgs/msg/_key_point3_d.py
[1.506s] -- Up-to-date: /home/wego/team_ws/psh030917/py_bt_ros_1/install/yolo_msgs/local/lib/python3.10/dist-packages/yolo_msgs/_yolo_msgs_s.ep.rosidl_typesupport_introspection_c.c
[1.507s] -- Up-to-date: /home/wego/team_ws/psh030917/py_bt_ros_1/install/yolo_msgs/local/lib/python3.10/dist-packages/yolo_msgs/yolo_msgs_s__rosidl_typesupport_introspection_c.cpython-310-aarch64-linux-gnu.so
[1.507s] -- Up-to-date: /home/wego/team_ws/psh030917/py_bt_ros_1/install/yolo_msgs/local/lib/python3.10/dist-packages/yolo_msgs/_yolo_msgs_s.ep.rosidl_typesupport_fastrtps_c.c
[1.507s] -- Up-to-date: /home/wego/team_ws/psh030917/py_bt_ros_1/install/yolo_msgs/local/lib/python3.10/dist-packages/yolo_msgs/srv
[1.507s] -- Up-to-date: /home/wego/team_ws/psh030917/py_bt_ros_1/install/yolo_msgs/local/lib/python3.10/dist-packages/yolo_msgs/srv/_set_classes.py
[1.507s] -- Up-to-date: /home/wego/team_ws/psh030917/py_bt_ros_1/install/yolo_msgs/local/lib/python3.10/dist-packages/yolo_msgs/srv/__init__.py
[1.507s] -- Up-to-date: /home/wego/team_ws/psh030917/py_bt_ros_1/install/yolo_msgs/local/lib/python3.10/dist-packages/yolo_msgs/srv/_set_classes_s.c
[1.507s] -- Up-to-date: /home/wego/team_ws/psh030917/py_bt_ros_1/install/yolo_msgs/local/lib/python3.10/dist-packages/yolo_msgs/yolo_msgs_s__rosidl_typesupport_fastrtps_c.cpython-310-aarch64-linux-gnu.so
[1.508s] -- Up-to-date: /home/wego/team_ws/psh030917/py_bt_ros_1/install/yolo_msgs/local/lib/python3.10/dist-packages/yolo_msgs/libyolo_msgs__rosidl_generator_py.so
[1.551s] Listing '/home/wego/team_ws/psh030917/py_bt_ros_1/install/yolo_msgs/local/lib/python3.10/dist-packages/yolo_msgs'...
[1.551s] Listing '/home/wego/team_ws/psh030917/py_bt_ros_1/install/yolo_msgs/local/lib/python3.10/dist-packages/yolo_msgs/msg'...
[1.551s] Listing '/home/wego/team_ws/psh030917/py_bt_ros_1/install/yolo_msgs/local/lib/python3.10/dist-packages/yolo_msgs/srv'...
[1.569s] -- Up-to-date: /home/wego/team_ws/psh030917/py_bt_ros_1/install/yolo_msgs/local/lib/python3.10/dist-packages/yolo_msgs/yolo_msgs_s__rosidl_typesupport_fastrtps_c.cpython-310-aarch64-linux-gnu.so
[1.570s] -- Up-to-date: /home/wego/team_ws/psh030917/py_bt_ros_1/install/yolo_msgs/local/lib/python3.10/dist-packages/yolo_msgs/yolo_msgs_s__rosidl_typesupport_introspection_c.cpython-310-aarch64-linux-gnu.so
[1.570s] -- Up-to-date: /home/wego/team_ws/psh030917/py_bt_ros_1/install/yolo_msgs/local/lib/python3.10/dist-packages/yolo_msgs/yolo_msgs_s__rosidl_typesupport_c.cpython-310-aarch64-linux-gnu.so
[1.573s] -- Up-to-date: /home/wego/team_ws/psh030917/py_bt_ros_1/install/yolo_msgs/lib/libyolo_msgs__rosidl_generator_py.so
[1.574s] -- Up-to-date: /home/wego/team_ws/psh030917/py_bt_ros_1/install/yolo_msgs/share/yolo_msgs/msg/Point2D.idl
[1.574s] -- Up-to-date: /home/wego/team_ws/psh030917/py_bt_ros_1/install/yolo_msgs/share/yolo_msgs/msg/Vector2.idl
[1.574s] -- Up-to-date: /home/wego/team_ws/psh030917/py_bt_ros_1/install/yolo_msgs/share/yolo_msgs/msg/Pose2D.idl
[1.575s] -- Up-to-date: /home/wego/team_ws/psh030917/py_bt_ros_1/install/yolo_msgs/share/yolo_msgs/msg/BoundingBox2D.idl
[1.575s] -- Up-to-date: /home/wego/team_ws/psh030917/py_bt_ros_1/install/yolo_msgs/share/yolo_msgs/msg/BoundingBox3D.idl
[1.576s] -- Up-to-date: /home/wego/team_ws/psh030917/py_bt_ros_1/install/yolo_msgs/share/yolo_msgs/msg/Mask.idl
[1.576s] -- Up-to-date: /home/wego/team_ws/psh030917/py_bt_ros_1/install/yolo_msgs/share/yolo_msgs/msg/KeyPoint2D.idl
[1.576s] -- Up-to-date: /home/wego/team_ws/psh030917/py_bt_ros_1/install/yolo_msgs/share/yolo_msgs/msg/KeyPoint2DArray.idl
[1.577s] -- Up-to-date: /home/wego/team_ws/psh030917/py_bt_ros_1/install/yolo_msgs/share/yolo_msgs/msg/KeyPoint3D.idl
[1.577s] -- Up-to-date: /home/wego/team_ws/psh030917/py_bt_ros_1/install/yolo_msgs/share/yolo_msgs/msg/KeyPoint3DArray.idl
[1.577s] -- Up-to-date: /home/wego/team_ws/psh030917/py_bt_ros_1/install/yolo_msgs/share/yolo_msgs/msg/Detection.idl
[1.578s] -- Up-to-date: /home/wego/team_ws/psh030917/py_bt_ros_1/install/yolo_msgs/share/yolo_msgs/msg/DetectionArray.idl
[1.578s] -- Up-to-date: /home/wego/team_ws/psh030917/py_bt_ros_1/install/yolo_msgs/share/yolo_msgs/srv/SetClasses.idl
[1.578s] -- Up-to-date: /home/wego/team_ws/psh030917/py_bt_ros_1/install/yolo_msgs/share/yolo_msgs/msg/Point2D.msg
[1.578s] -- Up-to-date: /home/wego/team_ws/psh030917/py_bt_ros_1/install/yolo_msgs/share/yolo_msgs/msg/Vector2.msg
[1.584s] -- Up-to-date: /home/wego/team_ws/psh030917/py_bt_ros_1/install/yolo_msgs/share/yolo_msgs/msg/Pose2D.msg
[1.585s] -- Up-to-date: /home/wego/team_ws/psh030917/py_bt_ros_1/install/yolo_msgs/share/yolo_msgs/msg/BoundingBox2D.msg
[1.585s] -- Up-to-date: /home/wego/team_ws/psh030917/py_bt_ros_1/install/yolo_msgs/share/yolo_msgs/msg/BoundingBox3D.msg
[1.586s] -- Up-to-date: /home/wego/team_ws/psh030917/py_bt_ros_1/install/yolo_msgs/share/yolo_msgs/msg/Mask.msg
[1.586s] -- Up-to-date: /home/wego/team_ws/psh030917/py_bt_ros_1/install/yolo_msgs/share/yolo_msgs/msg/KeyPoint2D.msg
[1.587s] -- Up-to-date: /home/wego/team_ws/psh030917/py_bt_ros_1/install/yolo_msgs/share/yolo_msgs/msg/KeyPoint2DArray.msg
[1.587s] -- Up-to-date: /home/wego/team_ws/psh030917/py_bt_ros_1/install/yolo_msgs/share/yolo_msgs/msg/KeyPoint3D.msg
[1.587s] -- Up-to-date: /home/wego/team_ws/psh030917/py_bt_ros_1/install/yolo_msgs/share/yolo_msgs/msg/KeyPoint3DArray.msg
[1.589s] -- Up-to-date: /home/wego/team_ws/psh030917/py_bt_ros_1/install/yolo_msgs/share/yolo_msgs/msg/Detection.msg
[1.590s] -- Up-to-date: /home/wego/team_ws/psh030917/py_bt_ros_1/install/yolo_msgs/share/yolo_msgs/msg/DetectionArray.msg
[1.590s] -- Up-to-date: /home/wego/team_ws/psh030917/py_bt_ros_1/install/yolo_msgs/share/yolo_msgs/srv/SetClasses.srv
[1.590s] -- Up-to-date: /home/wego/team_ws/psh030917/py_bt_ros_1/install/yolo_msgs/share/yolo_msgs/srv/SetClasses_Request.msg
[1.591s] -- Up-to-date: /home/wego/team_ws/psh030917/py_bt_ros_1/install/yolo_msgs/share/yolo_msgs/srv/SetClasses_Response.msg
[1.591s] -- Up-to-date: /home/wego/team_ws/psh030917/py_bt_ros_1/install/yolo_msgs/share/ament_index/resource_index/package_run_dependencies/yolo_msgs
[1.591s] -- Up-to-date: /home/wego/team_ws/psh030917/py_bt_ros_1/install/yolo_msgs/share/ament_index/resource_index/parent_prefix_path/yolo_msgs
[1.592s] -- Up-to-date: /home/wego/team_ws/psh030917/py_bt_ros_1/install/yolo_msgs/share/yolo_msgs/environment/ament_prefix_path.sh
[1.592s] -- Up-to-date: /home/wego/team_ws/psh030917/py_bt_ros_1/install/yolo_msgs/share/yolo_msgs/environment/ament_prefix_path.dsv
[1.593s] -- Up-to-date: /home/wego/team_ws/psh030917/py_bt_ros_1/install/yolo_msgs/share/yolo_msgs/environment/path.sh
[1.593s] -- Up-to-date: /home/wego/team_ws/psh030917/py_bt_ros_1/install/yolo_msgs/share/yolo_msgs/environment/path.dsv
[1.593s] -- Up-to-date: /home/wego/team_ws/psh030917/py_bt_ros_1/install/yolo_msgs/share/yolo_msgs/local_setup.bash
[1.594s] -- Up-to-date: /home/wego/team_ws/psh030917/py_bt_ros_1/install/yolo_msgs/share/yolo_msgs/local_setup.sh
[1.594s] -- Up-to-date: /home/wego/team_ws/psh030917/py_bt_ros_1/install/yolo_msgs/share/yolo_msgs/local_setup.zsh
[1.594s] -- Up-to-date: /home/wego/team_ws/psh030917/py_bt_ros_1/install/yolo_msgs/share/yolo_msgs/local_setup.dsv
[1.596s] -- Installing: /home/wego/team_ws/psh030917/py_bt_ros_1/install/yolo_msgs/share/yolo_msgs/package.dsv
[1.597s] -- Up-to-date: /home/wego/team_ws/psh030917/py_bt_ros_1/install/yolo_msgs/share/ament_index/resource_index/packages/yolo_msgs
[1.597s] -- Up-to-date: /home/wego/team_ws/psh030917/py_bt_ros_1/install/yolo_msgs/share/yolo_msgs/cmake/export_yolo_msgs__rosidl_generator_cExport.cmake
[1.597s] -- Up-to-date: /home/wego/team_ws/psh030917/py_bt_ros_1/install/yolo_msgs/share/yolo_msgs/cmake/export_yolo_msgs__rosidl_generator_cExport-noconfig.cmake
[1.597s] -- Up-to-date: /home/wego/team_ws/psh030917/py_bt_ros_1/install/yolo_msgs/share/yolo_msgs/cmake/export_yolo_msgs__rosidl_typesupport_fastrtps_cExport.cmake
[1.598s] -- Up-to-date: /home/wego/team_ws/psh030917/py_bt_ros_1/install/yolo_msgs/share/yolo_msgs/cmake/export_yolo_msgs__rosidl_typesupport_fastrtps_cExport-noconfig.cmake
[1.598s] -- Up-to-date: /home/wego/team_ws/psh030917/py_bt_ros_1/install/yolo_msgs/share/yolo_msgs/cmake/yolo_msgs__rosidl_typesupport_introspection_cExport.cmake
[1.598s] -- Up-to-date: /home/wego/team_ws/psh030917/py_bt_ros_1/install/yolo_msgs/share/yolo_msgs/cmake/yolo_msgs__rosidl_typesupport_introspection_cExport-noconfig.cmake
[1.598s] -- Up-to-date: /home/wego/team_ws/psh030917/py_bt_ros_1/install/yolo_msgs/share/yolo_msgs/cmake/yolo_msgs__rosidl_typesupport_cExport.cmake
[1.598s] -- Up-to-date: /home/wego/team_ws/psh030917/py_bt_ros_1/install/yolo_msgs/share/yolo_msgs/cmake/yolo_msgs__rosidl_typesupport_cExport-noconfig.cmake
[1.598s] -- Up-to-date: /home/wego/team_ws/psh030917/py_bt_ros_1/install/yolo_msgs/share/yolo_msgs/cmake/export_yolo_msgs__rosidl_generator_cppExport.cmake
[1.598s] -- Up-to-date: /home/wego/team_ws/psh030917/py_bt_ros_1/install/yolo_msgs/share/yolo_msgs/cmake/export_yolo_msgs__rosidl_typesupport_fastrtps_cppExport.cmake
[1.598s] -- Up-to-date: /home/wego/team_ws/psh030917/py_bt_ros_1/install/yolo_msgs/share/yolo_msgs/cmake/export_yolo_msgs__rosidl_typesupport_fastrtps_cppExport-noconfig.cmake
[1.599s] -- Up-to-date: /home/wego/team_ws/psh030917/py_bt_ros_1/install/yolo_msgs/share/yolo_msgs/cmake/yolo_msgs__rosidl_typesupport_introspection_cppExport.cmake
[1.620s] -- Up-to-date: /home/wego/team_ws/psh030917/py_bt_ros_1/install/yolo_msgs/share/yolo_msgs/cmake/yolo_msgs__rosidl_typesupport_introspection_cppExport-noconfig.cmake
[1.621s] -- Up-to-date: /home/wego/team_ws/psh030917/py_bt_ros_1/install/yolo_msgs/share/yolo_msgs/cmake/yolo_msgs__rosidl_typesupport_cppExport.cmake
[1.622s] -- Up-to-date: /home/wego/team_ws/psh030917/py_bt_ros_1/install/yolo_msgs/share/yolo_msgs/cmake/yolo_msgs__rosidl_typesupport_cppExport-noconfig.cmake
[1.622s] -- Up-to-date: /home/wego/team_ws/psh030917/py_bt_ros_1/install/yolo_msgs/share/yolo_msgs/cmake/export_yolo_msgs__rosidl_generator_pyExport.cmake
[1.622s] -- Up-to-date: /home/wego/team_ws/psh030917/py_bt_ros_1/install/yolo_msgs/share/yolo_msgs/cmake/export_yolo_msgs__rosidl_generator_pyExport-noconfig.cmake
[1.623s] -- Up-to-date: /home/wego/team_ws/psh030917/py_bt_ros_1/install/yolo_msgs/share/yolo_msgs/cmake/rosidl_cmake-extras.cmake
[1.626s] -- Up-to-date: /home/wego/team_ws/psh030917/py_bt_ros_1/install/yolo_msgs/share/yolo_msgs/cmake/ament_cmake_export_dependencies-extras.cmake
[1.626s] -- Up-to-date: /home/wego/team_ws/psh030917/py_bt_ros_1/install/yolo_msgs/share/yolo_msgs/cmake/ament_cmake_export_include_directories-extras.cmake
[1.626s] -- Up-to-date: /home/wego/team_ws/psh030917/py_bt_ros_1/install/yolo_msgs/share/yolo_msgs/cmake/ament_cmake_export_libraries-extras.cmake
[1.626s] -- Up-to-date: /home/wego/team_ws/psh030917/py_bt_ros_1/install/yolo_msgs/share/yolo_msgs/cmake/ament_cmake_export_targets-extras.cmake
[1.626s] -- Up-to-date: /home/wego/team_ws/psh030917/py_bt_ros_1/install/yolo_msgs/share/yolo_msgs/cmake/rosidl_cmake_export_typesupport_targets-extras.cmake
[1.627s] -- Up-to-date: /home/wego/team_ws/psh030917/py_bt_ros_1/install/yolo_msgs/share/yolo_msgs/cmake/rosidl_cmake_export_typesupport_libraries-extras.cmake
[1.628s] -- Up-to-date: /home/wego/team_ws/psh030917/py_bt_ros_1/install/yolo_msgs/share/yolo_msgs/cmake/yolo_msgsConfig.cmake
[1.628s] -- Up-to-date: /home/wego/team_ws/psh030917/py_bt_ros_1/install/yolo_msgs/share/yolo_msgs/cmake/yolo_msgsConfig-version.cmake
[1.629s] -- Up-to-date: /home/wego/team_ws/psh030917/py_bt_ros_1/install/yolo_msgs/share/yolo_msgs/package.xml
[1.661s] Invoked command in '/home/wego/team_ws/psh030917/py_bt_ros_1/build/yolo_msgs' returned '0': CMAKE_PREFIX_PATH=/opt/ros/humble /usr/bin/cmake --install /home/wego/team_ws/psh030917/py_bt_ros_1/build/yolo_msgs
