[0.000000] (-) TimerEvent: {}
[0.000244] (limo_fire_py) JobQueued: {'identifier': 'limo_fire_py', 'dependencies': OrderedDict()}
[0.000948] (limo_fire_py) JobStarted: {'identifier': 'limo_fire_py'}
[0.099496] (-) TimerEvent: {}
[0.199841] (-) TimerEvent: {}
[0.300207] (-) TimerEvent: {}
[0.400539] (-) TimerEvent: {}
[0.500869] (-) TimerEvent: {}
[0.601221] (-) TimerEvent: {}
[0.701570] (-) TimerEvent: {}
[0.801902] (-) TimerEvent: {}
[0.902228] (-) TimerEvent: {}
[1.002569] (-) TimerEvent: {}
[1.070577] (limo_fire_py) Command: {'cmd': ['/usr/bin/python3', '-W', 'ignore:setup.py install is deprecated', '-W', 'ignore:easy_install command is deprecated', 'setup.py', 'egg_info', '--egg-base', 'build/limo_fire_py', 'build', '--build-base', '/home/wego/team_ws/MinGeun-SMG/limo_fire_py-main/build/limo_fire_py/build', 'install', '--record', '/home/wego/team_ws/MinGeun-SMG/limo_fire_py-main/build/limo_fire_py/install.log', '--single-version-externally-managed', 'install_data'], 'cwd': '/home/wego/team_ws/MinGeun-SMG/limo_fire_py-main', 'env': {'VSCODE_CWD': '/home/wego', 'VSCODE_ESM_ENTRYPOINT': 'vs/workbench/api/node/extensionHostProcess', 'USER': 'wego', 'SSH_CLIENT': '10.178.188.96 39468 22', 'LC_TIME': 'en_US.UTF-8', 'VSCODE_NLS_CONFIG': '{"userLocale":"en","osLocale":"en","resolvedLanguage":"en","defaultMessagesFile":"/home/wego/.cursor-server/bin/60d42bed27e5775c43ec0428d8c653c49e58e260/out/nls.messages.json","locale":"en","availableLanguages":{}}', 'VSCODE_HANDLES_UNCAUGHT_ERRORS': 'true', 'XDG_SESSION_TYPE': 'tty', 'SHLVL': '1', 'BROWSER': '/home/wego/.cursor-server/bin/60d42bed27e5775c43ec0428d8c653c49e58e260/bin/helpers/browser.sh', 'MOTD_SHOWN': 'pam', 'HOME': '/home/wego', 'OLDPWD': '/home/wego', 'VSCODE_IPC_HOOK_CLI': '/run/user/1000/vscode-ipc-c1da6591-0b56-4f23-986e-7887e6293e89.sock', 'JETSON_L4T': '36.4.7', 'JETSON_MODEL': 'NVIDIA Jetson Orin NX Engineering Reference Developer Kit', 'LC_MONETARY': 'en_US.UTF-8', 'NO_COLOR': '1', 'DBUS_SESSION_BUS_ADDRESS': 'unix:path=/run/user/1000/bus', 'VSCODE_L10N_BUNDLE_LOCATION': '', 'LOGNAME': 'wego', 'FORCE_COLOR': '0', '_': '/usr/bin/colcon', 'JETSON_MODULE': 'NVIDIA Jetson Orin Nano (8GB ram)', 'JETSON_SERIAL_NUMBER': '1422325081170', 'VSCODE_HANDLES_SIGPIPE': 'true', 'XDG_SESSION_CLASS': 'user', 'TERM': 'dumb', 'XDG_SESSION_ID': '4', 'COMPOSER_NO_INTERACTION': '1', 'PATH': '/home/wego/.cursor-server/bin/60d42bed27e5775c43ec0428d8c653c49e58e260/bin/remote-cli:/home/wego/.cursor-server/bin/60d42bed27e5775c43ec0428d8c653c49e58e260/bin/remote-cli:/home/wego/.local/bin:/usr/local/sbin:/usr/local/bin:/usr/sbin:/usr/bin:/sbin:/bin:/usr/games:/usr/local/games:/snap/bin', 'VSCODE_AGENT_FOLDER': '/home/wego/.cursor-server', 'LC_ADDRESS': 'en_US.UTF-8', 'XDG_RUNTIME_DIR': '/run/user/1000', 'CURSOR_AGENT': '1', 'LANG': 'en_US.UTF-8', 'LC_TELEPHONE': 'en_US.UTF-8', 'JETSON_SOC': 'tegra234', 'SHELL': '/bin/bash', 'LC_NAME': 'en_US.UTF-8', 'VSCODE_SERVER_SHUTDOWN_TIMEOUT': '300', 'LC_MEASUREMENT': 'en_US.UTF-8', 'LC_IDENTIFICATION': 'en_US.UTF-8', 'JETSON_CUDA_ARCH_BIN': '8.7', 'PWD': '/home/wego/team_ws/MinGeun-SMG/limo_fire_py-main/build/limo_fire_py', 'LC_ALL': 'en_US.UTF-8', 'SSH_CONNECTION': '10.178.188.96 39468 10.178.188.92 22', 'XDG_DATA_DIRS': '/usr/share/gnome:/usr/local/share:/usr/share:/var/lib/snapd/desktop', 'LC_NUMERIC': 'en_US.UTF-8', 'LC_PAPER': 'en_US.UTF-8', 'COLCON': '1', '_ZO_DOCTOR': '0', 'JETSON_JETPACK': '', 'JETSON_P_NUMBER': 'p3767-0003', 'PYTHONPATH': '/home/wego/team_ws/MinGeun-SMG/limo_fire_py-main/build/limo_fire_py/prefix_override:/usr/lib/python3/dist-packages/colcon_core/task/python/colcon_distutils_commands:/home/wego/team_ws/MinGeun-SMG/limo_fire_py-main/install/limo_fire_py/lib/python3.10/site-packages:'}, 'shell': False}
[1.102692] (-) TimerEvent: {}
[1.202990] (-) TimerEvent: {}
[1.303332] (-) TimerEvent: {}
[1.403662] (-) TimerEvent: {}
[1.481151] (limo_fire_py) StdoutLine: {'line': b'running egg_info\n'}
[1.482176] (limo_fire_py) StdoutLine: {'line': b'writing build/limo_fire_py/limo_fire_py.egg-info/PKG-INFO\n'}
[1.482650] (limo_fire_py) StdoutLine: {'line': b'writing dependency_links to build/limo_fire_py/limo_fire_py.egg-info/dependency_links.txt\n'}
[1.483052] (limo_fire_py) StdoutLine: {'line': b'writing entry points to build/limo_fire_py/limo_fire_py.egg-info/entry_points.txt\n'}
[1.483609] (limo_fire_py) StdoutLine: {'line': b'writing requirements to build/limo_fire_py/limo_fire_py.egg-info/requires.txt\n'}
[1.483751] (limo_fire_py) StdoutLine: {'line': b'writing top-level names to build/limo_fire_py/limo_fire_py.egg-info/top_level.txt\n'}
[1.487318] (limo_fire_py) StdoutLine: {'line': b"reading manifest file 'build/limo_fire_py/limo_fire_py.egg-info/SOURCES.txt'\n"}
[1.489010] (limo_fire_py) StdoutLine: {'line': b"writing manifest file 'build/limo_fire_py/limo_fire_py.egg-info/SOURCES.txt'\n"}
[1.489380] (limo_fire_py) StdoutLine: {'line': b'running build\n'}
[1.489521] (limo_fire_py) StdoutLine: {'line': b'running build_py\n'}
[1.490091] (limo_fire_py) StdoutLine: {'line': b'copying limo_fire_py/fire_sensor_reader.py -> /home/wego/team_ws/MinGeun-SMG/limo_fire_py-main/build/limo_fire_py/build/lib/limo_fire_py\n'}
[1.490752] (limo_fire_py) StdoutLine: {'line': b'running install\n'}
[1.491389] (limo_fire_py) StdoutLine: {'line': b'running install_lib\n'}
[1.493157] (limo_fire_py) StdoutLine: {'line': b'copying /home/wego/team_ws/MinGeun-SMG/limo_fire_py-main/build/limo_fire_py/build/lib/limo_fire_py/fire_sensor_reader.py -> /home/wego/team_ws/MinGeun-SMG/limo_fire_py-main/install/limo_fire_py/lib/python3.10/site-packages/limo_fire_py\n'}
[1.494566] (limo_fire_py) StdoutLine: {'line': b'byte-compiling /home/wego/team_ws/MinGeun-SMG/limo_fire_py-main/install/limo_fire_py/lib/python3.10/site-packages/limo_fire_py/fire_sensor_reader.py to fire_sensor_reader.cpython-310.pyc\n'}
[1.496640] (limo_fire_py) StderrLine: {'line': b'  File "/home/wego/team_ws/MinGeun-SMG/limo_fire_py-main/install/limo_fire_py/lib/python3.10/site-packages/limo_fire_py/fire_sensor_reader.py", line 97\n'}
[1.497024] (limo_fire_py) StderrLine: {'line': b'    except UnicodeDecodeError as e:\n'}
[1.497166] (limo_fire_py) StderrLine: {'line': b'    ^^^^^^\n'}
[1.497288] (limo_fire_py) StderrLine: {'line': b'SyntaxError: invalid syntax\n'}
[1.497404] (limo_fire_py) StderrLine: {'line': b'\n'}
[1.497513] (limo_fire_py) StdoutLine: {'line': b'running install_data\n'}
[1.497627] (limo_fire_py) StdoutLine: {'line': b'running install_egg_info\n'}
[1.500320] (limo_fire_py) StdoutLine: {'line': b"removing '/home/wego/team_ws/MinGeun-SMG/limo_fire_py-main/install/limo_fire_py/lib/python3.10/site-packages/limo_fire_py-0.0.0-py3.10.egg-info' (and everything under it)\n"}
[1.501070] (limo_fire_py) StdoutLine: {'line': b'Copying build/limo_fire_py/limo_fire_py.egg-info to /home/wego/team_ws/MinGeun-SMG/limo_fire_py-main/install/limo_fire_py/lib/python3.10/site-packages/limo_fire_py-0.0.0-py3.10.egg-info\n'}
[1.503099] (limo_fire_py) StdoutLine: {'line': b'running install_scripts\n'}
[1.503714] (-) TimerEvent: {}
[1.543194] (limo_fire_py) StdoutLine: {'line': b'Installing bt_runner script to /home/wego/team_ws/MinGeun-SMG/limo_fire_py-main/install/limo_fire_py/lib/limo_fire_py\n'}
[1.543943] (limo_fire_py) StdoutLine: {'line': b'Installing bt_visualizer script to /home/wego/team_ws/MinGeun-SMG/limo_fire_py-main/install/limo_fire_py/lib/limo_fire_py\n'}
[1.544432] (limo_fire_py) StdoutLine: {'line': b'Installing fire_alarm_notifier script to /home/wego/team_ws/MinGeun-SMG/limo_fire_py-main/install/limo_fire_py/lib/limo_fire_py\n'}
[1.544795] (limo_fire_py) StdoutLine: {'line': b'Installing fire_safety_controller script to /home/wego/team_ws/MinGeun-SMG/limo_fire_py-main/install/limo_fire_py/lib/limo_fire_py\n'}
[1.544924] (limo_fire_py) StdoutLine: {'line': b'Installing fire_sensor_publisher script to /home/wego/team_ws/MinGeun-SMG/limo_fire_py-main/install/limo_fire_py/lib/limo_fire_py\n'}
[1.545040] (limo_fire_py) StdoutLine: {'line': b'Installing fire_sensor_reader script to /home/wego/team_ws/MinGeun-SMG/limo_fire_py-main/install/limo_fire_py/lib/limo_fire_py\n'}
[1.545151] (limo_fire_py) StdoutLine: {'line': b'Installing pygame_visualizer script to /home/wego/team_ws/MinGeun-SMG/limo_fire_py-main/install/limo_fire_py/lib/limo_fire_py\n'}
[1.545519] (limo_fire_py) StdoutLine: {'line': b"writing list of installed files to '/home/wego/team_ws/MinGeun-SMG/limo_fire_py-main/build/limo_fire_py/install.log'\n"}
[1.603909] (-) TimerEvent: {}
[1.610645] (limo_fire_py) CommandEnded: {'returncode': 0}
[1.649353] (limo_fire_py) JobEnded: {'identifier': 'limo_fire_py', 'rc': 0}
[1.651350] (-) EventReactorShutdown: {}
