running egg_info
writing build/limo_patrol/limo_patrol.egg-info/PKG-INFO
writing dependency_links to build/limo_patrol/limo_patrol.egg-info/dependency_links.txt
writing entry points to build/limo_patrol/limo_patrol.egg-info/entry_points.txt
writing requirements to build/limo_patrol/limo_patrol.egg-info/requires.txt
writing top-level names to build/limo_patrol/limo_patrol.egg-info/top_level.txt
reading manifest file 'build/limo_patrol/limo_patrol.egg-info/SOURCES.txt'
writing manifest file 'build/limo_patrol/limo_patrol.egg-info/SOURCES.txt'
running build
running build_py
running install
running install_lib
running install_data
running install_egg_info
removing '/home/wego/team_ws/han1371/limo_patrol/install/limo_patrol/lib/python3.10/site-packages/limo_patrol-0.0.1-py3.10.egg-info' (and everything under it)
Copying build/limo_patrol/limo_patrol.egg-info to /home/wego/team_ws/han1371/limo_patrol/install/limo_patrol/lib/python3.10/site-packages/limo_patrol-0.0.1-py3.10.egg-info
running install_scripts
Installing flame_sensor_node script to /home/wego/team_ws/han1371/limo_patrol/install/limo_patrol/lib/limo_patrol
Installing object_perception_node script to /home/wego/team_ws/han1371/limo_patrol/install/limo_patrol/lib/limo_patrol
Installing waypoint_patrol_node script to /home/wego/team_ws/han1371/limo_patrol/install/limo_patrol/lib/limo_patrol
writing list of installed files to '/home/wego/team_ws/han1371/limo_patrol/build/limo_patrol/install.log'
