[0.000000] (-) TimerEvent: {}
[0.000632] (ros_deep_learning) JobQueued: {'identifier': 'ros_deep_learning', 'dependencies': OrderedDict()}
[0.000965] (ros_deep_learning) JobStarted: {'identifier': 'ros_deep_learning'}
[0.015527] (ros_deep_learning) JobProgress: {'identifier': 'ros_deep_learning', 'progress': 'cmake'}
[0.016884] (ros_deep_learning) JobProgress: {'identifier': 'ros_deep_learning', 'progress': 'build'}
[0.018385] (ros_deep_learning) Command: {'cmd': ['/usr/bin/cmake', '--build', '/home/wego/team_ws/psh030917/nface_ws/build/ros_deep_learning', '--', '-j6', '-l6'], 'cwd': '/home/wego/team_ws/psh030917/nface_ws/build/ros_deep_learning', 'env': OrderedDict([('VSCODE_CWD', '/home/wego'), ('VSCODE_ESM_ENTRYPOINT', 'vs/workbench/api/node/extensionHostProcess'), ('USER', 'wego'), ('SSH_CLIENT', '10.93.25.96 60596 22'), ('LC_TIME', 'en_US.UTF-8'), ('VSCODE_NLS_CONFIG', '{"userLocale":"en","osLocale":"en","resolvedLanguage":"en","defaultMessagesFile":"/home/wego/.cursor-server/bin/b3573281c4775bfc6bba466bf6563d3d498d1070/out/nls.messages.json","locale":"en","availableLanguages":{}}'), ('VSCODE_HANDLES_UNCAUGHT_ERRORS', 'true'), ('XDG_SESSION_TYPE', 'tty'), ('SHLVL', '1'), ('LD_LIBRARY_PATH', '/opt/ros/humble/opt/rviz_ogre_vendor/lib:/opt/ros/humble/lib/aarch64-linux-gnu:/opt/ros/humble/lib'), ('BROWSER', '/home/wego/.cursor-server/bin/b3573281c4775bfc6bba466bf6563d3d498d1070/bin/helpers/browser.sh'), ('MOTD_SHOWN', 'pam'), ('HOME', '/home/wego'), ('OLDPWD', '/home/wego'), ('VSCODE_IPC_HOOK_CLI', '/run/user/1000/vscode-ipc-02a672d2-ecfa-4ca2-9463-a1d20d3ce39d.sock'), ('JETSON_L4T', '36.4.7'), ('ROS_PYTHON_VERSION', '3'), ('JETSON_MODEL', 'NVIDIA Jetson Orin NX Engineering Reference Developer Kit'), ('LC_MONETARY', 'en_US.UTF-8'), ('NO_COLOR', '1'), ('DBUS_SESSION_BUS_ADDRESS', 'unix:path=/run/user/1000/bus'), ('VSCODE_L10N_BUNDLE_LOCATION', ''), ('ROS_DISTRO', 'humble'), ('LOGNAME', 'wego'), ('FORCE_COLOR', '0'), ('JETSON_MODULE', 'NVIDIA Jetson Orin Nano (8GB ram)'), ('JETSON_SERIAL_NUMBER', '1422325081170'), ('VSCODE_HANDLES_SIGPIPE', 'true'), ('_', '/usr/bin/colcon'), ('ROS_VERSION', '2'), ('XDG_SESSION_CLASS', 'user'), ('TERM', 'dumb'), ('EVERYSPHERE_RIPGREP_PATH', '/home/wego/.cursor-server/bin/b3573281c4775bfc6bba466bf6563d3d498d1070/node_modules/@vscode/ripgrep/bin/rg'), ('XDG_SESSION_ID', '6'), ('ROS_LOCALHOST_ONLY', '0'), ('COMPOSER_NO_INTERACTION', '1'), ('PATH', '/opt/ros/humble/bin:/home/wego/.cursor-server/bin/b3573281c4775bfc6bba466bf6563d3d498d1070/bin/remote-cli:/home/wego/.cursor-server/bin/b3573281c4775bfc6bba466bf6563d3d498d1070/bin/remote-cli:/home/wego/.local/bin:/usr/local/sbin:/usr/local/bin:/usr/sbin:/usr/bin:/sbin:/bin:/usr/games:/usr/local/games:/snap/bin'), ('VSCODE_AGENT_FOLDER', '/home/wego/.cursor-server'), ('LC_ADDRESS', 'en_US.UTF-8'), ('XDG_RUNTIME_DIR', '/run/user/1000'), ('CURSOR_AGENT', '1'), ('LANG', 'en_US.UTF-8'), ('LC_TELEPHONE', 'en_US.UTF-8'), ('JETSON_SOC', 'tegra234'), ('AMENT_PREFIX_PATH', '/opt/ros/humble'), ('SHELL', '/bin/bash'), ('LC_NAME', 'en_US.UTF-8'), ('VSCODE_SERVER_SHUTDOWN_TIMEOUT', '300'), ('LC_MEASUREMENT', 'en_US.UTF-8'), ('LC_IDENTIFICATION', 'en_US.UTF-8'), ('JETSON_CUDA_ARCH_BIN', '8.7'), ('PWD', '/home/wego/team_ws/psh030917/nface_ws/build/ros_deep_learning'), ('LC_ALL', 'en_US.UTF-8'), ('SSH_CONNECTION', '10.93.25.96 60596 10.93.25.92 22'), ('XDG_DATA_DIRS', '/usr/share/gnome:/usr/local/share:/usr/share:/var/lib/snapd/desktop'), ('PYTHONPATH', '/opt/ros/humble/lib/python3.10/site-packages:/opt/ros/humble/local/lib/python3.10/dist-packages'), ('LC_NUMERIC', 'en_US.UTF-8'), ('LC_PAPER', 'en_US.UTF-8'), ('COLCON', '1'), ('_ZO_DOCTOR', '0'), ('JETSON_JETPACK', ''), ('JETSON_P_NUMBER', 'p3767-0003'), ('CMAKE_PREFIX_PATH', '/opt/ros/humble')]), 'shell': False}
[0.099232] (-) TimerEvent: {}
[0.118370] (ros_deep_learning) StdoutLine: {'line': b'Consolidate compiler generated dependencies of target detectnet\n'}
[0.136766] (ros_deep_learning) StdoutLine: {'line': b'[ 20%] Built target video_output\n'}
[0.139480] (ros_deep_learning) StdoutLine: {'line': b'[ 40%] Built target segnet\n'}
[0.148561] (ros_deep_learning) StdoutLine: {'line': b'[ 65%] Built target imagenet\n'}
[0.149087] (ros_deep_learning) StdoutLine: {'line': b'[ 80%] Built target detectnet\n'}
[0.151717] (ros_deep_learning) StdoutLine: {'line': b'[100%] Built target video_source\n'}
[0.181164] (ros_deep_learning) CommandEnded: {'returncode': 0}
[0.182851] (ros_deep_learning) JobProgress: {'identifier': 'ros_deep_learning', 'progress': 'install'}
[0.199368] (-) TimerEvent: {}
[0.205147] (ros_deep_learning) Command: {'cmd': ['/usr/bin/cmake', '--install', '/home/wego/team_ws/psh030917/nface_ws/build/ros_deep_learning'], 'cwd': '/home/wego/team_ws/psh030917/nface_ws/build/ros_deep_learning', 'env': OrderedDict([('VSCODE_CWD', '/home/wego'), ('VSCODE_ESM_ENTRYPOINT', 'vs/workbench/api/node/extensionHostProcess'), ('USER', 'wego'), ('SSH_CLIENT', '10.93.25.96 60596 22'), ('LC_TIME', 'en_US.UTF-8'), ('VSCODE_NLS_CONFIG', '{"userLocale":"en","osLocale":"en","resolvedLanguage":"en","defaultMessagesFile":"/home/wego/.cursor-server/bin/b3573281c4775bfc6bba466bf6563d3d498d1070/out/nls.messages.json","locale":"en","availableLanguages":{}}'), ('VSCODE_HANDLES_UNCAUGHT_ERRORS', 'true'), ('XDG_SESSION_TYPE', 'tty'), ('SHLVL', '1'), ('LD_LIBRARY_PATH', '/opt/ros/humble/opt/rviz_ogre_vendor/lib:/opt/ros/humble/lib/aarch64-linux-gnu:/opt/ros/humble/lib'), ('BROWSER', '/home/wego/.cursor-server/bin/b3573281c4775bfc6bba466bf6563d3d498d1070/bin/helpers/browser.sh'), ('MOTD_SHOWN', 'pam'), ('HOME', '/home/wego'), ('OLDPWD', '/home/wego'), ('VSCODE_IPC_HOOK_CLI', '/run/user/1000/vscode-ipc-02a672d2-ecfa-4ca2-9463-a1d20d3ce39d.sock'), ('JETSON_L4T', '36.4.7'), ('ROS_PYTHON_VERSION', '3'), ('JETSON_MODEL', 'NVIDIA Jetson Orin NX Engineering Reference Developer Kit'), ('LC_MONETARY', 'en_US.UTF-8'), ('NO_COLOR', '1'), ('DBUS_SESSION_BUS_ADDRESS', 'unix:path=/run/user/1000/bus'), ('VSCODE_L10N_BUNDLE_LOCATION', ''), ('ROS_DISTRO', 'humble'), ('LOGNAME', 'wego'), ('FORCE_COLOR', '0'), ('JETSON_MODULE', 'NVIDIA Jetson Orin Nano (8GB ram)'), ('JETSON_SERIAL_NUMBER', '1422325081170'), ('VSCODE_HANDLES_SIGPIPE', 'true'), ('_', '/usr/bin/colcon'), ('ROS_VERSION', '2'), ('XDG_SESSION_CLASS', 'user'), ('TERM', 'dumb'), ('EVERYSPHERE_RIPGREP_PATH', '/home/wego/.cursor-server/bin/b3573281c4775bfc6bba466bf6563d3d498d1070/node_modules/@vscode/ripgrep/bin/rg'), ('XDG_SESSION_ID', '6'), ('ROS_LOCALHOST_ONLY', '0'), ('COMPOSER_NO_INTERACTION', '1'), ('PATH', '/opt/ros/humble/bin:/home/wego/.cursor-server/bin/b3573281c4775bfc6bba466bf6563d3d498d1070/bin/remote-cli:/home/wego/.cursor-server/bin/b3573281c4775bfc6bba466bf6563d3d498d1070/bin/remote-cli:/home/wego/.local/bin:/usr/local/sbin:/usr/local/bin:/usr/sbin:/usr/bin:/sbin:/bin:/usr/games:/usr/local/games:/snap/bin'), ('VSCODE_AGENT_FOLDER', '/home/wego/.cursor-server'), ('LC_ADDRESS', 'en_US.UTF-8'), ('XDG_RUNTIME_DIR', '/run/user/1000'), ('CURSOR_AGENT', '1'), ('LANG', 'en_US.UTF-8'), ('LC_TELEPHONE', 'en_US.UTF-8'), ('JETSON_SOC', 'tegra234'), ('AMENT_PREFIX_PATH', '/opt/ros/humble'), ('SHELL', '/bin/bash'), ('LC_NAME', 'en_US.UTF-8'), ('VSCODE_SERVER_SHUTDOWN_TIMEOUT', '300'), ('LC_MEASUREMENT', 'en_US.UTF-8'), ('LC_IDENTIFICATION', 'en_US.UTF-8'), ('JETSON_CUDA_ARCH_BIN', '8.7'), ('PWD', '/home/wego/team_ws/psh030917/nface_ws/build/ros_deep_learning'), ('LC_ALL', 'en_US.UTF-8'), ('SSH_CONNECTION', '10.93.25.96 60596 10.93.25.92 22'), ('XDG_DATA_DIRS', '/usr/share/gnome:/usr/local/share:/usr/share:/var/lib/snapd/desktop'), ('PYTHONPATH', '/opt/ros/humble/lib/python3.10/site-packages:/opt/ros/humble/local/lib/python3.10/dist-packages'), ('LC_NUMERIC', 'en_US.UTF-8'), ('LC_PAPER', 'en_US.UTF-8'), ('COLCON', '1'), ('_ZO_DOCTOR', '0'), ('JETSON_JETPACK', ''), ('JETSON_P_NUMBER', 'p3767-0003'), ('CMAKE_PREFIX_PATH', '/opt/ros/humble')]), 'shell': False}
[0.226808] (ros_deep_learning) StdoutLine: {'line': b'-- Install configuration: ""\n'}
[0.228820] (ros_deep_learning) StdoutLine: {'line': b'-- Execute custom install script\n'}
[0.229489] (ros_deep_learning) StdoutLine: {'line': b'-- Up-to-date symlink: /home/wego/team_ws/psh030917/nface_ws/install/ros_deep_learning/lib/ros_deep_learning/imagenet\n'}
[0.230058] (ros_deep_learning) StdoutLine: {'line': b'-- Up-to-date symlink: /home/wego/team_ws/psh030917/nface_ws/install/ros_deep_learning/lib/ros_deep_learning/detectnet\n'}
[0.230498] (ros_deep_learning) StdoutLine: {'line': b'-- Up-to-date symlink: /home/wego/team_ws/psh030917/nface_ws/install/ros_deep_learning/lib/ros_deep_learning/segnet\n'}
[0.230905] (ros_deep_learning) StdoutLine: {'line': b'-- Up-to-date symlink: /home/wego/team_ws/psh030917/nface_ws/install/ros_deep_learning/lib/ros_deep_learning/video_source\n'}
[0.231300] (ros_deep_learning) StdoutLine: {'line': b'-- Up-to-date symlink: /home/wego/team_ws/psh030917/nface_ws/install/ros_deep_learning/lib/ros_deep_learning/video_output\n'}
[0.231809] (ros_deep_learning) StdoutLine: {'line': b'-- Up-to-date symlink: /home/wego/team_ws/psh030917/nface_ws/install/ros_deep_learning/share/ros_deep_learning//launch/detectnet.ros1.launch\n'}
[0.232462] (ros_deep_learning) StdoutLine: {'line': b'-- Up-to-date symlink: /home/wego/team_ws/psh030917/nface_ws/install/ros_deep_learning/share/ros_deep_learning//launch/detectnet.ros2.launch\n'}
[0.233105] (ros_deep_learning) StdoutLine: {'line': b'-- Up-to-date symlink: /home/wego/team_ws/psh030917/nface_ws/install/ros_deep_learning/share/ros_deep_learning//launch/imagenet.ros1.launch\n'}
[0.234095] (ros_deep_learning) StdoutLine: {'line': b'-- Up-to-date symlink: /home/wego/team_ws/psh030917/nface_ws/install/ros_deep_learning/share/ros_deep_learning//launch/imagenet.ros2.launch\n'}
[0.234508] (ros_deep_learning) StdoutLine: {'line': b'-- Up-to-date symlink: /home/wego/team_ws/psh030917/nface_ws/install/ros_deep_learning/share/ros_deep_learning//launch/segnet.ros1.launch\n'}
[0.234896] (ros_deep_learning) StdoutLine: {'line': b'-- Up-to-date symlink: /home/wego/team_ws/psh030917/nface_ws/install/ros_deep_learning/share/ros_deep_learning//launch/segnet.ros2.launch\n'}
[0.235401] (ros_deep_learning) StdoutLine: {'line': b'-- Up-to-date symlink: /home/wego/team_ws/psh030917/nface_ws/install/ros_deep_learning/share/ros_deep_learning//launch/video_output.ros1.launch\n'}
[0.235775] (ros_deep_learning) StdoutLine: {'line': b'-- Up-to-date symlink: /home/wego/team_ws/psh030917/nface_ws/install/ros_deep_learning/share/ros_deep_learning//launch/video_output.ros2.launch\n'}
[0.236264] (ros_deep_learning) StdoutLine: {'line': b'-- Up-to-date symlink: /home/wego/team_ws/psh030917/nface_ws/install/ros_deep_learning/share/ros_deep_learning//launch/video_source.ros1.launch\n'}
[0.236752] (ros_deep_learning) StdoutLine: {'line': b'-- Up-to-date symlink: /home/wego/team_ws/psh030917/nface_ws/install/ros_deep_learning/share/ros_deep_learning//launch/video_source.ros2.launch\n'}
[0.237245] (ros_deep_learning) StdoutLine: {'line': b'-- Up-to-date symlink: /home/wego/team_ws/psh030917/nface_ws/install/ros_deep_learning/share/ros_deep_learning//launch/video_viewer.ros1.launch\n'}
[0.237456] (ros_deep_learning) StdoutLine: {'line': b'-- Up-to-date symlink: /home/wego/team_ws/psh030917/nface_ws/install/ros_deep_learning/share/ros_deep_learning//launch/video_viewer.ros2.launch\n'}
[0.237658] (ros_deep_learning) StdoutLine: {'line': b'-- Up-to-date symlink: /home/wego/team_ws/psh030917/nface_ws/install/ros_deep_learning/share/ament_index/resource_index/package_run_dependencies/ros_deep_learning\n'}
[0.237897] (ros_deep_learning) StdoutLine: {'line': b'-- Up-to-date symlink: /home/wego/team_ws/psh030917/nface_ws/install/ros_deep_learning/share/ament_index/resource_index/parent_prefix_path/ros_deep_learning\n'}
[0.238113] (ros_deep_learning) StdoutLine: {'line': b'-- Up-to-date symlink: /home/wego/team_ws/psh030917/nface_ws/install/ros_deep_learning/share/ros_deep_learning/environment/ament_prefix_path.sh\n'}
[0.238312] (ros_deep_learning) StdoutLine: {'line': b'-- Up-to-date symlink: /home/wego/team_ws/psh030917/nface_ws/install/ros_deep_learning/share/ros_deep_learning/environment/ament_prefix_path.dsv\n'}
[0.238543] (ros_deep_learning) StdoutLine: {'line': b'-- Up-to-date symlink: /home/wego/team_ws/psh030917/nface_ws/install/ros_deep_learning/share/ros_deep_learning/environment/path.sh\n'}
[0.238778] (ros_deep_learning) StdoutLine: {'line': b'-- Up-to-date symlink: /home/wego/team_ws/psh030917/nface_ws/install/ros_deep_learning/share/ros_deep_learning/environment/path.dsv\n'}
[0.238982] (ros_deep_learning) StdoutLine: {'line': b'-- Up-to-date symlink: /home/wego/team_ws/psh030917/nface_ws/install/ros_deep_learning/share/ros_deep_learning/local_setup.bash\n'}
[0.239180] (ros_deep_learning) StdoutLine: {'line': b'-- Up-to-date symlink: /home/wego/team_ws/psh030917/nface_ws/install/ros_deep_learning/share/ros_deep_learning/local_setup.sh\n'}
[0.239377] (ros_deep_learning) StdoutLine: {'line': b'-- Up-to-date symlink: /home/wego/team_ws/psh030917/nface_ws/install/ros_deep_learning/share/ros_deep_learning/local_setup.zsh\n'}
[0.239575] (ros_deep_learning) StdoutLine: {'line': b'-- Up-to-date symlink: /home/wego/team_ws/psh030917/nface_ws/install/ros_deep_learning/share/ros_deep_learning/local_setup.dsv\n'}
[0.239772] (ros_deep_learning) StdoutLine: {'line': b'-- Symlinking: /home/wego/team_ws/psh030917/nface_ws/install/ros_deep_learning/share/ros_deep_learning/package.dsv\n'}
[0.257152] (ros_deep_learning) StdoutLine: {'line': b'-- Up-to-date symlink: /home/wego/team_ws/psh030917/nface_ws/install/ros_deep_learning/share/ament_index/resource_index/packages/ros_deep_learning\n'}
[0.257950] (ros_deep_learning) StdoutLine: {'line': b'-- Up-to-date symlink: /home/wego/team_ws/psh030917/nface_ws/install/ros_deep_learning/share/ros_deep_learning/cmake/ros_deep_learningConfig.cmake\n'}
[0.258267] (ros_deep_learning) StdoutLine: {'line': b'-- Up-to-date symlink: /home/wego/team_ws/psh030917/nface_ws/install/ros_deep_learning/share/ros_deep_learning/cmake/ros_deep_learningConfig-version.cmake\n'}
[0.258528] (ros_deep_learning) StdoutLine: {'line': b'-- Up-to-date symlink: /home/wego/team_ws/psh030917/nface_ws/install/ros_deep_learning/share/ros_deep_learning/package.xml\n'}
[0.262366] (ros_deep_learning) CommandEnded: {'returncode': 0}
[0.301714] (-) TimerEvent: {}
[0.331692] (ros_deep_learning) JobEnded: {'identifier': 'ros_deep_learning', 'rc': 0}
[0.333516] (-) EventReactorShutdown: {}
