[0.269s] colcon DEBUG Command line arguments: ['/usr/bin/colcon', 'build', '--packages-select', 'ros_deep_learning']
[0.269s] colcon DEBUG Parsed command line arguments: Namespace(log_base=None, log_level=None, verb_name='build', build_base='build', install_base='install', merge_install=False, symlink_install=False, test_result_base=None, continue_on_error=False, executor='parallel', parallel_workers=6, event_handlers=None, ignore_user_meta=False, metas=['./colcon.meta'], base_paths=['.'], packages_ignore=None, packages_ignore_regex=None, paths=None, packages_up_to=None, packages_up_to_regex=None, packages_above=None, packages_above_and_dependencies=None, packages_above_depth=None, packages_select_by_dep=None, packages_skip_by_dep=None, packages_skip_up_to=None, packages_select_build_failed=False, packages_skip_build_finished=False, packages_select_test_failures=False, packages_skip_test_passed=False, packages_select=['ros_deep_learning'], packages_skip=None, packages_select_regex=None, packages_skip_regex=None, packages_start=None, packages_end=None, allow_overriding=[], cmake_args=None, cmake_target=None, cmake_target_skip_unavailable=False, cmake_clean_cache=False, cmake_clean_first=False, cmake_force_configure=False, ament_cmake_args=None, catkin_cmake_args=None, catkin_skip_building_tests=False, mixin_files=None, mixin=None, verb_parser=<colcon_mixin.mixin.mixin_argument.MixinArgumentDecorator object at 0xffff8a5b5600>, verb_extension=<colcon_core.verb.build.BuildVerb object at 0xffff8a5b48e0>, main=<bound method BuildVerb.main of <colcon_core.verb.build.BuildVerb object at 0xffff8a5b48e0>>, mixin_verb=('build',))
[0.687s] colcon.colcon_core.package_discovery Level 1 discover_packages(colcon_meta) check parameters
[0.687s] colcon.colcon_core.package_discovery Level 1 discover_packages(recursive) check parameters
[0.687s] colcon.colcon_core.package_discovery Level 1 discover_packages(ignore) check parameters
[0.687s] colcon.colcon_core.package_discovery Level 1 discover_packages(path) check parameters
[0.688s] colcon.colcon_core.package_discovery Level 1 discover_packages(colcon_meta) discover
[0.688s] colcon.colcon_core.package_discovery Level 1 discover_packages(recursive) discover
[0.688s] colcon.colcon_core.package_discovery INFO Crawling recursively for packages in '/home/wego/team_ws/psh030917/nface_ws'
[0.688s] colcon.colcon_core.package_identification Level 1 _identify(.) by extensions ['ignore', 'ignore_ament_install']
[0.688s] colcon.colcon_core.package_identification Level 1 _identify(.) by extension 'ignore'
[0.688s] colcon.colcon_core.package_identification Level 1 _identify(.) by extension 'ignore_ament_install'
[0.689s] colcon.colcon_core.package_identification Level 1 _identify(.) by extensions ['colcon_pkg']
[0.689s] colcon.colcon_core.package_identification Level 1 _identify(.) by extension 'colcon_pkg'
[0.689s] colcon.colcon_core.package_identification Level 1 _identify(.) by extensions ['colcon_meta']
[0.689s] colcon.colcon_core.package_identification Level 1 _identify(.) by extension 'colcon_meta'
[0.689s] colcon.colcon_core.package_identification Level 1 _identify(.) by extensions ['ros']
[0.689s] colcon.colcon_core.package_identification Level 1 _identify(.) by extension 'ros'
[0.740s] colcon.colcon_core.package_identification Level 1 _identify(.) by extensions ['cmake', 'python']
[0.740s] colcon.colcon_core.package_identification Level 1 _identify(.) by extension 'cmake'
[0.740s] colcon.colcon_core.package_identification Level 1 _identify(.) by extension 'python'
[0.740s] colcon.colcon_core.package_identification Level 1 _identify(.) by extensions ['python_setup_py']
[0.740s] colcon.colcon_core.package_identification Level 1 _identify(.) by extension 'python_setup_py'
[0.741s] colcon.colcon_core.package_identification Level 1 _identify(build) by extensions ['ignore', 'ignore_ament_install']
[0.741s] colcon.colcon_core.package_identification Level 1 _identify(build) by extension 'ignore'
[0.741s] colcon.colcon_core.package_identification Level 1 _identify(build) ignored
[0.741s] colcon.colcon_core.package_identification Level 1 _identify(install) by extensions ['ignore', 'ignore_ament_install']
[0.742s] colcon.colcon_core.package_identification Level 1 _identify(install) by extension 'ignore'
[0.742s] colcon.colcon_core.package_identification Level 1 _identify(install) ignored
[0.742s] colcon.colcon_core.package_identification Level 1 _identify(log) by extensions ['ignore', 'ignore_ament_install']
[0.742s] colcon.colcon_core.package_identification Level 1 _identify(log) by extension 'ignore'
[0.742s] colcon.colcon_core.package_identification Level 1 _identify(log) ignored
[0.742s] colcon.colcon_core.package_identification Level 1 _identify(src) by extensions ['ignore', 'ignore_ament_install']
[0.743s] colcon.colcon_core.package_identification Level 1 _identify(src) by extension 'ignore'
[0.743s] colcon.colcon_core.package_identification Level 1 _identify(src) by extension 'ignore_ament_install'
[0.743s] colcon.colcon_core.package_identification Level 1 _identify(src) by extensions ['colcon_pkg']
[0.743s] colcon.colcon_core.package_identification Level 1 _identify(src) by extension 'colcon_pkg'
[0.743s] colcon.colcon_core.package_identification Level 1 _identify(src) by extensions ['colcon_meta']
[0.743s] colcon.colcon_core.package_identification Level 1 _identify(src) by extension 'colcon_meta'
[0.743s] colcon.colcon_core.package_identification Level 1 _identify(src) by extensions ['ros']
[0.743s] colcon.colcon_core.package_identification Level 1 _identify(src) by extension 'ros'
[0.744s] colcon.colcon_core.package_identification Level 1 _identify(src) by extensions ['cmake', 'python']
[0.744s] colcon.colcon_core.package_identification Level 1 _identify(src) by extension 'cmake'
[0.744s] colcon.colcon_core.package_identification Level 1 _identify(src) by extension 'python'
[0.744s] colcon.colcon_core.package_identification Level 1 _identify(src) by extensions ['python_setup_py']
[0.744s] colcon.colcon_core.package_identification Level 1 _identify(src) by extension 'python_setup_py'
[0.744s] colcon.colcon_core.package_identification Level 1 _identify(src/ros_deep_learning) by extensions ['ignore', 'ignore_ament_install']
[0.744s] colcon.colcon_core.package_identification Level 1 _identify(src/ros_deep_learning) by extension 'ignore'
[0.744s] colcon.colcon_core.package_identification Level 1 _identify(src/ros_deep_learning) by extension 'ignore_ament_install'
[0.745s] colcon.colcon_core.package_identification Level 1 _identify(src/ros_deep_learning) by extensions ['colcon_pkg']
[0.745s] colcon.colcon_core.package_identification Level 1 _identify(src/ros_deep_learning) by extension 'colcon_pkg'
[0.745s] colcon.colcon_core.package_identification Level 1 _identify(src/ros_deep_learning) by extensions ['colcon_meta']
[0.745s] colcon.colcon_core.package_identification Level 1 _identify(src/ros_deep_learning) by extension 'colcon_meta'
[0.745s] colcon.colcon_core.package_identification Level 1 _identify(src/ros_deep_learning) by extensions ['ros']
[0.745s] colcon.colcon_core.package_identification Level 1 _identify(src/ros_deep_learning) by extension 'ros'
[0.751s] colcon.colcon_core.package_identification DEBUG Package 'src/ros_deep_learning' with type 'ros.ament_cmake' and name 'ros_deep_learning'
[0.751s] colcon.colcon_core.package_discovery Level 1 discover_packages(recursive) using defaults
[0.751s] colcon.colcon_core.package_discovery Level 1 discover_packages(ignore) discover
[0.751s] colcon.colcon_core.package_discovery Level 1 discover_packages(ignore) using defaults
[0.752s] colcon.colcon_core.package_discovery Level 1 discover_packages(path) discover
[0.752s] colcon.colcon_core.package_discovery Level 1 discover_packages(path) using defaults
[0.784s] colcon.colcon_core.package_discovery Level 1 discover_packages(prefix_path) check parameters
[0.785s] colcon.colcon_core.package_discovery Level 1 discover_packages(prefix_path) discover
[0.790s] colcon.colcon_installed_package_information.package_discovery DEBUG Found 378 installed packages in /opt/ros/humble
[0.796s] colcon.colcon_core.package_discovery Level 1 discover_packages(prefix_path) using defaults
[0.893s] colcon.colcon_core.verb Level 5 set package 'ros_deep_learning' build argument 'cmake_args' from command line to 'None'
[0.893s] colcon.colcon_core.verb Level 5 set package 'ros_deep_learning' build argument 'cmake_target' from command line to 'None'
[0.893s] colcon.colcon_core.verb Level 5 set package 'ros_deep_learning' build argument 'cmake_target_skip_unavailable' from command line to 'False'
[0.893s] colcon.colcon_core.verb Level 5 set package 'ros_deep_learning' build argument 'cmake_clean_cache' from command line to 'False'
[0.894s] colcon.colcon_core.verb Level 5 set package 'ros_deep_learning' build argument 'cmake_clean_first' from command line to 'False'
[0.894s] colcon.colcon_core.verb Level 5 set package 'ros_deep_learning' build argument 'cmake_force_configure' from command line to 'False'
[0.894s] colcon.colcon_core.verb Level 5 set package 'ros_deep_learning' build argument 'ament_cmake_args' from command line to 'None'
[0.894s] colcon.colcon_core.verb Level 5 set package 'ros_deep_learning' build argument 'catkin_cmake_args' from command line to 'None'
[0.894s] colcon.colcon_core.verb Level 5 set package 'ros_deep_learning' build argument 'catkin_skip_building_tests' from command line to 'False'
[0.894s] colcon.colcon_core.verb DEBUG Building package 'ros_deep_learning' with the following arguments: {'ament_cmake_args': None, 'build_base': '/home/wego/team_ws/psh030917/nface_ws/build/ros_deep_learning', 'catkin_cmake_args': None, 'catkin_skip_building_tests': False, 'cmake_args': None, 'cmake_clean_cache': False, 'cmake_clean_first': False, 'cmake_force_configure': False, 'cmake_target': None, 'cmake_target_skip_unavailable': False, 'install_base': '/home/wego/team_ws/psh030917/nface_ws/install/ros_deep_learning', 'merge_install': False, 'path': '/home/wego/team_ws/psh030917/nface_ws/src/ros_deep_learning', 'symlink_install': False, 'test_result_base': None}
[0.894s] colcon.colcon_core.executor INFO Executing jobs using 'parallel' executor
[0.896s] colcon.colcon_parallel_executor.executor.parallel DEBUG run_until_complete
[0.897s] colcon.colcon_ros.task.ament_cmake.build INFO Building ROS package in '/home/wego/team_ws/psh030917/nface_ws/src/ros_deep_learning' with build type 'ament_cmake'
[0.897s] colcon.colcon_cmake.task.cmake.build INFO Building CMake package in '/home/wego/team_ws/psh030917/nface_ws/src/ros_deep_learning'
[0.902s] colcon.colcon_core.plugin_system INFO Skipping extension 'colcon_core.shell.bat': Not used on non-Windows systems
[0.902s] colcon.colcon_core.shell INFO Skip shell extension 'powershell' for command environment: Not usable outside of PowerShell
[0.903s] colcon.colcon_core.shell DEBUG Skip shell extension 'dsv' for command environment
[0.917s] colcon.colcon_core.event_handler.log_command DEBUG Invoking command in '/home/wego/team_ws/psh030917/nface_ws/build/ros_deep_learning': CMAKE_PREFIX_PATH=/opt/ros/humble /usr/bin/cmake --build /home/wego/team_ws/psh030917/nface_ws/build/ros_deep_learning -- -j6 -l6
[1.078s] colcon.colcon_core.event_handler.log_command DEBUG Invoked command in '/home/wego/team_ws/psh030917/nface_ws/build/ros_deep_learning' returned '0': CMAKE_PREFIX_PATH=/opt/ros/humble /usr/bin/cmake --build /home/wego/team_ws/psh030917/nface_ws/build/ros_deep_learning -- -j6 -l6
[1.103s] colcon.colcon_core.event_handler.log_command DEBUG Invoking command in '/home/wego/team_ws/psh030917/nface_ws/build/ros_deep_learning': CMAKE_PREFIX_PATH=/opt/ros/humble /usr/bin/cmake --install /home/wego/team_ws/psh030917/nface_ws/build/ros_deep_learning
[1.158s] colcon.colcon_core.environment Level 1 create_environment_scripts_only(ros_deep_learning)
[1.160s] colcon.colcon_core.event_handler.log_command DEBUG Invoked command in '/home/wego/team_ws/psh030917/nface_ws/build/ros_deep_learning' returned '0': CMAKE_PREFIX_PATH=/opt/ros/humble /usr/bin/cmake --install /home/wego/team_ws/psh030917/nface_ws/build/ros_deep_learning
[1.168s] colcon.colcon_core.environment Level 1 checking '/home/wego/team_ws/psh030917/nface_ws/install/ros_deep_learning' for CMake module files
[1.170s] colcon.colcon_core.environment Level 1 checking '/home/wego/team_ws/psh030917/nface_ws/install/ros_deep_learning' for CMake config files
[1.171s] colcon.colcon_core.shell Level 1 create_environment_hook('ros_deep_learning', 'cmake_prefix_path')
[1.172s] colcon.colcon_core.shell INFO Creating environment hook '/home/wego/team_ws/psh030917/nface_ws/install/ros_deep_learning/share/ros_deep_learning/hook/cmake_prefix_path.ps1'
[1.175s] colcon.colcon_core.shell INFO Creating environment descriptor '/home/wego/team_ws/psh030917/nface_ws/install/ros_deep_learning/share/ros_deep_learning/hook/cmake_prefix_path.dsv'
[1.177s] colcon.colcon_core.shell INFO Creating environment hook '/home/wego/team_ws/psh030917/nface_ws/install/ros_deep_learning/share/ros_deep_learning/hook/cmake_prefix_path.sh'
[1.180s] colcon.colcon_core.environment Level 1 checking '/home/wego/team_ws/psh030917/nface_ws/install/ros_deep_learning/lib'
[1.181s] colcon.colcon_core.environment Level 1 checking '/home/wego/team_ws/psh030917/nface_ws/install/ros_deep_learning/bin'
[1.181s] colcon.colcon_core.environment Level 1 checking '/home/wego/team_ws/psh030917/nface_ws/install/ros_deep_learning/lib/pkgconfig/ros_deep_learning.pc'
[1.182s] colcon.colcon_core.environment Level 1 checking '/home/wego/team_ws/psh030917/nface_ws/install/ros_deep_learning/lib/python3.10/site-packages'
[1.184s] colcon.colcon_core.environment Level 1 checking '/home/wego/team_ws/psh030917/nface_ws/install/ros_deep_learning/bin'
[1.185s] colcon.colcon_core.shell INFO Creating package script '/home/wego/team_ws/psh030917/nface_ws/install/ros_deep_learning/share/ros_deep_learning/package.ps1'
[1.189s] colcon.colcon_core.shell INFO Creating package descriptor '/home/wego/team_ws/psh030917/nface_ws/install/ros_deep_learning/share/ros_deep_learning/package.dsv'
[1.192s] colcon.colcon_core.shell INFO Creating package script '/home/wego/team_ws/psh030917/nface_ws/install/ros_deep_learning/share/ros_deep_learning/package.sh'
[1.195s] colcon.colcon_core.shell INFO Creating package script '/home/wego/team_ws/psh030917/nface_ws/install/ros_deep_learning/share/ros_deep_learning/package.bash'
[1.199s] colcon.colcon_core.shell INFO Creating package script '/home/wego/team_ws/psh030917/nface_ws/install/ros_deep_learning/share/ros_deep_learning/package.zsh'
[1.201s] colcon.colcon_core.environment Level 1 create_file_with_runtime_dependencies(/home/wego/team_ws/psh030917/nface_ws/install/ros_deep_learning/share/colcon-core/packages/ros_deep_learning)
[1.204s] colcon.colcon_core.environment Level 1 create_environment_scripts_only(ros_deep_learning)
[1.205s] colcon.colcon_core.environment Level 1 checking '/home/wego/team_ws/psh030917/nface_ws/install/ros_deep_learning' for CMake module files
[1.207s] colcon.colcon_core.environment Level 1 checking '/home/wego/team_ws/psh030917/nface_ws/install/ros_deep_learning' for CMake config files
[1.209s] colcon.colcon_core.shell Level 1 create_environment_hook('ros_deep_learning', 'cmake_prefix_path')
[1.209s] colcon.colcon_core.shell INFO Creating environment hook '/home/wego/team_ws/psh030917/nface_ws/install/ros_deep_learning/share/ros_deep_learning/hook/cmake_prefix_path.ps1'
[1.211s] colcon.colcon_core.shell INFO Creating environment descriptor '/home/wego/team_ws/psh030917/nface_ws/install/ros_deep_learning/share/ros_deep_learning/hook/cmake_prefix_path.dsv'
[1.213s] colcon.colcon_core.shell INFO Creating environment hook '/home/wego/team_ws/psh030917/nface_ws/install/ros_deep_learning/share/ros_deep_learning/hook/cmake_prefix_path.sh'
[1.215s] colcon.colcon_core.environment Level 1 checking '/home/wego/team_ws/psh030917/nface_ws/install/ros_deep_learning/lib'
[1.215s] colcon.colcon_core.environment Level 1 checking '/home/wego/team_ws/psh030917/nface_ws/install/ros_deep_learning/bin'
[1.215s] colcon.colcon_core.environment Level 1 checking '/home/wego/team_ws/psh030917/nface_ws/install/ros_deep_learning/lib/pkgconfig/ros_deep_learning.pc'
[1.216s] colcon.colcon_core.environment Level 1 checking '/home/wego/team_ws/psh030917/nface_ws/install/ros_deep_learning/lib/python3.10/site-packages'
[1.217s] colcon.colcon_core.environment Level 1 checking '/home/wego/team_ws/psh030917/nface_ws/install/ros_deep_learning/bin'
[1.219s] colcon.colcon_core.shell INFO Creating package script '/home/wego/team_ws/psh030917/nface_ws/install/ros_deep_learning/share/ros_deep_learning/package.ps1'
[1.221s] colcon.colcon_core.shell INFO Creating package descriptor '/home/wego/team_ws/psh030917/nface_ws/install/ros_deep_learning/share/ros_deep_learning/package.dsv'
[1.222s] colcon.colcon_core.shell INFO Creating package script '/home/wego/team_ws/psh030917/nface_ws/install/ros_deep_learning/share/ros_deep_learning/package.sh'
[1.224s] colcon.colcon_core.shell INFO Creating package script '/home/wego/team_ws/psh030917/nface_ws/install/ros_deep_learning/share/ros_deep_learning/package.bash'
[1.225s] colcon.colcon_core.shell INFO Creating package script '/home/wego/team_ws/psh030917/nface_ws/install/ros_deep_learning/share/ros_deep_learning/package.zsh'
[1.227s] colcon.colcon_core.environment Level 1 create_file_with_runtime_dependencies(/home/wego/team_ws/psh030917/nface_ws/install/ros_deep_learning/share/colcon-core/packages/ros_deep_learning)
[1.228s] colcon.colcon_parallel_executor.executor.parallel DEBUG closing loop
[1.229s] colcon.colcon_parallel_executor.executor.parallel DEBUG loop closed
[1.229s] colcon.colcon_parallel_executor.executor.parallel DEBUG run_until_complete finished with '0'
[1.230s] colcon.colcon_core.event_reactor DEBUG joining thread
[1.243s] colcon.colcon_core.plugin_system INFO Skipping extension 'colcon_notification.desktop_notification.terminal_notifier': Not used on non-Darwin systems
[1.243s] colcon.colcon_core.plugin_system INFO Skipping extension 'colcon_notification.desktop_notification.win32': Not used on non-Windows systems
[1.243s] colcon.colcon_notification.desktop_notification INFO Sending desktop notification using 'notify2'
[1.278s] colcon.colcon_core.event_reactor DEBUG joined thread
[1.279s] colcon.colcon_core.shell INFO Creating prefix script '/home/wego/team_ws/psh030917/nface_ws/install/local_setup.ps1'
[1.281s] colcon.colcon_core.shell INFO Creating prefix util module '/home/wego/team_ws/psh030917/nface_ws/install/_local_setup_util_ps1.py'
[1.285s] colcon.colcon_core.shell INFO Creating prefix chain script '/home/wego/team_ws/psh030917/nface_ws/install/setup.ps1'
[1.287s] colcon.colcon_core.shell INFO Creating prefix script '/home/wego/team_ws/psh030917/nface_ws/install/local_setup.sh'
[1.289s] colcon.colcon_core.shell INFO Creating prefix util module '/home/wego/team_ws/psh030917/nface_ws/install/_local_setup_util_sh.py'
[1.290s] colcon.colcon_core.shell INFO Creating prefix chain script '/home/wego/team_ws/psh030917/nface_ws/install/setup.sh'
[1.292s] colcon.colcon_core.shell INFO Creating prefix script '/home/wego/team_ws/psh030917/nface_ws/install/local_setup.bash'
[1.293s] colcon.colcon_core.shell INFO Creating prefix chain script '/home/wego/team_ws/psh030917/nface_ws/install/setup.bash'
[1.295s] colcon.colcon_core.shell INFO Creating prefix script '/home/wego/team_ws/psh030917/nface_ws/install/local_setup.zsh'
[1.296s] colcon.colcon_core.shell INFO Creating prefix chain script '/home/wego/team_ws/psh030917/nface_ws/install/setup.zsh'
