[0.019s] Invoking command in '/home/wego/team_ws/psh030917/nface_ws/build/ros_deep_learning': /usr/bin/cmake /home/wego/team_ws/psh030917/nface_ws/src/ros_deep_learning -DCATKIN_INSTALL_INTO_PREFIX_ROOT=0 -DCATKIN_SYMLINK_INSTALL=ON -DCMAKE_INSTALL_PREFIX=/home/wego/team_ws/psh030917/nface_ws/install/ros_deep_learning
[0.126s] -- The C compiler identification is GNU 11.4.0
[0.245s] -- The CXX compiler identification is GNU 11.4.0
[0.264s] -- Detecting C compiler ABI info
[0.412s] -- Detecting C compiler ABI info - done
[0.431s] -- Check for working C compiler: /usr/bin/cc - skipped
[0.432s] -- Detecting C compile features
[0.434s] -- Detecting C compile features - done
[0.441s] -- Detecting CXX compiler ABI info
[0.616s] -- Detecting CXX compiler ABI info - done
[0.641s] -- Check for working CXX compiler: /usr/bin/c++ - skipped
[0.642s] -- Detecting CXX compile features
[0.644s] -- Detecting CXX compile features - done
[0.675s] [31mCMake Error at CMakeLists.txt:6 (find_package):
[0.676s]   By not providing "Findjetson-utils.cmake" in CMAKE_MODULE_PATH this project
[0.676s]   has asked CMake to find a package configuration file provided by
[0.676s]   "jetson-utils", but CMake did not find one.
[0.676s] 
[0.676s]   Could not find a package configuration file provided by "jetson-utils" with
[0.677s]   any of the following names:
[0.677s] 
[0.677s]     jetson-utilsConfig.cmake
[0.677s]     jetson-utils-config.cmake
[0.678s] 
[0.678s]   Add the installation prefix of "jetson-utils" to CMAKE_PREFIX_PATH or set
[0.678s]   "jetson-utils_DIR" to a directory containing one of the above files.  If
[0.678s]   "jetson-utils" provides a separate development package or SDK, be sure it
[0.678s]   has been installed.
[0.679s] 
[0.679s] [0m
[0.679s] -- Configuring incomplete, errors occurred!
[0.679s] See also "/home/wego/team_ws/psh030917/nface_ws/build/ros_deep_learning/CMakeFiles/CMakeOutput.log".
[0.685s] Invoked command in '/home/wego/team_ws/psh030917/nface_ws/build/ros_deep_learning' returned '1': /usr/bin/cmake /home/wego/team_ws/psh030917/nface_ws/src/ros_deep_learning -DCATKIN_INSTALL_INTO_PREFIX_ROOT=0 -DCATKIN_SYMLINK_INSTALL=ON -DCMAKE_INSTALL_PREFIX=/home/wego/team_ws/psh030917/nface_ws/install/ros_deep_learning
