[0.018s] Invoking command in '/home/wego/team_ws/psh030917/nface_ws/build/ros_deep_learning': /usr/bin/cmake /home/wego/team_ws/psh030917/nface_ws/src/ros_deep_learning -DCATKIN_INSTALL_INTO_PREFIX_ROOT=0 -DCATKIN_SYMLINK_INSTALL=ON -DCMAKE_INSTALL_PREFIX=/home/wego/team_ws/psh030917/nface_ws/install/ros_deep_learning
[0.063s] [31mCMake Error at CMakeLists.txt:11 (find_package):
[0.064s]   By not providing "Findjetson-inference.cmake" in CMAKE_MODULE_PATH this
[0.064s]   project has asked CMake to find a package configuration file provided by
[0.064s]   "jetson-inference", but CMake did not find one.
[0.064s] 
[0.065s]   Could not find a package configuration file provided by "jetson-inference"
[0.065s]   with any of the following names:
[0.065s] 
[0.066s]     jetson-inferenceConfig.cmake
[0.066s]     jetson-inference-config.cmake
[0.066s] 
[0.067s]   Add the installation prefix of "jetson-inference" to CMAKE_PREFIX_PATH or
[0.067s]   set "jetson-inference_DIR" to a directory containing one of the above
[0.067s]   files.  If "jetson-inference" provides a separate development package or
[0.067s]   SDK, be sure it has been installed.
[0.067s] 
[0.068s] [0m
[0.068s] -- Configuring incomplete, errors occurred!
[0.068s] See also "/home/wego/team_ws/psh030917/nface_ws/build/ros_deep_learning/CMakeFiles/CMakeOutput.log".
[0.071s] Invoked command in '/home/wego/team_ws/psh030917/nface_ws/build/ros_deep_learning' returned '1': /usr/bin/cmake /home/wego/team_ws/psh030917/nface_ws/src/ros_deep_learning -DCATKIN_INSTALL_INTO_PREFIX_ROOT=0 -DCATKIN_SYMLINK_INSTALL=ON -DCMAKE_INSTALL_PREFIX=/home/wego/team_ws/psh030917/nface_ws/install/ros_deep_learning
