[0.052s] Invoking command in '/home/wego/team_ws/psh030917/py_bt_ros_1/build/yolo_msgs': CMAKE_PREFIX_PATH=${CMAKE_PREFIX_PATH}:/home/wego/team_ws/MinGeun-SMG/limo_fire_py-main/install/limo_fire_py:/home/wego/team_ws/psh030917/py_bt_ros_1/install/yolo_ros:/home/wego/team_ws/psh030917/py_bt_ros_1/install/telegram_ros2:/home/wego/team_ws/psh030917/py_bt_ros_1/install/limo_fire_py:/opt/ros/humble /usr/bin/cmake --build /home/wego/team_ws/psh030917/py_bt_ros_1/build/yolo_msgs -- -j6 -l6
[0.753s] [  0%] Built target yolo_msgs__cpp
[0.753s] [ 12%] Built target yolo_msgs__rosidl_generator_c
[0.754s] [ 12%] Built target ament_cmake_python_copy_yolo_msgs
[0.755s] [ 24%] Built target yolo_msgs__rosidl_typesupport_cpp
[0.755s] [ 36%] Built target yolo_msgs__rosidl_typesupport_fastrtps_cpp
[0.755s] [ 48%] Built target yolo_msgs__rosidl_typesupport_introspection_cpp
[0.756s] [ 61%] Built target yolo_msgs__rosidl_typesupport_c
[0.756s] [ 72%] Built target yolo_msgs__rosidl_typesupport_fastrtps_c
[0.756s] [ 84%] Built target yolo_msgs__rosidl_typesupport_introspection_c
[0.756s] [ 84%] Built target yolo_msgs
[0.756s] [ 85%] Built target yolo_msgs__py
[0.756s] [ 96%] Built target yolo_msgs__rosidl_generator_py
[0.756s] [ 98%] Built target yolo_msgs__rosidl_typesupport_c__pyext
[0.757s] [ 99%] Built target yolo_msgs__rosidl_typesupport_introspection_c__pyext
[0.757s] [100%] Built target yolo_msgs__rosidl_typesupport_fastrtps_c__pyext
[0.896s] running egg_info
[0.898s] writing yolo_msgs.egg-info/PKG-INFO
[0.899s] writing dependency_links to yolo_msgs.egg-info/dependency_links.txt
[0.899s] writing top-level names to yolo_msgs.egg-info/top_level.txt
[0.909s] reading manifest file 'yolo_msgs.egg-info/SOURCES.txt'
[0.914s] writing manifest file 'yolo_msgs.egg-info/SOURCES.txt'
[0.993s] [100%] Built target ament_cmake_python_build_yolo_msgs_egg
[1.395s] Invoked command in '/home/wego/team_ws/psh030917/py_bt_ros_1/build/yolo_msgs' returned '0': CMAKE_PREFIX_PATH=${CMAKE_PREFIX_PATH}:/home/wego/team_ws/MinGeun-SMG/limo_fire_py-main/install/limo_fire_py:/home/wego/team_ws/psh030917/py_bt_ros_1/install/yolo_ros:/home/wego/team_ws/psh030917/py_bt_ros_1/install/telegram_ros2:/home/wego/team_ws/psh030917/py_bt_ros_1/install/limo_fire_py:/opt/ros/humble /usr/bin/cmake --build /home/wego/team_ws/psh030917/py_bt_ros_1/build/yolo_msgs -- -j6 -l6
[1.398s] Invoking command in '/home/wego/team_ws/psh030917/py_bt_ros_1/build/yolo_msgs': CMAKE_PREFIX_PATH=${CMAKE_PREFIX_PATH}:/home/wego/team_ws/MinGeun-SMG/limo_fire_py-main/install/limo_fire_py:/home/wego/team_ws/psh030917/py_bt_ros_1/install/yolo_ros:/home/wego/team_ws/psh030917/py_bt_ros_1/install/telegram_ros2:/home/wego/team_ws/psh030917/py_bt_ros_1/install/limo_fire_py:/opt/ros/humble /usr/bin/cmake --install /home/wego/team_ws/psh030917/py_bt_ros_1/build/yolo_msgs
[1.441s] -- Install configuration: ""
[1.441s] -- Up-to-date: /home/wego/team_ws/psh030917/py_bt_ros_1/install/yolo_msgs/share/ament_index/resource_index/rosidl_interfaces/yolo_msgs
[1.443s] -- Up-to-date: /home/wego/team_ws/psh030917/py_bt_ros_1/install/yolo_msgs/include/yolo_msgs/yolo_msgs
[1.443s] -- Up-to-date: /home/wego/team_ws/psh030917/py_bt_ros_1/install/yolo_msgs/include/yolo_msgs/yolo_msgs/msg
[1.444s] -- Up-to-date: /home/wego/team_ws/psh030917/py_bt_ros_1/install/yolo_msgs/include/yolo_msgs/yolo_msgs/msg/pose2_d.h
[1.444s] -- Up-to-date: /home/wego/team_ws/psh030917/py_bt_ros_1/install/yolo_msgs/include/yolo_msgs/yolo_msgs/msg/vector2.h
[1.444s] -- Up-to-date: /home/wego/team_ws/psh030917/py_bt_ros_1/install/yolo_msgs/include/yolo_msgs/yolo_msgs/msg/detection_array.h
[1.444s] -- Up-to-date: /home/wego/team_ws/psh030917/py_bt_ros_1/install/yolo_msgs/include/yolo_msgs/yolo_msgs/msg/key_point3_d_array.h
[1.444s] -- Up-to-date: /home/wego/team_ws/psh030917/py_bt_ros_1/install/yolo_msgs/include/yolo_msgs/yolo_msgs/msg/rosidl_generator_c__visibility_control.h
[1.444s] -- Up-to-date: /home/wego/team_ws/psh030917/py_bt_ros_1/install/yolo_msgs/include/yolo_msgs/yolo_msgs/msg/key_point2_d_array.h
[1.444s] -- Up-to-date: /home/wego/team_ws/psh030917/py_bt_ros_1/install/yolo_msgs/include/yolo_msgs/yolo_msgs/msg/key_point3_d.h
[1.445s] -- Up-to-date: /home/wego/team_ws/psh030917/py_bt_ros_1/install/yolo_msgs/include/yolo_msgs/yolo_msgs/msg/detection.h
[1.445s] -- Up-to-date: /home/wego/team_ws/psh030917/py_bt_ros_1/install/yolo_msgs/include/yolo_msgs/yolo_msgs/msg/key_point2_d.h
[1.445s] -- Up-to-date: /home/wego/team_ws/psh030917/py_bt_ros_1/install/yolo_msgs/include/yolo_msgs/yolo_msgs/msg/detail
[1.445s] -- Up-to-date: /home/wego/team_ws/psh030917/py_bt_ros_1/install/yolo_msgs/include/yolo_msgs/yolo_msgs/msg/detail/pose2_d__functions.c
[1.445s] -- Up-to-date: /home/wego/team_ws/psh030917/py_bt_ros_1/install/yolo_msgs/include/yolo_msgs/yolo_msgs/msg/detail/key_point2_d_array__functions.c
[1.445s] -- Up-to-date: /home/wego/team_ws/psh030917/py_bt_ros_1/install/yolo_msgs/include/yolo_msgs/yolo_msgs/msg/detail/bounding_box2_d__functions.h
[1.445s] -- Up-to-date: /home/wego/team_ws/psh030917/py_bt_ros_1/install/yolo_msgs/include/yolo_msgs/yolo_msgs/msg/detail/detection__functions.c
[1.445s] -- Up-to-date: /home/wego/team_ws/psh030917/py_bt_ros_1/install/yolo_msgs/include/yolo_msgs/yolo_msgs/msg/detail/vector2__functions.c
[1.446s] -- Up-to-date: /home/wego/team_ws/psh030917/py_bt_ros_1/install/yolo_msgs/include/yolo_msgs/yolo_msgs/msg/detail/key_point2_d__type_support.h
[1.446s] -- Up-to-date: /home/wego/team_ws/psh030917/py_bt_ros_1/install/yolo_msgs/include/yolo_msgs/yolo_msgs/msg/detail/key_point3_d_array__struct.h
[1.446s] -- Up-to-date: /home/wego/team_ws/psh030917/py_bt_ros_1/install/yolo_msgs/include/yolo_msgs/yolo_msgs/msg/detail/pose2_d__functions.h
[1.446s] -- Up-to-date: /home/wego/team_ws/psh030917/py_bt_ros_1/install/yolo_msgs/include/yolo_msgs/yolo_msgs/msg/detail/key_point3_d__functions.h
[1.446s] -- Up-to-date: /home/wego/team_ws/psh030917/py_bt_ros_1/install/yolo_msgs/include/yolo_msgs/yolo_msgs/msg/detail/vector2__type_support.h
[1.446s] -- Up-to-date: /home/wego/team_ws/psh030917/py_bt_ros_1/install/yolo_msgs/include/yolo_msgs/yolo_msgs/msg/detail/key_point2_d__functions.h
[1.446s] -- Up-to-date: /home/wego/team_ws/psh030917/py_bt_ros_1/install/yolo_msgs/include/yolo_msgs/yolo_msgs/msg/detail/key_point2_d_array__functions.h
[1.447s] -- Up-to-date: /home/wego/team_ws/psh030917/py_bt_ros_1/install/yolo_msgs/include/yolo_msgs/yolo_msgs/msg/detail/key_point3_d_array__type_support.h
[1.447s] -- Up-to-date: /home/wego/team_ws/psh030917/py_bt_ros_1/install/yolo_msgs/include/yolo_msgs/yolo_msgs/msg/detail/vector2__struct.h
[1.447s] -- Up-to-date: /home/wego/team_ws/psh030917/py_bt_ros_1/install/yolo_msgs/include/yolo_msgs/yolo_msgs/msg/detail/bounding_box3_d__type_support.h
[1.447s] -- Up-to-date: /home/wego/team_ws/psh030917/py_bt_ros_1/install/yolo_msgs/include/yolo_msgs/yolo_msgs/msg/detail/detection_array__struct.h
[1.447s] -- Up-to-date: /home/wego/team_ws/psh030917/py_bt_ros_1/install/yolo_msgs/include/yolo_msgs/yolo_msgs/msg/detail/detection_array__functions.h
[1.447s] -- Up-to-date: /home/wego/team_ws/psh030917/py_bt_ros_1/install/yolo_msgs/include/yolo_msgs/yolo_msgs/msg/detail/key_point3_d_array__functions.c
[1.447s] -- Up-to-date: /home/wego/team_ws/psh030917/py_bt_ros_1/install/yolo_msgs/include/yolo_msgs/yolo_msgs/msg/detail/key_point2_d_array__type_support.h
[1.447s] -- Up-to-date: /home/wego/team_ws/psh030917/py_bt_ros_1/install/yolo_msgs/include/yolo_msgs/yolo_msgs/msg/detail/key_point2_d_array__struct.h
[1.448s] -- Up-to-date: /home/wego/team_ws/psh030917/py_bt_ros_1/install/yolo_msgs/include/yolo_msgs/yolo_msgs/msg/detail/pose2_d__struct.h
[1.448s] -- Up-to-date: /home/wego/team_ws/psh030917/py_bt_ros_1/install/yolo_msgs/include/yolo_msgs/yolo_msgs/msg/detail/mask__functions.c
[1.448s] -- Up-to-date: /home/wego/team_ws/psh030917/py_bt_ros_1/install/yolo_msgs/include/yolo_msgs/yolo_msgs/msg/detail/key_point3_d__struct.h
[1.448s] -- Up-to-date: /home/wego/team_ws/psh030917/py_bt_ros_1/install/yolo_msgs/include/yolo_msgs/yolo_msgs/msg/detail/point2_d__type_support.h
[1.448s] -- Up-to-date: /home/wego/team_ws/psh030917/py_bt_ros_1/install/yolo_msgs/include/yolo_msgs/yolo_msgs/msg/detail/detection__struct.h
[1.448s] -- Up-to-date: /home/wego/team_ws/psh030917/py_bt_ros_1/install/yolo_msgs/include/yolo_msgs/yolo_msgs/msg/detail/bounding_box2_d__type_support.h
[1.448s] -- Up-to-date: /home/wego/team_ws/psh030917/py_bt_ros_1/install/yolo_msgs/include/yolo_msgs/yolo_msgs/msg/detail/bounding_box3_d__functions.c
[1.448s] -- Up-to-date: /home/wego/team_ws/psh030917/py_bt_ros_1/install/yolo_msgs/include/yolo_msgs/yolo_msgs/msg/detail/vector2__functions.h
[1.449s] -- Up-to-date: /home/wego/team_ws/psh030917/py_bt_ros_1/install/yolo_msgs/include/yolo_msgs/yolo_msgs/msg/detail/point2_d__struct.h
[1.449s] -- Up-to-date: /home/wego/team_ws/psh030917/py_bt_ros_1/install/yolo_msgs/include/yolo_msgs/yolo_msgs/msg/detail/detection_array__type_support.h
[1.450s] -- Up-to-date: /home/wego/team_ws/psh030917/py_bt_ros_1/install/yolo_msgs/include/yolo_msgs/yolo_msgs/msg/detail/key_point3_d_array__functions.h
[1.450s] -- Up-to-date: /home/wego/team_ws/psh030917/py_bt_ros_1/install/yolo_msgs/include/yolo_msgs/yolo_msgs/msg/detail/point2_d__functions.c
[1.450s] -- Up-to-date: /home/wego/team_ws/psh030917/py_bt_ros_1/install/yolo_msgs/include/yolo_msgs/yolo_msgs/msg/detail/point2_d__functions.h
[1.451s] -- Up-to-date: /home/wego/team_ws/psh030917/py_bt_ros_1/install/yolo_msgs/include/yolo_msgs/yolo_msgs/msg/detail/key_point3_d__type_support.h
[1.451s] -- Up-to-date: /home/wego/team_ws/psh030917/py_bt_ros_1/install/yolo_msgs/include/yolo_msgs/yolo_msgs/msg/detail/detection__functions.h
[1.451s] -- Up-to-date: /home/wego/team_ws/psh030917/py_bt_ros_1/install/yolo_msgs/include/yolo_msgs/yolo_msgs/msg/detail/pose2_d__type_support.h
[1.451s] -- Up-to-date: /home/wego/team_ws/psh030917/py_bt_ros_1/install/yolo_msgs/include/yolo_msgs/yolo_msgs/msg/detail/key_point3_d__functions.c
[1.451s] -- Up-to-date: /home/wego/team_ws/psh030917/py_bt_ros_1/install/yolo_msgs/include/yolo_msgs/yolo_msgs/msg/detail/detection_array__functions.c
[1.451s] -- Up-to-date: /home/wego/team_ws/psh030917/py_bt_ros_1/install/yolo_msgs/include/yolo_msgs/yolo_msgs/msg/detail/bounding_box3_d__functions.h
[1.451s] -- Up-to-date: /home/wego/team_ws/psh030917/py_bt_ros_1/install/yolo_msgs/include/yolo_msgs/yolo_msgs/msg/detail/bounding_box2_d__struct.h
[1.451s] -- Up-to-date: /home/wego/team_ws/psh030917/py_bt_ros_1/install/yolo_msgs/include/yolo_msgs/yolo_msgs/msg/detail/bounding_box2_d__functions.c
[1.452s] -- Up-to-date: /home/wego/team_ws/psh030917/py_bt_ros_1/install/yolo_msgs/include/yolo_msgs/yolo_msgs/msg/detail/detection__type_support.h
[1.452s] -- Up-to-date: /home/wego/team_ws/psh030917/py_bt_ros_1/install/yolo_msgs/include/yolo_msgs/yolo_msgs/msg/detail/mask__type_support.h
[1.452s] -- Up-to-date: /home/wego/team_ws/psh030917/py_bt_ros_1/install/yolo_msgs/include/yolo_msgs/yolo_msgs/msg/detail/mask__functions.h
[1.452s] -- Up-to-date: /home/wego/team_ws/psh030917/py_bt_ros_1/install/yolo_msgs/include/yolo_msgs/yolo_msgs/msg/detail/mask__struct.h
[1.452s] -- Up-to-date: /home/wego/team_ws/psh030917/py_bt_ros_1/install/yolo_msgs/include/yolo_msgs/yolo_msgs/msg/detail/key_point2_d__functions.c
[1.452s] -- Up-to-date: /home/wego/team_ws/psh030917/py_bt_ros_1/install/yolo_msgs/include/yolo_msgs/yolo_msgs/msg/detail/key_point2_d__struct.h
[1.452s] -- Up-to-date: /home/wego/team_ws/psh030917/py_bt_ros_1/install/yolo_msgs/include/yolo_msgs/yolo_msgs/msg/detail/bounding_box3_d__struct.h
[1.452s] -- Up-to-date: /home/wego/team_ws/psh030917/py_bt_ros_1/install/yolo_msgs/include/yolo_msgs/yolo_msgs/msg/bounding_box2_d.h
[1.453s] -- Up-to-date: /home/wego/team_ws/psh030917/py_bt_ros_1/install/yolo_msgs/include/yolo_msgs/yolo_msgs/msg/bounding_box3_d.h
[1.453s] -- Up-to-date: /home/wego/team_ws/psh030917/py_bt_ros_1/install/yolo_msgs/include/yolo_msgs/yolo_msgs/msg/point2_d.h
[1.453s] -- Up-to-date: /home/wego/team_ws/psh030917/py_bt_ros_1/install/yolo_msgs/include/yolo_msgs/yolo_msgs/msg/mask.h
[1.453s] -- Up-to-date: /home/wego/team_ws/psh030917/py_bt_ros_1/install/yolo_msgs/include/yolo_msgs/yolo_msgs/srv
[1.453s] -- Up-to-date: /home/wego/team_ws/psh030917/py_bt_ros_1/install/yolo_msgs/include/yolo_msgs/yolo_msgs/srv/detail
[1.453s] -- Up-to-date: /home/wego/team_ws/psh030917/py_bt_ros_1/install/yolo_msgs/include/yolo_msgs/yolo_msgs/srv/detail/set_classes__struct.h
[1.453s] -- Up-to-date: /home/wego/team_ws/psh030917/py_bt_ros_1/install/yolo_msgs/include/yolo_msgs/yolo_msgs/srv/detail/set_classes__functions.c
[1.454s] -- Up-to-date: /home/wego/team_ws/psh030917/py_bt_ros_1/install/yolo_msgs/include/yolo_msgs/yolo_msgs/srv/detail/set_classes__type_support.h
[1.454s] -- Up-to-date: /home/wego/team_ws/psh030917/py_bt_ros_1/install/yolo_msgs/include/yolo_msgs/yolo_msgs/srv/detail/set_classes__functions.h
[1.454s] -- Up-to-date: /home/wego/team_ws/psh030917/py_bt_ros_1/install/yolo_msgs/include/yolo_msgs/yolo_msgs/srv/set_classes.h
[1.454s] -- Up-to-date: /home/wego/team_ws/psh030917/py_bt_ros_1/install/yolo_msgs/share/yolo_msgs/environment/library_path.sh
[1.454s] -- Up-to-date: /home/wego/team_ws/psh030917/py_bt_ros_1/install/yolo_msgs/share/yolo_msgs/environment/library_path.dsv
[1.454s] -- Up-to-date: /home/wego/team_ws/psh030917/py_bt_ros_1/install/yolo_msgs/lib/libyolo_msgs__rosidl_generator_c.so
[1.454s] -- Up-to-date: /home/wego/team_ws/psh030917/py_bt_ros_1/install/yolo_msgs/include/yolo_msgs/yolo_msgs
[1.454s] -- Up-to-date: /home/wego/team_ws/psh030917/py_bt_ros_1/install/yolo_msgs/include/yolo_msgs/yolo_msgs/msg
[1.455s] -- Up-to-date: /home/wego/team_ws/psh030917/py_bt_ros_1/install/yolo_msgs/include/yolo_msgs/yolo_msgs/msg/detail
[1.455s] -- Up-to-date: /home/wego/team_ws/psh030917/py_bt_ros_1/install/yolo_msgs/include/yolo_msgs/yolo_msgs/msg/detail/detection_array__rosidl_typesupport_fastrtps_c.h
[1.455s] -- Up-to-date: /home/wego/team_ws/psh030917/py_bt_ros_1/install/yolo_msgs/include/yolo_msgs/yolo_msgs/msg/detail/detection__rosidl_typesupport_fastrtps_c.h
[1.455s] -- Up-to-date: /home/wego/team_ws/psh030917/py_bt_ros_1/install/yolo_msgs/include/yolo_msgs/yolo_msgs/msg/detail/key_point2_d__rosidl_typesupport_fastrtps_c.h
[1.455s] -- Up-to-date: /home/wego/team_ws/psh030917/py_bt_ros_1/install/yolo_msgs/include/yolo_msgs/yolo_msgs/msg/detail/pose2_d__rosidl_typesupport_fastrtps_c.h
[1.455s] -- Up-to-date: /home/wego/team_ws/psh030917/py_bt_ros_1/install/yolo_msgs/include/yolo_msgs/yolo_msgs/msg/detail/key_point3_d_array__rosidl_typesupport_fastrtps_c.h
[1.455s] -- Up-to-date: /home/wego/team_ws/psh030917/py_bt_ros_1/install/yolo_msgs/include/yolo_msgs/yolo_msgs/msg/detail/vector2__rosidl_typesupport_fastrtps_c.h
[1.455s] -- Up-to-date: /home/wego/team_ws/psh030917/py_bt_ros_1/install/yolo_msgs/include/yolo_msgs/yolo_msgs/msg/detail/key_point2_d_array__rosidl_typesupport_fastrtps_c.h
[1.456s] -- Up-to-date: /home/wego/team_ws/psh030917/py_bt_ros_1/install/yolo_msgs/include/yolo_msgs/yolo_msgs/msg/detail/bounding_box3_d__rosidl_typesupport_fastrtps_c.h
[1.456s] -- Up-to-date: /home/wego/team_ws/psh030917/py_bt_ros_1/install/yolo_msgs/include/yolo_msgs/yolo_msgs/msg/detail/point2_d__rosidl_typesupport_fastrtps_c.h
[1.456s] -- Up-to-date: /home/wego/team_ws/psh030917/py_bt_ros_1/install/yolo_msgs/include/yolo_msgs/yolo_msgs/msg/detail/mask__rosidl_typesupport_fastrtps_c.h
[1.456s] -- Up-to-date: /home/wego/team_ws/psh030917/py_bt_ros_1/install/yolo_msgs/include/yolo_msgs/yolo_msgs/msg/detail/bounding_box2_d__rosidl_typesupport_fastrtps_c.h
[1.456s] -- Up-to-date: /home/wego/team_ws/psh030917/py_bt_ros_1/install/yolo_msgs/include/yolo_msgs/yolo_msgs/msg/detail/key_point3_d__rosidl_typesupport_fastrtps_c.h
[1.456s] -- Up-to-date: /home/wego/team_ws/psh030917/py_bt_ros_1/install/yolo_msgs/include/yolo_msgs/yolo_msgs/msg/rosidl_typesupport_fastrtps_c__visibility_control.h
[1.456s] -- Up-to-date: /home/wego/team_ws/psh030917/py_bt_ros_1/install/yolo_msgs/include/yolo_msgs/yolo_msgs/srv
[1.456s] -- Up-to-date: /home/wego/team_ws/psh030917/py_bt_ros_1/install/yolo_msgs/include/yolo_msgs/yolo_msgs/srv/detail
[1.457s] -- Up-to-date: /home/wego/team_ws/psh030917/py_bt_ros_1/install/yolo_msgs/include/yolo_msgs/yolo_msgs/srv/detail/set_classes__rosidl_typesupport_fastrtps_c.h
[1.457s] -- Up-to-date: /home/wego/team_ws/psh030917/py_bt_ros_1/install/yolo_msgs/lib/libyolo_msgs__rosidl_typesupport_fastrtps_c.so
[1.457s] -- Up-to-date: /home/wego/team_ws/psh030917/py_bt_ros_1/install/yolo_msgs/include/yolo_msgs/yolo_msgs
[1.457s] -- Up-to-date: /home/wego/team_ws/psh030917/py_bt_ros_1/install/yolo_msgs/include/yolo_msgs/yolo_msgs/msg
[1.457s] -- Up-to-date: /home/wego/team_ws/psh030917/py_bt_ros_1/install/yolo_msgs/include/yolo_msgs/yolo_msgs/msg/rosidl_typesupport_introspection_c__visibility_control.h
[1.457s] -- Up-to-date: /home/wego/team_ws/psh030917/py_bt_ros_1/install/yolo_msgs/include/yolo_msgs/yolo_msgs/msg/detail
[1.457s] -- Up-to-date: /home/wego/team_ws/psh030917/py_bt_ros_1/install/yolo_msgs/include/yolo_msgs/yolo_msgs/msg/detail/key_point3_d__rosidl_typesupport_introspection_c.h
[1.458s] -- Up-to-date: /home/wego/team_ws/psh030917/py_bt_ros_1/install/yolo_msgs/include/yolo_msgs/yolo_msgs/msg/detail/key_point3_d__type_support.c
[1.458s] -- Up-to-date: /home/wego/team_ws/psh030917/py_bt_ros_1/install/yolo_msgs/include/yolo_msgs/yolo_msgs/msg/detail/mask__type_support.c
[1.458s] -- Up-to-date: /home/wego/team_ws/psh030917/py_bt_ros_1/install/yolo_msgs/include/yolo_msgs/yolo_msgs/msg/detail/detection__rosidl_typesupport_introspection_c.h
[1.458s] -- Up-to-date: /home/wego/team_ws/psh030917/py_bt_ros_1/install/yolo_msgs/include/yolo_msgs/yolo_msgs/msg/detail/bounding_box2_d__rosidl_typesupport_introspection_c.h
[1.458s] -- Up-to-date: /home/wego/team_ws/psh030917/py_bt_ros_1/install/yolo_msgs/include/yolo_msgs/yolo_msgs/msg/detail/bounding_box3_d__type_support.c
[1.458s] -- Up-to-date: /home/wego/team_ws/psh030917/py_bt_ros_1/install/yolo_msgs/include/yolo_msgs/yolo_msgs/msg/detail/vector2__type_support.c
[1.458s] -- Up-to-date: /home/wego/team_ws/psh030917/py_bt_ros_1/install/yolo_msgs/include/yolo_msgs/yolo_msgs/msg/detail/detection_array__type_support.c
[1.458s] -- Up-to-date: /home/wego/team_ws/psh030917/py_bt_ros_1/install/yolo_msgs/include/yolo_msgs/yolo_msgs/msg/detail/pose2_d__type_support.c
[1.459s] -- Up-to-date: /home/wego/team_ws/psh030917/py_bt_ros_1/install/yolo_msgs/include/yolo_msgs/yolo_msgs/msg/detail/mask__rosidl_typesupport_introspection_c.h
[1.459s] -- Up-to-date: /home/wego/team_ws/psh030917/py_bt_ros_1/install/yolo_msgs/include/yolo_msgs/yolo_msgs/msg/detail/detection__type_support.c
[1.459s] -- Up-to-date: /home/wego/team_ws/psh030917/py_bt_ros_1/install/yolo_msgs/include/yolo_msgs/yolo_msgs/msg/detail/key_point2_d_array__rosidl_typesupport_introspection_c.h
[1.459s] -- Up-to-date: /home/wego/team_ws/psh030917/py_bt_ros_1/install/yolo_msgs/include/yolo_msgs/yolo_msgs/msg/detail/pose2_d__rosidl_typesupport_introspection_c.h
[1.459s] -- Up-to-date: /home/wego/team_ws/psh030917/py_bt_ros_1/install/yolo_msgs/include/yolo_msgs/yolo_msgs/msg/detail/bounding_box3_d__rosidl_typesupport_introspection_c.h
[1.459s] -- Up-to-date: /home/wego/team_ws/psh030917/py_bt_ros_1/install/yolo_msgs/include/yolo_msgs/yolo_msgs/msg/detail/point2_d__rosidl_typesupport_introspection_c.h
[1.459s] -- Up-to-date: /home/wego/team_ws/psh030917/py_bt_ros_1/install/yolo_msgs/include/yolo_msgs/yolo_msgs/msg/detail/key_point3_d_array__type_support.c
[1.459s] -- Up-to-date: /home/wego/team_ws/psh030917/py_bt_ros_1/install/yolo_msgs/include/yolo_msgs/yolo_msgs/msg/detail/key_point2_d_array__type_support.c
[1.460s] -- Up-to-date: /home/wego/team_ws/psh030917/py_bt_ros_1/install/yolo_msgs/include/yolo_msgs/yolo_msgs/msg/detail/detection_array__rosidl_typesupport_introspection_c.h
[1.460s] -- Up-to-date: /home/wego/team_ws/psh030917/py_bt_ros_1/install/yolo_msgs/include/yolo_msgs/yolo_msgs/msg/detail/point2_d__type_support.c
[1.460s] -- Up-to-date: /home/wego/team_ws/psh030917/py_bt_ros_1/install/yolo_msgs/include/yolo_msgs/yolo_msgs/msg/detail/bounding_box2_d__type_support.c
[1.460s] -- Up-to-date: /home/wego/team_ws/psh030917/py_bt_ros_1/install/yolo_msgs/include/yolo_msgs/yolo_msgs/msg/detail/key_point3_d_array__rosidl_typesupport_introspection_c.h
[1.460s] -- Up-to-date: /home/wego/team_ws/psh030917/py_bt_ros_1/install/yolo_msgs/include/yolo_msgs/yolo_msgs/msg/detail/key_point2_d__type_support.c
[1.460s] -- Up-to-date: /home/wego/team_ws/psh030917/py_bt_ros_1/install/yolo_msgs/include/yolo_msgs/yolo_msgs/msg/detail/vector2__rosidl_typesupport_introspection_c.h
[1.460s] -- Up-to-date: /home/wego/team_ws/psh030917/py_bt_ros_1/install/yolo_msgs/include/yolo_msgs/yolo_msgs/msg/detail/key_point2_d__rosidl_typesupport_introspection_c.h
[1.460s] -- Up-to-date: /home/wego/team_ws/psh030917/py_bt_ros_1/install/yolo_msgs/include/yolo_msgs/yolo_msgs/srv
[1.461s] -- Up-to-date: /home/wego/team_ws/psh030917/py_bt_ros_1/install/yolo_msgs/include/yolo_msgs/yolo_msgs/srv/detail
[1.461s] -- Up-to-date: /home/wego/team_ws/psh030917/py_bt_ros_1/install/yolo_msgs/include/yolo_msgs/yolo_msgs/srv/detail/set_classes__type_support.c
[1.461s] -- Up-to-date: /home/wego/team_ws/psh030917/py_bt_ros_1/install/yolo_msgs/include/yolo_msgs/yolo_msgs/srv/detail/set_classes__rosidl_typesupport_introspection_c.h
[1.461s] -- Up-to-date: /home/wego/team_ws/psh030917/py_bt_ros_1/install/yolo_msgs/lib/libyolo_msgs__rosidl_typesupport_introspection_c.so
[1.461s] -- Up-to-date: /home/wego/team_ws/psh030917/py_bt_ros_1/install/yolo_msgs/lib/libyolo_msgs__rosidl_typesupport_c.so
[1.461s] -- Up-to-date: /home/wego/team_ws/psh030917/py_bt_ros_1/install/yolo_msgs/include/yolo_msgs/yolo_msgs
[1.461s] -- Up-to-date: /home/wego/team_ws/psh030917/py_bt_ros_1/install/yolo_msgs/include/yolo_msgs/yolo_msgs/msg
[1.462s] -- Up-to-date: /home/wego/team_ws/psh030917/py_bt_ros_1/install/yolo_msgs/include/yolo_msgs/yolo_msgs/msg/point2_d.hpp
[1.462s] -- Up-to-date: /home/wego/team_ws/psh030917/py_bt_ros_1/install/yolo_msgs/include/yolo_msgs/yolo_msgs/msg/key_point2_d.hpp
[1.462s] -- Up-to-date: /home/wego/team_ws/psh030917/py_bt_ros_1/install/yolo_msgs/include/yolo_msgs/yolo_msgs/msg/detection.hpp
[1.462s] -- Up-to-date: /home/wego/team_ws/psh030917/py_bt_ros_1/install/yolo_msgs/include/yolo_msgs/yolo_msgs/msg/bounding_box2_d.hpp
[1.462s] -- Up-to-date: /home/wego/team_ws/psh030917/py_bt_ros_1/install/yolo_msgs/include/yolo_msgs/yolo_msgs/msg/key_point3_d.hpp
[1.462s] -- Up-to-date: /home/wego/team_ws/psh030917/py_bt_ros_1/install/yolo_msgs/include/yolo_msgs/yolo_msgs/msg/detection_array.hpp
[1.462s] -- Up-to-date: /home/wego/team_ws/psh030917/py_bt_ros_1/install/yolo_msgs/include/yolo_msgs/yolo_msgs/msg/mask.hpp
[1.462s] -- Up-to-date: /home/wego/team_ws/psh030917/py_bt_ros_1/install/yolo_msgs/include/yolo_msgs/yolo_msgs/msg/rosidl_generator_cpp__visibility_control.hpp
[1.463s] -- Up-to-date: /home/wego/team_ws/psh030917/py_bt_ros_1/install/yolo_msgs/include/yolo_msgs/yolo_msgs/msg/vector2.hpp
[1.463s] -- Up-to-date: /home/wego/team_ws/psh030917/py_bt_ros_1/install/yolo_msgs/include/yolo_msgs/yolo_msgs/msg/detail
[1.463s] -- Up-to-date: /home/wego/team_ws/psh030917/py_bt_ros_1/install/yolo_msgs/include/yolo_msgs/yolo_msgs/msg/detail/key_point2_d__builder.hpp
[1.463s] -- Up-to-date: /home/wego/team_ws/psh030917/py_bt_ros_1/install/yolo_msgs/include/yolo_msgs/yolo_msgs/msg/detail/key_point2_d_array__type_support.hpp
[1.463s] -- Up-to-date: /home/wego/team_ws/psh030917/py_bt_ros_1/install/yolo_msgs/include/yolo_msgs/yolo_msgs/msg/detail/vector2__builder.hpp
[1.463s] -- Up-to-date: /home/wego/team_ws/psh030917/py_bt_ros_1/install/yolo_msgs/include/yolo_msgs/yolo_msgs/msg/detail/point2_d__builder.hpp
[1.463s] -- Up-to-date: /home/wego/team_ws/psh030917/py_bt_ros_1/install/yolo_msgs/include/yolo_msgs/yolo_msgs/msg/detail/bounding_box2_d__type_support.hpp
[1.464s] -- Up-to-date: /home/wego/team_ws/psh030917/py_bt_ros_1/install/yolo_msgs/include/yolo_msgs/yolo_msgs/msg/detail/bounding_box3_d__traits.hpp
[1.464s] -- Up-to-date: /home/wego/team_ws/psh030917/py_bt_ros_1/install/yolo_msgs/include/yolo_msgs/yolo_msgs/msg/detail/bounding_box2_d__builder.hpp
[1.464s] -- Up-to-date: /home/wego/team_ws/psh030917/py_bt_ros_1/install/yolo_msgs/include/yolo_msgs/yolo_msgs/msg/detail/key_point3_d__struct.hpp
[1.464s] -- Up-to-date: /home/wego/team_ws/psh030917/py_bt_ros_1/install/yolo_msgs/include/yolo_msgs/yolo_msgs/msg/detail/point2_d__traits.hpp
[1.464s] -- Up-to-date: /home/wego/team_ws/psh030917/py_bt_ros_1/install/yolo_msgs/include/yolo_msgs/yolo_msgs/msg/detail/key_point3_d_array__struct.hpp
[1.464s] -- Up-to-date: /home/wego/team_ws/psh030917/py_bt_ros_1/install/yolo_msgs/include/yolo_msgs/yolo_msgs/msg/detail/key_point2_d_array__traits.hpp
[1.464s] -- Up-to-date: /home/wego/team_ws/psh030917/py_bt_ros_1/install/yolo_msgs/include/yolo_msgs/yolo_msgs/msg/detail/key_point2_d__struct.hpp
[1.464s] -- Up-to-date: /home/wego/team_ws/psh030917/py_bt_ros_1/install/yolo_msgs/include/yolo_msgs/yolo_msgs/msg/detail/detection_array__traits.hpp
[1.465s] -- Up-to-date: /home/wego/team_ws/psh030917/py_bt_ros_1/install/yolo_msgs/include/yolo_msgs/yolo_msgs/msg/detail/vector2__type_support.hpp
[1.465s] -- Up-to-date: /home/wego/team_ws/psh030917/py_bt_ros_1/install/yolo_msgs/include/yolo_msgs/yolo_msgs/msg/detail/detection__type_support.hpp
[1.465s] -- Up-to-date: /home/wego/team_ws/psh030917/py_bt_ros_1/install/yolo_msgs/include/yolo_msgs/yolo_msgs/msg/detail/point2_d__struct.hpp
[1.465s] -- Up-to-date: /home/wego/team_ws/psh030917/py_bt_ros_1/install/yolo_msgs/include/yolo_msgs/yolo_msgs/msg/detail/point2_d__type_support.hpp
[1.465s] -- Up-to-date: /home/wego/team_ws/psh030917/py_bt_ros_1/install/yolo_msgs/include/yolo_msgs/yolo_msgs/msg/detail/bounding_box3_d__builder.hpp
[1.465s] -- Up-to-date: /home/wego/team_ws/psh030917/py_bt_ros_1/install/yolo_msgs/include/yolo_msgs/yolo_msgs/msg/detail/bounding_box3_d__type_support.hpp
[1.465s] -- Up-to-date: /home/wego/team_ws/psh030917/py_bt_ros_1/install/yolo_msgs/include/yolo_msgs/yolo_msgs/msg/detail/key_point2_d_array__struct.hpp
[1.465s] -- Up-to-date: /home/wego/team_ws/psh030917/py_bt_ros_1/install/yolo_msgs/include/yolo_msgs/yolo_msgs/msg/detail/bounding_box2_d__struct.hpp
[1.466s] -- Up-to-date: /home/wego/team_ws/psh030917/py_bt_ros_1/install/yolo_msgs/include/yolo_msgs/yolo_msgs/msg/detail/bounding_box3_d__struct.hpp
[1.466s] -- Up-to-date: /home/wego/team_ws/psh030917/py_bt_ros_1/install/yolo_msgs/include/yolo_msgs/yolo_msgs/msg/detail/vector2__traits.hpp
[1.466s] -- Up-to-date: /home/wego/team_ws/psh030917/py_bt_ros_1/install/yolo_msgs/include/yolo_msgs/yolo_msgs/msg/detail/vector2__struct.hpp
[1.466s] -- Up-to-date: /home/wego/team_ws/psh030917/py_bt_ros_1/install/yolo_msgs/include/yolo_msgs/yolo_msgs/msg/detail/detection__builder.hpp
[1.466s] -- Up-to-date: /home/wego/team_ws/psh030917/py_bt_ros_1/install/yolo_msgs/include/yolo_msgs/yolo_msgs/msg/detail/key_point2_d__traits.hpp
[1.466s] -- Up-to-date: /home/wego/team_ws/psh030917/py_bt_ros_1/install/yolo_msgs/include/yolo_msgs/yolo_msgs/msg/detail/pose2_d__builder.hpp
[1.466s] -- Up-to-date: /home/wego/team_ws/psh030917/py_bt_ros_1/install/yolo_msgs/include/yolo_msgs/yolo_msgs/msg/detail/bounding_box2_d__traits.hpp
[1.466s] -- Up-to-date: /home/wego/team_ws/psh030917/py_bt_ros_1/install/yolo_msgs/include/yolo_msgs/yolo_msgs/msg/detail/key_point3_d_array__builder.hpp
[1.467s] -- Up-to-date: /home/wego/team_ws/psh030917/py_bt_ros_1/install/yolo_msgs/include/yolo_msgs/yolo_msgs/msg/detail/detection_array__struct.hpp
[1.467s] -- Up-to-date: /home/wego/team_ws/psh030917/py_bt_ros_1/install/yolo_msgs/include/yolo_msgs/yolo_msgs/msg/detail/key_point2_d_array__builder.hpp
[1.467s] -- Up-to-date: /home/wego/team_ws/psh030917/py_bt_ros_1/install/yolo_msgs/include/yolo_msgs/yolo_msgs/msg/detail/mask__type_support.hpp
[1.467s] -- Up-to-date: /home/wego/team_ws/psh030917/py_bt_ros_1/install/yolo_msgs/include/yolo_msgs/yolo_msgs/msg/detail/mask__builder.hpp
[1.467s] -- Up-to-date: /home/wego/team_ws/psh030917/py_bt_ros_1/install/yolo_msgs/include/yolo_msgs/yolo_msgs/msg/detail/pose2_d__traits.hpp
[1.467s] -- Up-to-date: /home/wego/team_ws/psh030917/py_bt_ros_1/install/yolo_msgs/include/yolo_msgs/yolo_msgs/msg/detail/detection_array__type_support.hpp
[1.467s] -- Up-to-date: /home/wego/team_ws/psh030917/py_bt_ros_1/install/yolo_msgs/include/yolo_msgs/yolo_msgs/msg/detail/key_point3_d_array__traits.hpp
[1.468s] -- Up-to-date: /home/wego/team_ws/psh030917/py_bt_ros_1/install/yolo_msgs/include/yolo_msgs/yolo_msgs/msg/detail/pose2_d__struct.hpp
[1.468s] -- Up-to-date: /home/wego/team_ws/psh030917/py_bt_ros_1/install/yolo_msgs/include/yolo_msgs/yolo_msgs/msg/detail/key_point3_d__type_support.hpp
[1.468s] -- Up-to-date: /home/wego/team_ws/psh030917/py_bt_ros_1/install/yolo_msgs/include/yolo_msgs/yolo_msgs/msg/detail/key_point3_d__traits.hpp
[1.468s] -- Up-to-date: /home/wego/team_ws/psh030917/py_bt_ros_1/install/yolo_msgs/include/yolo_msgs/yolo_msgs/msg/detail/detection_array__builder.hpp
[1.468s] -- Up-to-date: /home/wego/team_ws/psh030917/py_bt_ros_1/install/yolo_msgs/include/yolo_msgs/yolo_msgs/msg/detail/key_point3_d_array__type_support.hpp
[1.468s] -- Up-to-date: /home/wego/team_ws/psh030917/py_bt_ros_1/install/yolo_msgs/include/yolo_msgs/yolo_msgs/msg/detail/mask__traits.hpp
[1.468s] -- Up-to-date: /home/wego/team_ws/psh030917/py_bt_ros_1/install/yolo_msgs/include/yolo_msgs/yolo_msgs/msg/detail/mask__struct.hpp
[1.468s] -- Up-to-date: /home/wego/team_ws/psh030917/py_bt_ros_1/install/yolo_msgs/include/yolo_msgs/yolo_msgs/msg/detail/detection__traits.hpp
[1.469s] -- Up-to-date: /home/wego/team_ws/psh030917/py_bt_ros_1/install/yolo_msgs/include/yolo_msgs/yolo_msgs/msg/detail/detection__struct.hpp
[1.469s] -- Up-to-date: /home/wego/team_ws/psh030917/py_bt_ros_1/install/yolo_msgs/include/yolo_msgs/yolo_msgs/msg/detail/pose2_d__type_support.hpp
[1.469s] -- Up-to-date: /home/wego/team_ws/psh030917/py_bt_ros_1/install/yolo_msgs/include/yolo_msgs/yolo_msgs/msg/detail/key_point2_d__type_support.hpp
[1.469s] -- Up-to-date: /home/wego/team_ws/psh030917/py_bt_ros_1/install/yolo_msgs/include/yolo_msgs/yolo_msgs/msg/detail/key_point3_d__builder.hpp
[1.469s] -- Up-to-date: /home/wego/team_ws/psh030917/py_bt_ros_1/install/yolo_msgs/include/yolo_msgs/yolo_msgs/msg/bounding_box3_d.hpp
[1.469s] -- Up-to-date: /home/wego/team_ws/psh030917/py_bt_ros_1/install/yolo_msgs/include/yolo_msgs/yolo_msgs/msg/key_point2_d_array.hpp
[1.469s] -- Up-to-date: /home/wego/team_ws/psh030917/py_bt_ros_1/install/yolo_msgs/include/yolo_msgs/yolo_msgs/msg/key_point3_d_array.hpp
[1.469s] -- Up-to-date: /home/wego/team_ws/psh030917/py_bt_ros_1/install/yolo_msgs/include/yolo_msgs/yolo_msgs/msg/pose2_d.hpp
[1.470s] -- Up-to-date: /home/wego/team_ws/psh030917/py_bt_ros_1/install/yolo_msgs/include/yolo_msgs/yolo_msgs/srv
[1.470s] -- Up-to-date: /home/wego/team_ws/psh030917/py_bt_ros_1/install/yolo_msgs/include/yolo_msgs/yolo_msgs/srv/set_classes.hpp
[1.470s] -- Up-to-date: /home/wego/team_ws/psh030917/py_bt_ros_1/install/yolo_msgs/include/yolo_msgs/yolo_msgs/srv/detail
[1.470s] -- Up-to-date: /home/wego/team_ws/psh030917/py_bt_ros_1/install/yolo_msgs/include/yolo_msgs/yolo_msgs/srv/detail/set_classes__struct.hpp
[1.470s] -- Up-to-date: /home/wego/team_ws/psh030917/py_bt_ros_1/install/yolo_msgs/include/yolo_msgs/yolo_msgs/srv/detail/set_classes__traits.hpp
[1.470s] -- Up-to-date: /home/wego/team_ws/psh030917/py_bt_ros_1/install/yolo_msgs/include/yolo_msgs/yolo_msgs/srv/detail/set_classes__builder.hpp
[1.470s] -- Up-to-date: /home/wego/team_ws/psh030917/py_bt_ros_1/install/yolo_msgs/include/yolo_msgs/yolo_msgs/srv/detail/set_classes__type_support.hpp
[1.470s] -- Up-to-date: /home/wego/team_ws/psh030917/py_bt_ros_1/install/yolo_msgs/include/yolo_msgs/yolo_msgs
[1.471s] -- Up-to-date: /home/wego/team_ws/psh030917/py_bt_ros_1/install/yolo_msgs/include/yolo_msgs/yolo_msgs/msg
[1.471s] -- Up-to-date: /home/wego/team_ws/psh030917/py_bt_ros_1/install/yolo_msgs/include/yolo_msgs/yolo_msgs/msg/rosidl_typesupport_fastrtps_cpp__visibility_control.h
[1.471s] -- Up-to-date: /home/wego/team_ws/psh030917/py_bt_ros_1/install/yolo_msgs/include/yolo_msgs/yolo_msgs/msg/detail
[1.471s] -- Up-to-date: /home/wego/team_ws/psh030917/py_bt_ros_1/install/yolo_msgs/include/yolo_msgs/yolo_msgs/msg/detail/bounding_box2_d__rosidl_typesupport_fastrtps_cpp.hpp
[1.471s] -- Up-to-date: /home/wego/team_ws/psh030917/py_bt_ros_1/install/yolo_msgs/include/yolo_msgs/yolo_msgs/msg/detail/mask__rosidl_typesupport_fastrtps_cpp.hpp
[1.471s] -- Up-to-date: /home/wego/team_ws/psh030917/py_bt_ros_1/install/yolo_msgs/include/yolo_msgs/yolo_msgs/msg/detail/vector2__rosidl_typesupport_fastrtps_cpp.hpp
[1.471s] -- Up-to-date: /home/wego/team_ws/psh030917/py_bt_ros_1/install/yolo_msgs/include/yolo_msgs/yolo_msgs/msg/detail/point2_d__rosidl_typesupport_fastrtps_cpp.hpp
[1.472s] -- Up-to-date: /home/wego/team_ws/psh030917/py_bt_ros_1/install/yolo_msgs/include/yolo_msgs/yolo_msgs/msg/detail/detection__rosidl_typesupport_fastrtps_cpp.hpp
[1.472s] -- Up-to-date: /home/wego/team_ws/psh030917/py_bt_ros_1/install/yolo_msgs/include/yolo_msgs/yolo_msgs/msg/detail/key_point2_d__rosidl_typesupport_fastrtps_cpp.hpp
[1.472s] -- Up-to-date: /home/wego/team_ws/psh030917/py_bt_ros_1/install/yolo_msgs/include/yolo_msgs/yolo_msgs/msg/detail/key_point3_d__rosidl_typesupport_fastrtps_cpp.hpp
[1.472s] -- Up-to-date: /home/wego/team_ws/psh030917/py_bt_ros_1/install/yolo_msgs/include/yolo_msgs/yolo_msgs/msg/detail/detection_array__rosidl_typesupport_fastrtps_cpp.hpp
[1.472s] -- Up-to-date: /home/wego/team_ws/psh030917/py_bt_ros_1/install/yolo_msgs/include/yolo_msgs/yolo_msgs/msg/detail/key_point3_d_array__rosidl_typesupport_fastrtps_cpp.hpp
[1.472s] -- Up-to-date: /home/wego/team_ws/psh030917/py_bt_ros_1/install/yolo_msgs/include/yolo_msgs/yolo_msgs/msg/detail/pose2_d__rosidl_typesupport_fastrtps_cpp.hpp
[1.472s] -- Up-to-date: /home/wego/team_ws/psh030917/py_bt_ros_1/install/yolo_msgs/include/yolo_msgs/yolo_msgs/msg/detail/dds_fastrtps
[1.472s] -- Up-to-date: /home/wego/team_ws/psh030917/py_bt_ros_1/install/yolo_msgs/include/yolo_msgs/yolo_msgs/msg/detail/key_point2_d_array__rosidl_typesupport_fastrtps_cpp.hpp
[1.473s] -- Up-to-date: /home/wego/team_ws/psh030917/py_bt_ros_1/install/yolo_msgs/include/yolo_msgs/yolo_msgs/msg/detail/bounding_box3_d__rosidl_typesupport_fastrtps_cpp.hpp
[1.473s] -- Up-to-date: /home/wego/team_ws/psh030917/py_bt_ros_1/install/yolo_msgs/include/yolo_msgs/yolo_msgs/srv
[1.473s] -- Up-to-date: /home/wego/team_ws/psh030917/py_bt_ros_1/install/yolo_msgs/include/yolo_msgs/yolo_msgs/srv/detail
[1.473s] -- Up-to-date: /home/wego/team_ws/psh030917/py_bt_ros_1/install/yolo_msgs/include/yolo_msgs/yolo_msgs/srv/detail/set_classes__rosidl_typesupport_fastrtps_cpp.hpp
[1.473s] -- Up-to-date: /home/wego/team_ws/psh030917/py_bt_ros_1/install/yolo_msgs/include/yolo_msgs/yolo_msgs/srv/detail/dds_fastrtps
[1.473s] -- Up-to-date: /home/wego/team_ws/psh030917/py_bt_ros_1/install/yolo_msgs/lib/libyolo_msgs__rosidl_typesupport_fastrtps_cpp.so
[1.473s] -- Up-to-date: /home/wego/team_ws/psh030917/py_bt_ros_1/install/yolo_msgs/include/yolo_msgs/yolo_msgs
[1.473s] -- Up-to-date: /home/wego/team_ws/psh030917/py_bt_ros_1/install/yolo_msgs/include/yolo_msgs/yolo_msgs/msg
[1.474s] -- Up-to-date: /home/wego/team_ws/psh030917/py_bt_ros_1/install/yolo_msgs/include/yolo_msgs/yolo_msgs/msg/detail
[1.474s] -- Up-to-date: /home/wego/team_ws/psh030917/py_bt_ros_1/install/yolo_msgs/include/yolo_msgs/yolo_msgs/msg/detail/vector2__rosidl_typesupport_introspection_cpp.hpp
[1.474s] -- Up-to-date: /home/wego/team_ws/psh030917/py_bt_ros_1/install/yolo_msgs/include/yolo_msgs/yolo_msgs/msg/detail/bounding_box3_d__rosidl_typesupport_introspection_cpp.hpp
[1.474s] -- Up-to-date: /home/wego/team_ws/psh030917/py_bt_ros_1/install/yolo_msgs/include/yolo_msgs/yolo_msgs/msg/detail/mask__rosidl_typesupport_introspection_cpp.hpp
[1.474s] -- Up-to-date: /home/wego/team_ws/psh030917/py_bt_ros_1/install/yolo_msgs/include/yolo_msgs/yolo_msgs/msg/detail/detection_array__type_support.cpp
[1.474s] -- Up-to-date: /home/wego/team_ws/psh030917/py_bt_ros_1/install/yolo_msgs/include/yolo_msgs/yolo_msgs/msg/detail/detection__type_support.cpp
[1.474s] -- Up-to-date: /home/wego/team_ws/psh030917/py_bt_ros_1/install/yolo_msgs/include/yolo_msgs/yolo_msgs/msg/detail/pose2_d__rosidl_typesupport_introspection_cpp.hpp
[1.474s] -- Up-to-date: /home/wego/team_ws/psh030917/py_bt_ros_1/install/yolo_msgs/include/yolo_msgs/yolo_msgs/msg/detail/point2_d__rosidl_typesupport_introspection_cpp.hpp
[1.475s] -- Up-to-date: /home/wego/team_ws/psh030917/py_bt_ros_1/install/yolo_msgs/include/yolo_msgs/yolo_msgs/msg/detail/bounding_box2_d__type_support.cpp
[1.475s] -- Up-to-date: /home/wego/team_ws/psh030917/py_bt_ros_1/install/yolo_msgs/include/yolo_msgs/yolo_msgs/msg/detail/key_point3_d__rosidl_typesupport_introspection_cpp.hpp
[1.475s] -- Up-to-date: /home/wego/team_ws/psh030917/py_bt_ros_1/install/yolo_msgs/include/yolo_msgs/yolo_msgs/msg/detail/key_point3_d_array__rosidl_typesupport_introspection_cpp.hpp
[1.475s] -- Up-to-date: /home/wego/team_ws/psh030917/py_bt_ros_1/install/yolo_msgs/include/yolo_msgs/yolo_msgs/msg/detail/pose2_d__type_support.cpp
[1.475s] -- Up-to-date: /home/wego/team_ws/psh030917/py_bt_ros_1/install/yolo_msgs/include/yolo_msgs/yolo_msgs/msg/detail/bounding_box3_d__type_support.cpp
[1.475s] -- Up-to-date: /home/wego/team_ws/psh030917/py_bt_ros_1/install/yolo_msgs/include/yolo_msgs/yolo_msgs/msg/detail/detection_array__rosidl_typesupport_introspection_cpp.hpp
[1.475s] -- Up-to-date: /home/wego/team_ws/psh030917/py_bt_ros_1/install/yolo_msgs/include/yolo_msgs/yolo_msgs/msg/detail/key_point2_d__type_support.cpp
[1.475s] -- Up-to-date: /home/wego/team_ws/psh030917/py_bt_ros_1/install/yolo_msgs/include/yolo_msgs/yolo_msgs/msg/detail/detection__rosidl_typesupport_introspection_cpp.hpp
[1.476s] -- Up-to-date: /home/wego/team_ws/psh030917/py_bt_ros_1/install/yolo_msgs/include/yolo_msgs/yolo_msgs/msg/detail/mask__type_support.cpp
[1.476s] -- Up-to-date: /home/wego/team_ws/psh030917/py_bt_ros_1/install/yolo_msgs/include/yolo_msgs/yolo_msgs/msg/detail/point2_d__type_support.cpp
[1.476s] -- Up-to-date: /home/wego/team_ws/psh030917/py_bt_ros_1/install/yolo_msgs/include/yolo_msgs/yolo_msgs/msg/detail/key_point2_d_array__rosidl_typesupport_introspection_cpp.hpp
[1.476s] -- Up-to-date: /home/wego/team_ws/psh030917/py_bt_ros_1/install/yolo_msgs/include/yolo_msgs/yolo_msgs/msg/detail/key_point3_d__type_support.cpp
[1.476s] -- Up-to-date: /home/wego/team_ws/psh030917/py_bt_ros_1/install/yolo_msgs/include/yolo_msgs/yolo_msgs/msg/detail/key_point3_d_array__type_support.cpp
[1.476s] -- Up-to-date: /home/wego/team_ws/psh030917/py_bt_ros_1/install/yolo_msgs/include/yolo_msgs/yolo_msgs/msg/detail/key_point2_d__rosidl_typesupport_introspection_cpp.hpp
[1.476s] -- Up-to-date: /home/wego/team_ws/psh030917/py_bt_ros_1/install/yolo_msgs/include/yolo_msgs/yolo_msgs/msg/detail/key_point2_d_array__type_support.cpp
[1.476s] -- Up-to-date: /home/wego/team_ws/psh030917/py_bt_ros_1/install/yolo_msgs/include/yolo_msgs/yolo_msgs/msg/detail/bounding_box2_d__rosidl_typesupport_introspection_cpp.hpp
[1.477s] -- Up-to-date: /home/wego/team_ws/psh030917/py_bt_ros_1/install/yolo_msgs/include/yolo_msgs/yolo_msgs/msg/detail/vector2__type_support.cpp
[1.477s] -- Up-to-date: /home/wego/team_ws/psh030917/py_bt_ros_1/install/yolo_msgs/include/yolo_msgs/yolo_msgs/srv
[1.477s] -- Up-to-date: /home/wego/team_ws/psh030917/py_bt_ros_1/install/yolo_msgs/include/yolo_msgs/yolo_msgs/srv/detail
[1.477s] -- Up-to-date: /home/wego/team_ws/psh030917/py_bt_ros_1/install/yolo_msgs/include/yolo_msgs/yolo_msgs/srv/detail/set_classes__rosidl_typesupport_introspection_cpp.hpp
[1.477s] -- Up-to-date: /home/wego/team_ws/psh030917/py_bt_ros_1/install/yolo_msgs/include/yolo_msgs/yolo_msgs/srv/detail/set_classes__type_support.cpp
[1.477s] -- Up-to-date: /home/wego/team_ws/psh030917/py_bt_ros_1/install/yolo_msgs/lib/libyolo_msgs__rosidl_typesupport_introspection_cpp.so
[1.477s] -- Up-to-date: /home/wego/team_ws/psh030917/py_bt_ros_1/install/yolo_msgs/lib/libyolo_msgs__rosidl_typesupport_cpp.so
[1.477s] -- Up-to-date: /home/wego/team_ws/psh030917/py_bt_ros_1/install/yolo_msgs/share/yolo_msgs/environment/pythonpath.sh
[1.478s] -- Up-to-date: /home/wego/team_ws/psh030917/py_bt_ros_1/install/yolo_msgs/share/yolo_msgs/environment/pythonpath.dsv
[1.478s] -- Up-to-date: /home/wego/team_ws/psh030917/py_bt_ros_1/install/yolo_msgs/local/lib/python3.10/dist-packages/yolo_msgs-4.3.1-py3.10.egg-info
[1.478s] -- Installing: /home/wego/team_ws/psh030917/py_bt_ros_1/install/yolo_msgs/local/lib/python3.10/dist-packages/yolo_msgs-4.3.1-py3.10.egg-info/SOURCES.txt
[1.478s] -- Installing: /home/wego/team_ws/psh030917/py_bt_ros_1/install/yolo_msgs/local/lib/python3.10/dist-packages/yolo_msgs-4.3.1-py3.10.egg-info/PKG-INFO
[1.478s] -- Installing: /home/wego/team_ws/psh030917/py_bt_ros_1/install/yolo_msgs/local/lib/python3.10/dist-packages/yolo_msgs-4.3.1-py3.10.egg-info/top_level.txt
[1.478s] -- Installing: /home/wego/team_ws/psh030917/py_bt_ros_1/install/yolo_msgs/local/lib/python3.10/dist-packages/yolo_msgs-4.3.1-py3.10.egg-info/dependency_links.txt
[1.478s] -- Up-to-date: /home/wego/team_ws/psh030917/py_bt_ros_1/install/yolo_msgs/local/lib/python3.10/dist-packages/yolo_msgs
[1.479s] -- Up-to-date: /home/wego/team_ws/psh030917/py_bt_ros_1/install/yolo_msgs/local/lib/python3.10/dist-packages/yolo_msgs/yolo_msgs_s__rosidl_typesupport_c.cpython-310-aarch64-linux-gnu.so
[1.479s] -- Up-to-date: /home/wego/team_ws/psh030917/py_bt_ros_1/install/yolo_msgs/local/lib/python3.10/dist-packages/yolo_msgs/_yolo_msgs_s.ep.rosidl_typesupport_c.c
[1.479s] -- Up-to-date: /home/wego/team_ws/psh030917/py_bt_ros_1/install/yolo_msgs/local/lib/python3.10/dist-packages/yolo_msgs/__init__.py
[1.479s] -- Up-to-date: /home/wego/team_ws/psh030917/py_bt_ros_1/install/yolo_msgs/local/lib/python3.10/dist-packages/yolo_msgs/msg
[1.479s] -- Up-to-date: /home/wego/team_ws/psh030917/py_bt_ros_1/install/yolo_msgs/local/lib/python3.10/dist-packages/yolo_msgs/msg/_detection.py
[1.479s] -- Up-to-date: /home/wego/team_ws/psh030917/py_bt_ros_1/install/yolo_msgs/local/lib/python3.10/dist-packages/yolo_msgs/msg/_detection_array_s.c
[1.479s] -- Up-to-date: /home/wego/team_ws/psh030917/py_bt_ros_1/install/yolo_msgs/local/lib/python3.10/dist-packages/yolo_msgs/msg/_key_point3_d_array.py
[1.479s] -- Up-to-date: /home/wego/team_ws/psh030917/py_bt_ros_1/install/yolo_msgs/local/lib/python3.10/dist-packages/yolo_msgs/msg/_key_point2_d_array.py
[1.480s] -- Up-to-date: /home/wego/team_ws/psh030917/py_bt_ros_1/install/yolo_msgs/local/lib/python3.10/dist-packages/yolo_msgs/msg/_bounding_box2_d.py
[1.480s] -- Up-to-date: /home/wego/team_ws/psh030917/py_bt_ros_1/install/yolo_msgs/local/lib/python3.10/dist-packages/yolo_msgs/msg/__init__.py
[1.480s] -- Up-to-date: /home/wego/team_ws/psh030917/py_bt_ros_1/install/yolo_msgs/local/lib/python3.10/dist-packages/yolo_msgs/msg/_bounding_box3_d.py
[1.480s] -- Up-to-date: /home/wego/team_ws/psh030917/py_bt_ros_1/install/yolo_msgs/local/lib/python3.10/dist-packages/yolo_msgs/msg/_pose2_d.py
[1.480s] -- Up-to-date: /home/wego/team_ws/psh030917/py_bt_ros_1/install/yolo_msgs/local/lib/python3.10/dist-packages/yolo_msgs/msg/_mask.py
[1.480s] -- Up-to-date: /home/wego/team_ws/psh030917/py_bt_ros_1/install/yolo_msgs/local/lib/python3.10/dist-packages/yolo_msgs/msg/_vector2_s.c
[1.480s] -- Up-to-date: /home/wego/team_ws/psh030917/py_bt_ros_1/install/yolo_msgs/local/lib/python3.10/dist-packages/yolo_msgs/msg/_bounding_box3_d_s.c
[1.480s] -- Up-to-date: /home/wego/team_ws/psh030917/py_bt_ros_1/install/yolo_msgs/local/lib/python3.10/dist-packages/yolo_msgs/msg/_mask_s.c
[1.481s] -- Up-to-date: /home/wego/team_ws/psh030917/py_bt_ros_1/install/yolo_msgs/local/lib/python3.10/dist-packages/yolo_msgs/msg/_key_point3_d_array_s.c
[1.481s] -- Up-to-date: /home/wego/team_ws/psh030917/py_bt_ros_1/install/yolo_msgs/local/lib/python3.10/dist-packages/yolo_msgs/msg/_key_point2_d_array_s.c
[1.481s] -- Up-to-date: /home/wego/team_ws/psh030917/py_bt_ros_1/install/yolo_msgs/local/lib/python3.10/dist-packages/yolo_msgs/msg/_vector2.py
[1.481s] -- Up-to-date: /home/wego/team_ws/psh030917/py_bt_ros_1/install/yolo_msgs/local/lib/python3.10/dist-packages/yolo_msgs/msg/_point2_d_s.c
[1.481s] -- Up-to-date: /home/wego/team_ws/psh030917/py_bt_ros_1/install/yolo_msgs/local/lib/python3.10/dist-packages/yolo_msgs/msg/_bounding_box2_d_s.c
[1.481s] -- Up-to-date: /home/wego/team_ws/psh030917/py_bt_ros_1/install/yolo_msgs/local/lib/python3.10/dist-packages/yolo_msgs/msg/_pose2_d_s.c
[1.481s] -- Up-to-date: /home/wego/team_ws/psh030917/py_bt_ros_1/install/yolo_msgs/local/lib/python3.10/dist-packages/yolo_msgs/msg/_key_point3_d_s.c
[1.482s] -- Up-to-date: /home/wego/team_ws/psh030917/py_bt_ros_1/install/yolo_msgs/local/lib/python3.10/dist-packages/yolo_msgs/msg/_point2_d.py
[1.482s] -- Up-to-date: /home/wego/team_ws/psh030917/py_bt_ros_1/install/yolo_msgs/local/lib/python3.10/dist-packages/yolo_msgs/msg/_detection_s.c
[1.482s] -- Up-to-date: /home/wego/team_ws/psh030917/py_bt_ros_1/install/yolo_msgs/local/lib/python3.10/dist-packages/yolo_msgs/msg/_key_point2_d.py
[1.482s] -- Up-to-date: /home/wego/team_ws/psh030917/py_bt_ros_1/install/yolo_msgs/local/lib/python3.10/dist-packages/yolo_msgs/msg/_key_point2_d_s.c
[1.482s] -- Up-to-date: /home/wego/team_ws/psh030917/py_bt_ros_1/install/yolo_msgs/local/lib/python3.10/dist-packages/yolo_msgs/msg/_detection_array.py
[1.482s] -- Up-to-date: /home/wego/team_ws/psh030917/py_bt_ros_1/install/yolo_msgs/local/lib/python3.10/dist-packages/yolo_msgs/msg/_key_point3_d.py
[1.482s] -- Up-to-date: /home/wego/team_ws/psh030917/py_bt_ros_1/install/yolo_msgs/local/lib/python3.10/dist-packages/yolo_msgs/_yolo_msgs_s.ep.rosidl_typesupport_introspection_c.c
[1.482s] -- Up-to-date: /home/wego/team_ws/psh030917/py_bt_ros_1/install/yolo_msgs/local/lib/python3.10/dist-packages/yolo_msgs/yolo_msgs_s__rosidl_typesupport_introspection_c.cpython-310-aarch64-linux-gnu.so
[1.483s] -- Up-to-date: /home/wego/team_ws/psh030917/py_bt_ros_1/install/yolo_msgs/local/lib/python3.10/dist-packages/yolo_msgs/_yolo_msgs_s.ep.rosidl_typesupport_fastrtps_c.c
[1.483s] -- Up-to-date: /home/wego/team_ws/psh030917/py_bt_ros_1/install/yolo_msgs/local/lib/python3.10/dist-packages/yolo_msgs/srv
[1.483s] -- Up-to-date: /home/wego/team_ws/psh030917/py_bt_ros_1/install/yolo_msgs/local/lib/python3.10/dist-packages/yolo_msgs/srv/_set_classes.py
[1.483s] -- Up-to-date: /home/wego/team_ws/psh030917/py_bt_ros_1/install/yolo_msgs/local/lib/python3.10/dist-packages/yolo_msgs/srv/__init__.py
[1.483s] -- Up-to-date: /home/wego/team_ws/psh030917/py_bt_ros_1/install/yolo_msgs/local/lib/python3.10/dist-packages/yolo_msgs/srv/_set_classes_s.c
[1.483s] -- Up-to-date: /home/wego/team_ws/psh030917/py_bt_ros_1/install/yolo_msgs/local/lib/python3.10/dist-packages/yolo_msgs/yolo_msgs_s__rosidl_typesupport_fastrtps_c.cpython-310-aarch64-linux-gnu.so
[1.483s] -- Up-to-date: /home/wego/team_ws/psh030917/py_bt_ros_1/install/yolo_msgs/local/lib/python3.10/dist-packages/yolo_msgs/libyolo_msgs__rosidl_generator_py.so
[1.533s] Listing '/home/wego/team_ws/psh030917/py_bt_ros_1/install/yolo_msgs/local/lib/python3.10/dist-packages/yolo_msgs'...
[1.534s] Listing '/home/wego/team_ws/psh030917/py_bt_ros_1/install/yolo_msgs/local/lib/python3.10/dist-packages/yolo_msgs/msg'...
[1.534s] Listing '/home/wego/team_ws/psh030917/py_bt_ros_1/install/yolo_msgs/local/lib/python3.10/dist-packages/yolo_msgs/srv'...
[1.555s] -- Up-to-date: /home/wego/team_ws/psh030917/py_bt_ros_1/install/yolo_msgs/local/lib/python3.10/dist-packages/yolo_msgs/yolo_msgs_s__rosidl_typesupport_fastrtps_c.cpython-310-aarch64-linux-gnu.so
[1.555s] -- Up-to-date: /home/wego/team_ws/psh030917/py_bt_ros_1/install/yolo_msgs/local/lib/python3.10/dist-packages/yolo_msgs/yolo_msgs_s__rosidl_typesupport_introspection_c.cpython-310-aarch64-linux-gnu.so
[1.555s] -- Up-to-date: /home/wego/team_ws/psh030917/py_bt_ros_1/install/yolo_msgs/local/lib/python3.10/dist-packages/yolo_msgs/yolo_msgs_s__rosidl_typesupport_c.cpython-310-aarch64-linux-gnu.so
[1.555s] -- Up-to-date: /home/wego/team_ws/psh030917/py_bt_ros_1/install/yolo_msgs/lib/libyolo_msgs__rosidl_generator_py.so
[1.555s] -- Up-to-date: /home/wego/team_ws/psh030917/py_bt_ros_1/install/yolo_msgs/share/yolo_msgs/msg/Point2D.idl
[1.555s] -- Up-to-date: /home/wego/team_ws/psh030917/py_bt_ros_1/install/yolo_msgs/share/yolo_msgs/msg/Vector2.idl
[1.556s] -- Up-to-date: /home/wego/team_ws/psh030917/py_bt_ros_1/install/yolo_msgs/share/yolo_msgs/msg/Pose2D.idl
[1.556s] -- Up-to-date: /home/wego/team_ws/psh030917/py_bt_ros_1/install/yolo_msgs/share/yolo_msgs/msg/BoundingBox2D.idl
[1.556s] -- Up-to-date: /home/wego/team_ws/psh030917/py_bt_ros_1/install/yolo_msgs/share/yolo_msgs/msg/BoundingBox3D.idl
[1.556s] -- Up-to-date: /home/wego/team_ws/psh030917/py_bt_ros_1/install/yolo_msgs/share/yolo_msgs/msg/Mask.idl
[1.556s] -- Up-to-date: /home/wego/team_ws/psh030917/py_bt_ros_1/install/yolo_msgs/share/yolo_msgs/msg/KeyPoint2D.idl
[1.556s] -- Up-to-date: /home/wego/team_ws/psh030917/py_bt_ros_1/install/yolo_msgs/share/yolo_msgs/msg/KeyPoint2DArray.idl
[1.556s] -- Up-to-date: /home/wego/team_ws/psh030917/py_bt_ros_1/install/yolo_msgs/share/yolo_msgs/msg/KeyPoint3D.idl
[1.557s] -- Up-to-date: /home/wego/team_ws/psh030917/py_bt_ros_1/install/yolo_msgs/share/yolo_msgs/msg/KeyPoint3DArray.idl
[1.557s] -- Up-to-date: /home/wego/team_ws/psh030917/py_bt_ros_1/install/yolo_msgs/share/yolo_msgs/msg/Detection.idl
[1.557s] -- Up-to-date: /home/wego/team_ws/psh030917/py_bt_ros_1/install/yolo_msgs/share/yolo_msgs/msg/DetectionArray.idl
[1.557s] -- Up-to-date: /home/wego/team_ws/psh030917/py_bt_ros_1/install/yolo_msgs/share/yolo_msgs/srv/SetClasses.idl
[1.557s] -- Up-to-date: /home/wego/team_ws/psh030917/py_bt_ros_1/install/yolo_msgs/share/yolo_msgs/msg/Point2D.msg
[1.557s] -- Up-to-date: /home/wego/team_ws/psh030917/py_bt_ros_1/install/yolo_msgs/share/yolo_msgs/msg/Vector2.msg
[1.557s] -- Up-to-date: /home/wego/team_ws/psh030917/py_bt_ros_1/install/yolo_msgs/share/yolo_msgs/msg/Pose2D.msg
[1.557s] -- Up-to-date: /home/wego/team_ws/psh030917/py_bt_ros_1/install/yolo_msgs/share/yolo_msgs/msg/BoundingBox2D.msg
[1.558s] -- Up-to-date: /home/wego/team_ws/psh030917/py_bt_ros_1/install/yolo_msgs/share/yolo_msgs/msg/BoundingBox3D.msg
[1.558s] -- Up-to-date: /home/wego/team_ws/psh030917/py_bt_ros_1/install/yolo_msgs/share/yolo_msgs/msg/Mask.msg
[1.558s] -- Up-to-date: /home/wego/team_ws/psh030917/py_bt_ros_1/install/yolo_msgs/share/yolo_msgs/msg/KeyPoint2D.msg
[1.558s] -- Up-to-date: /home/wego/team_ws/psh030917/py_bt_ros_1/install/yolo_msgs/share/yolo_msgs/msg/KeyPoint2DArray.msg
[1.558s] -- Up-to-date: /home/wego/team_ws/psh030917/py_bt_ros_1/install/yolo_msgs/share/yolo_msgs/msg/KeyPoint3D.msg
[1.558s] -- Up-to-date: /home/wego/team_ws/psh030917/py_bt_ros_1/install/yolo_msgs/share/yolo_msgs/msg/KeyPoint3DArray.msg
[1.558s] -- Up-to-date: /home/wego/team_ws/psh030917/py_bt_ros_1/install/yolo_msgs/share/yolo_msgs/msg/Detection.msg
[1.559s] -- Up-to-date: /home/wego/team_ws/psh030917/py_bt_ros_1/install/yolo_msgs/share/yolo_msgs/msg/DetectionArray.msg
[1.559s] -- Up-to-date: /home/wego/team_ws/psh030917/py_bt_ros_1/install/yolo_msgs/share/yolo_msgs/srv/SetClasses.srv
[1.559s] -- Up-to-date: /home/wego/team_ws/psh030917/py_bt_ros_1/install/yolo_msgs/share/yolo_msgs/srv/SetClasses_Request.msg
[1.559s] -- Up-to-date: /home/wego/team_ws/psh030917/py_bt_ros_1/install/yolo_msgs/share/yolo_msgs/srv/SetClasses_Response.msg
[1.560s] -- Up-to-date: /home/wego/team_ws/psh030917/py_bt_ros_1/install/yolo_msgs/share/ament_index/resource_index/package_run_dependencies/yolo_msgs
[1.560s] -- Up-to-date: /home/wego/team_ws/psh030917/py_bt_ros_1/install/yolo_msgs/share/ament_index/resource_index/parent_prefix_path/yolo_msgs
[1.560s] -- Up-to-date: /home/wego/team_ws/psh030917/py_bt_ros_1/install/yolo_msgs/share/yolo_msgs/environment/ament_prefix_path.sh
[1.560s] -- Up-to-date: /home/wego/team_ws/psh030917/py_bt_ros_1/install/yolo_msgs/share/yolo_msgs/environment/ament_prefix_path.dsv
[1.560s] -- Up-to-date: /home/wego/team_ws/psh030917/py_bt_ros_1/install/yolo_msgs/share/yolo_msgs/environment/path.sh
[1.561s] -- Up-to-date: /home/wego/team_ws/psh030917/py_bt_ros_1/install/yolo_msgs/share/yolo_msgs/environment/path.dsv
[1.561s] -- Up-to-date: /home/wego/team_ws/psh030917/py_bt_ros_1/install/yolo_msgs/share/yolo_msgs/local_setup.bash
[1.561s] -- Up-to-date: /home/wego/team_ws/psh030917/py_bt_ros_1/install/yolo_msgs/share/yolo_msgs/local_setup.sh
[1.561s] -- Up-to-date: /home/wego/team_ws/psh030917/py_bt_ros_1/install/yolo_msgs/share/yolo_msgs/local_setup.zsh
[1.561s] -- Up-to-date: /home/wego/team_ws/psh030917/py_bt_ros_1/install/yolo_msgs/share/yolo_msgs/local_setup.dsv
[1.562s] -- Installing: /home/wego/team_ws/psh030917/py_bt_ros_1/install/yolo_msgs/share/yolo_msgs/package.dsv
[1.562s] -- Up-to-date: /home/wego/team_ws/psh030917/py_bt_ros_1/install/yolo_msgs/share/ament_index/resource_index/packages/yolo_msgs
[1.562s] -- Up-to-date: /home/wego/team_ws/psh030917/py_bt_ros_1/install/yolo_msgs/share/yolo_msgs/cmake/export_yolo_msgs__rosidl_generator_cExport.cmake
[1.562s] -- Up-to-date: /home/wego/team_ws/psh030917/py_bt_ros_1/install/yolo_msgs/share/yolo_msgs/cmake/export_yolo_msgs__rosidl_generator_cExport-noconfig.cmake
[1.563s] -- Up-to-date: /home/wego/team_ws/psh030917/py_bt_ros_1/install/yolo_msgs/share/yolo_msgs/cmake/export_yolo_msgs__rosidl_typesupport_fastrtps_cExport.cmake
[1.563s] -- Up-to-date: /home/wego/team_ws/psh030917/py_bt_ros_1/install/yolo_msgs/share/yolo_msgs/cmake/export_yolo_msgs__rosidl_typesupport_fastrtps_cExport-noconfig.cmake
[1.563s] -- Up-to-date: /home/wego/team_ws/psh030917/py_bt_ros_1/install/yolo_msgs/share/yolo_msgs/cmake/yolo_msgs__rosidl_typesupport_introspection_cExport.cmake
[1.563s] -- Up-to-date: /home/wego/team_ws/psh030917/py_bt_ros_1/install/yolo_msgs/share/yolo_msgs/cmake/yolo_msgs__rosidl_typesupport_introspection_cExport-noconfig.cmake
[1.563s] -- Up-to-date: /home/wego/team_ws/psh030917/py_bt_ros_1/install/yolo_msgs/share/yolo_msgs/cmake/yolo_msgs__rosidl_typesupport_cExport.cmake
[1.563s] -- Up-to-date: /home/wego/team_ws/psh030917/py_bt_ros_1/install/yolo_msgs/share/yolo_msgs/cmake/yolo_msgs__rosidl_typesupport_cExport-noconfig.cmake
[1.563s] -- Up-to-date: /home/wego/team_ws/psh030917/py_bt_ros_1/install/yolo_msgs/share/yolo_msgs/cmake/export_yolo_msgs__rosidl_generator_cppExport.cmake
[1.564s] -- Up-to-date: /home/wego/team_ws/psh030917/py_bt_ros_1/install/yolo_msgs/share/yolo_msgs/cmake/export_yolo_msgs__rosidl_typesupport_fastrtps_cppExport.cmake
[1.564s] -- Up-to-date: /home/wego/team_ws/psh030917/py_bt_ros_1/install/yolo_msgs/share/yolo_msgs/cmake/export_yolo_msgs__rosidl_typesupport_fastrtps_cppExport-noconfig.cmake
[1.564s] -- Up-to-date: /home/wego/team_ws/psh030917/py_bt_ros_1/install/yolo_msgs/share/yolo_msgs/cmake/yolo_msgs__rosidl_typesupport_introspection_cppExport.cmake
[1.564s] -- Up-to-date: /home/wego/team_ws/psh030917/py_bt_ros_1/install/yolo_msgs/share/yolo_msgs/cmake/yolo_msgs__rosidl_typesupport_introspection_cppExport-noconfig.cmake
[1.564s] -- Up-to-date: /home/wego/team_ws/psh030917/py_bt_ros_1/install/yolo_msgs/share/yolo_msgs/cmake/yolo_msgs__rosidl_typesupport_cppExport.cmake
[1.564s] -- Up-to-date: /home/wego/team_ws/psh030917/py_bt_ros_1/install/yolo_msgs/share/yolo_msgs/cmake/yolo_msgs__rosidl_typesupport_cppExport-noconfig.cmake
[1.564s] -- Up-to-date: /home/wego/team_ws/psh030917/py_bt_ros_1/install/yolo_msgs/share/yolo_msgs/cmake/export_yolo_msgs__rosidl_generator_pyExport.cmake
[1.564s] -- Up-to-date: /home/wego/team_ws/psh030917/py_bt_ros_1/install/yolo_msgs/share/yolo_msgs/cmake/export_yolo_msgs__rosidl_generator_pyExport-noconfig.cmake
[1.565s] -- Up-to-date: /home/wego/team_ws/psh030917/py_bt_ros_1/install/yolo_msgs/share/yolo_msgs/cmake/rosidl_cmake-extras.cmake
[1.565s] -- Up-to-date: /home/wego/team_ws/psh030917/py_bt_ros_1/install/yolo_msgs/share/yolo_msgs/cmake/ament_cmake_export_dependencies-extras.cmake
[1.565s] -- Up-to-date: /home/wego/team_ws/psh030917/py_bt_ros_1/install/yolo_msgs/share/yolo_msgs/cmake/ament_cmake_export_include_directories-extras.cmake
[1.565s] -- Up-to-date: /home/wego/team_ws/psh030917/py_bt_ros_1/install/yolo_msgs/share/yolo_msgs/cmake/ament_cmake_export_libraries-extras.cmake
[1.565s] -- Up-to-date: /home/wego/team_ws/psh030917/py_bt_ros_1/install/yolo_msgs/share/yolo_msgs/cmake/ament_cmake_export_targets-extras.cmake
[1.565s] -- Up-to-date: /home/wego/team_ws/psh030917/py_bt_ros_1/install/yolo_msgs/share/yolo_msgs/cmake/rosidl_cmake_export_typesupport_targets-extras.cmake
[1.565s] -- Up-to-date: /home/wego/team_ws/psh030917/py_bt_ros_1/install/yolo_msgs/share/yolo_msgs/cmake/rosidl_cmake_export_typesupport_libraries-extras.cmake
[1.566s] -- Up-to-date: /home/wego/team_ws/psh030917/py_bt_ros_1/install/yolo_msgs/share/yolo_msgs/cmake/yolo_msgsConfig.cmake
[1.566s] -- Up-to-date: /home/wego/team_ws/psh030917/py_bt_ros_1/install/yolo_msgs/share/yolo_msgs/cmake/yolo_msgsConfig-version.cmake
[1.566s] -- Up-to-date: /home/wego/team_ws/psh030917/py_bt_ros_1/install/yolo_msgs/share/yolo_msgs/package.xml
[1.652s] Invoked command in '/home/wego/team_ws/psh030917/py_bt_ros_1/build/yolo_msgs' returned '0': CMAKE_PREFIX_PATH=${CMAKE_PREFIX_PATH}:/home/wego/team_ws/MinGeun-SMG/limo_fire_py-main/install/limo_fire_py:/home/wego/team_ws/psh030917/py_bt_ros_1/install/yolo_ros:/home/wego/team_ws/psh030917/py_bt_ros_1/install/telegram_ros2:/home/wego/team_ws/psh030917/py_bt_ros_1/install/limo_fire_py:/opt/ros/humble /usr/bin/cmake --install /home/wego/team_ws/psh030917/py_bt_ros_1/build/yolo_msgs
