[0.046s] Invoking command in '/home/wego/team_ws/psh030917/py_bt_ros_1/build/instant_messaging_interfaces': CMAKE_PREFIX_PATH=${CMAKE_PREFIX_PATH}:/home/wego/team_ws/MinGeun-SMG/limo_fire_py-main/install/limo_fire_py:/home/wego/team_ws/psh030917/py_bt_ros_1/install/yolo_ros:/home/wego/team_ws/psh030917/py_bt_ros_1/install/telegram_ros2:/home/wego/team_ws/psh030917/py_bt_ros_1/install/limo_fire_py:/opt/ros/humble /usr/bin/cmake --build /home/wego/team_ws/psh030917/py_bt_ros_1/build/instant_messaging_interfaces -- -j6 -l6
[0.742s] [  3%] Built target instant_messaging_interfaces__cpp
[0.743s] [ 12%] Built target instant_messaging_interfaces__rosidl_generator_c
[0.743s] [ 12%] Built target ament_cmake_python_copy_instant_messaging_interfaces
[0.743s] [ 22%] Built target instant_messaging_interfaces__rosidl_typesupport_introspection_c
[0.743s] [ 32%] Built target instant_messaging_interfaces__rosidl_typesupport_introspection_cpp
[0.743s] [ 41%] Built target instant_messaging_interfaces__rosidl_typesupport_cpp
[0.743s] [ 51%] Built target instant_messaging_interfaces__rosidl_typesupport_fastrtps_cpp
[0.743s] [ 61%] Built target instant_messaging_interfaces__rosidl_typesupport_c
[0.744s] [ 70%] Built target instant_messaging_interfaces__rosidl_typesupport_fastrtps_c
[0.744s] [ 70%] Built target instant_messaging_interfaces
[0.744s] [ 74%] Built target instant_messaging_interfaces__py
[0.744s] [ 80%] Built target instant_messaging_interfaces__rosidl_generator_py
[0.744s] [ 87%] Built target instant_messaging_interfaces__rosidl_typesupport_introspection_c__pyext
[0.744s] [ 93%] Built target instant_messaging_interfaces__rosidl_typesupport_c__pyext
[0.744s] [100%] Built target instant_messaging_interfaces__rosidl_typesupport_fastrtps_c__pyext
[0.853s] running egg_info
[0.855s] writing instant_messaging_interfaces.egg-info/PKG-INFO
[0.855s] writing dependency_links to instant_messaging_interfaces.egg-info/dependency_links.txt
[0.856s] writing top-level names to instant_messaging_interfaces.egg-info/top_level.txt
[0.864s] reading manifest file 'instant_messaging_interfaces.egg-info/SOURCES.txt'
[0.865s] writing manifest file 'instant_messaging_interfaces.egg-info/SOURCES.txt'
[0.946s] [100%] Built target ament_cmake_python_build_instant_messaging_interfaces_egg
[1.352s] Invoked command in '/home/wego/team_ws/psh030917/py_bt_ros_1/build/instant_messaging_interfaces' returned '0': CMAKE_PREFIX_PATH=${CMAKE_PREFIX_PATH}:/home/wego/team_ws/MinGeun-SMG/limo_fire_py-main/install/limo_fire_py:/home/wego/team_ws/psh030917/py_bt_ros_1/install/yolo_ros:/home/wego/team_ws/psh030917/py_bt_ros_1/install/telegram_ros2:/home/wego/team_ws/psh030917/py_bt_ros_1/install/limo_fire_py:/opt/ros/humble /usr/bin/cmake --build /home/wego/team_ws/psh030917/py_bt_ros_1/build/instant_messaging_interfaces -- -j6 -l6
[1.373s] Invoking command in '/home/wego/team_ws/psh030917/py_bt_ros_1/build/instant_messaging_interfaces': CMAKE_PREFIX_PATH=${CMAKE_PREFIX_PATH}:/home/wego/team_ws/MinGeun-SMG/limo_fire_py-main/install/limo_fire_py:/home/wego/team_ws/psh030917/py_bt_ros_1/install/yolo_ros:/home/wego/team_ws/psh030917/py_bt_ros_1/install/telegram_ros2:/home/wego/team_ws/psh030917/py_bt_ros_1/install/limo_fire_py:/opt/ros/humble /usr/bin/cmake --install /home/wego/team_ws/psh030917/py_bt_ros_1/build/instant_messaging_interfaces
[1.393s] -- Install configuration: ""
[1.394s] -- Up-to-date: /home/wego/team_ws/psh030917/py_bt_ros_1/install/instant_messaging_interfaces/share/ament_index/resource_index/rosidl_interfaces/instant_messaging_interfaces
[1.394s] -- Up-to-date: /home/wego/team_ws/psh030917/py_bt_ros_1/install/instant_messaging_interfaces/include/instant_messaging_interfaces/instant_messaging_interfaces
[1.394s] -- Up-to-date: /home/wego/team_ws/psh030917/py_bt_ros_1/install/instant_messaging_interfaces/include/instant_messaging_interfaces/instant_messaging_interfaces/msg
[1.394s] -- Up-to-date: /home/wego/team_ws/psh030917/py_bt_ros_1/install/instant_messaging_interfaces/include/instant_messaging_interfaces/instant_messaging_interfaces/msg/rosidl_generator_c__visibility_control.h
[1.398s] -- Up-to-date: /home/wego/team_ws/psh030917/py_bt_ros_1/install/instant_messaging_interfaces/include/instant_messaging_interfaces/instant_messaging_interfaces/msg/detail
[1.398s] -- Up-to-date: /home/wego/team_ws/psh030917/py_bt_ros_1/install/instant_messaging_interfaces/include/instant_messaging_interfaces/instant_messaging_interfaces/msg/detail/options__functions.c
[1.400s] -- Up-to-date: /home/wego/team_ws/psh030917/py_bt_ros_1/install/instant_messaging_interfaces/include/instant_messaging_interfaces/instant_messaging_interfaces/msg/detail/options__functions.h
[1.408s] -- Up-to-date: /home/wego/team_ws/psh030917/py_bt_ros_1/install/instant_messaging_interfaces/include/instant_messaging_interfaces/instant_messaging_interfaces/msg/detail/options__type_support.h
[1.408s] -- Up-to-date: /home/wego/team_ws/psh030917/py_bt_ros_1/install/instant_messaging_interfaces/include/instant_messaging_interfaces/instant_messaging_interfaces/msg/detail/options__struct.h
[1.409s] -- Up-to-date: /home/wego/team_ws/psh030917/py_bt_ros_1/install/instant_messaging_interfaces/include/instant_messaging_interfaces/instant_messaging_interfaces/msg/options.h
[1.409s] -- Up-to-date: /home/wego/team_ws/psh030917/py_bt_ros_1/install/instant_messaging_interfaces/share/instant_messaging_interfaces/environment/library_path.sh
[1.409s] -- Up-to-date: /home/wego/team_ws/psh030917/py_bt_ros_1/install/instant_messaging_interfaces/share/instant_messaging_interfaces/environment/library_path.dsv
[1.409s] -- Up-to-date: /home/wego/team_ws/psh030917/py_bt_ros_1/install/instant_messaging_interfaces/lib/libinstant_messaging_interfaces__rosidl_generator_c.so
[1.409s] -- Up-to-date: /home/wego/team_ws/psh030917/py_bt_ros_1/install/instant_messaging_interfaces/include/instant_messaging_interfaces/instant_messaging_interfaces
[1.409s] -- Up-to-date: /home/wego/team_ws/psh030917/py_bt_ros_1/install/instant_messaging_interfaces/include/instant_messaging_interfaces/instant_messaging_interfaces/msg
[1.409s] -- Up-to-date: /home/wego/team_ws/psh030917/py_bt_ros_1/install/instant_messaging_interfaces/include/instant_messaging_interfaces/instant_messaging_interfaces/msg/detail
[1.410s] -- Up-to-date: /home/wego/team_ws/psh030917/py_bt_ros_1/install/instant_messaging_interfaces/include/instant_messaging_interfaces/instant_messaging_interfaces/msg/detail/options__rosidl_typesupport_fastrtps_c.h
[1.410s] -- Up-to-date: /home/wego/team_ws/psh030917/py_bt_ros_1/install/instant_messaging_interfaces/include/instant_messaging_interfaces/instant_messaging_interfaces/msg/rosidl_typesupport_fastrtps_c__visibility_control.h
[1.410s] -- Up-to-date: /home/wego/team_ws/psh030917/py_bt_ros_1/install/instant_messaging_interfaces/lib/libinstant_messaging_interfaces__rosidl_typesupport_fastrtps_c.so
[1.410s] -- Up-to-date: /home/wego/team_ws/psh030917/py_bt_ros_1/install/instant_messaging_interfaces/include/instant_messaging_interfaces/instant_messaging_interfaces
[1.410s] -- Up-to-date: /home/wego/team_ws/psh030917/py_bt_ros_1/install/instant_messaging_interfaces/include/instant_messaging_interfaces/instant_messaging_interfaces/msg
[1.410s] -- Up-to-date: /home/wego/team_ws/psh030917/py_bt_ros_1/install/instant_messaging_interfaces/include/instant_messaging_interfaces/instant_messaging_interfaces/msg/rosidl_typesupport_introspection_c__visibility_control.h
[1.410s] -- Up-to-date: /home/wego/team_ws/psh030917/py_bt_ros_1/install/instant_messaging_interfaces/include/instant_messaging_interfaces/instant_messaging_interfaces/msg/detail
[1.410s] -- Up-to-date: /home/wego/team_ws/psh030917/py_bt_ros_1/install/instant_messaging_interfaces/include/instant_messaging_interfaces/instant_messaging_interfaces/msg/detail/options__rosidl_typesupport_introspection_c.h
[1.411s] -- Up-to-date: /home/wego/team_ws/psh030917/py_bt_ros_1/install/instant_messaging_interfaces/include/instant_messaging_interfaces/instant_messaging_interfaces/msg/detail/options__type_support.c
[1.411s] -- Up-to-date: /home/wego/team_ws/psh030917/py_bt_ros_1/install/instant_messaging_interfaces/lib/libinstant_messaging_interfaces__rosidl_typesupport_introspection_c.so
[1.411s] -- Up-to-date: /home/wego/team_ws/psh030917/py_bt_ros_1/install/instant_messaging_interfaces/lib/libinstant_messaging_interfaces__rosidl_typesupport_c.so
[1.416s] -- Up-to-date: /home/wego/team_ws/psh030917/py_bt_ros_1/install/instant_messaging_interfaces/include/instant_messaging_interfaces/instant_messaging_interfaces
[1.416s] -- Up-to-date: /home/wego/team_ws/psh030917/py_bt_ros_1/install/instant_messaging_interfaces/include/instant_messaging_interfaces/instant_messaging_interfaces/msg
[1.416s] -- Up-to-date: /home/wego/team_ws/psh030917/py_bt_ros_1/install/instant_messaging_interfaces/include/instant_messaging_interfaces/instant_messaging_interfaces/msg/rosidl_generator_cpp__visibility_control.hpp
[1.417s] -- Up-to-date: /home/wego/team_ws/psh030917/py_bt_ros_1/install/instant_messaging_interfaces/include/instant_messaging_interfaces/instant_messaging_interfaces/msg/options.hpp
[1.417s] -- Up-to-date: /home/wego/team_ws/psh030917/py_bt_ros_1/install/instant_messaging_interfaces/include/instant_messaging_interfaces/instant_messaging_interfaces/msg/detail
[1.418s] -- Up-to-date: /home/wego/team_ws/psh030917/py_bt_ros_1/install/instant_messaging_interfaces/include/instant_messaging_interfaces/instant_messaging_interfaces/msg/detail/options__type_support.hpp
[1.418s] -- Up-to-date: /home/wego/team_ws/psh030917/py_bt_ros_1/install/instant_messaging_interfaces/include/instant_messaging_interfaces/instant_messaging_interfaces/msg/detail/options__traits.hpp
[1.418s] -- Up-to-date: /home/wego/team_ws/psh030917/py_bt_ros_1/install/instant_messaging_interfaces/include/instant_messaging_interfaces/instant_messaging_interfaces/msg/detail/options__struct.hpp
[1.419s] -- Up-to-date: /home/wego/team_ws/psh030917/py_bt_ros_1/install/instant_messaging_interfaces/include/instant_messaging_interfaces/instant_messaging_interfaces/msg/detail/options__builder.hpp
[1.419s] -- Up-to-date: /home/wego/team_ws/psh030917/py_bt_ros_1/install/instant_messaging_interfaces/include/instant_messaging_interfaces/instant_messaging_interfaces
[1.419s] -- Up-to-date: /home/wego/team_ws/psh030917/py_bt_ros_1/install/instant_messaging_interfaces/include/instant_messaging_interfaces/instant_messaging_interfaces/msg
[1.419s] -- Up-to-date: /home/wego/team_ws/psh030917/py_bt_ros_1/install/instant_messaging_interfaces/include/instant_messaging_interfaces/instant_messaging_interfaces/msg/rosidl_typesupport_fastrtps_cpp__visibility_control.h
[1.419s] -- Up-to-date: /home/wego/team_ws/psh030917/py_bt_ros_1/install/instant_messaging_interfaces/include/instant_messaging_interfaces/instant_messaging_interfaces/msg/detail
[1.425s] -- Up-to-date: /home/wego/team_ws/psh030917/py_bt_ros_1/install/instant_messaging_interfaces/include/instant_messaging_interfaces/instant_messaging_interfaces/msg/detail/options__rosidl_typesupport_fastrtps_cpp.hpp
[1.425s] -- Up-to-date: /home/wego/team_ws/psh030917/py_bt_ros_1/install/instant_messaging_interfaces/include/instant_messaging_interfaces/instant_messaging_interfaces/msg/detail/dds_fastrtps
[1.425s] -- Up-to-date: /home/wego/team_ws/psh030917/py_bt_ros_1/install/instant_messaging_interfaces/lib/libinstant_messaging_interfaces__rosidl_typesupport_fastrtps_cpp.so
[1.425s] -- Up-to-date: /home/wego/team_ws/psh030917/py_bt_ros_1/install/instant_messaging_interfaces/include/instant_messaging_interfaces/instant_messaging_interfaces
[1.426s] -- Up-to-date: /home/wego/team_ws/psh030917/py_bt_ros_1/install/instant_messaging_interfaces/include/instant_messaging_interfaces/instant_messaging_interfaces/msg
[1.426s] -- Up-to-date: /home/wego/team_ws/psh030917/py_bt_ros_1/install/instant_messaging_interfaces/include/instant_messaging_interfaces/instant_messaging_interfaces/msg/detail
[1.426s] -- Up-to-date: /home/wego/team_ws/psh030917/py_bt_ros_1/install/instant_messaging_interfaces/include/instant_messaging_interfaces/instant_messaging_interfaces/msg/detail/options__type_support.cpp
[1.426s] -- Up-to-date: /home/wego/team_ws/psh030917/py_bt_ros_1/install/instant_messaging_interfaces/include/instant_messaging_interfaces/instant_messaging_interfaces/msg/detail/options__rosidl_typesupport_introspection_cpp.hpp
[1.426s] -- Up-to-date: /home/wego/team_ws/psh030917/py_bt_ros_1/install/instant_messaging_interfaces/lib/libinstant_messaging_interfaces__rosidl_typesupport_introspection_cpp.so
[1.426s] -- Up-to-date: /home/wego/team_ws/psh030917/py_bt_ros_1/install/instant_messaging_interfaces/lib/libinstant_messaging_interfaces__rosidl_typesupport_cpp.so
[1.427s] -- Up-to-date: /home/wego/team_ws/psh030917/py_bt_ros_1/install/instant_messaging_interfaces/share/instant_messaging_interfaces/environment/pythonpath.sh
[1.427s] -- Up-to-date: /home/wego/team_ws/psh030917/py_bt_ros_1/install/instant_messaging_interfaces/share/instant_messaging_interfaces/environment/pythonpath.dsv
[1.427s] -- Up-to-date: /home/wego/team_ws/psh030917/py_bt_ros_1/install/instant_messaging_interfaces/local/lib/python3.10/dist-packages/instant_messaging_interfaces-0.0.0-py3.10.egg-info
[1.427s] -- Installing: /home/wego/team_ws/psh030917/py_bt_ros_1/install/instant_messaging_interfaces/local/lib/python3.10/dist-packages/instant_messaging_interfaces-0.0.0-py3.10.egg-info/SOURCES.txt
[1.427s] -- Installing: /home/wego/team_ws/psh030917/py_bt_ros_1/install/instant_messaging_interfaces/local/lib/python3.10/dist-packages/instant_messaging_interfaces-0.0.0-py3.10.egg-info/PKG-INFO
[1.428s] -- Installing: /home/wego/team_ws/psh030917/py_bt_ros_1/install/instant_messaging_interfaces/local/lib/python3.10/dist-packages/instant_messaging_interfaces-0.0.0-py3.10.egg-info/top_level.txt
[1.428s] -- Installing: /home/wego/team_ws/psh030917/py_bt_ros_1/install/instant_messaging_interfaces/local/lib/python3.10/dist-packages/instant_messaging_interfaces-0.0.0-py3.10.egg-info/dependency_links.txt
[1.428s] -- Up-to-date: /home/wego/team_ws/psh030917/py_bt_ros_1/install/instant_messaging_interfaces/local/lib/python3.10/dist-packages/instant_messaging_interfaces
[1.428s] -- Up-to-date: /home/wego/team_ws/psh030917/py_bt_ros_1/install/instant_messaging_interfaces/local/lib/python3.10/dist-packages/instant_messaging_interfaces/instant_messaging_interfaces_s__rosidl_typesupport_introspection_c.cpython-310-aarch64-linux-gnu.so
[1.428s] -- Up-to-date: /home/wego/team_ws/psh030917/py_bt_ros_1/install/instant_messaging_interfaces/local/lib/python3.10/dist-packages/instant_messaging_interfaces/__init__.py
[1.428s] -- Up-to-date: /home/wego/team_ws/psh030917/py_bt_ros_1/install/instant_messaging_interfaces/local/lib/python3.10/dist-packages/instant_messaging_interfaces/msg
[1.428s] -- Up-to-date: /home/wego/team_ws/psh030917/py_bt_ros_1/install/instant_messaging_interfaces/local/lib/python3.10/dist-packages/instant_messaging_interfaces/msg/_options.py
[1.428s] -- Up-to-date: /home/wego/team_ws/psh030917/py_bt_ros_1/install/instant_messaging_interfaces/local/lib/python3.10/dist-packages/instant_messaging_interfaces/msg/__init__.py
[1.429s] -- Up-to-date: /home/wego/team_ws/psh030917/py_bt_ros_1/install/instant_messaging_interfaces/local/lib/python3.10/dist-packages/instant_messaging_interfaces/msg/_options_s.c
[1.429s] -- Up-to-date: /home/wego/team_ws/psh030917/py_bt_ros_1/install/instant_messaging_interfaces/local/lib/python3.10/dist-packages/instant_messaging_interfaces/_instant_messaging_interfaces_s.ep.rosidl_typesupport_fastrtps_c.c
[1.429s] -- Up-to-date: /home/wego/team_ws/psh030917/py_bt_ros_1/install/instant_messaging_interfaces/local/lib/python3.10/dist-packages/instant_messaging_interfaces/libinstant_messaging_interfaces__rosidl_generator_py.so
[1.434s] -- Up-to-date: /home/wego/team_ws/psh030917/py_bt_ros_1/install/instant_messaging_interfaces/local/lib/python3.10/dist-packages/instant_messaging_interfaces/instant_messaging_interfaces_s__rosidl_typesupport_c.cpython-310-aarch64-linux-gnu.so
[1.435s] -- Up-to-date: /home/wego/team_ws/psh030917/py_bt_ros_1/install/instant_messaging_interfaces/local/lib/python3.10/dist-packages/instant_messaging_interfaces/_instant_messaging_interfaces_s.ep.rosidl_typesupport_introspection_c.c
[1.435s] -- Up-to-date: /home/wego/team_ws/psh030917/py_bt_ros_1/install/instant_messaging_interfaces/local/lib/python3.10/dist-packages/instant_messaging_interfaces/_instant_messaging_interfaces_s.ep.rosidl_typesupport_c.c
[1.435s] -- Up-to-date: /home/wego/team_ws/psh030917/py_bt_ros_1/install/instant_messaging_interfaces/local/lib/python3.10/dist-packages/instant_messaging_interfaces/instant_messaging_interfaces_s__rosidl_typesupport_fastrtps_c.cpython-310-aarch64-linux-gnu.so
[1.540s] Listing '/home/wego/team_ws/psh030917/py_bt_ros_1/install/instant_messaging_interfaces/local/lib/python3.10/dist-packages/instant_messaging_interfaces'...
[1.540s] Listing '/home/wego/team_ws/psh030917/py_bt_ros_1/install/instant_messaging_interfaces/local/lib/python3.10/dist-packages/instant_messaging_interfaces/msg'...
[1.563s] -- Up-to-date: /home/wego/team_ws/psh030917/py_bt_ros_1/install/instant_messaging_interfaces/local/lib/python3.10/dist-packages/instant_messaging_interfaces/instant_messaging_interfaces_s__rosidl_typesupport_fastrtps_c.cpython-310-aarch64-linux-gnu.so
[1.564s] -- Up-to-date: /home/wego/team_ws/psh030917/py_bt_ros_1/install/instant_messaging_interfaces/local/lib/python3.10/dist-packages/instant_messaging_interfaces/instant_messaging_interfaces_s__rosidl_typesupport_introspection_c.cpython-310-aarch64-linux-gnu.so
[1.564s] -- Up-to-date: /home/wego/team_ws/psh030917/py_bt_ros_1/install/instant_messaging_interfaces/local/lib/python3.10/dist-packages/instant_messaging_interfaces/instant_messaging_interfaces_s__rosidl_typesupport_c.cpython-310-aarch64-linux-gnu.so
[1.564s] -- Up-to-date: /home/wego/team_ws/psh030917/py_bt_ros_1/install/instant_messaging_interfaces/lib/libinstant_messaging_interfaces__rosidl_generator_py.so
[1.565s] -- Up-to-date: /home/wego/team_ws/psh030917/py_bt_ros_1/install/instant_messaging_interfaces/share/instant_messaging_interfaces/msg/Options.idl
[1.565s] -- Up-to-date: /home/wego/team_ws/psh030917/py_bt_ros_1/install/instant_messaging_interfaces/share/instant_messaging_interfaces/msg/Options.msg
[1.565s] -- Up-to-date: /home/wego/team_ws/psh030917/py_bt_ros_1/install/instant_messaging_interfaces/share/ament_index/resource_index/package_run_dependencies/instant_messaging_interfaces
[1.565s] -- Up-to-date: /home/wego/team_ws/psh030917/py_bt_ros_1/install/instant_messaging_interfaces/share/ament_index/resource_index/parent_prefix_path/instant_messaging_interfaces
[1.565s] -- Up-to-date: /home/wego/team_ws/psh030917/py_bt_ros_1/install/instant_messaging_interfaces/share/instant_messaging_interfaces/environment/ament_prefix_path.sh
[1.566s] -- Up-to-date: /home/wego/team_ws/psh030917/py_bt_ros_1/install/instant_messaging_interfaces/share/instant_messaging_interfaces/environment/ament_prefix_path.dsv
[1.566s] -- Up-to-date: /home/wego/team_ws/psh030917/py_bt_ros_1/install/instant_messaging_interfaces/share/instant_messaging_interfaces/environment/path.sh
[1.566s] -- Up-to-date: /home/wego/team_ws/psh030917/py_bt_ros_1/install/instant_messaging_interfaces/share/instant_messaging_interfaces/environment/path.dsv
[1.566s] -- Up-to-date: /home/wego/team_ws/psh030917/py_bt_ros_1/install/instant_messaging_interfaces/share/instant_messaging_interfaces/local_setup.bash
[1.567s] -- Up-to-date: /home/wego/team_ws/psh030917/py_bt_ros_1/install/instant_messaging_interfaces/share/instant_messaging_interfaces/local_setup.sh
[1.567s] -- Up-to-date: /home/wego/team_ws/psh030917/py_bt_ros_1/install/instant_messaging_interfaces/share/instant_messaging_interfaces/local_setup.zsh
[1.567s] -- Up-to-date: /home/wego/team_ws/psh030917/py_bt_ros_1/install/instant_messaging_interfaces/share/instant_messaging_interfaces/local_setup.dsv
[1.567s] -- Installing: /home/wego/team_ws/psh030917/py_bt_ros_1/install/instant_messaging_interfaces/share/instant_messaging_interfaces/package.dsv
[1.568s] -- Up-to-date: /home/wego/team_ws/psh030917/py_bt_ros_1/install/instant_messaging_interfaces/share/ament_index/resource_index/packages/instant_messaging_interfaces
[1.568s] -- Up-to-date: /home/wego/team_ws/psh030917/py_bt_ros_1/install/instant_messaging_interfaces/share/instant_messaging_interfaces/cmake/export_instant_messaging_interfaces__rosidl_generator_cExport.cmake
[1.568s] -- Up-to-date: /home/wego/team_ws/psh030917/py_bt_ros_1/install/instant_messaging_interfaces/share/instant_messaging_interfaces/cmake/export_instant_messaging_interfaces__rosidl_generator_cExport-noconfig.cmake
[1.568s] -- Up-to-date: /home/wego/team_ws/psh030917/py_bt_ros_1/install/instant_messaging_interfaces/share/instant_messaging_interfaces/cmake/export_instant_messaging_interfaces__rosidl_typesupport_fastrtps_cExport.cmake
[1.568s] -- Up-to-date: /home/wego/team_ws/psh030917/py_bt_ros_1/install/instant_messaging_interfaces/share/instant_messaging_interfaces/cmake/export_instant_messaging_interfaces__rosidl_typesupport_fastrtps_cExport-noconfig.cmake
[1.568s] -- Up-to-date: /home/wego/team_ws/psh030917/py_bt_ros_1/install/instant_messaging_interfaces/share/instant_messaging_interfaces/cmake/instant_messaging_interfaces__rosidl_typesupport_introspection_cExport.cmake
[1.568s] -- Up-to-date: /home/wego/team_ws/psh030917/py_bt_ros_1/install/instant_messaging_interfaces/share/instant_messaging_interfaces/cmake/instant_messaging_interfaces__rosidl_typesupport_introspection_cExport-noconfig.cmake
[1.569s] -- Up-to-date: /home/wego/team_ws/psh030917/py_bt_ros_1/install/instant_messaging_interfaces/share/instant_messaging_interfaces/cmake/instant_messaging_interfaces__rosidl_typesupport_cExport.cmake
[1.569s] -- Up-to-date: /home/wego/team_ws/psh030917/py_bt_ros_1/install/instant_messaging_interfaces/share/instant_messaging_interfaces/cmake/instant_messaging_interfaces__rosidl_typesupport_cExport-noconfig.cmake
[1.569s] -- Up-to-date: /home/wego/team_ws/psh030917/py_bt_ros_1/install/instant_messaging_interfaces/share/instant_messaging_interfaces/cmake/export_instant_messaging_interfaces__rosidl_generator_cppExport.cmake
[1.569s] -- Up-to-date: /home/wego/team_ws/psh030917/py_bt_ros_1/install/instant_messaging_interfaces/share/instant_messaging_interfaces/cmake/export_instant_messaging_interfaces__rosidl_typesupport_fastrtps_cppExport.cmake
[1.569s] -- Up-to-date: /home/wego/team_ws/psh030917/py_bt_ros_1/install/instant_messaging_interfaces/share/instant_messaging_interfaces/cmake/export_instant_messaging_interfaces__rosidl_typesupport_fastrtps_cppExport-noconfig.cmake
[1.569s] -- Up-to-date: /home/wego/team_ws/psh030917/py_bt_ros_1/install/instant_messaging_interfaces/share/instant_messaging_interfaces/cmake/instant_messaging_interfaces__rosidl_typesupport_introspection_cppExport.cmake
[1.569s] -- Up-to-date: /home/wego/team_ws/psh030917/py_bt_ros_1/install/instant_messaging_interfaces/share/instant_messaging_interfaces/cmake/instant_messaging_interfaces__rosidl_typesupport_introspection_cppExport-noconfig.cmake
[1.569s] -- Up-to-date: /home/wego/team_ws/psh030917/py_bt_ros_1/install/instant_messaging_interfaces/share/instant_messaging_interfaces/cmake/instant_messaging_interfaces__rosidl_typesupport_cppExport.cmake
[1.570s] -- Up-to-date: /home/wego/team_ws/psh030917/py_bt_ros_1/install/instant_messaging_interfaces/share/instant_messaging_interfaces/cmake/instant_messaging_interfaces__rosidl_typesupport_cppExport-noconfig.cmake
[1.570s] -- Up-to-date: /home/wego/team_ws/psh030917/py_bt_ros_1/install/instant_messaging_interfaces/share/instant_messaging_interfaces/cmake/export_instant_messaging_interfaces__rosidl_generator_pyExport.cmake
[1.570s] -- Up-to-date: /home/wego/team_ws/psh030917/py_bt_ros_1/install/instant_messaging_interfaces/share/instant_messaging_interfaces/cmake/export_instant_messaging_interfaces__rosidl_generator_pyExport-noconfig.cmake
[1.570s] -- Up-to-date: /home/wego/team_ws/psh030917/py_bt_ros_1/install/instant_messaging_interfaces/share/instant_messaging_interfaces/cmake/rosidl_cmake-extras.cmake
[1.570s] -- Up-to-date: /home/wego/team_ws/psh030917/py_bt_ros_1/install/instant_messaging_interfaces/share/instant_messaging_interfaces/cmake/ament_cmake_export_include_directories-extras.cmake
[1.570s] -- Up-to-date: /home/wego/team_ws/psh030917/py_bt_ros_1/install/instant_messaging_interfaces/share/instant_messaging_interfaces/cmake/ament_cmake_export_libraries-extras.cmake
[1.571s] -- Up-to-date: /home/wego/team_ws/psh030917/py_bt_ros_1/install/instant_messaging_interfaces/share/instant_messaging_interfaces/cmake/ament_cmake_export_targets-extras.cmake
[1.572s] -- Up-to-date: /home/wego/team_ws/psh030917/py_bt_ros_1/install/instant_messaging_interfaces/share/instant_messaging_interfaces/cmake/rosidl_cmake_export_typesupport_targets-extras.cmake
[1.573s] -- Up-to-date: /home/wego/team_ws/psh030917/py_bt_ros_1/install/instant_messaging_interfaces/share/instant_messaging_interfaces/cmake/ament_cmake_export_dependencies-extras.cmake
[1.584s] -- Up-to-date: /home/wego/team_ws/psh030917/py_bt_ros_1/install/instant_messaging_interfaces/share/instant_messaging_interfaces/cmake/rosidl_cmake_export_typesupport_libraries-extras.cmake
[1.584s] -- Up-to-date: /home/wego/team_ws/psh030917/py_bt_ros_1/install/instant_messaging_interfaces/share/instant_messaging_interfaces/cmake/instant_messaging_interfacesConfig.cmake
[1.584s] -- Up-to-date: /home/wego/team_ws/psh030917/py_bt_ros_1/install/instant_messaging_interfaces/share/instant_messaging_interfaces/cmake/instant_messaging_interfacesConfig-version.cmake
[1.584s] -- Up-to-date: /home/wego/team_ws/psh030917/py_bt_ros_1/install/instant_messaging_interfaces/share/instant_messaging_interfaces/package.xml
[1.584s] Invoked command in '/home/wego/team_ws/psh030917/py_bt_ros_1/build/instant_messaging_interfaces' returned '0': CMAKE_PREFIX_PATH=${CMAKE_PREFIX_PATH}:/home/wego/team_ws/MinGeun-SMG/limo_fire_py-main/install/limo_fire_py:/home/wego/team_ws/psh030917/py_bt_ros_1/install/yolo_ros:/home/wego/team_ws/psh030917/py_bt_ros_1/install/telegram_ros2:/home/wego/team_ws/psh030917/py_bt_ros_1/install/limo_fire_py:/opt/ros/humble /usr/bin/cmake --install /home/wego/team_ws/psh030917/py_bt_ros_1/build/instant_messaging_interfaces
