[1.534s] Invoking command in '/home/wego/team_ws/han1371/limo_patrol': PYTHONPATH=/home/wego/team_ws/han1371/limo_patrol/build/limo_patrol/prefix_override:/usr/lib/python3/dist-packages/colcon_core/task/python/colcon_distutils_commands:/home/wego/team_ws/han1371/limo_patrol/install/limo_patrol/lib/python3.10/site-packages:${PYTHONPATH} /usr/bin/python3 -W ignore:setup.py install is deprecated -W ignore:easy_install command is deprecated setup.py egg_info --egg-base build/limo_patrol build --build-base /home/wego/team_ws/han1371/limo_patrol/build/limo_patrol/build install --record /home/wego/team_ws/han1371/limo_patrol/build/limo_patrol/install.log --single-version-externally-managed install_data
[2.111s] running egg_info
[2.112s] writing build/limo_patrol/limo_patrol.egg-info/PKG-INFO
[2.113s] writing dependency_links to build/limo_patrol/limo_patrol.egg-info/dependency_links.txt
[2.113s] writing entry points to build/limo_patrol/limo_patrol.egg-info/entry_points.txt
[2.114s] writing requirements to build/limo_patrol/limo_patrol.egg-info/requires.txt
[2.114s] writing top-level names to build/limo_patrol/limo_patrol.egg-info/top_level.txt
[2.118s] reading manifest file 'build/limo_patrol/limo_patrol.egg-info/SOURCES.txt'
[2.121s] writing manifest file 'build/limo_patrol/limo_patrol.egg-info/SOURCES.txt'
[2.121s] running build
[2.121s] running build_py
[2.121s] copying limo_patrol/object_perception_node.py -> /home/wego/team_ws/han1371/limo_patrol/build/limo_patrol/build/lib/limo_patrol
[2.122s] running install
[2.123s] running install_lib
[2.125s] copying /home/wego/team_ws/han1371/limo_patrol/build/limo_patrol/build/lib/limo_patrol/object_perception_node.py -> /home/wego/team_ws/han1371/limo_patrol/install/limo_patrol/lib/python3.10/site-packages/limo_patrol
[2.126s] byte-compiling /home/wego/team_ws/han1371/limo_patrol/install/limo_patrol/lib/python3.10/site-packages/limo_patrol/object_perception_node.py to object_perception_node.cpython-310.pyc
[2.129s] running install_data
[2.129s] running install_egg_info
[2.135s] removing '/home/wego/team_ws/han1371/limo_patrol/install/limo_patrol/lib/python3.10/site-packages/limo_patrol-0.0.1-py3.10.egg-info' (and everything under it)
[2.135s] Copying build/limo_patrol/limo_patrol.egg-info to /home/wego/team_ws/han1371/limo_patrol/install/limo_patrol/lib/python3.10/site-packages/limo_patrol-0.0.1-py3.10.egg-info
[2.138s] running install_scripts
[2.183s] Installing flame_sensor_node script to /home/wego/team_ws/han1371/limo_patrol/install/limo_patrol/lib/limo_patrol
[2.183s] Installing object_perception_node script to /home/wego/team_ws/han1371/limo_patrol/install/limo_patrol/lib/limo_patrol
[2.184s] Installing waypoint_patrol_node script to /home/wego/team_ws/han1371/limo_patrol/install/limo_patrol/lib/limo_patrol
[2.184s] writing list of installed files to '/home/wego/team_ws/han1371/limo_patrol/build/limo_patrol/install.log'
[2.263s] Invoked command in '/home/wego/team_ws/han1371/limo_patrol' returned '0': PYTHONPATH=/home/wego/team_ws/han1371/limo_patrol/build/limo_patrol/prefix_override:/usr/lib/python3/dist-packages/colcon_core/task/python/colcon_distutils_commands:/home/wego/team_ws/han1371/limo_patrol/install/limo_patrol/lib/python3.10/site-packages:${PYTHONPATH} /usr/bin/python3 -W ignore:setup.py install is deprecated -W ignore:easy_install command is deprecated setup.py egg_info --egg-base build/limo_patrol build --build-base /home/wego/team_ws/han1371/limo_patrol/build/limo_patrol/build install --record /home/wego/team_ws/han1371/limo_patrol/build/limo_patrol/install.log --single-version-externally-managed install_data
