[0.000000] (-) TimerEvent: {}
[0.003110] (limo_fire_py) JobQueued: {'identifier': 'limo_fire_py', 'dependencies': OrderedDict()}
[0.003232] (limo_fire_py) JobStarted: {'identifier': 'limo_fire_py'}
[0.097952] (-) TimerEvent: {}
[0.198435] (-) TimerEvent: {}
[0.299010] (-) TimerEvent: {}
[0.399465] (-) TimerEvent: {}
[0.502904] (-) TimerEvent: {}
[0.605483] (-) TimerEvent: {}
[0.706438] (-) TimerEvent: {}
[0.806841] (-) TimerEvent: {}
[0.907222] (-) TimerEvent: {}
[1.007641] (-) TimerEvent: {}
[1.108091] (-) TimerEvent: {}
[1.208443] (-) TimerEvent: {}
[1.308871] (-) TimerEvent: {}
[1.409285] (-) TimerEvent: {}
[1.501774] (limo_fire_py) Command: {'cmd': ['/usr/bin/python3', '-W', 'ignore:setup.py install is deprecated', '-W', 'ignore:easy_install command is deprecated', 'setup.py', 'egg_info', '--egg-base', 'build/limo_fire_py', 'build', '--build-base', '/home/wego/team_ws/MinGeun-SMG/limo_fire_py-main/build/limo_fire_py/build', 'install', '--record', '/home/wego/team_ws/MinGeun-SMG/limo_fire_py-main/build/limo_fire_py/install.log', '--single-version-externally-managed', 'install_data'], 'cwd': '/home/wego/team_ws/MinGeun-SMG/limo_fire_py-main', 'env': {'VSCODE_CWD': '/home/wego', 'VSCODE_ESM_ENTRYPOINT': 'vs/workbench/api/node/extensionHostProcess', 'USER': 'wego', 'SSH_CLIENT': '10.49.12.96 46588 22', 'LC_TIME': 'en_US.UTF-8', 'VSCODE_NLS_CONFIG': '{"userLocale":"en","osLocale":"en","resolvedLanguage":"en","defaultMessagesFile":"/home/wego/.cursor-server/bin/b3573281c4775bfc6bba466bf6563d3d498d1070/out/nls.messages.json","locale":"en","availableLanguages":{}}', 'VSCODE_HANDLES_UNCAUGHT_ERRORS': 'true', 'XDG_SESSION_TYPE': 'tty', 'SHLVL': '0', 'BROWSER': '/home/wego/.cursor-server/bin/b3573281c4775bfc6bba466bf6563d3d498d1070/bin/helpers/browser.sh', 'MOTD_SHOWN': 'pam', 'HOME': '/home/wego', 'OLDPWD': '/home/wego', 'VSCODE_IPC_HOOK_CLI': '/run/user/1000/vscode-ipc-92fb8a85-0603-4bde-9699-6403fa45a2d5.sock', 'JETSON_L4T': '36.4.7', 'JETSON_MODEL': 'NVIDIA Jetson Orin NX Engineering Reference Developer Kit', 'LC_MONETARY': 'en_US.UTF-8', 'NO_COLOR': '1', 'DBUS_SESSION_BUS_ADDRESS': 'unix:path=/run/user/1000/bus', 'VSCODE_L10N_BUNDLE_LOCATION': '', 'LOGNAME': 'wego', 'FORCE_COLOR': '0', 'JETSON_MODULE': 'NVIDIA Jetson Orin Nano (8GB ram)', 'JETSON_SERIAL_NUMBER': '1422325081170', 'VSCODE_HANDLES_SIGPIPE': 'true', '_': '/usr/bin/colcon', 'XDG_SESSION_CLASS': 'user', 'TERM': 'dumb', 'EVERYSPHERE_RIPGREP_PATH': '/home/wego/.cursor-server/bin/b3573281c4775bfc6bba466bf6563d3d498d1070/node_modules/@vscode/ripgrep/bin/rg', 'XDG_SESSION_ID': '7', 'COMPOSER_NO_INTERACTION': '1', 'PATH': '/home/wego/.cursor-server/bin/b3573281c4775bfc6bba466bf6563d3d498d1070/bin/remote-cli:/home/wego/.cursor-server/bin/b3573281c4775bfc6bba466bf6563d3d498d1070/bin/remote-cli:/home/wego/.local/bin:/usr/local/sbin:/usr/local/bin:/usr/sbin:/usr/bin:/sbin:/bin:/usr/games:/usr/local/games:/snap/bin', 'VSCODE_AGENT_FOLDER': '/home/wego/.cursor-server', 'LC_ADDRESS': 'en_US.UTF-8', 'XDG_RUNTIME_DIR': '/run/user/1000', 'CURSOR_AGENT': '1', 'LANG': 'en_US.UTF-8', 'LC_TELEPHONE': 'en_US.UTF-8', 'JETSON_SOC': 'tegra234', 'SHELL': '/bin/bash', 'LC_NAME': 'en_US.UTF-8', 'VSCODE_SERVER_SHUTDOWN_TIMEOUT': '300', 'LC_MEASUREMENT': 'en_US.UTF-8', 'LC_IDENTIFICATION': 'en_US.UTF-8', 'JETSON_CUDA_ARCH_BIN': '8.7', 'PWD': '/home/wego/team_ws/MinGeun-SMG/limo_fire_py-main/build/limo_fire_py', 'LC_ALL': 'en_US.UTF-8', 'SSH_CONNECTION': '10.49.12.96 46588 10.49.12.92 22', 'XDG_DATA_DIRS': '/usr/share/gnome:/usr/local/share:/usr/share:/var/lib/snapd/desktop', 'LC_NUMERIC': 'en_US.UTF-8', 'LC_PAPER': 'en_US.UTF-8', 'COLCON': '1', '_ZO_DOCTOR': '0', 'JETSON_JETPACK': '', 'JETSON_P_NUMBER': 'p3767-0003', 'PYTHONPATH': '/home/wego/team_ws/MinGeun-SMG/limo_fire_py-main/build/limo_fire_py/prefix_override:/usr/lib/python3/dist-packages/colcon_core/task/python/colcon_distutils_commands:/home/wego/team_ws/MinGeun-SMG/limo_fire_py-main/install/limo_fire_py/lib/python3.10/site-packages:'}, 'shell': False}
[1.509448] (-) TimerEvent: {}
[1.609724] (-) TimerEvent: {}
[1.710157] (-) TimerEvent: {}
[1.810641] (-) TimerEvent: {}
[1.911029] (-) TimerEvent: {}
[2.011451] (-) TimerEvent: {}
[2.088428] (limo_fire_py) StdoutLine: {'line': b'running egg_info\n'}
[2.090657] (limo_fire_py) StdoutLine: {'line': b'writing build/limo_fire_py/limo_fire_py.egg-info/PKG-INFO\n'}
[2.092347] (limo_fire_py) StdoutLine: {'line': b'writing dependency_links to build/limo_fire_py/limo_fire_py.egg-info/dependency_links.txt\n'}
[2.093379] (limo_fire_py) StdoutLine: {'line': b'writing entry points to build/limo_fire_py/limo_fire_py.egg-info/entry_points.txt\n'}
[2.094177] (limo_fire_py) StdoutLine: {'line': b'writing requirements to build/limo_fire_py/limo_fire_py.egg-info/requires.txt\n'}
[2.094825] (limo_fire_py) StdoutLine: {'line': b'writing top-level names to build/limo_fire_py/limo_fire_py.egg-info/top_level.txt\n'}
[2.104719] (limo_fire_py) StdoutLine: {'line': b"reading manifest file 'build/limo_fire_py/limo_fire_py.egg-info/SOURCES.txt'\n"}
[2.110191] (limo_fire_py) StdoutLine: {'line': b"writing manifest file 'build/limo_fire_py/limo_fire_py.egg-info/SOURCES.txt'\n"}
[2.111335] (limo_fire_py) StdoutLine: {'line': b'running build\n'}
[2.111564] (-) TimerEvent: {}
[2.111843] (limo_fire_py) StdoutLine: {'line': b'running build_py\n'}
[2.114377] (limo_fire_py) StdoutLine: {'line': b'copying limo_fire_py/fire_sensor_reader.py -> /home/wego/team_ws/MinGeun-SMG/limo_fire_py-main/build/limo_fire_py/build/lib/limo_fire_py\n'}
[2.115617] (limo_fire_py) StdoutLine: {'line': b'running install\n'}
[2.116910] (limo_fire_py) StdoutLine: {'line': b'running install_lib\n'}
[2.119908] (limo_fire_py) StdoutLine: {'line': b'copying /home/wego/team_ws/MinGeun-SMG/limo_fire_py-main/build/limo_fire_py/build/lib/limo_fire_py/fire_sensor_reader.py -> /home/wego/team_ws/MinGeun-SMG/limo_fire_py-main/install/limo_fire_py/lib/python3.10/site-packages/limo_fire_py\n'}
[2.122119] (limo_fire_py) StdoutLine: {'line': b'byte-compiling /home/wego/team_ws/MinGeun-SMG/limo_fire_py-main/install/limo_fire_py/lib/python3.10/site-packages/limo_fire_py/fire_sensor_reader.py to fire_sensor_reader.cpython-310.pyc\n'}
[2.125085] (limo_fire_py) StdoutLine: {'line': b'running install_data\n'}
[2.125970] (limo_fire_py) StdoutLine: {'line': b'running install_egg_info\n'}
[2.130227] (limo_fire_py) StdoutLine: {'line': b"removing '/home/wego/team_ws/MinGeun-SMG/limo_fire_py-main/install/limo_fire_py/lib/python3.10/site-packages/limo_fire_py-0.0.0-py3.10.egg-info' (and everything under it)\n"}
[2.132847] (limo_fire_py) StdoutLine: {'line': b'Copying build/limo_fire_py/limo_fire_py.egg-info to /home/wego/team_ws/MinGeun-SMG/limo_fire_py-main/install/limo_fire_py/lib/python3.10/site-packages/limo_fire_py-0.0.0-py3.10.egg-info\n'}
[2.135404] (limo_fire_py) StdoutLine: {'line': b'running install_scripts\n'}
[2.192676] (limo_fire_py) StdoutLine: {'line': b'Installing bt_runner script to /home/wego/team_ws/MinGeun-SMG/limo_fire_py-main/install/limo_fire_py/lib/limo_fire_py\n'}
[2.193849] (limo_fire_py) StdoutLine: {'line': b'Installing bt_visualizer script to /home/wego/team_ws/MinGeun-SMG/limo_fire_py-main/install/limo_fire_py/lib/limo_fire_py\n'}
[2.194832] (limo_fire_py) StdoutLine: {'line': b'Installing fire_alarm_notifier script to /home/wego/team_ws/MinGeun-SMG/limo_fire_py-main/install/limo_fire_py/lib/limo_fire_py\n'}
[2.195635] (limo_fire_py) StdoutLine: {'line': b'Installing fire_safety_controller script to /home/wego/team_ws/MinGeun-SMG/limo_fire_py-main/install/limo_fire_py/lib/limo_fire_py\n'}
[2.196424] (limo_fire_py) StdoutLine: {'line': b'Installing fire_sensor_publisher script to /home/wego/team_ws/MinGeun-SMG/limo_fire_py-main/install/limo_fire_py/lib/limo_fire_py\n'}
[2.197186] (limo_fire_py) StdoutLine: {'line': b'Installing fire_sensor_reader script to /home/wego/team_ws/MinGeun-SMG/limo_fire_py-main/install/limo_fire_py/lib/limo_fire_py\n'}
[2.197910] (limo_fire_py) StdoutLine: {'line': b'Installing pygame_visualizer script to /home/wego/team_ws/MinGeun-SMG/limo_fire_py-main/install/limo_fire_py/lib/limo_fire_py\n'}
[2.199487] (limo_fire_py) StdoutLine: {'line': b"writing list of installed files to '/home/wego/team_ws/MinGeun-SMG/limo_fire_py-main/build/limo_fire_py/install.log'\n"}
[2.213195] (-) TimerEvent: {}
[2.282596] (limo_fire_py) CommandEnded: {'returncode': 0}
[2.315863] (-) TimerEvent: {}
[2.324166] (limo_fire_py) JobEnded: {'identifier': 'limo_fire_py', 'rc': 0}
[2.326145] (-) EventReactorShutdown: {}
