[1.588s] Invoking command in '/home/wego/team_ws/han1371/limo_patrol': PYTHONPATH=/home/wego/team_ws/han1371/build/limo_patrol/prefix_override:/usr/lib/python3/dist-packages/colcon_core/task/python/colcon_distutils_commands:/home/wego/team_ws/han1371/install/limo_patrol/lib/python3.10/site-packages:${PYTHONPATH} /usr/bin/python3 -W ignore:setup.py install is deprecated -W ignore:easy_install command is deprecated setup.py egg_info --egg-base ../build/limo_patrol build --build-base /home/wego/team_ws/han1371/build/limo_patrol/build install --record /home/wego/team_ws/han1371/build/limo_patrol/install.log --single-version-externally-managed install_data
[2.142s] running egg_info
[2.143s] writing ../build/limo_patrol/limo_patrol.egg-info/PKG-INFO
[2.144s] writing dependency_links to ../build/limo_patrol/limo_patrol.egg-info/dependency_links.txt
[2.144s] writing entry points to ../build/limo_patrol/limo_patrol.egg-info/entry_points.txt
[2.144s] writing requirements to ../build/limo_patrol/limo_patrol.egg-info/requires.txt
[2.144s] writing top-level names to ../build/limo_patrol/limo_patrol.egg-info/top_level.txt
[2.149s] reading manifest file '../build/limo_patrol/limo_patrol.egg-info/SOURCES.txt'
[2.152s] writing manifest file '../build/limo_patrol/limo_patrol.egg-info/SOURCES.txt'
[2.153s] running build
[2.153s] running build_py
[2.153s] copying limo_patrol/object_perception_lidar_node.py -> /home/wego/team_ws/han1371/build/limo_patrol/build/lib/limo_patrol
[2.153s] running install
[2.154s] running install_lib
[2.156s] copying /home/wego/team_ws/han1371/build/limo_patrol/build/lib/limo_patrol/object_perception_lidar_node.py -> /home/wego/team_ws/han1371/install/limo_patrol/lib/python3.10/site-packages/limo_patrol
[2.157s] byte-compiling /home/wego/team_ws/han1371/install/limo_patrol/lib/python3.10/site-packages/limo_patrol/object_perception_lidar_node.py to object_perception_lidar_node.cpython-310.pyc
[2.165s] running install_data
[2.165s] running install_egg_info
[2.169s] removing '/home/wego/team_ws/han1371/install/limo_patrol/lib/python3.10/site-packages/limo_patrol-0.1.0-py3.10.egg-info' (and everything under it)
[2.170s] Copying ../build/limo_patrol/limo_patrol.egg-info to /home/wego/team_ws/han1371/install/limo_patrol/lib/python3.10/site-packages/limo_patrol-0.1.0-py3.10.egg-info
[2.172s] running install_scripts
[2.213s] Installing mode_manager_node script to /home/wego/team_ws/han1371/install/limo_patrol/lib/limo_patrol
[2.213s] Installing object_perception_lidar_node script to /home/wego/team_ws/han1371/install/limo_patrol/lib/limo_patrol
[2.214s] writing list of installed files to '/home/wego/team_ws/han1371/build/limo_patrol/install.log'
[2.284s] Invoked command in '/home/wego/team_ws/han1371/limo_patrol' returned '0': PYTHONPATH=/home/wego/team_ws/han1371/build/limo_patrol/prefix_override:/usr/lib/python3/dist-packages/colcon_core/task/python/colcon_distutils_commands:/home/wego/team_ws/han1371/install/limo_patrol/lib/python3.10/site-packages:${PYTHONPATH} /usr/bin/python3 -W ignore:setup.py install is deprecated -W ignore:easy_install command is deprecated setup.py egg_info --egg-base ../build/limo_patrol build --build-base /home/wego/team_ws/han1371/build/limo_patrol/build install --record /home/wego/team_ws/han1371/build/limo_patrol/install.log --single-version-externally-managed install_data
