running egg_info
creating build/limo_fire_py/limo_fire_py.egg-info
writing build/limo_fire_py/limo_fire_py.egg-info/PKG-INFO
writing dependency_links to build/limo_fire_py/limo_fire_py.egg-info/dependency_links.txt
writing entry points to build/limo_fire_py/limo_fire_py.egg-info/entry_points.txt
writing requirements to build/limo_fire_py/limo_fire_py.egg-info/requires.txt
writing top-level names to build/limo_fire_py/limo_fire_py.egg-info/top_level.txt
writing manifest file 'build/limo_fire_py/limo_fire_py.egg-info/SOURCES.txt'
reading manifest file 'build/limo_fire_py/limo_fire_py.egg-info/SOURCES.txt'
writing manifest file 'build/limo_fire_py/limo_fire_py.egg-info/SOURCES.txt'
running build
running build_py
creating /home/wego/team_ws/MinGeun-SMG/limo_fire_py-main/build/limo_fire_py/build
creating /home/wego/team_ws/MinGeun-SMG/limo_fire_py-main/build/limo_fire_py/build/lib
creating /home/wego/team_ws/MinGeun-SMG/limo_fire_py-main/build/limo_fire_py/build/lib/limo_fire_py
copying limo_fire_py/fire_alarm_notifier.py -> /home/wego/team_ws/MinGeun-SMG/limo_fire_py-main/build/limo_fire_py/build/lib/limo_fire_py
copying limo_fire_py/__init__.py -> /home/wego/team_ws/MinGeun-SMG/limo_fire_py-main/build/limo_fire_py/build/lib/limo_fire_py
copying limo_fire_py/bt_runner.py -> /home/wego/team_ws/MinGeun-SMG/limo_fire_py-main/build/limo_fire_py/build/lib/limo_fire_py
copying limo_fire_py/pygame_visualizer.py -> /home/wego/team_ws/MinGeun-SMG/limo_fire_py-main/build/limo_fire_py/build/lib/limo_fire_py
copying limo_fire_py/bt_visualizer.py -> /home/wego/team_ws/MinGeun-SMG/limo_fire_py-main/build/limo_fire_py/build/lib/limo_fire_py
copying limo_fire_py/fire_sensor_publisher.py -> /home/wego/team_ws/MinGeun-SMG/limo_fire_py-main/build/limo_fire_py/build/lib/limo_fire_py
copying limo_fire_py/fire_safety_controller.py -> /home/wego/team_ws/MinGeun-SMG/limo_fire_py-main/build/limo_fire_py/build/lib/limo_fire_py
copying limo_fire_py/fire_sensor_reader.py -> /home/wego/team_ws/MinGeun-SMG/limo_fire_py-main/build/limo_fire_py/build/lib/limo_fire_py
running install
running install_lib
creating /home/wego/team_ws/MinGeun-SMG/limo_fire_py-main/install/limo_fire_py/lib/python3.10/site-packages/limo_fire_py
copying /home/wego/team_ws/MinGeun-SMG/limo_fire_py-main/build/limo_fire_py/build/lib/limo_fire_py/fire_alarm_notifier.py -> /home/wego/team_ws/MinGeun-SMG/limo_fire_py-main/install/limo_fire_py/lib/python3.10/site-packages/limo_fire_py
copying /home/wego/team_ws/MinGeun-SMG/limo_fire_py-main/build/limo_fire_py/build/lib/limo_fire_py/__init__.py -> /home/wego/team_ws/MinGeun-SMG/limo_fire_py-main/install/limo_fire_py/lib/python3.10/site-packages/limo_fire_py
copying /home/wego/team_ws/MinGeun-SMG/limo_fire_py-main/build/limo_fire_py/build/lib/limo_fire_py/bt_runner.py -> /home/wego/team_ws/MinGeun-SMG/limo_fire_py-main/install/limo_fire_py/lib/python3.10/site-packages/limo_fire_py
copying /home/wego/team_ws/MinGeun-SMG/limo_fire_py-main/build/limo_fire_py/build/lib/limo_fire_py/pygame_visualizer.py -> /home/wego/team_ws/MinGeun-SMG/limo_fire_py-main/install/limo_fire_py/lib/python3.10/site-packages/limo_fire_py
copying /home/wego/team_ws/MinGeun-SMG/limo_fire_py-main/build/limo_fire_py/build/lib/limo_fire_py/bt_visualizer.py -> /home/wego/team_ws/MinGeun-SMG/limo_fire_py-main/install/limo_fire_py/lib/python3.10/site-packages/limo_fire_py
copying /home/wego/team_ws/MinGeun-SMG/limo_fire_py-main/build/limo_fire_py/build/lib/limo_fire_py/fire_sensor_publisher.py -> /home/wego/team_ws/MinGeun-SMG/limo_fire_py-main/install/limo_fire_py/lib/python3.10/site-packages/limo_fire_py
copying /home/wego/team_ws/MinGeun-SMG/limo_fire_py-main/build/limo_fire_py/build/lib/limo_fire_py/fire_safety_controller.py -> /home/wego/team_ws/MinGeun-SMG/limo_fire_py-main/install/limo_fire_py/lib/python3.10/site-packages/limo_fire_py
copying /home/wego/team_ws/MinGeun-SMG/limo_fire_py-main/build/limo_fire_py/build/lib/limo_fire_py/fire_sensor_reader.py -> /home/wego/team_ws/MinGeun-SMG/limo_fire_py-main/install/limo_fire_py/lib/python3.10/site-packages/limo_fire_py
byte-compiling /home/wego/team_ws/MinGeun-SMG/limo_fire_py-main/install/limo_fire_py/lib/python3.10/site-packages/limo_fire_py/fire_alarm_notifier.py to fire_alarm_notifier.cpython-310.pyc
byte-compiling /home/wego/team_ws/MinGeun-SMG/limo_fire_py-main/install/limo_fire_py/lib/python3.10/site-packages/limo_fire_py/__init__.py to __init__.cpython-310.pyc
byte-compiling /home/wego/team_ws/MinGeun-SMG/limo_fire_py-main/install/limo_fire_py/lib/python3.10/site-packages/limo_fire_py/bt_runner.py to bt_runner.cpython-310.pyc
byte-compiling /home/wego/team_ws/MinGeun-SMG/limo_fire_py-main/install/limo_fire_py/lib/python3.10/site-packages/limo_fire_py/pygame_visualizer.py to pygame_visualizer.cpython-310.pyc
byte-compiling /home/wego/team_ws/MinGeun-SMG/limo_fire_py-main/install/limo_fire_py/lib/python3.10/site-packages/limo_fire_py/bt_visualizer.py to bt_visualizer.cpython-310.pyc
byte-compiling /home/wego/team_ws/MinGeun-SMG/limo_fire_py-main/install/limo_fire_py/lib/python3.10/site-packages/limo_fire_py/fire_sensor_publisher.py to fire_sensor_publisher.cpython-310.pyc
byte-compiling /home/wego/team_ws/MinGeun-SMG/limo_fire_py-main/install/limo_fire_py/lib/python3.10/site-packages/limo_fire_py/fire_safety_controller.py to fire_safety_controller.cpython-310.pyc
byte-compiling /home/wego/team_ws/MinGeun-SMG/limo_fire_py-main/install/limo_fire_py/lib/python3.10/site-packages/limo_fire_py/fire_sensor_reader.py to fire_sensor_reader.cpython-310.pyc
running install_data
creating /home/wego/team_ws/MinGeun-SMG/limo_fire_py-main/install/limo_fire_py/share/ament_index
creating /home/wego/team_ws/MinGeun-SMG/limo_fire_py-main/install/limo_fire_py/share/ament_index/resource_index
creating /home/wego/team_ws/MinGeun-SMG/limo_fire_py-main/install/limo_fire_py/share/ament_index/resource_index/packages
copying resource/limo_fire_py -> /home/wego/team_ws/MinGeun-SMG/limo_fire_py-main/install/limo_fire_py/share/ament_index/resource_index/packages
copying package.xml -> /home/wego/team_ws/MinGeun-SMG/limo_fire_py-main/install/limo_fire_py/share/limo_fire_py
creating /home/wego/team_ws/MinGeun-SMG/limo_fire_py-main/install/limo_fire_py/share/limo_fire_py/launch
copying launch/fire_system.launch.py -> /home/wego/team_ws/MinGeun-SMG/limo_fire_py-main/install/limo_fire_py/share/limo_fire_py/launch
running install_egg_info
Copying build/limo_fire_py/limo_fire_py.egg-info to /home/wego/team_ws/MinGeun-SMG/limo_fire_py-main/install/limo_fire_py/lib/python3.10/site-packages/limo_fire_py-0.0.0-py3.10.egg-info
running install_scripts
Installing bt_runner script to /home/wego/team_ws/MinGeun-SMG/limo_fire_py-main/install/limo_fire_py/lib/limo_fire_py
Installing bt_visualizer script to /home/wego/team_ws/MinGeun-SMG/limo_fire_py-main/install/limo_fire_py/lib/limo_fire_py
Installing fire_alarm_notifier script to /home/wego/team_ws/MinGeun-SMG/limo_fire_py-main/install/limo_fire_py/lib/limo_fire_py
Installing fire_safety_controller script to /home/wego/team_ws/MinGeun-SMG/limo_fire_py-main/install/limo_fire_py/lib/limo_fire_py
Installing fire_sensor_publisher script to /home/wego/team_ws/MinGeun-SMG/limo_fire_py-main/install/limo_fire_py/lib/limo_fire_py
Installing fire_sensor_reader script to /home/wego/team_ws/MinGeun-SMG/limo_fire_py-main/install/limo_fire_py/lib/limo_fire_py
Installing pygame_visualizer script to /home/wego/team_ws/MinGeun-SMG/limo_fire_py-main/install/limo_fire_py/lib/limo_fire_py
writing list of installed files to '/home/wego/team_ws/MinGeun-SMG/limo_fire_py-main/build/limo_fire_py/install.log'
