[1.681s] Invoking command in '/home/wego/team_ws/MinGeun-SMG/limo_fire_py-main': PYTHONPATH=/home/wego/team_ws/MinGeun-SMG/limo_fire_py-main/build/limo_fire_py/prefix_override:/usr/lib/python3/dist-packages/colcon_core/task/python/colcon_distutils_commands:/home/wego/team_ws/MinGeun-SMG/limo_fire_py-main/install/limo_fire_py/lib/python3.10/site-packages:${PYTHONPATH} /usr/bin/python3 -W ignore:setup.py install is deprecated -W ignore:easy_install command is deprecated setup.py egg_info --egg-base build/limo_fire_py build --build-base /home/wego/team_ws/MinGeun-SMG/limo_fire_py-main/build/limo_fire_py/build install --record /home/wego/team_ws/MinGeun-SMG/limo_fire_py-main/build/limo_fire_py/install.log --single-version-externally-managed install_data
[2.284s] running egg_info
[2.285s] creating build/limo_fire_py/limo_fire_py.egg-info
[2.285s] writing build/limo_fire_py/limo_fire_py.egg-info/PKG-INFO
[2.286s] writing dependency_links to build/limo_fire_py/limo_fire_py.egg-info/dependency_links.txt
[2.287s] writing entry points to build/limo_fire_py/limo_fire_py.egg-info/entry_points.txt
[2.287s] writing requirements to build/limo_fire_py/limo_fire_py.egg-info/requires.txt
[2.288s] writing top-level names to build/limo_fire_py/limo_fire_py.egg-info/top_level.txt
[2.288s] writing manifest file 'build/limo_fire_py/limo_fire_py.egg-info/SOURCES.txt'
[2.292s] reading manifest file 'build/limo_fire_py/limo_fire_py.egg-info/SOURCES.txt'
[2.294s] writing manifest file 'build/limo_fire_py/limo_fire_py.egg-info/SOURCES.txt'
[2.294s] running build
[2.295s] running build_py
[2.295s] creating /home/wego/team_ws/MinGeun-SMG/limo_fire_py-main/build/limo_fire_py/build
[2.295s] creating /home/wego/team_ws/MinGeun-SMG/limo_fire_py-main/build/limo_fire_py/build/lib
[2.296s] creating /home/wego/team_ws/MinGeun-SMG/limo_fire_py-main/build/limo_fire_py/build/lib/limo_fire_py
[2.296s] copying limo_fire_py/fire_alarm_notifier.py -> /home/wego/team_ws/MinGeun-SMG/limo_fire_py-main/build/limo_fire_py/build/lib/limo_fire_py
[2.296s] copying limo_fire_py/__init__.py -> /home/wego/team_ws/MinGeun-SMG/limo_fire_py-main/build/limo_fire_py/build/lib/limo_fire_py
[2.297s] copying limo_fire_py/bt_runner.py -> /home/wego/team_ws/MinGeun-SMG/limo_fire_py-main/build/limo_fire_py/build/lib/limo_fire_py
[2.297s] copying limo_fire_py/pygame_visualizer.py -> /home/wego/team_ws/MinGeun-SMG/limo_fire_py-main/build/limo_fire_py/build/lib/limo_fire_py
[2.297s] copying limo_fire_py/bt_visualizer.py -> /home/wego/team_ws/MinGeun-SMG/limo_fire_py-main/build/limo_fire_py/build/lib/limo_fire_py
[2.297s] copying limo_fire_py/fire_sensor_publisher.py -> /home/wego/team_ws/MinGeun-SMG/limo_fire_py-main/build/limo_fire_py/build/lib/limo_fire_py
[2.297s] copying limo_fire_py/fire_safety_controller.py -> /home/wego/team_ws/MinGeun-SMG/limo_fire_py-main/build/limo_fire_py/build/lib/limo_fire_py
[2.297s] copying limo_fire_py/fire_sensor_reader.py -> /home/wego/team_ws/MinGeun-SMG/limo_fire_py-main/build/limo_fire_py/build/lib/limo_fire_py
[2.297s] running install
[2.298s] running install_lib
[2.300s] creating /home/wego/team_ws/MinGeun-SMG/limo_fire_py-main/install/limo_fire_py/lib/python3.10/site-packages/limo_fire_py
[2.300s] copying /home/wego/team_ws/MinGeun-SMG/limo_fire_py-main/build/limo_fire_py/build/lib/limo_fire_py/fire_alarm_notifier.py -> /home/wego/team_ws/MinGeun-SMG/limo_fire_py-main/install/limo_fire_py/lib/python3.10/site-packages/limo_fire_py
[2.300s] copying /home/wego/team_ws/MinGeun-SMG/limo_fire_py-main/build/limo_fire_py/build/lib/limo_fire_py/__init__.py -> /home/wego/team_ws/MinGeun-SMG/limo_fire_py-main/install/limo_fire_py/lib/python3.10/site-packages/limo_fire_py
[2.301s] copying /home/wego/team_ws/MinGeun-SMG/limo_fire_py-main/build/limo_fire_py/build/lib/limo_fire_py/bt_runner.py -> /home/wego/team_ws/MinGeun-SMG/limo_fire_py-main/install/limo_fire_py/lib/python3.10/site-packages/limo_fire_py
[2.301s] copying /home/wego/team_ws/MinGeun-SMG/limo_fire_py-main/build/limo_fire_py/build/lib/limo_fire_py/pygame_visualizer.py -> /home/wego/team_ws/MinGeun-SMG/limo_fire_py-main/install/limo_fire_py/lib/python3.10/site-packages/limo_fire_py
[2.301s] copying /home/wego/team_ws/MinGeun-SMG/limo_fire_py-main/build/limo_fire_py/build/lib/limo_fire_py/bt_visualizer.py -> /home/wego/team_ws/MinGeun-SMG/limo_fire_py-main/install/limo_fire_py/lib/python3.10/site-packages/limo_fire_py
[2.302s] copying /home/wego/team_ws/MinGeun-SMG/limo_fire_py-main/build/limo_fire_py/build/lib/limo_fire_py/fire_sensor_publisher.py -> /home/wego/team_ws/MinGeun-SMG/limo_fire_py-main/install/limo_fire_py/lib/python3.10/site-packages/limo_fire_py
[2.302s] copying /home/wego/team_ws/MinGeun-SMG/limo_fire_py-main/build/limo_fire_py/build/lib/limo_fire_py/fire_safety_controller.py -> /home/wego/team_ws/MinGeun-SMG/limo_fire_py-main/install/limo_fire_py/lib/python3.10/site-packages/limo_fire_py
[2.302s] copying /home/wego/team_ws/MinGeun-SMG/limo_fire_py-main/build/limo_fire_py/build/lib/limo_fire_py/fire_sensor_reader.py -> /home/wego/team_ws/MinGeun-SMG/limo_fire_py-main/install/limo_fire_py/lib/python3.10/site-packages/limo_fire_py
[2.303s] byte-compiling /home/wego/team_ws/MinGeun-SMG/limo_fire_py-main/install/limo_fire_py/lib/python3.10/site-packages/limo_fire_py/fire_alarm_notifier.py to fire_alarm_notifier.cpython-310.pyc
[2.304s] byte-compiling /home/wego/team_ws/MinGeun-SMG/limo_fire_py-main/install/limo_fire_py/lib/python3.10/site-packages/limo_fire_py/__init__.py to __init__.cpython-310.pyc
[2.304s] byte-compiling /home/wego/team_ws/MinGeun-SMG/limo_fire_py-main/install/limo_fire_py/lib/python3.10/site-packages/limo_fire_py/bt_runner.py to bt_runner.cpython-310.pyc
[2.305s] byte-compiling /home/wego/team_ws/MinGeun-SMG/limo_fire_py-main/install/limo_fire_py/lib/python3.10/site-packages/limo_fire_py/pygame_visualizer.py to pygame_visualizer.cpython-310.pyc
[2.306s] byte-compiling /home/wego/team_ws/MinGeun-SMG/limo_fire_py-main/install/limo_fire_py/lib/python3.10/site-packages/limo_fire_py/bt_visualizer.py to bt_visualizer.cpython-310.pyc
[2.308s] byte-compiling /home/wego/team_ws/MinGeun-SMG/limo_fire_py-main/install/limo_fire_py/lib/python3.10/site-packages/limo_fire_py/fire_sensor_publisher.py to fire_sensor_publisher.cpython-310.pyc
[2.309s] byte-compiling /home/wego/team_ws/MinGeun-SMG/limo_fire_py-main/install/limo_fire_py/lib/python3.10/site-packages/limo_fire_py/fire_safety_controller.py to fire_safety_controller.cpython-310.pyc
[2.310s] byte-compiling /home/wego/team_ws/MinGeun-SMG/limo_fire_py-main/install/limo_fire_py/lib/python3.10/site-packages/limo_fire_py/fire_sensor_reader.py to fire_sensor_reader.cpython-310.pyc
[2.311s] running install_data
[2.312s] creating /home/wego/team_ws/MinGeun-SMG/limo_fire_py-main/install/limo_fire_py/share/ament_index
[2.313s] creating /home/wego/team_ws/MinGeun-SMG/limo_fire_py-main/install/limo_fire_py/share/ament_index/resource_index
[2.313s] creating /home/wego/team_ws/MinGeun-SMG/limo_fire_py-main/install/limo_fire_py/share/ament_index/resource_index/packages
[2.313s] copying resource/limo_fire_py -> /home/wego/team_ws/MinGeun-SMG/limo_fire_py-main/install/limo_fire_py/share/ament_index/resource_index/packages
[2.314s] copying package.xml -> /home/wego/team_ws/MinGeun-SMG/limo_fire_py-main/install/limo_fire_py/share/limo_fire_py
[2.314s] creating /home/wego/team_ws/MinGeun-SMG/limo_fire_py-main/install/limo_fire_py/share/limo_fire_py/launch
[2.314s] copying launch/fire_system.launch.py -> /home/wego/team_ws/MinGeun-SMG/limo_fire_py-main/install/limo_fire_py/share/limo_fire_py/launch
[2.315s] running install_egg_info
[2.318s] Copying build/limo_fire_py/limo_fire_py.egg-info to /home/wego/team_ws/MinGeun-SMG/limo_fire_py-main/install/limo_fire_py/lib/python3.10/site-packages/limo_fire_py-0.0.0-py3.10.egg-info
[2.321s] running install_scripts
[2.368s] Installing bt_runner script to /home/wego/team_ws/MinGeun-SMG/limo_fire_py-main/install/limo_fire_py/lib/limo_fire_py
[2.369s] Installing bt_visualizer script to /home/wego/team_ws/MinGeun-SMG/limo_fire_py-main/install/limo_fire_py/lib/limo_fire_py
[2.369s] Installing fire_alarm_notifier script to /home/wego/team_ws/MinGeun-SMG/limo_fire_py-main/install/limo_fire_py/lib/limo_fire_py
[2.369s] Installing fire_safety_controller script to /home/wego/team_ws/MinGeun-SMG/limo_fire_py-main/install/limo_fire_py/lib/limo_fire_py
[2.370s] Installing fire_sensor_publisher script to /home/wego/team_ws/MinGeun-SMG/limo_fire_py-main/install/limo_fire_py/lib/limo_fire_py
[2.370s] Installing fire_sensor_reader script to /home/wego/team_ws/MinGeun-SMG/limo_fire_py-main/install/limo_fire_py/lib/limo_fire_py
[2.370s] Installing pygame_visualizer script to /home/wego/team_ws/MinGeun-SMG/limo_fire_py-main/install/limo_fire_py/lib/limo_fire_py
[2.370s] writing list of installed files to '/home/wego/team_ws/MinGeun-SMG/limo_fire_py-main/build/limo_fire_py/install.log'
[2.449s] Invoked command in '/home/wego/team_ws/MinGeun-SMG/limo_fire_py-main' returned '0': PYTHONPATH=/home/wego/team_ws/MinGeun-SMG/limo_fire_py-main/build/limo_fire_py/prefix_override:/usr/lib/python3/dist-packages/colcon_core/task/python/colcon_distutils_commands:/home/wego/team_ws/MinGeun-SMG/limo_fire_py-main/install/limo_fire_py/lib/python3.10/site-packages:${PYTHONPATH} /usr/bin/python3 -W ignore:setup.py install is deprecated -W ignore:easy_install command is deprecated setup.py egg_info --egg-base build/limo_fire_py build --build-base /home/wego/team_ws/MinGeun-SMG/limo_fire_py-main/build/limo_fire_py/build install --record /home/wego/team_ws/MinGeun-SMG/limo_fire_py-main/build/limo_fire_py/install.log --single-version-externally-managed install_data
