[0.027s] Invoking command in '/home/wego/team_ws/psh030917/py_bt_ros_1/build/yolo_bringup': AMENT_PREFIX_PATH=/home/wego/team_ws/psh030917/py_bt_ros_1/install/yolo_ros:/home/wego/team_ws/psh030917/py_bt_ros_1/install/yolo_msgs:${AMENT_PREFIX_PATH} CMAKE_PREFIX_PATH=/home/wego/team_ws/psh030917/py_bt_ros_1/install/yolo_msgs:/opt/ros/humble LD_LIBRARY_PATH=/home/wego/team_ws/psh030917/py_bt_ros_1/install/yolo_msgs/lib:/opt/ros/humble/lib:/usr/lib/aarch64-linux-gnu:/opt/ros/humble/opt/rviz_ogre_vendor/lib:/opt/ros/humble/lib/aarch64-linux-gnu:/opt/ros/humble/lib:/usr/local/cuda-12.6/lib64:/usr/local/TensorRT-10.3.0.26/lib PYTHONPATH=/home/wego/team_ws/psh030917/py_bt_ros_1/install/yolo_ros/lib/python3.10/site-packages:/home/wego/team_ws/psh030917/py_bt_ros_1/install/yolo_msgs/local/lib/python3.10/dist-packages:/opt/ros/humble/lib/python3.10/site-packages:/opt/ros/humble/local/lib/python3.10/dist-packages /usr/bin/cmake --build /home/wego/team_ws/psh030917/py_bt_ros_1/build/yolo_bringup -- -j6 -l6
[0.105s] Invoked command in '/home/wego/team_ws/psh030917/py_bt_ros_1/build/yolo_bringup' returned '0': AMENT_PREFIX_PATH=/home/wego/team_ws/psh030917/py_bt_ros_1/install/yolo_ros:/home/wego/team_ws/psh030917/py_bt_ros_1/install/yolo_msgs:${AMENT_PREFIX_PATH} CMAKE_PREFIX_PATH=/home/wego/team_ws/psh030917/py_bt_ros_1/install/yolo_msgs:/opt/ros/humble LD_LIBRARY_PATH=/home/wego/team_ws/psh030917/py_bt_ros_1/install/yolo_msgs/lib:/opt/ros/humble/lib:/usr/lib/aarch64-linux-gnu:/opt/ros/humble/opt/rviz_ogre_vendor/lib:/opt/ros/humble/lib/aarch64-linux-gnu:/opt/ros/humble/lib:/usr/local/cuda-12.6/lib64:/usr/local/TensorRT-10.3.0.26/lib PYTHONPATH=/home/wego/team_ws/psh030917/py_bt_ros_1/install/yolo_ros/lib/python3.10/site-packages:/home/wego/team_ws/psh030917/py_bt_ros_1/install/yolo_msgs/local/lib/python3.10/dist-packages:/opt/ros/humble/lib/python3.10/site-packages:/opt/ros/humble/local/lib/python3.10/dist-packages /usr/bin/cmake --build /home/wego/team_ws/psh030917/py_bt_ros_1/build/yolo_bringup -- -j6 -l6
[0.111s] Invoking command in '/home/wego/team_ws/psh030917/py_bt_ros_1/build/yolo_bringup': AMENT_PREFIX_PATH=/home/wego/team_ws/psh030917/py_bt_ros_1/install/yolo_ros:/home/wego/team_ws/psh030917/py_bt_ros_1/install/yolo_msgs:${AMENT_PREFIX_PATH} CMAKE_PREFIX_PATH=/home/wego/team_ws/psh030917/py_bt_ros_1/install/yolo_msgs:/opt/ros/humble LD_LIBRARY_PATH=/home/wego/team_ws/psh030917/py_bt_ros_1/install/yolo_msgs/lib:/opt/ros/humble/lib:/usr/lib/aarch64-linux-gnu:/opt/ros/humble/opt/rviz_ogre_vendor/lib:/opt/ros/humble/lib/aarch64-linux-gnu:/opt/ros/humble/lib:/usr/local/cuda-12.6/lib64:/usr/local/TensorRT-10.3.0.26/lib PYTHONPATH=/home/wego/team_ws/psh030917/py_bt_ros_1/install/yolo_ros/lib/python3.10/site-packages:/home/wego/team_ws/psh030917/py_bt_ros_1/install/yolo_msgs/local/lib/python3.10/dist-packages:/opt/ros/humble/lib/python3.10/site-packages:/opt/ros/humble/local/lib/python3.10/dist-packages /usr/bin/cmake --install /home/wego/team_ws/psh030917/py_bt_ros_1/build/yolo_bringup
[0.127s] -- Install configuration: ""
[0.128s] -- Up-to-date: /home/wego/team_ws/psh030917/py_bt_ros_1/install/yolo_bringup/share/yolo_bringup//launch
[0.128s] -- Up-to-date: /home/wego/team_ws/psh030917/py_bt_ros_1/install/yolo_bringup/share/yolo_bringup//launch/yolo.launch.py
[0.128s] -- Up-to-date: /home/wego/team_ws/psh030917/py_bt_ros_1/install/yolo_bringup/share/yolo_bringup//launch/yolov9.launch.py
[0.129s] -- Up-to-date: /home/wego/team_ws/psh030917/py_bt_ros_1/install/yolo_bringup/share/yolo_bringup//launch/yolov12.launch.py
[0.129s] -- Up-to-date: /home/wego/team_ws/psh030917/py_bt_ros_1/install/yolo_bringup/share/yolo_bringup//launch/yolo-world.launch.py
[0.129s] -- Up-to-date: /home/wego/team_ws/psh030917/py_bt_ros_1/install/yolo_bringup/share/yolo_bringup//launch/yolov10.launch.py
[0.129s] -- Up-to-date: /home/wego/team_ws/psh030917/py_bt_ros_1/install/yolo_bringup/share/yolo_bringup//launch/yolov8.launch.py
[0.130s] -- Up-to-date: /home/wego/team_ws/psh030917/py_bt_ros_1/install/yolo_bringup/share/yolo_bringup//launch/yoloe.launch.py
[0.130s] -- Up-to-date: /home/wego/team_ws/psh030917/py_bt_ros_1/install/yolo_bringup/share/yolo_bringup//launch/yolov11.launch.py
[0.130s] -- Up-to-date: /home/wego/team_ws/psh030917/py_bt_ros_1/install/yolo_bringup/share/yolo_bringup//launch/yolov5.launch.py
[0.130s] -- Up-to-date: /home/wego/team_ws/psh030917/py_bt_ros_1/install/yolo_bringup/share/ament_index/resource_index/package_run_dependencies/yolo_bringup
[0.130s] -- Up-to-date: /home/wego/team_ws/psh030917/py_bt_ros_1/install/yolo_bringup/share/ament_index/resource_index/parent_prefix_path/yolo_bringup
[0.131s] -- Up-to-date: /home/wego/team_ws/psh030917/py_bt_ros_1/install/yolo_bringup/share/yolo_bringup/environment/ament_prefix_path.sh
[0.131s] -- Up-to-date: /home/wego/team_ws/psh030917/py_bt_ros_1/install/yolo_bringup/share/yolo_bringup/environment/ament_prefix_path.dsv
[0.131s] -- Up-to-date: /home/wego/team_ws/psh030917/py_bt_ros_1/install/yolo_bringup/share/yolo_bringup/environment/path.sh
[0.131s] -- Up-to-date: /home/wego/team_ws/psh030917/py_bt_ros_1/install/yolo_bringup/share/yolo_bringup/environment/path.dsv
[0.131s] -- Up-to-date: /home/wego/team_ws/psh030917/py_bt_ros_1/install/yolo_bringup/share/yolo_bringup/local_setup.bash
[0.132s] -- Up-to-date: /home/wego/team_ws/psh030917/py_bt_ros_1/install/yolo_bringup/share/yolo_bringup/local_setup.sh
[0.132s] -- Up-to-date: /home/wego/team_ws/psh030917/py_bt_ros_1/install/yolo_bringup/share/yolo_bringup/local_setup.zsh
[0.132s] -- Up-to-date: /home/wego/team_ws/psh030917/py_bt_ros_1/install/yolo_bringup/share/yolo_bringup/local_setup.dsv
[0.133s] -- Up-to-date: /home/wego/team_ws/psh030917/py_bt_ros_1/install/yolo_bringup/share/yolo_bringup/package.dsv
[0.133s] -- Up-to-date: /home/wego/team_ws/psh030917/py_bt_ros_1/install/yolo_bringup/share/ament_index/resource_index/packages/yolo_bringup
[0.135s] -- Up-to-date: /home/wego/team_ws/psh030917/py_bt_ros_1/install/yolo_bringup/share/yolo_bringup/cmake/yolo_bringupConfig.cmake
[0.137s] -- Up-to-date: /home/wego/team_ws/psh030917/py_bt_ros_1/install/yolo_bringup/share/yolo_bringup/cmake/yolo_bringupConfig-version.cmake
[0.138s] -- Up-to-date: /home/wego/team_ws/psh030917/py_bt_ros_1/install/yolo_bringup/share/yolo_bringup/package.xml
[0.139s] Invoked command in '/home/wego/team_ws/psh030917/py_bt_ros_1/build/yolo_bringup' returned '0': AMENT_PREFIX_PATH=/home/wego/team_ws/psh030917/py_bt_ros_1/install/yolo_ros:/home/wego/team_ws/psh030917/py_bt_ros_1/install/yolo_msgs:${AMENT_PREFIX_PATH} CMAKE_PREFIX_PATH=/home/wego/team_ws/psh030917/py_bt_ros_1/install/yolo_msgs:/opt/ros/humble LD_LIBRARY_PATH=/home/wego/team_ws/psh030917/py_bt_ros_1/install/yolo_msgs/lib:/opt/ros/humble/lib:/usr/lib/aarch64-linux-gnu:/opt/ros/humble/opt/rviz_ogre_vendor/lib:/opt/ros/humble/lib/aarch64-linux-gnu:/opt/ros/humble/lib:/usr/local/cuda-12.6/lib64:/usr/local/TensorRT-10.3.0.26/lib PYTHONPATH=/home/wego/team_ws/psh030917/py_bt_ros_1/install/yolo_ros/lib/python3.10/site-packages:/home/wego/team_ws/psh030917/py_bt_ros_1/install/yolo_msgs/local/lib/python3.10/dist-packages:/opt/ros/humble/lib/python3.10/site-packages:/opt/ros/humble/local/lib/python3.10/dist-packages /usr/bin/cmake --install /home/wego/team_ws/psh030917/py_bt_ros_1/build/yolo_bringup
