[0.018s] Invoking command in '/home/wego/team_ws/psh030917/nface_ws/build/ros_deep_learning': /usr/bin/cmake /home/wego/team_ws/psh030917/nface_ws/src/ros_deep_learning -DCATKIN_INSTALL_INTO_PREFIX_ROOT=0 -DCATKIN_SYMLINK_INSTALL=ON -DCMAKE_INSTALL_PREFIX=/home/wego/team_ws/psh030917/nface_ws/install/ros_deep_learning
[0.072s] [31mCMake Error at CMakeLists.txt:6 (find_package):
[0.072s]   By not providing "Findjetson-utils.cmake" in CMAKE_MODULE_PATH this project
[0.073s]   has asked CMake to find a package configuration file provided by
[0.073s]   "jetson-utils", but CMake did not find one.
[0.073s] 
[0.073s]   Could not find a package configuration file provided by "jetson-utils" with
[0.073s]   any of the following names:
[0.073s] 
[0.073s]     jetson-utilsConfig.cmake
[0.074s]     jetson-utils-config.cmake
[0.074s] 
[0.074s]   Add the installation prefix of "jetson-utils" to CMAKE_PREFIX_PATH or set
[0.074s]   "jetson-utils_DIR" to a directory containing one of the above files.  If
[0.074s]   "jetson-utils" provides a separate development package or SDK, be sure it
[0.074s]   has been installed.
[0.074s] 
[0.074s] [0m
[0.075s] -- Configuring incomplete, errors occurred!
[0.075s] See also "/home/wego/team_ws/psh030917/nface_ws/build/ros_deep_learning/CMakeFiles/CMakeOutput.log".
[0.077s] Invoked command in '/home/wego/team_ws/psh030917/nface_ws/build/ros_deep_learning' returned '1': /usr/bin/cmake /home/wego/team_ws/psh030917/nface_ws/src/ros_deep_learning -DCATKIN_INSTALL_INTO_PREFIX_ROOT=0 -DCATKIN_SYMLINK_INSTALL=ON -DCMAKE_INSTALL_PREFIX=/home/wego/team_ws/psh030917/nface_ws/install/ros_deep_learning
