[2.321s] Invoking command in '/home/wego/team_ws/psh030917/py_bt_ros_1/src/telegram_ros2': AMENT_PREFIX_PATH=/home/wego/team_ws/psh030917/py_bt_ros_1/install/instant_messaging_interfaces:${AMENT_PREFIX_PATH} CMAKE_PREFIX_PATH=/home/wego/team_ws/psh030917/py_bt_ros_1/install/instant_messaging_interfaces LD_LIBRARY_PATH=/home/wego/team_ws/psh030917/py_bt_ros_1/install/instant_messaging_interfaces/lib:/opt/ros/humble/lib:/usr/lib/aarch64-linux-gnu:/opt/ros/humble/opt/rviz_ogre_vendor/lib:/opt/ros/humble/lib/aarch64-linux-gnu:/opt/ros/humble/lib:/usr/local/cuda-12.6/lib64:/usr/local/TensorRT-10.3.0.26/lib PYTHONPATH=/home/wego/team_ws/psh030917/py_bt_ros_1/build/telegram_ros2/prefix_override:/usr/lib/python3/dist-packages/colcon_core/task/python/colcon_distutils_commands:/home/wego/team_ws/psh030917/py_bt_ros_1/install/telegram_ros2/lib/python3.10/site-packages:/home/wego/team_ws/psh030917/py_bt_ros_1/install/instant_messaging_interfaces/local/lib/python3.10/dist-packages:${PYTHONPATH} /usr/bin/python3 -W ignore:setup.py install is deprecated -W ignore:easy_install command is deprecated setup.py egg_info --egg-base ../../build/telegram_ros2 build --build-base /home/wego/team_ws/psh030917/py_bt_ros_1/build/telegram_ros2/build install --record /home/wego/team_ws/psh030917/py_bt_ros_1/build/telegram_ros2/install.log --install-scripts $base/lib/telegram_ros2 --single-version-externally-managed install_data
[3.124s] running egg_info
[3.132s] creating ../../build/telegram_ros2/telegram_ros2.egg-info
[3.133s] writing ../../build/telegram_ros2/telegram_ros2.egg-info/PKG-INFO
[3.135s] writing dependency_links to ../../build/telegram_ros2/telegram_ros2.egg-info/dependency_links.txt
[3.136s] writing entry points to ../../build/telegram_ros2/telegram_ros2.egg-info/entry_points.txt
[3.137s] writing requirements to ../../build/telegram_ros2/telegram_ros2.egg-info/requires.txt
[3.137s] writing top-level names to ../../build/telegram_ros2/telegram_ros2.egg-info/top_level.txt
[3.138s] writing manifest file '../../build/telegram_ros2/telegram_ros2.egg-info/SOURCES.txt'
[3.146s] reading manifest file '../../build/telegram_ros2/telegram_ros2.egg-info/SOURCES.txt'
[3.146s] adding license file 'LICENSE'
[3.147s] writing manifest file '../../build/telegram_ros2/telegram_ros2.egg-info/SOURCES.txt'
[3.148s] running build
[3.149s] running build_py
[3.149s] creating /home/wego/team_ws/psh030917/py_bt_ros_1/build/telegram_ros2/build
[3.149s] creating /home/wego/team_ws/psh030917/py_bt_ros_1/build/telegram_ros2/build/lib
[3.150s] creating /home/wego/team_ws/psh030917/py_bt_ros_1/build/telegram_ros2/build/lib/telegram_ros2
[3.151s] copying telegram_ros2/__init__.py -> /home/wego/team_ws/psh030917/py_bt_ros_1/build/telegram_ros2/build/lib/telegram_ros2
[3.152s] copying telegram_ros2/telegram_ros2_bridge.py -> /home/wego/team_ws/psh030917/py_bt_ros_1/build/telegram_ros2/build/lib/telegram_ros2
[3.153s] running install
[3.155s] running install_lib
[3.157s] creating /home/wego/team_ws/psh030917/py_bt_ros_1/install/telegram_ros2/lib/python3.10/site-packages/telegram_ros2
[3.157s] copying /home/wego/team_ws/psh030917/py_bt_ros_1/build/telegram_ros2/build/lib/telegram_ros2/__init__.py -> /home/wego/team_ws/psh030917/py_bt_ros_1/install/telegram_ros2/lib/python3.10/site-packages/telegram_ros2
[3.158s] copying /home/wego/team_ws/psh030917/py_bt_ros_1/build/telegram_ros2/build/lib/telegram_ros2/telegram_ros2_bridge.py -> /home/wego/team_ws/psh030917/py_bt_ros_1/install/telegram_ros2/lib/python3.10/site-packages/telegram_ros2
[3.163s] byte-compiling /home/wego/team_ws/psh030917/py_bt_ros_1/install/telegram_ros2/lib/python3.10/site-packages/telegram_ros2/__init__.py to __init__.cpython-310.pyc
[3.165s] byte-compiling /home/wego/team_ws/psh030917/py_bt_ros_1/install/telegram_ros2/lib/python3.10/site-packages/telegram_ros2/telegram_ros2_bridge.py to telegram_ros2_bridge.cpython-310.pyc
[3.175s] running install_data
[3.175s] creating /home/wego/team_ws/psh030917/py_bt_ros_1/install/telegram_ros2/share/ament_index
[3.175s] creating /home/wego/team_ws/psh030917/py_bt_ros_1/install/telegram_ros2/share/ament_index/resource_index
[3.176s] creating /home/wego/team_ws/psh030917/py_bt_ros_1/install/telegram_ros2/share/ament_index/resource_index/packages
[3.176s] copying resource/telegram_ros2 -> /home/wego/team_ws/psh030917/py_bt_ros_1/install/telegram_ros2/share/ament_index/resource_index/packages
[3.176s] copying package.xml -> /home/wego/team_ws/psh030917/py_bt_ros_1/install/telegram_ros2/share/telegram_ros2
[3.176s] copying launch/telegram_bridge.launch.py -> /home/wego/team_ws/psh030917/py_bt_ros_1/install/telegram_ros2/share/telegram_ros2
[3.176s] creating /home/wego/team_ws/psh030917/py_bt_ros_1/install/telegram_ros2/share/telegram_ros2/config
[3.177s] copying config/example_param.yaml -> /home/wego/team_ws/psh030917/py_bt_ros_1/install/telegram_ros2/share/telegram_ros2/config
[3.177s] running install_egg_info
[3.182s] Copying ../../build/telegram_ros2/telegram_ros2.egg-info to /home/wego/team_ws/psh030917/py_bt_ros_1/install/telegram_ros2/lib/python3.10/site-packages/telegram_ros2-0.0.0-py3.10.egg-info
[3.194s] running install_scripts
[3.260s] Installing telegram_ros2_bridge script to /home/wego/team_ws/psh030917/py_bt_ros_1/install/telegram_ros2/lib/telegram_ros2
[3.262s] writing list of installed files to '/home/wego/team_ws/psh030917/py_bt_ros_1/build/telegram_ros2/install.log'
[3.377s] Invoked command in '/home/wego/team_ws/psh030917/py_bt_ros_1/src/telegram_ros2' returned '0': AMENT_PREFIX_PATH=/home/wego/team_ws/psh030917/py_bt_ros_1/install/instant_messaging_interfaces:${AMENT_PREFIX_PATH} CMAKE_PREFIX_PATH=/home/wego/team_ws/psh030917/py_bt_ros_1/install/instant_messaging_interfaces LD_LIBRARY_PATH=/home/wego/team_ws/psh030917/py_bt_ros_1/install/instant_messaging_interfaces/lib:/opt/ros/humble/lib:/usr/lib/aarch64-linux-gnu:/opt/ros/humble/opt/rviz_ogre_vendor/lib:/opt/ros/humble/lib/aarch64-linux-gnu:/opt/ros/humble/lib:/usr/local/cuda-12.6/lib64:/usr/local/TensorRT-10.3.0.26/lib PYTHONPATH=/home/wego/team_ws/psh030917/py_bt_ros_1/build/telegram_ros2/prefix_override:/usr/lib/python3/dist-packages/colcon_core/task/python/colcon_distutils_commands:/home/wego/team_ws/psh030917/py_bt_ros_1/install/telegram_ros2/lib/python3.10/site-packages:/home/wego/team_ws/psh030917/py_bt_ros_1/install/instant_messaging_interfaces/local/lib/python3.10/dist-packages:${PYTHONPATH} /usr/bin/python3 -W ignore:setup.py install is deprecated -W ignore:easy_install command is deprecated setup.py egg_info --egg-base ../../build/telegram_ros2 build --build-base /home/wego/team_ws/psh030917/py_bt_ros_1/build/telegram_ros2/build install --record /home/wego/team_ws/psh030917/py_bt_ros_1/build/telegram_ros2/install.log --install-scripts $base/lib/telegram_ros2 --single-version-externally-managed install_data
