[0.000000] (-) TimerEvent: {}
[0.003973] (limo_fire_py) JobQueued: {'identifier': 'limo_fire_py', 'dependencies': OrderedDict()}
[0.004141] (limo_fire_py) JobStarted: {'identifier': 'limo_fire_py'}
[0.099661] (-) TimerEvent: {}
[0.200046] (-) TimerEvent: {}
[0.300584] (-) TimerEvent: {}
[0.401002] (-) TimerEvent: {}
[0.501394] (-) TimerEvent: {}
[0.601816] (-) TimerEvent: {}
[0.702283] (-) TimerEvent: {}
[0.802704] (-) TimerEvent: {}
[0.903107] (-) TimerEvent: {}
[1.003530] (-) TimerEvent: {}
[1.103932] (-) TimerEvent: {}
[1.204305] (-) TimerEvent: {}
[1.304921] (-) TimerEvent: {}
[1.405335] (-) TimerEvent: {}
[1.505717] (-) TimerEvent: {}
[1.606091] (-) TimerEvent: {}
[1.706602] (-) TimerEvent: {}
[1.807462] (-) TimerEvent: {}
[1.907884] (-) TimerEvent: {}
[2.008915] (limo_fire_py) Command: {'cmd': ['/usr/bin/python3', '-W', 'ignore:setup.py install is deprecated', '-W', 'ignore:easy_install command is deprecated', 'setup.py', 'egg_info', '--egg-base', 'build/limo_fire_py', 'build', '--build-base', '/home/wego/team_ws/MinGeun-SMG/limo_fire_py-main/build/limo_fire_py/build', 'install', '--record', '/home/wego/team_ws/MinGeun-SMG/limo_fire_py-main/build/limo_fire_py/install.log', '--single-version-externally-managed', 'install_data'], 'cwd': '/home/wego/team_ws/MinGeun-SMG/limo_fire_py-main', 'env': {'VSCODE_CWD': '/home/wego', 'VSCODE_ESM_ENTRYPOINT': 'vs/workbench/api/node/extensionHostProcess', 'USER': 'wego', 'SSH_CLIENT': '10.49.12.96 46588 22', 'LC_TIME': 'en_US.UTF-8', 'VSCODE_NLS_CONFIG': '{"userLocale":"en","osLocale":"en","resolvedLanguage":"en","defaultMessagesFile":"/home/wego/.cursor-server/bin/b3573281c4775bfc6bba466bf6563d3d498d1070/out/nls.messages.json","locale":"en","availableLanguages":{}}', 'VSCODE_HANDLES_UNCAUGHT_ERRORS': 'true', 'XDG_SESSION_TYPE': 'tty', 'SHLVL': '0', 'BROWSER': '/home/wego/.cursor-server/bin/b3573281c4775bfc6bba466bf6563d3d498d1070/bin/helpers/browser.sh', 'MOTD_SHOWN': 'pam', 'HOME': '/home/wego', 'OLDPWD': '/home/wego', 'VSCODE_IPC_HOOK_CLI': '/run/user/1000/vscode-ipc-92fb8a85-0603-4bde-9699-6403fa45a2d5.sock', 'JETSON_L4T': '36.4.7', 'JETSON_MODEL': 'NVIDIA Jetson Orin NX Engineering Reference Developer Kit', 'LC_MONETARY': 'en_US.UTF-8', 'NO_COLOR': '1', 'DBUS_SESSION_BUS_ADDRESS': 'unix:path=/run/user/1000/bus', 'VSCODE_L10N_BUNDLE_LOCATION': '', 'LOGNAME': 'wego', 'FORCE_COLOR': '0', 'JETSON_MODULE': 'NVIDIA Jetson Orin Nano (8GB ram)', 'JETSON_SERIAL_NUMBER': '1422325081170', 'VSCODE_HANDLES_SIGPIPE': 'true', '_': '/usr/bin/colcon', 'XDG_SESSION_CLASS': 'user', 'TERM': 'dumb', 'EVERYSPHERE_RIPGREP_PATH': '/home/wego/.cursor-server/bin/b3573281c4775bfc6bba466bf6563d3d498d1070/node_modules/@vscode/ripgrep/bin/rg', 'XDG_SESSION_ID': '7', 'COMPOSER_NO_INTERACTION': '1', 'PATH': '/home/wego/.cursor-server/bin/b3573281c4775bfc6bba466bf6563d3d498d1070/bin/remote-cli:/home/wego/.cursor-server/bin/b3573281c4775bfc6bba466bf6563d3d498d1070/bin/remote-cli:/home/wego/.local/bin:/usr/local/sbin:/usr/local/bin:/usr/sbin:/usr/bin:/sbin:/bin:/usr/games:/usr/local/games:/snap/bin', 'VSCODE_AGENT_FOLDER': '/home/wego/.cursor-server', 'LC_ADDRESS': 'en_US.UTF-8', 'XDG_RUNTIME_DIR': '/run/user/1000', 'CURSOR_AGENT': '1', 'LANG': 'en_US.UTF-8', 'LC_TELEPHONE': 'en_US.UTF-8', 'JETSON_SOC': 'tegra234', 'SHELL': '/bin/bash', 'LC_NAME': 'en_US.UTF-8', 'VSCODE_SERVER_SHUTDOWN_TIMEOUT': '300', 'LC_MEASUREMENT': 'en_US.UTF-8', 'LC_IDENTIFICATION': 'en_US.UTF-8', 'JETSON_CUDA_ARCH_BIN': '8.7', 'PWD': '/home/wego/team_ws/MinGeun-SMG/limo_fire_py-main/build/limo_fire_py', 'LC_ALL': 'en_US.UTF-8', 'SSH_CONNECTION': '10.49.12.96 46588 10.49.12.92 22', 'XDG_DATA_DIRS': '/usr/share/gnome:/usr/local/share:/usr/share:/var/lib/snapd/desktop', 'LC_NUMERIC': 'en_US.UTF-8', 'LC_PAPER': 'en_US.UTF-8', 'COLCON': '1', '_ZO_DOCTOR': '0', 'JETSON_JETPACK': '', 'JETSON_P_NUMBER': 'p3767-0003', 'PYTHONPATH': '/home/wego/team_ws/MinGeun-SMG/limo_fire_py-main/build/limo_fire_py/prefix_override:/usr/lib/python3/dist-packages/colcon_core/task/python/colcon_distutils_commands:/home/wego/team_ws/MinGeun-SMG/limo_fire_py-main/install/limo_fire_py/lib/python3.10/site-packages:'}, 'shell': False}
[2.011806] (-) TimerEvent: {}
[2.112225] (-) TimerEvent: {}
[2.212631] (-) TimerEvent: {}
[2.313023] (-) TimerEvent: {}
[2.413386] (-) TimerEvent: {}
[2.513783] (-) TimerEvent: {}
[2.614207] (-) TimerEvent: {}
[2.663075] (limo_fire_py) StdoutLine: {'line': b'running egg_info\n'}
[2.667628] (limo_fire_py) StdoutLine: {'line': b'writing build/limo_fire_py/limo_fire_py.egg-info/PKG-INFO\n'}
[2.669511] (limo_fire_py) StdoutLine: {'line': b'writing dependency_links to build/limo_fire_py/limo_fire_py.egg-info/dependency_links.txt\n'}
[2.670764] (limo_fire_py) StdoutLine: {'line': b'writing entry points to build/limo_fire_py/limo_fire_py.egg-info/entry_points.txt\n'}
[2.672220] (limo_fire_py) StdoutLine: {'line': b'writing requirements to build/limo_fire_py/limo_fire_py.egg-info/requires.txt\n'}
[2.673124] (limo_fire_py) StdoutLine: {'line': b'writing top-level names to build/limo_fire_py/limo_fire_py.egg-info/top_level.txt\n'}
[2.679227] (limo_fire_py) StdoutLine: {'line': b"reading manifest file 'build/limo_fire_py/limo_fire_py.egg-info/SOURCES.txt'\n"}
[2.686307] (limo_fire_py) StdoutLine: {'line': b"writing manifest file 'build/limo_fire_py/limo_fire_py.egg-info/SOURCES.txt'\n"}
[2.688986] (limo_fire_py) StdoutLine: {'line': b'running build\n'}
[2.690353] (limo_fire_py) StdoutLine: {'line': b'running build_py\n'}
[2.705127] (limo_fire_py) StdoutLine: {'line': b'running install\n'}
[2.706498] (limo_fire_py) StdoutLine: {'line': b'running install_lib\n'}
[2.711844] (limo_fire_py) StdoutLine: {'line': b'running install_data\n'}
[2.713627] (limo_fire_py) StdoutLine: {'line': b'running install_egg_info\n'}
[2.714664] (-) TimerEvent: {}
[2.718841] (limo_fire_py) StdoutLine: {'line': b"removing '/home/wego/team_ws/MinGeun-SMG/limo_fire_py-main/install/limo_fire_py/lib/python3.10/site-packages/limo_fire_py-0.0.0-py3.10.egg-info' (and everything under it)\n"}
[2.722799] (limo_fire_py) StdoutLine: {'line': b'Copying build/limo_fire_py/limo_fire_py.egg-info to /home/wego/team_ws/MinGeun-SMG/limo_fire_py-main/install/limo_fire_py/lib/python3.10/site-packages/limo_fire_py-0.0.0-py3.10.egg-info\n'}
[2.724101] (limo_fire_py) StdoutLine: {'line': b'running install_scripts\n'}
[2.803591] (limo_fire_py) StdoutLine: {'line': b'Installing bt_runner script to /home/wego/team_ws/MinGeun-SMG/limo_fire_py-main/install/limo_fire_py/lib/limo_fire_py\n'}
[2.805412] (limo_fire_py) StdoutLine: {'line': b'Installing bt_visualizer script to /home/wego/team_ws/MinGeun-SMG/limo_fire_py-main/install/limo_fire_py/lib/limo_fire_py\n'}
[2.807106] (limo_fire_py) StdoutLine: {'line': b'Installing fire_alarm_notifier script to /home/wego/team_ws/MinGeun-SMG/limo_fire_py-main/install/limo_fire_py/lib/limo_fire_py\n'}
[2.808997] (limo_fire_py) StdoutLine: {'line': b'Installing fire_safety_controller script to /home/wego/team_ws/MinGeun-SMG/limo_fire_py-main/install/limo_fire_py/lib/limo_fire_py\n'}
[2.809305] (limo_fire_py) StdoutLine: {'line': b'Installing fire_sensor_publisher script to /home/wego/team_ws/MinGeun-SMG/limo_fire_py-main/install/limo_fire_py/lib/limo_fire_py\n'}
[2.811220] (limo_fire_py) StdoutLine: {'line': b'Installing fire_sensor_reader script to /home/wego/team_ws/MinGeun-SMG/limo_fire_py-main/install/limo_fire_py/lib/limo_fire_py\n'}
[2.811492] (limo_fire_py) StdoutLine: {'line': b'Installing pygame_visualizer script to /home/wego/team_ws/MinGeun-SMG/limo_fire_py-main/install/limo_fire_py/lib/limo_fire_py\n'}
[2.812885] (limo_fire_py) StdoutLine: {'line': b"writing list of installed files to '/home/wego/team_ws/MinGeun-SMG/limo_fire_py-main/build/limo_fire_py/install.log'\n"}
[2.814788] (-) TimerEvent: {}
[2.915101] (-) TimerEvent: {}
[2.948538] (limo_fire_py) CommandEnded: {'returncode': 0}
[3.005052] (limo_fire_py) JobEnded: {'identifier': 'limo_fire_py', 'rc': 0}
[3.015379] (-) EventReactorShutdown: {}
