-- The C compiler identification is GNU 11.4.0
-- The CXX compiler identification is GNU 11.4.0
-- Detecting C compiler ABI info
-- Detecting C compiler ABI info - done
-- Check for working C compiler: /usr/bin/cc - skipped
-- Detecting C compile features
-- Detecting C compile features - done
-- Detecting CXX compiler ABI info
-- Detecting CXX compiler ABI info - done
-- Check for working CXX compiler: /usr/bin/c++ - skipped
-- Detecting CXX compile features
-- Detecting CXX compile features - done
-- Found ament_cmake: 1.3.12 (/opt/ros/humble/share/ament_cmake/cmake)
-- Found Python3: /usr/bin/python3 (found version "3.10.12") found components: Interpreter 
-- Found rosidl_default_generators: 1.2.0 (/opt/ros/humble/share/rosidl_default_generators/cmake)
-- Using all available rosidl_typesupport_c: rosidl_typesupport_fastrtps_c;rosidl_typesupport_introspection_c
-- Found rosidl_adapter: 3.1.7 (/opt/ros/humble/share/rosidl_adapter/cmake)
-- Using all available rosidl_typesupport_cpp: rosidl_typesupport_fastrtps_cpp;rosidl_typesupport_introspection_cpp
-- Found ament_cmake_ros: 0.10.0 (/opt/ros/humble/share/ament_cmake_ros/cmake)
-- Using all available rosidl_typesupport_c: rosidl_typesupport_fastrtps_c;rosidl_typesupport_introspection_c
-- Using all available rosidl_typesupport_cpp: rosidl_typesupport_fastrtps_cpp;rosidl_typesupport_introspection_cpp
-- Found PythonInterp: /usr/bin/python3 (found suitable version "3.10.12", minimum required is "3.6") 
-- Found python_cmake_module: 0.10.0 (/opt/ros/humble/share/python_cmake_module/cmake)
-- Found PythonLibs: /usr/lib/aarch64-linux-gnu/libpython3.10.so (found suitable version "3.10.12", minimum required is "3.5") 
-- Using PYTHON_EXECUTABLE: /usr/bin/python3
-- Using PYTHON_INCLUDE_DIRS: /usr/include/python3.10
-- Using PYTHON_LIBRARIES: /usr/lib/aarch64-linux-gnu/libpython3.10.so
-- Found PythonExtra: .so  
-- Found ament_lint_auto: 0.12.14 (/opt/ros/humble/share/ament_lint_auto/cmake)
-- Added test 'lint_cmake' to check CMake code style
-- Added test 'xmllint' to check XML markup files
-- Configuring done
-- Generating done
-- Build files have been written to: /home/wego/team_ws/psh030917/py_bt_ros_1/build/instant_messaging_interfaces
[  3%] [34m[1mGenerating C code for ROS interfaces[0m
[  6%] [34m[1mGenerating C++ code for ROS interfaces[0m
[  6%] Built target ament_cmake_python_copy_instant_messaging_interfaces
[  6%] Built target instant_messaging_interfaces__cpp
[  9%] [34m[1mGenerating C++ introspection for ROS interfaces[0m
running egg_info
creating instant_messaging_interfaces.egg-info
writing instant_messaging_interfaces.egg-info/PKG-INFO
writing dependency_links to instant_messaging_interfaces.egg-info/dependency_links.txt
writing top-level names to instant_messaging_interfaces.egg-info/top_level.txt
writing manifest file 'instant_messaging_interfaces.egg-info/SOURCES.txt'
[ 12%] [34m[1mGenerating C++ type support dispatch for ROS interfaces[0m
reading manifest file 'instant_messaging_interfaces.egg-info/SOURCES.txt'
writing manifest file 'instant_messaging_interfaces.egg-info/SOURCES.txt'
[ 16%] [34m[1mGenerating C++ type support for eProsima Fast-RTPS[0m
[ 16%] Built target ament_cmake_python_build_instant_messaging_interfaces_egg
[ 19%] [32mBuilding C object CMakeFiles/instant_messaging_interfaces__rosidl_generator_c.dir/rosidl_generator_c/instant_messaging_interfaces/msg/detail/options__functions.c.o[0m
[ 22%] [32m[1mLinking C shared library libinstant_messaging_interfaces__rosidl_generator_c.so[0m
[ 25%] [32mBuilding CXX object CMakeFiles/instant_messaging_interfaces__rosidl_typesupport_cpp.dir/rosidl_typesupport_cpp/instant_messaging_interfaces/msg/options__type_support.cpp.o[0m
[ 29%] [32mBuilding CXX object CMakeFiles/instant_messaging_interfaces__rosidl_typesupport_introspection_cpp.dir/rosidl_typesupport_introspection_cpp/instant_messaging_interfaces/msg/detail/options__type_support.cpp.o[0m
[ 29%] Built target instant_messaging_interfaces__rosidl_generator_c
[ 32%] [34m[1mGenerating C type support for eProsima Fast-RTPS[0m
[ 35%] [34m[1mGenerating C type support dispatch for ROS interfaces[0m
[ 38%] [34m[1mGenerating C introspection for ROS interfaces[0m
[ 41%] [32mBuilding CXX object CMakeFiles/instant_messaging_interfaces__rosidl_typesupport_fastrtps_cpp.dir/rosidl_typesupport_fastrtps_cpp/instant_messaging_interfaces/msg/detail/dds_fastrtps/options__type_support.cpp.o[0m
[ 45%] [32mBuilding C object CMakeFiles/instant_messaging_interfaces__rosidl_typesupport_introspection_c.dir/rosidl_typesupport_introspection_c/instant_messaging_interfaces/msg/detail/options__type_support.c.o[0m
[ 48%] [32mBuilding CXX object CMakeFiles/instant_messaging_interfaces__rosidl_typesupport_c.dir/rosidl_typesupport_c/instant_messaging_interfaces/msg/options__type_support.cpp.o[0m
[ 51%] [32m[1mLinking CXX shared library libinstant_messaging_interfaces__rosidl_typesupport_c.so[0m
[ 54%] [32m[1mLinking CXX shared library libinstant_messaging_interfaces__rosidl_typesupport_cpp.so[0m
[ 58%] [32m[1mLinking C shared library libinstant_messaging_interfaces__rosidl_typesupport_introspection_c.so[0m
[ 58%] Built target instant_messaging_interfaces__rosidl_typesupport_c
[ 61%] [32mBuilding CXX object CMakeFiles/instant_messaging_interfaces__rosidl_typesupport_fastrtps_c.dir/rosidl_typesupport_fastrtps_c/instant_messaging_interfaces/msg/detail/options__type_support_c.cpp.o[0m
[ 61%] Built target instant_messaging_interfaces__rosidl_typesupport_cpp
[ 61%] Built target instant_messaging_interfaces__rosidl_typesupport_introspection_c
[ 64%] [32m[1mLinking CXX shared library libinstant_messaging_interfaces__rosidl_typesupport_introspection_cpp.so[0m
[ 64%] Built target instant_messaging_interfaces__rosidl_typesupport_introspection_cpp
[ 67%] [32m[1mLinking CXX shared library libinstant_messaging_interfaces__rosidl_typesupport_fastrtps_c.so[0m
[ 67%] Built target instant_messaging_interfaces__rosidl_typesupport_fastrtps_c
[ 70%] [32m[1mLinking CXX shared library libinstant_messaging_interfaces__rosidl_typesupport_fastrtps_cpp.so[0m
[ 70%] Built target instant_messaging_interfaces__rosidl_typesupport_fastrtps_cpp
[ 70%] Built target instant_messaging_interfaces
[ 74%] [34m[1mGenerating Python code for ROS interfaces[0m
[ 74%] Built target instant_messaging_interfaces__py
[ 77%] [32mBuilding C object CMakeFiles/instant_messaging_interfaces__rosidl_generator_py.dir/rosidl_generator_py/instant_messaging_interfaces/msg/_options_s.c.o[0m
[ 80%] [32m[1mLinking C shared library rosidl_generator_py/instant_messaging_interfaces/libinstant_messaging_interfaces__rosidl_generator_py.so[0m
[ 80%] Built target instant_messaging_interfaces__rosidl_generator_py
[ 83%] [32mBuilding C object CMakeFiles/instant_messaging_interfaces__rosidl_typesupport_fastrtps_c__pyext.dir/rosidl_generator_py/instant_messaging_interfaces/_instant_messaging_interfaces_s.ep.rosidl_typesupport_fastrtps_c.c.o[0m
[ 87%] [32mBuilding C object CMakeFiles/instant_messaging_interfaces__rosidl_typesupport_c__pyext.dir/rosidl_generator_py/instant_messaging_interfaces/_instant_messaging_interfaces_s.ep.rosidl_typesupport_c.c.o[0m
[ 90%] [32mBuilding C object CMakeFiles/instant_messaging_interfaces__rosidl_typesupport_introspection_c__pyext.dir/rosidl_generator_py/instant_messaging_interfaces/_instant_messaging_interfaces_s.ep.rosidl_typesupport_introspection_c.c.o[0m
[ 93%] [32m[1mLinking C shared library rosidl_generator_py/instant_messaging_interfaces/instant_messaging_interfaces_s__rosidl_typesupport_introspection_c.cpython-310-aarch64-linux-gnu.so[0m
[ 96%] [32m[1mLinking C shared library rosidl_generator_py/instant_messaging_interfaces/instant_messaging_interfaces_s__rosidl_typesupport_c.cpython-310-aarch64-linux-gnu.so[0m
[100%] [32m[1mLinking C shared library rosidl_generator_py/instant_messaging_interfaces/instant_messaging_interfaces_s__rosidl_typesupport_fastrtps_c.cpython-310-aarch64-linux-gnu.so[0m
[100%] Built target instant_messaging_interfaces__rosidl_typesupport_introspection_c__pyext
[100%] Built target instant_messaging_interfaces__rosidl_typesupport_fastrtps_c__pyext
[100%] Built target instant_messaging_interfaces__rosidl_typesupport_c__pyext
-- Install configuration: ""
-- Installing: /home/wego/team_ws/psh030917/py_bt_ros_1/install/instant_messaging_interfaces/share/ament_index/resource_index/rosidl_interfaces/instant_messaging_interfaces
-- Installing: /home/wego/team_ws/psh030917/py_bt_ros_1/install/instant_messaging_interfaces/include/instant_messaging_interfaces/instant_messaging_interfaces
-- Installing: /home/wego/team_ws/psh030917/py_bt_ros_1/install/instant_messaging_interfaces/include/instant_messaging_interfaces/instant_messaging_interfaces/msg
-- Installing: /home/wego/team_ws/psh030917/py_bt_ros_1/install/instant_messaging_interfaces/include/instant_messaging_interfaces/instant_messaging_interfaces/msg/rosidl_generator_c__visibility_control.h
-- Installing: /home/wego/team_ws/psh030917/py_bt_ros_1/install/instant_messaging_interfaces/include/instant_messaging_interfaces/instant_messaging_interfaces/msg/detail
-- Installing: /home/wego/team_ws/psh030917/py_bt_ros_1/install/instant_messaging_interfaces/include/instant_messaging_interfaces/instant_messaging_interfaces/msg/detail/options__functions.c
-- Installing: /home/wego/team_ws/psh030917/py_bt_ros_1/install/instant_messaging_interfaces/include/instant_messaging_interfaces/instant_messaging_interfaces/msg/detail/options__functions.h
-- Installing: /home/wego/team_ws/psh030917/py_bt_ros_1/install/instant_messaging_interfaces/include/instant_messaging_interfaces/instant_messaging_interfaces/msg/detail/options__type_support.h
-- Installing: /home/wego/team_ws/psh030917/py_bt_ros_1/install/instant_messaging_interfaces/include/instant_messaging_interfaces/instant_messaging_interfaces/msg/detail/options__struct.h
-- Installing: /home/wego/team_ws/psh030917/py_bt_ros_1/install/instant_messaging_interfaces/include/instant_messaging_interfaces/instant_messaging_interfaces/msg/options.h
-- Installing: /home/wego/team_ws/psh030917/py_bt_ros_1/install/instant_messaging_interfaces/share/instant_messaging_interfaces/environment/library_path.sh
-- Installing: /home/wego/team_ws/psh030917/py_bt_ros_1/install/instant_messaging_interfaces/share/instant_messaging_interfaces/environment/library_path.dsv
-- Installing: /home/wego/team_ws/psh030917/py_bt_ros_1/install/instant_messaging_interfaces/lib/libinstant_messaging_interfaces__rosidl_generator_c.so
-- Set runtime path of "/home/wego/team_ws/psh030917/py_bt_ros_1/install/instant_messaging_interfaces/lib/libinstant_messaging_interfaces__rosidl_generator_c.so" to ""
-- Up-to-date: /home/wego/team_ws/psh030917/py_bt_ros_1/install/instant_messaging_interfaces/include/instant_messaging_interfaces/instant_messaging_interfaces
-- Up-to-date: /home/wego/team_ws/psh030917/py_bt_ros_1/install/instant_messaging_interfaces/include/instant_messaging_interfaces/instant_messaging_interfaces/msg
-- Up-to-date: /home/wego/team_ws/psh030917/py_bt_ros_1/install/instant_messaging_interfaces/include/instant_messaging_interfaces/instant_messaging_interfaces/msg/detail
-- Installing: /home/wego/team_ws/psh030917/py_bt_ros_1/install/instant_messaging_interfaces/include/instant_messaging_interfaces/instant_messaging_interfaces/msg/detail/options__rosidl_typesupport_fastrtps_c.h
-- Installing: /home/wego/team_ws/psh030917/py_bt_ros_1/install/instant_messaging_interfaces/include/instant_messaging_interfaces/instant_messaging_interfaces/msg/rosidl_typesupport_fastrtps_c__visibility_control.h
-- Installing: /home/wego/team_ws/psh030917/py_bt_ros_1/install/instant_messaging_interfaces/lib/libinstant_messaging_interfaces__rosidl_typesupport_fastrtps_c.so
-- Set runtime path of "/home/wego/team_ws/psh030917/py_bt_ros_1/install/instant_messaging_interfaces/lib/libinstant_messaging_interfaces__rosidl_typesupport_fastrtps_c.so" to ""
-- Up-to-date: /home/wego/team_ws/psh030917/py_bt_ros_1/install/instant_messaging_interfaces/include/instant_messaging_interfaces/instant_messaging_interfaces
-- Up-to-date: /home/wego/team_ws/psh030917/py_bt_ros_1/install/instant_messaging_interfaces/include/instant_messaging_interfaces/instant_messaging_interfaces/msg
-- Installing: /home/wego/team_ws/psh030917/py_bt_ros_1/install/instant_messaging_interfaces/include/instant_messaging_interfaces/instant_messaging_interfaces/msg/rosidl_typesupport_introspection_c__visibility_control.h
-- Up-to-date: /home/wego/team_ws/psh030917/py_bt_ros_1/install/instant_messaging_interfaces/include/instant_messaging_interfaces/instant_messaging_interfaces/msg/detail
-- Installing: /home/wego/team_ws/psh030917/py_bt_ros_1/install/instant_messaging_interfaces/include/instant_messaging_interfaces/instant_messaging_interfaces/msg/detail/options__rosidl_typesupport_introspection_c.h
-- Installing: /home/wego/team_ws/psh030917/py_bt_ros_1/install/instant_messaging_interfaces/include/instant_messaging_interfaces/instant_messaging_interfaces/msg/detail/options__type_support.c
-- Installing: /home/wego/team_ws/psh030917/py_bt_ros_1/install/instant_messaging_interfaces/lib/libinstant_messaging_interfaces__rosidl_typesupport_introspection_c.so
-- Set runtime path of "/home/wego/team_ws/psh030917/py_bt_ros_1/install/instant_messaging_interfaces/lib/libinstant_messaging_interfaces__rosidl_typesupport_introspection_c.so" to ""
-- Installing: /home/wego/team_ws/psh030917/py_bt_ros_1/install/instant_messaging_interfaces/lib/libinstant_messaging_interfaces__rosidl_typesupport_c.so
-- Set runtime path of "/home/wego/team_ws/psh030917/py_bt_ros_1/install/instant_messaging_interfaces/lib/libinstant_messaging_interfaces__rosidl_typesupport_c.so" to ""
-- Up-to-date: /home/wego/team_ws/psh030917/py_bt_ros_1/install/instant_messaging_interfaces/include/instant_messaging_interfaces/instant_messaging_interfaces
-- Up-to-date: /home/wego/team_ws/psh030917/py_bt_ros_1/install/instant_messaging_interfaces/include/instant_messaging_interfaces/instant_messaging_interfaces/msg
-- Installing: /home/wego/team_ws/psh030917/py_bt_ros_1/install/instant_messaging_interfaces/include/instant_messaging_interfaces/instant_messaging_interfaces/msg/rosidl_generator_cpp__visibility_control.hpp
-- Installing: /home/wego/team_ws/psh030917/py_bt_ros_1/install/instant_messaging_interfaces/include/instant_messaging_interfaces/instant_messaging_interfaces/msg/options.hpp
-- Up-to-date: /home/wego/team_ws/psh030917/py_bt_ros_1/install/instant_messaging_interfaces/include/instant_messaging_interfaces/instant_messaging_interfaces/msg/detail
-- Installing: /home/wego/team_ws/psh030917/py_bt_ros_1/install/instant_messaging_interfaces/include/instant_messaging_interfaces/instant_messaging_interfaces/msg/detail/options__type_support.hpp
-- Installing: /home/wego/team_ws/psh030917/py_bt_ros_1/install/instant_messaging_interfaces/include/instant_messaging_interfaces/instant_messaging_interfaces/msg/detail/options__traits.hpp
-- Installing: /home/wego/team_ws/psh030917/py_bt_ros_1/install/instant_messaging_interfaces/include/instant_messaging_interfaces/instant_messaging_interfaces/msg/detail/options__struct.hpp
-- Installing: /home/wego/team_ws/psh030917/py_bt_ros_1/install/instant_messaging_interfaces/include/instant_messaging_interfaces/instant_messaging_interfaces/msg/detail/options__builder.hpp
-- Up-to-date: /home/wego/team_ws/psh030917/py_bt_ros_1/install/instant_messaging_interfaces/include/instant_messaging_interfaces/instant_messaging_interfaces
-- Up-to-date: /home/wego/team_ws/psh030917/py_bt_ros_1/install/instant_messaging_interfaces/include/instant_messaging_interfaces/instant_messaging_interfaces/msg
-- Installing: /home/wego/team_ws/psh030917/py_bt_ros_1/install/instant_messaging_interfaces/include/instant_messaging_interfaces/instant_messaging_interfaces/msg/rosidl_typesupport_fastrtps_cpp__visibility_control.h
-- Up-to-date: /home/wego/team_ws/psh030917/py_bt_ros_1/install/instant_messaging_interfaces/include/instant_messaging_interfaces/instant_messaging_interfaces/msg/detail
-- Installing: /home/wego/team_ws/psh030917/py_bt_ros_1/install/instant_messaging_interfaces/include/instant_messaging_interfaces/instant_messaging_interfaces/msg/detail/options__rosidl_typesupport_fastrtps_cpp.hpp
-- Installing: /home/wego/team_ws/psh030917/py_bt_ros_1/install/instant_messaging_interfaces/include/instant_messaging_interfaces/instant_messaging_interfaces/msg/detail/dds_fastrtps
-- Installing: /home/wego/team_ws/psh030917/py_bt_ros_1/install/instant_messaging_interfaces/lib/libinstant_messaging_interfaces__rosidl_typesupport_fastrtps_cpp.so
-- Set runtime path of "/home/wego/team_ws/psh030917/py_bt_ros_1/install/instant_messaging_interfaces/lib/libinstant_messaging_interfaces__rosidl_typesupport_fastrtps_cpp.so" to ""
-- Up-to-date: /home/wego/team_ws/psh030917/py_bt_ros_1/install/instant_messaging_interfaces/include/instant_messaging_interfaces/instant_messaging_interfaces
-- Up-to-date: /home/wego/team_ws/psh030917/py_bt_ros_1/install/instant_messaging_interfaces/include/instant_messaging_interfaces/instant_messaging_interfaces/msg
-- Up-to-date: /home/wego/team_ws/psh030917/py_bt_ros_1/install/instant_messaging_interfaces/include/instant_messaging_interfaces/instant_messaging_interfaces/msg/detail
-- Installing: /home/wego/team_ws/psh030917/py_bt_ros_1/install/instant_messaging_interfaces/include/instant_messaging_interfaces/instant_messaging_interfaces/msg/detail/options__type_support.cpp
-- Installing: /home/wego/team_ws/psh030917/py_bt_ros_1/install/instant_messaging_interfaces/include/instant_messaging_interfaces/instant_messaging_interfaces/msg/detail/options__rosidl_typesupport_introspection_cpp.hpp
-- Installing: /home/wego/team_ws/psh030917/py_bt_ros_1/install/instant_messaging_interfaces/lib/libinstant_messaging_interfaces__rosidl_typesupport_introspection_cpp.so
-- Set runtime path of "/home/wego/team_ws/psh030917/py_bt_ros_1/install/instant_messaging_interfaces/lib/libinstant_messaging_interfaces__rosidl_typesupport_introspection_cpp.so" to ""
-- Installing: /home/wego/team_ws/psh030917/py_bt_ros_1/install/instant_messaging_interfaces/lib/libinstant_messaging_interfaces__rosidl_typesupport_cpp.so
-- Set runtime path of "/home/wego/team_ws/psh030917/py_bt_ros_1/install/instant_messaging_interfaces/lib/libinstant_messaging_interfaces__rosidl_typesupport_cpp.so" to ""
-- Installing: /home/wego/team_ws/psh030917/py_bt_ros_1/install/instant_messaging_interfaces/share/instant_messaging_interfaces/environment/pythonpath.sh
-- Installing: /home/wego/team_ws/psh030917/py_bt_ros_1/install/instant_messaging_interfaces/share/instant_messaging_interfaces/environment/pythonpath.dsv
-- Installing: /home/wego/team_ws/psh030917/py_bt_ros_1/install/instant_messaging_interfaces/local/lib/python3.10/dist-packages/instant_messaging_interfaces-0.0.0-py3.10.egg-info
-- Installing: /home/wego/team_ws/psh030917/py_bt_ros_1/install/instant_messaging_interfaces/local/lib/python3.10/dist-packages/instant_messaging_interfaces-0.0.0-py3.10.egg-info/SOURCES.txt
-- Installing: /home/wego/team_ws/psh030917/py_bt_ros_1/install/instant_messaging_interfaces/local/lib/python3.10/dist-packages/instant_messaging_interfaces-0.0.0-py3.10.egg-info/PKG-INFO
-- Installing: /home/wego/team_ws/psh030917/py_bt_ros_1/install/instant_messaging_interfaces/local/lib/python3.10/dist-packages/instant_messaging_interfaces-0.0.0-py3.10.egg-info/top_level.txt
-- Installing: /home/wego/team_ws/psh030917/py_bt_ros_1/install/instant_messaging_interfaces/local/lib/python3.10/dist-packages/instant_messaging_interfaces-0.0.0-py3.10.egg-info/dependency_links.txt
-- Installing: /home/wego/team_ws/psh030917/py_bt_ros_1/install/instant_messaging_interfaces/local/lib/python3.10/dist-packages/instant_messaging_interfaces
-- Installing: /home/wego/team_ws/psh030917/py_bt_ros_1/install/instant_messaging_interfaces/local/lib/python3.10/dist-packages/instant_messaging_interfaces/instant_messaging_interfaces_s__rosidl_typesupport_introspection_c.cpython-310-aarch64-linux-gnu.so
-- Installing: /home/wego/team_ws/psh030917/py_bt_ros_1/install/instant_messaging_interfaces/local/lib/python3.10/dist-packages/instant_messaging_interfaces/__init__.py
-- Installing: /home/wego/team_ws/psh030917/py_bt_ros_1/install/instant_messaging_interfaces/local/lib/python3.10/dist-packages/instant_messaging_interfaces/msg
-- Installing: /home/wego/team_ws/psh030917/py_bt_ros_1/install/instant_messaging_interfaces/local/lib/python3.10/dist-packages/instant_messaging_interfaces/msg/_options.py
-- Installing: /home/wego/team_ws/psh030917/py_bt_ros_1/install/instant_messaging_interfaces/local/lib/python3.10/dist-packages/instant_messaging_interfaces/msg/__init__.py
-- Installing: /home/wego/team_ws/psh030917/py_bt_ros_1/install/instant_messaging_interfaces/local/lib/python3.10/dist-packages/instant_messaging_interfaces/msg/_options_s.c
-- Installing: /home/wego/team_ws/psh030917/py_bt_ros_1/install/instant_messaging_interfaces/local/lib/python3.10/dist-packages/instant_messaging_interfaces/_instant_messaging_interfaces_s.ep.rosidl_typesupport_fastrtps_c.c
-- Installing: /home/wego/team_ws/psh030917/py_bt_ros_1/install/instant_messaging_interfaces/local/lib/python3.10/dist-packages/instant_messaging_interfaces/libinstant_messaging_interfaces__rosidl_generator_py.so
-- Installing: /home/wego/team_ws/psh030917/py_bt_ros_1/install/instant_messaging_interfaces/local/lib/python3.10/dist-packages/instant_messaging_interfaces/instant_messaging_interfaces_s__rosidl_typesupport_c.cpython-310-aarch64-linux-gnu.so
-- Installing: /home/wego/team_ws/psh030917/py_bt_ros_1/install/instant_messaging_interfaces/local/lib/python3.10/dist-packages/instant_messaging_interfaces/_instant_messaging_interfaces_s.ep.rosidl_typesupport_introspection_c.c
-- Installing: /home/wego/team_ws/psh030917/py_bt_ros_1/install/instant_messaging_interfaces/local/lib/python3.10/dist-packages/instant_messaging_interfaces/_instant_messaging_interfaces_s.ep.rosidl_typesupport_c.c
-- Installing: /home/wego/team_ws/psh030917/py_bt_ros_1/install/instant_messaging_interfaces/local/lib/python3.10/dist-packages/instant_messaging_interfaces/instant_messaging_interfaces_s__rosidl_typesupport_fastrtps_c.cpython-310-aarch64-linux-gnu.so
Listing '/home/wego/team_ws/psh030917/py_bt_ros_1/install/instant_messaging_interfaces/local/lib/python3.10/dist-packages/instant_messaging_interfaces'...
Compiling '/home/wego/team_ws/psh030917/py_bt_ros_1/install/instant_messaging_interfaces/local/lib/python3.10/dist-packages/instant_messaging_interfaces/__init__.py'...
Listing '/home/wego/team_ws/psh030917/py_bt_ros_1/install/instant_messaging_interfaces/local/lib/python3.10/dist-packages/instant_messaging_interfaces/msg'...
Compiling '/home/wego/team_ws/psh030917/py_bt_ros_1/install/instant_messaging_interfaces/local/lib/python3.10/dist-packages/instant_messaging_interfaces/msg/__init__.py'...
Compiling '/home/wego/team_ws/psh030917/py_bt_ros_1/install/instant_messaging_interfaces/local/lib/python3.10/dist-packages/instant_messaging_interfaces/msg/_options.py'...
-- Installing: /home/wego/team_ws/psh030917/py_bt_ros_1/install/instant_messaging_interfaces/local/lib/python3.10/dist-packages/instant_messaging_interfaces/instant_messaging_interfaces_s__rosidl_typesupport_fastrtps_c.cpython-310-aarch64-linux-gnu.so
-- Set runtime path of "/home/wego/team_ws/psh030917/py_bt_ros_1/install/instant_messaging_interfaces/local/lib/python3.10/dist-packages/instant_messaging_interfaces/instant_messaging_interfaces_s__rosidl_typesupport_fastrtps_c.cpython-310-aarch64-linux-gnu.so" to ""
-- Installing: /home/wego/team_ws/psh030917/py_bt_ros_1/install/instant_messaging_interfaces/local/lib/python3.10/dist-packages/instant_messaging_interfaces/instant_messaging_interfaces_s__rosidl_typesupport_introspection_c.cpython-310-aarch64-linux-gnu.so
-- Set runtime path of "/home/wego/team_ws/psh030917/py_bt_ros_1/install/instant_messaging_interfaces/local/lib/python3.10/dist-packages/instant_messaging_interfaces/instant_messaging_interfaces_s__rosidl_typesupport_introspection_c.cpython-310-aarch64-linux-gnu.so" to ""
-- Installing: /home/wego/team_ws/psh030917/py_bt_ros_1/install/instant_messaging_interfaces/local/lib/python3.10/dist-packages/instant_messaging_interfaces/instant_messaging_interfaces_s__rosidl_typesupport_c.cpython-310-aarch64-linux-gnu.so
-- Set runtime path of "/home/wego/team_ws/psh030917/py_bt_ros_1/install/instant_messaging_interfaces/local/lib/python3.10/dist-packages/instant_messaging_interfaces/instant_messaging_interfaces_s__rosidl_typesupport_c.cpython-310-aarch64-linux-gnu.so" to ""
-- Installing: /home/wego/team_ws/psh030917/py_bt_ros_1/install/instant_messaging_interfaces/lib/libinstant_messaging_interfaces__rosidl_generator_py.so
-- Set runtime path of "/home/wego/team_ws/psh030917/py_bt_ros_1/install/instant_messaging_interfaces/lib/libinstant_messaging_interfaces__rosidl_generator_py.so" to ""
-- Installing: /home/wego/team_ws/psh030917/py_bt_ros_1/install/instant_messaging_interfaces/share/instant_messaging_interfaces/msg/Options.idl
-- Installing: /home/wego/team_ws/psh030917/py_bt_ros_1/install/instant_messaging_interfaces/share/instant_messaging_interfaces/msg/Options.msg
-- Installing: /home/wego/team_ws/psh030917/py_bt_ros_1/install/instant_messaging_interfaces/share/ament_index/resource_index/package_run_dependencies/instant_messaging_interfaces
-- Installing: /home/wego/team_ws/psh030917/py_bt_ros_1/install/instant_messaging_interfaces/share/ament_index/resource_index/parent_prefix_path/instant_messaging_interfaces
-- Installing: /home/wego/team_ws/psh030917/py_bt_ros_1/install/instant_messaging_interfaces/share/instant_messaging_interfaces/environment/ament_prefix_path.sh
-- Installing: /home/wego/team_ws/psh030917/py_bt_ros_1/install/instant_messaging_interfaces/share/instant_messaging_interfaces/environment/ament_prefix_path.dsv
-- Installing: /home/wego/team_ws/psh030917/py_bt_ros_1/install/instant_messaging_interfaces/share/instant_messaging_interfaces/environment/path.sh
-- Installing: /home/wego/team_ws/psh030917/py_bt_ros_1/install/instant_messaging_interfaces/share/instant_messaging_interfaces/environment/path.dsv
-- Installing: /home/wego/team_ws/psh030917/py_bt_ros_1/install/instant_messaging_interfaces/share/instant_messaging_interfaces/local_setup.bash
-- Installing: /home/wego/team_ws/psh030917/py_bt_ros_1/install/instant_messaging_interfaces/share/instant_messaging_interfaces/local_setup.sh
-- Installing: /home/wego/team_ws/psh030917/py_bt_ros_1/install/instant_messaging_interfaces/share/instant_messaging_interfaces/local_setup.zsh
-- Installing: /home/wego/team_ws/psh030917/py_bt_ros_1/install/instant_messaging_interfaces/share/instant_messaging_interfaces/local_setup.dsv
-- Installing: /home/wego/team_ws/psh030917/py_bt_ros_1/install/instant_messaging_interfaces/share/instant_messaging_interfaces/package.dsv
-- Installing: /home/wego/team_ws/psh030917/py_bt_ros_1/install/instant_messaging_interfaces/share/ament_index/resource_index/packages/instant_messaging_interfaces
-- Installing: /home/wego/team_ws/psh030917/py_bt_ros_1/install/instant_messaging_interfaces/share/instant_messaging_interfaces/cmake/export_instant_messaging_interfaces__rosidl_generator_cExport.cmake
-- Installing: /home/wego/team_ws/psh030917/py_bt_ros_1/install/instant_messaging_interfaces/share/instant_messaging_interfaces/cmake/export_instant_messaging_interfaces__rosidl_generator_cExport-noconfig.cmake
-- Installing: /home/wego/team_ws/psh030917/py_bt_ros_1/install/instant_messaging_interfaces/share/instant_messaging_interfaces/cmake/export_instant_messaging_interfaces__rosidl_typesupport_fastrtps_cExport.cmake
-- Installing: /home/wego/team_ws/psh030917/py_bt_ros_1/install/instant_messaging_interfaces/share/instant_messaging_interfaces/cmake/export_instant_messaging_interfaces__rosidl_typesupport_fastrtps_cExport-noconfig.cmake
-- Installing: /home/wego/team_ws/psh030917/py_bt_ros_1/install/instant_messaging_interfaces/share/instant_messaging_interfaces/cmake/instant_messaging_interfaces__rosidl_typesupport_introspection_cExport.cmake
-- Installing: /home/wego/team_ws/psh030917/py_bt_ros_1/install/instant_messaging_interfaces/share/instant_messaging_interfaces/cmake/instant_messaging_interfaces__rosidl_typesupport_introspection_cExport-noconfig.cmake
-- Installing: /home/wego/team_ws/psh030917/py_bt_ros_1/install/instant_messaging_interfaces/share/instant_messaging_interfaces/cmake/instant_messaging_interfaces__rosidl_typesupport_cExport.cmake
-- Installing: /home/wego/team_ws/psh030917/py_bt_ros_1/install/instant_messaging_interfaces/share/instant_messaging_interfaces/cmake/instant_messaging_interfaces__rosidl_typesupport_cExport-noconfig.cmake
-- Installing: /home/wego/team_ws/psh030917/py_bt_ros_1/install/instant_messaging_interfaces/share/instant_messaging_interfaces/cmake/export_instant_messaging_interfaces__rosidl_generator_cppExport.cmake
-- Installing: /home/wego/team_ws/psh030917/py_bt_ros_1/install/instant_messaging_interfaces/share/instant_messaging_interfaces/cmake/export_instant_messaging_interfaces__rosidl_typesupport_fastrtps_cppExport.cmake
-- Installing: /home/wego/team_ws/psh030917/py_bt_ros_1/install/instant_messaging_interfaces/share/instant_messaging_interfaces/cmake/export_instant_messaging_interfaces__rosidl_typesupport_fastrtps_cppExport-noconfig.cmake
-- Installing: /home/wego/team_ws/psh030917/py_bt_ros_1/install/instant_messaging_interfaces/share/instant_messaging_interfaces/cmake/instant_messaging_interfaces__rosidl_typesupport_introspection_cppExport.cmake
-- Installing: /home/wego/team_ws/psh030917/py_bt_ros_1/install/instant_messaging_interfaces/share/instant_messaging_interfaces/cmake/instant_messaging_interfaces__rosidl_typesupport_introspection_cppExport-noconfig.cmake
-- Installing: /home/wego/team_ws/psh030917/py_bt_ros_1/install/instant_messaging_interfaces/share/instant_messaging_interfaces/cmake/instant_messaging_interfaces__rosidl_typesupport_cppExport.cmake
-- Installing: /home/wego/team_ws/psh030917/py_bt_ros_1/install/instant_messaging_interfaces/share/instant_messaging_interfaces/cmake/instant_messaging_interfaces__rosidl_typesupport_cppExport-noconfig.cmake
-- Installing: /home/wego/team_ws/psh030917/py_bt_ros_1/install/instant_messaging_interfaces/share/instant_messaging_interfaces/cmake/export_instant_messaging_interfaces__rosidl_generator_pyExport.cmake
-- Installing: /home/wego/team_ws/psh030917/py_bt_ros_1/install/instant_messaging_interfaces/share/instant_messaging_interfaces/cmake/export_instant_messaging_interfaces__rosidl_generator_pyExport-noconfig.cmake
-- Installing: /home/wego/team_ws/psh030917/py_bt_ros_1/install/instant_messaging_interfaces/share/instant_messaging_interfaces/cmake/rosidl_cmake-extras.cmake
-- Installing: /home/wego/team_ws/psh030917/py_bt_ros_1/install/instant_messaging_interfaces/share/instant_messaging_interfaces/cmake/ament_cmake_export_include_directories-extras.cmake
-- Installing: /home/wego/team_ws/psh030917/py_bt_ros_1/install/instant_messaging_interfaces/share/instant_messaging_interfaces/cmake/ament_cmake_export_libraries-extras.cmake
-- Installing: /home/wego/team_ws/psh030917/py_bt_ros_1/install/instant_messaging_interfaces/share/instant_messaging_interfaces/cmake/ament_cmake_export_targets-extras.cmake
-- Installing: /home/wego/team_ws/psh030917/py_bt_ros_1/install/instant_messaging_interfaces/share/instant_messaging_interfaces/cmake/rosidl_cmake_export_typesupport_targets-extras.cmake
-- Installing: /home/wego/team_ws/psh030917/py_bt_ros_1/install/instant_messaging_interfaces/share/instant_messaging_interfaces/cmake/ament_cmake_export_dependencies-extras.cmake
-- Installing: /home/wego/team_ws/psh030917/py_bt_ros_1/install/instant_messaging_interfaces/share/instant_messaging_interfaces/cmake/rosidl_cmake_export_typesupport_libraries-extras.cmake
-- Installing: /home/wego/team_ws/psh030917/py_bt_ros_1/install/instant_messaging_interfaces/share/instant_messaging_interfaces/cmake/instant_messaging_interfacesConfig.cmake
-- Installing: /home/wego/team_ws/psh030917/py_bt_ros_1/install/instant_messaging_interfaces/share/instant_messaging_interfaces/cmake/instant_messaging_interfacesConfig-version.cmake
-- Installing: /home/wego/team_ws/psh030917/py_bt_ros_1/install/instant_messaging_interfaces/share/instant_messaging_interfaces/package.xml
