[0.000000] (-) TimerEvent: {}
[0.000244] (limo_patrol) JobQueued: {'identifier': 'limo_patrol', 'dependencies': OrderedDict()}
[0.001045] (limo_patrol) JobStarted: {'identifier': 'limo_patrol'}
[0.099433] (-) TimerEvent: {}
[0.199799] (-) TimerEvent: {}
[0.300172] (-) TimerEvent: {}
[0.400535] (-) TimerEvent: {}
[0.500952] (-) TimerEvent: {}
[0.601343] (-) TimerEvent: {}
[0.701726] (-) TimerEvent: {}
[0.802109] (-) TimerEvent: {}
[0.902473] (-) TimerEvent: {}
[1.002845] (-) TimerEvent: {}
[1.103256] (-) TimerEvent: {}
[1.203720] (-) TimerEvent: {}
[1.221765] (limo_patrol) Command: {'cmd': ['/usr/bin/python3', '-W', 'ignore:setup.py install is deprecated', '-W', 'ignore:easy_install command is deprecated', 'setup.py', 'egg_info', '--egg-base', 'build/limo_patrol', 'build', '--build-base', '/home/wego/team_ws/han1371/limo_patrol/build/limo_patrol/build', 'install', '--record', '/home/wego/team_ws/han1371/limo_patrol/build/limo_patrol/install.log', '--single-version-externally-managed', 'install_data'], 'cwd': '/home/wego/team_ws/han1371/limo_patrol', 'env': {'VSCODE_CWD': '/home/wego', 'VSCODE_ESM_ENTRYPOINT': 'vs/workbench/api/node/extensionHostProcess', 'USER': 'wego', 'SSH_CLIENT': '10.49.12.96 48692 22', 'LC_TIME': 'en_US.UTF-8', 'VSCODE_NLS_CONFIG': '{"userLocale":"en","osLocale":"en","resolvedLanguage":"en","defaultMessagesFile":"/home/wego/.cursor-server/bin/b3573281c4775bfc6bba466bf6563d3d498d1070/out/nls.messages.json","locale":"en","availableLanguages":{}}', 'VSCODE_HANDLES_UNCAUGHT_ERRORS': 'true', 'XDG_SESSION_TYPE': 'tty', 'SHLVL': '0', 'BROWSER': '/home/wego/.cursor-server/bin/b3573281c4775bfc6bba466bf6563d3d498d1070/bin/helpers/browser.sh', 'MOTD_SHOWN': 'pam', 'HOME': '/home/wego', 'OLDPWD': '/home/wego', 'VSCODE_IPC_HOOK_CLI': '/run/user/1000/vscode-ipc-d03d2d02-c560-476d-b167-44fa1defcf8b.sock', 'JETSON_L4T': '36.4.7', 'JETSON_MODEL': 'NVIDIA Jetson Orin NX Engineering Reference Developer Kit', 'LC_MONETARY': 'en_US.UTF-8', 'NO_COLOR': '1', 'DBUS_SESSION_BUS_ADDRESS': 'unix:path=/run/user/1000/bus', 'VSCODE_L10N_BUNDLE_LOCATION': '', 'LOGNAME': 'wego', 'FORCE_COLOR': '0', 'JETSON_MODULE': 'NVIDIA Jetson Orin Nano (8GB ram)', 'JETSON_SERIAL_NUMBER': '1422325081170', 'VSCODE_HANDLES_SIGPIPE': 'true', '_': '/usr/bin/colcon', 'XDG_SESSION_CLASS': 'user', 'TERM': 'dumb', 'EVERYSPHERE_RIPGREP_PATH': '/home/wego/.cursor-server/bin/b3573281c4775bfc6bba466bf6563d3d498d1070/node_modules/@vscode/ripgrep/bin/rg', 'XDG_SESSION_ID': '4', 'COMPOSER_NO_INTERACTION': '1', 'PATH': '/home/wego/.cursor-server/bin/b3573281c4775bfc6bba466bf6563d3d498d1070/bin/remote-cli:/home/wego/.cursor-server/bin/b3573281c4775bfc6bba466bf6563d3d498d1070/bin/remote-cli:/home/wego/.local/bin:/usr/local/sbin:/usr/local/bin:/usr/sbin:/usr/bin:/sbin:/bin:/usr/games:/usr/local/games:/snap/bin', 'VSCODE_AGENT_FOLDER': '/home/wego/.cursor-server', 'LC_ADDRESS': 'en_US.UTF-8', 'XDG_RUNTIME_DIR': '/run/user/1000', 'CURSOR_AGENT': '1', 'LANG': 'en_US.UTF-8', 'LC_TELEPHONE': 'en_US.UTF-8', 'JETSON_SOC': 'tegra234', 'SHELL': '/bin/bash', 'LC_NAME': 'en_US.UTF-8', 'VSCODE_SERVER_SHUTDOWN_TIMEOUT': '300', 'LC_MEASUREMENT': 'en_US.UTF-8', 'LC_IDENTIFICATION': 'en_US.UTF-8', 'JETSON_CUDA_ARCH_BIN': '8.7', 'PWD': '/home/wego/team_ws/han1371/limo_patrol/build/limo_patrol', 'LC_ALL': 'en_US.UTF-8', 'SSH_CONNECTION': '10.49.12.96 48692 10.49.12.92 22', 'XDG_DATA_DIRS': '/usr/share/gnome:/usr/local/share:/usr/share:/var/lib/snapd/desktop', 'LC_NUMERIC': 'en_US.UTF-8', 'LC_PAPER': 'en_US.UTF-8', 'COLCON': '1', '_ZO_DOCTOR': '0', 'JETSON_JETPACK': '', 'JETSON_P_NUMBER': 'p3767-0003', 'PYTHONPATH': '/home/wego/team_ws/han1371/limo_patrol/build/limo_patrol/prefix_override:/usr/lib/python3/dist-packages/colcon_core/task/python/colcon_distutils_commands:/home/wego/team_ws/han1371/limo_patrol/install/limo_patrol/lib/python3.10/site-packages:'}, 'shell': False}
[1.303859] (-) TimerEvent: {}
[1.404235] (-) TimerEvent: {}
[1.504691] (-) TimerEvent: {}
[1.605054] (-) TimerEvent: {}
[1.677390] (limo_patrol) StdoutLine: {'line': b'running egg_info\n'}
[1.678632] (limo_patrol) StdoutLine: {'line': b'writing build/limo_patrol/limo_patrol.egg-info/PKG-INFO\n'}
[1.679167] (limo_patrol) StdoutLine: {'line': b'writing dependency_links to build/limo_patrol/limo_patrol.egg-info/dependency_links.txt\n'}
[1.679525] (limo_patrol) StdoutLine: {'line': b'writing entry points to build/limo_patrol/limo_patrol.egg-info/entry_points.txt\n'}
[1.680155] (limo_patrol) StdoutLine: {'line': b'writing requirements to build/limo_patrol/limo_patrol.egg-info/requires.txt\n'}
[1.680780] (limo_patrol) StdoutLine: {'line': b'writing top-level names to build/limo_patrol/limo_patrol.egg-info/top_level.txt\n'}
[1.685155] (limo_patrol) StdoutLine: {'line': b"reading manifest file 'build/limo_patrol/limo_patrol.egg-info/SOURCES.txt'\n"}
[1.687265] (limo_patrol) StdoutLine: {'line': b"writing manifest file 'build/limo_patrol/limo_patrol.egg-info/SOURCES.txt'\n"}
[1.687779] (limo_patrol) StdoutLine: {'line': b'running build\n'}
[1.688032] (limo_patrol) StdoutLine: {'line': b'running build_py\n'}
[1.688357] (limo_patrol) StdoutLine: {'line': b'copying limo_patrol/object_perception_lidar_node.py -> /home/wego/team_ws/han1371/limo_patrol/build/limo_patrol/build/lib/limo_patrol\n'}
[1.688708] (limo_patrol) StdoutLine: {'line': b'copying limo_patrol/mode_manager_node.py -> /home/wego/team_ws/han1371/limo_patrol/build/limo_patrol/build/lib/limo_patrol\n'}
[1.689184] (limo_patrol) StdoutLine: {'line': b'running install\n'}
[1.689886] (limo_patrol) StdoutLine: {'line': b'running install_lib\n'}
[1.691550] (limo_patrol) StdoutLine: {'line': b'copying /home/wego/team_ws/han1371/limo_patrol/build/limo_patrol/build/lib/limo_patrol/object_perception_lidar_node.py -> /home/wego/team_ws/han1371/limo_patrol/install/limo_patrol/lib/python3.10/site-packages/limo_patrol\n'}
[1.691995] (limo_patrol) StdoutLine: {'line': b'copying /home/wego/team_ws/han1371/limo_patrol/build/limo_patrol/build/lib/limo_patrol/mode_manager_node.py -> /home/wego/team_ws/han1371/limo_patrol/install/limo_patrol/lib/python3.10/site-packages/limo_patrol\n'}
[1.693187] (limo_patrol) StdoutLine: {'line': b'byte-compiling /home/wego/team_ws/han1371/limo_patrol/install/limo_patrol/lib/python3.10/site-packages/limo_patrol/object_perception_lidar_node.py to object_perception_lidar_node.cpython-310.pyc\n'}
[1.696240] (limo_patrol) StdoutLine: {'line': b'byte-compiling /home/wego/team_ws/han1371/limo_patrol/install/limo_patrol/lib/python3.10/site-packages/limo_patrol/mode_manager_node.py to mode_manager_node.cpython-310.pyc\n'}
[1.697926] (limo_patrol) StdoutLine: {'line': b'running install_data\n'}
[1.698277] (limo_patrol) StdoutLine: {'line': b'copying package.xml -> /home/wego/team_ws/han1371/limo_patrol/install/limo_patrol/share/limo_patrol\n'}
[1.698587] (limo_patrol) StdoutLine: {'line': b'copying launch/limo_patrol.launch.py -> /home/wego/team_ws/han1371/limo_patrol/install/limo_patrol/share/limo_patrol/launch\n'}
[1.698939] (limo_patrol) StdoutLine: {'line': b'running install_egg_info\n'}
[1.702932] (limo_patrol) StdoutLine: {'line': b'Copying build/limo_patrol/limo_patrol.egg-info to /home/wego/team_ws/han1371/limo_patrol/install/limo_patrol/lib/python3.10/site-packages/limo_patrol-0.1.0-py3.10.egg-info\n'}
[1.705122] (-) TimerEvent: {}
[1.705401] (limo_patrol) StdoutLine: {'line': b'running install_scripts\n'}
[1.749659] (limo_patrol) StdoutLine: {'line': b'Installing mode_manager_node script to /home/wego/team_ws/han1371/limo_patrol/install/limo_patrol/lib/limo_patrol\n'}
[1.750194] (limo_patrol) StdoutLine: {'line': b'Installing object_perception_lidar_node script to /home/wego/team_ws/han1371/limo_patrol/install/limo_patrol/lib/limo_patrol\n'}
[1.750734] (limo_patrol) StdoutLine: {'line': b"writing list of installed files to '/home/wego/team_ws/han1371/limo_patrol/build/limo_patrol/install.log'\n"}
[1.805332] (-) TimerEvent: {}
[1.826520] (limo_patrol) CommandEnded: {'returncode': 0}
[1.869203] (limo_patrol) JobEnded: {'identifier': 'limo_patrol', 'rc': 0}
[1.870691] (-) EventReactorShutdown: {}
