[0.309s] colcon DEBUG Command line arguments: ['/usr/bin/colcon', 'build', '--packages-select', 'limo_patrol']
[0.309s] colcon DEBUG Parsed command line arguments: Namespace(log_base=None, log_level=None, verb_name='build', build_base='build', install_base='install', merge_install=False, symlink_install=False, test_result_base=None, continue_on_error=False, executor='parallel', parallel_workers=6, event_handlers=None, ignore_user_meta=False, metas=['./colcon.meta'], base_paths=['.'], packages_ignore=None, packages_ignore_regex=None, paths=None, packages_up_to=None, packages_up_to_regex=None, packages_above=None, packages_above_and_dependencies=None, packages_above_depth=None, packages_select_by_dep=None, packages_skip_by_dep=None, packages_skip_up_to=None, packages_select_build_failed=False, packages_skip_build_finished=False, packages_select_test_failures=False, packages_skip_test_passed=False, packages_select=['limo_patrol'], packages_skip=None, packages_select_regex=None, packages_skip_regex=None, packages_start=None, packages_end=None, allow_overriding=[], cmake_args=None, cmake_target=None, cmake_target_skip_unavailable=False, cmake_clean_cache=False, cmake_clean_first=False, cmake_force_configure=False, ament_cmake_args=None, catkin_cmake_args=None, catkin_skip_building_tests=False, mixin_files=None, mixin=None, verb_parser=<colcon_mixin.mixin.mixin_argument.MixinArgumentDecorator object at 0xffff8be44670>, verb_extension=<colcon_core.verb.build.BuildVerb object at 0xffff8c027c70>, main=<bound method BuildVerb.main of <colcon_core.verb.build.BuildVerb object at 0xffff8c027c70>>, mixin_verb=('build',))
[0.706s] colcon.colcon_core.package_discovery Level 1 discover_packages(colcon_meta) check parameters
[0.707s] colcon.colcon_core.package_discovery Level 1 discover_packages(recursive) check parameters
[0.707s] colcon.colcon_core.package_discovery Level 1 discover_packages(ignore) check parameters
[0.707s] colcon.colcon_core.package_discovery Level 1 discover_packages(path) check parameters
[0.707s] colcon.colcon_core.package_discovery Level 1 discover_packages(colcon_meta) discover
[0.707s] colcon.colcon_core.package_discovery Level 1 discover_packages(recursive) discover
[0.707s] colcon.colcon_core.package_discovery INFO Crawling recursively for packages in '/home/wego/team_ws/han1371/limo_patrol'
[0.708s] colcon.colcon_core.package_identification Level 1 _identify(.) by extensions ['ignore', 'ignore_ament_install']
[0.708s] colcon.colcon_core.package_identification Level 1 _identify(.) by extension 'ignore'
[0.708s] colcon.colcon_core.package_identification Level 1 _identify(.) by extension 'ignore_ament_install'
[0.708s] colcon.colcon_core.package_identification Level 1 _identify(.) by extensions ['colcon_pkg']
[0.709s] colcon.colcon_core.package_identification Level 1 _identify(.) by extension 'colcon_pkg'
[0.709s] colcon.colcon_core.package_identification Level 1 _identify(.) by extensions ['colcon_meta']
[0.709s] colcon.colcon_core.package_identification Level 1 _identify(.) by extension 'colcon_meta'
[0.709s] colcon.colcon_core.package_identification Level 1 _identify(.) by extensions ['ros']
[0.709s] colcon.colcon_core.package_identification Level 1 _identify(.) by extension 'ros'
[0.743s] colcon.colcon_core.package_identification DEBUG Package '.' with type 'ros.ament_python' and name 'limo_patrol'
[0.743s] colcon.colcon_core.package_discovery Level 1 discover_packages(recursive) using defaults
[0.744s] colcon.colcon_core.package_discovery Level 1 discover_packages(ignore) discover
[0.744s] colcon.colcon_core.package_discovery Level 1 discover_packages(ignore) using defaults
[0.744s] colcon.colcon_core.package_discovery Level 1 discover_packages(path) discover
[0.744s] colcon.colcon_core.package_discovery Level 1 discover_packages(path) using defaults
[0.786s] colcon.colcon_core.package_discovery Level 1 discover_packages(prefix_path) check parameters
[0.787s] colcon.colcon_core.package_discovery Level 1 discover_packages(prefix_path) discover
[0.790s] colcon.colcon_core.package_discovery Level 1 discover_packages(prefix_path) using defaults
[0.828s] colcon.colcon_core.verb Level 5 set package 'limo_patrol' build argument 'cmake_args' from command line to 'None'
[0.829s] colcon.colcon_core.verb Level 5 set package 'limo_patrol' build argument 'cmake_target' from command line to 'None'
[0.829s] colcon.colcon_core.verb Level 5 set package 'limo_patrol' build argument 'cmake_target_skip_unavailable' from command line to 'False'
[0.829s] colcon.colcon_core.verb Level 5 set package 'limo_patrol' build argument 'cmake_clean_cache' from command line to 'False'
[0.829s] colcon.colcon_core.verb Level 5 set package 'limo_patrol' build argument 'cmake_clean_first' from command line to 'False'
[0.829s] colcon.colcon_core.verb Level 5 set package 'limo_patrol' build argument 'cmake_force_configure' from command line to 'False'
[0.829s] colcon.colcon_core.verb Level 5 set package 'limo_patrol' build argument 'ament_cmake_args' from command line to 'None'
[0.829s] colcon.colcon_core.verb Level 5 set package 'limo_patrol' build argument 'catkin_cmake_args' from command line to 'None'
[0.829s] colcon.colcon_core.verb Level 5 set package 'limo_patrol' build argument 'catkin_skip_building_tests' from command line to 'False'
[0.829s] colcon.colcon_core.verb DEBUG Building package 'limo_patrol' with the following arguments: {'ament_cmake_args': None, 'build_base': '/home/wego/team_ws/han1371/limo_patrol/build/limo_patrol', 'catkin_cmake_args': None, 'catkin_skip_building_tests': False, 'cmake_args': None, 'cmake_clean_cache': False, 'cmake_clean_first': False, 'cmake_force_configure': False, 'cmake_target': None, 'cmake_target_skip_unavailable': False, 'install_base': '/home/wego/team_ws/han1371/limo_patrol/install/limo_patrol', 'merge_install': False, 'path': '/home/wego/team_ws/han1371/limo_patrol', 'symlink_install': False, 'test_result_base': None}
[0.830s] colcon.colcon_core.executor INFO Executing jobs using 'parallel' executor
[0.832s] colcon.colcon_parallel_executor.executor.parallel DEBUG run_until_complete
[0.833s] colcon.colcon_ros.task.ament_python.build INFO Building ROS package in '/home/wego/team_ws/han1371/limo_patrol' with build type 'ament_python'
[0.833s] colcon.colcon_core.shell Level 1 create_environment_hook('limo_patrol', 'ament_prefix_path')
[0.842s] colcon.colcon_core.plugin_system INFO Skipping extension 'colcon_core.shell.bat': Not used on non-Windows systems
[0.842s] colcon.colcon_core.shell INFO Creating environment hook '/home/wego/team_ws/han1371/limo_patrol/install/limo_patrol/share/limo_patrol/hook/ament_prefix_path.ps1'
[0.845s] colcon.colcon_core.shell INFO Creating environment descriptor '/home/wego/team_ws/han1371/limo_patrol/install/limo_patrol/share/limo_patrol/hook/ament_prefix_path.dsv'
[0.846s] colcon.colcon_core.shell INFO Creating environment hook '/home/wego/team_ws/han1371/limo_patrol/install/limo_patrol/share/limo_patrol/hook/ament_prefix_path.sh'
[0.849s] colcon.colcon_core.shell INFO Skip shell extension 'powershell' for command environment: Not usable outside of PowerShell
[0.849s] colcon.colcon_core.shell DEBUG Skip shell extension 'dsv' for command environment
[1.342s] colcon.colcon_core.task.python.build INFO Building Python package in '/home/wego/team_ws/han1371/limo_patrol'
[1.343s] colcon.colcon_core.shell INFO Skip shell extension 'powershell' for command environment: Not usable outside of PowerShell
[1.343s] colcon.colcon_core.shell DEBUG Skip shell extension 'dsv' for command environment
[2.058s] colcon.colcon_core.event_handler.log_command DEBUG Invoking command in '/home/wego/team_ws/han1371/limo_patrol': PYTHONPATH=/home/wego/team_ws/han1371/limo_patrol/build/limo_patrol/prefix_override:/usr/lib/python3/dist-packages/colcon_core/task/python/colcon_distutils_commands:/home/wego/team_ws/han1371/limo_patrol/install/limo_patrol/lib/python3.10/site-packages: /usr/bin/python3 -W ignore:setup.py install is deprecated -W ignore:easy_install command is deprecated setup.py egg_info --egg-base build/limo_patrol build --build-base /home/wego/team_ws/han1371/limo_patrol/build/limo_patrol/build install --record /home/wego/team_ws/han1371/limo_patrol/build/limo_patrol/install.log --single-version-externally-managed install_data
[2.660s] colcon.colcon_core.event_handler.log_command DEBUG Invoked command in '/home/wego/team_ws/han1371/limo_patrol' returned '0': PYTHONPATH=/home/wego/team_ws/han1371/limo_patrol/build/limo_patrol/prefix_override:/usr/lib/python3/dist-packages/colcon_core/task/python/colcon_distutils_commands:/home/wego/team_ws/han1371/limo_patrol/install/limo_patrol/lib/python3.10/site-packages: /usr/bin/python3 -W ignore:setup.py install is deprecated -W ignore:easy_install command is deprecated setup.py egg_info --egg-base build/limo_patrol build --build-base /home/wego/team_ws/han1371/limo_patrol/build/limo_patrol/build install --record /home/wego/team_ws/han1371/limo_patrol/build/limo_patrol/install.log --single-version-externally-managed install_data
[2.670s] colcon.colcon_core.environment Level 1 checking '/home/wego/team_ws/han1371/limo_patrol/install/limo_patrol' for CMake module files
[2.671s] colcon.colcon_core.environment Level 1 checking '/home/wego/team_ws/han1371/limo_patrol/install/limo_patrol' for CMake config files
[2.673s] colcon.colcon_core.environment Level 1 checking '/home/wego/team_ws/han1371/limo_patrol/install/limo_patrol/lib'
[2.674s] colcon.colcon_core.environment Level 1 checking '/home/wego/team_ws/han1371/limo_patrol/install/limo_patrol/bin'
[2.674s] colcon.colcon_core.environment Level 1 checking '/home/wego/team_ws/han1371/limo_patrol/install/limo_patrol/lib/pkgconfig/limo_patrol.pc'
[2.675s] colcon.colcon_core.environment Level 1 checking '/home/wego/team_ws/han1371/limo_patrol/install/limo_patrol/lib/python3.10/site-packages'
[2.676s] colcon.colcon_core.shell Level 1 create_environment_hook('limo_patrol', 'pythonpath')
[2.676s] colcon.colcon_core.shell INFO Creating environment hook '/home/wego/team_ws/han1371/limo_patrol/install/limo_patrol/share/limo_patrol/hook/pythonpath.ps1'
[2.677s] colcon.colcon_core.shell INFO Creating environment descriptor '/home/wego/team_ws/han1371/limo_patrol/install/limo_patrol/share/limo_patrol/hook/pythonpath.dsv'
[2.679s] colcon.colcon_core.shell INFO Creating environment hook '/home/wego/team_ws/han1371/limo_patrol/install/limo_patrol/share/limo_patrol/hook/pythonpath.sh'
[2.681s] colcon.colcon_core.environment Level 1 checking '/home/wego/team_ws/han1371/limo_patrol/install/limo_patrol/bin'
[2.682s] colcon.colcon_core.environment Level 1 create_environment_scripts_only(limo_patrol)
[2.683s] colcon.colcon_core.shell INFO Creating package script '/home/wego/team_ws/han1371/limo_patrol/install/limo_patrol/share/limo_patrol/package.ps1'
[2.686s] colcon.colcon_core.shell INFO Creating package descriptor '/home/wego/team_ws/han1371/limo_patrol/install/limo_patrol/share/limo_patrol/package.dsv'
[2.689s] colcon.colcon_core.shell INFO Creating package script '/home/wego/team_ws/han1371/limo_patrol/install/limo_patrol/share/limo_patrol/package.sh'
[2.693s] colcon.colcon_core.shell INFO Creating package script '/home/wego/team_ws/han1371/limo_patrol/install/limo_patrol/share/limo_patrol/package.bash'
[2.697s] colcon.colcon_core.shell INFO Creating package script '/home/wego/team_ws/han1371/limo_patrol/install/limo_patrol/share/limo_patrol/package.zsh'
[2.700s] colcon.colcon_core.environment Level 1 create_file_with_runtime_dependencies(/home/wego/team_ws/han1371/limo_patrol/install/limo_patrol/share/colcon-core/packages/limo_patrol)
[2.701s] colcon.colcon_parallel_executor.executor.parallel DEBUG closing loop
[2.701s] colcon.colcon_parallel_executor.executor.parallel DEBUG loop closed
[2.702s] colcon.colcon_parallel_executor.executor.parallel DEBUG run_until_complete finished with '0'
[2.702s] colcon.colcon_core.event_reactor DEBUG joining thread
[2.721s] colcon.colcon_core.plugin_system INFO Skipping extension 'colcon_notification.desktop_notification.terminal_notifier': Not used on non-Darwin systems
[2.721s] colcon.colcon_core.plugin_system INFO Skipping extension 'colcon_notification.desktop_notification.win32': Not used on non-Windows systems
[2.721s] colcon.colcon_notification.desktop_notification INFO Sending desktop notification using 'notify2'
[2.802s] colcon.colcon_core.event_reactor DEBUG joined thread
[2.804s] colcon.colcon_core.shell INFO Creating prefix script '/home/wego/team_ws/han1371/limo_patrol/install/local_setup.ps1'
[2.809s] colcon.colcon_core.shell INFO Creating prefix util module '/home/wego/team_ws/han1371/limo_patrol/install/_local_setup_util_ps1.py'
[2.817s] colcon.colcon_core.shell INFO Creating prefix chain script '/home/wego/team_ws/han1371/limo_patrol/install/setup.ps1'
[2.821s] colcon.colcon_core.shell INFO Creating prefix script '/home/wego/team_ws/han1371/limo_patrol/install/local_setup.sh'
[2.824s] colcon.colcon_core.shell INFO Creating prefix util module '/home/wego/team_ws/han1371/limo_patrol/install/_local_setup_util_sh.py'
[2.826s] colcon.colcon_core.shell INFO Creating prefix chain script '/home/wego/team_ws/han1371/limo_patrol/install/setup.sh'
[2.829s] colcon.colcon_core.shell INFO Creating prefix script '/home/wego/team_ws/han1371/limo_patrol/install/local_setup.bash'
[2.831s] colcon.colcon_core.shell INFO Creating prefix chain script '/home/wego/team_ws/han1371/limo_patrol/install/setup.bash'
[2.834s] colcon.colcon_core.shell INFO Creating prefix script '/home/wego/team_ws/han1371/limo_patrol/install/local_setup.zsh'
[2.836s] colcon.colcon_core.shell INFO Creating prefix chain script '/home/wego/team_ws/han1371/limo_patrol/install/setup.zsh'
