detected ROS_DISTRO=ROS_HUMBLE
CMake Warning at CMakeLists.txt:27 (find_package):
  Could not find a configuration file for package "VPI" that is compatible
  with requested version "2.0".

  The following configuration files were considered but not accepted:

    /usr/lib/cmake/vpi3/vpi-config.cmake, version: 3.2.4
    /lib/cmake/vpi3/vpi-config.cmake, version: 3.2.4



detected ROS2 (ament_cmake)
In file included from /home/wego/jetson-inference/build/aarch64/include/jetson-inference/detectNet.h:27,
                 from /home/wego/team_ws/psh030917/nface_ws/src/ros_deep_learning/src/node_detectnet.cpp:26:
/home/wego/jetson-inference/build/aarch64/include/jetson-inference/tensorNet.h:239:105: warning: ‘IInt8Calibrator’ is deprecated [-Wdeprecated-declarations]
  239 |                                    nvinfer1::IInt8Calibrator* calibrator=NULL, cudaStream_t stream=NULL );
      |                                                                                                         ^
In file included from /home/wego/jetson-inference/build/aarch64/include/jetson-inference/tensorNet.h:30,
                 from /home/wego/jetson-inference/build/aarch64/include/jetson-inference/detectNet.h:27,
                 from /home/wego/team_ws/psh030917/nface_ws/src/ros_deep_learning/src/node_detectnet.cpp:26:
/usr/include/aarch64-linux-gnu/NvInfer.h:7677:22: note: declared here
 7677 | class TRT_DEPRECATED IInt8Calibrator : public IVersionedInterface
      |                      ^~~~~~~~~~~~~~~
In file included from /home/wego/jetson-inference/build/aarch64/include/jetson-inference/detectNet.h:27,
                 from /home/wego/team_ws/psh030917/nface_ws/src/ros_deep_learning/src/node_detectnet.cpp:26:
/home/wego/jetson-inference/build/aarch64/include/jetson-inference/tensorNet.h:254:105: warning: ‘IInt8Calibrator’ is deprecated [-Wdeprecated-declarations]
  254 |                                    nvinfer1::IInt8Calibrator* calibrator=NULL, cudaStream_t stream=NULL );
      |                                                                                                         ^
In file included from /home/wego/jetson-inference/build/aarch64/include/jetson-inference/tensorNet.h:30,
                 from /home/wego/jetson-inference/build/aarch64/include/jetson-inference/detectNet.h:27,
                 from /home/wego/team_ws/psh030917/nface_ws/src/ros_deep_learning/src/node_detectnet.cpp:26:
/usr/include/aarch64-linux-gnu/NvInfer.h:7677:22: note: declared here
 7677 | class TRT_DEPRECATED IInt8Calibrator : public IVersionedInterface
      |                      ^~~~~~~~~~~~~~~
In file included from /home/wego/jetson-inference/build/aarch64/include/jetson-inference/detectNet.h:27,
                 from /home/wego/team_ws/psh030917/nface_ws/src/ros_deep_learning/src/node_detectnet.cpp:26:
/home/wego/jetson-inference/build/aarch64/include/jetson-inference/tensorNet.h:271:105: warning: ‘IInt8Calibrator’ is deprecated [-Wdeprecated-declarations]
  271 |                                    nvinfer1::IInt8Calibrator* calibrator=NULL, cudaStream_t stream=NULL );
      |                                                                                                         ^
In file included from /home/wego/jetson-inference/build/aarch64/include/jetson-inference/tensorNet.h:30,
                 from /home/wego/jetson-inference/build/aarch64/include/jetson-inference/detectNet.h:27,
                 from /home/wego/team_ws/psh030917/nface_ws/src/ros_deep_learning/src/node_detectnet.cpp:26:
/usr/include/aarch64-linux-gnu/NvInfer.h:7677:22: note: declared here
 7677 | class TRT_DEPRECATED IInt8Calibrator : public IVersionedInterface
      |                      ^~~~~~~~~~~~~~~
In file included from /home/wego/jetson-inference/build/aarch64/include/jetson-inference/detectNet.h:27,
                 from /home/wego/team_ws/psh030917/nface_ws/src/ros_deep_learning/src/node_detectnet.cpp:26:
/home/wego/jetson-inference/build/aarch64/include/jetson-inference/tensorNet.h:289:105: warning: ‘IInt8Calibrator’ is deprecated [-Wdeprecated-declarations]
  289 |                                    nvinfer1::IInt8Calibrator* calibrator=NULL, cudaStream_t stream=NULL );
      |                                                                                                         ^
In file included from /home/wego/jetson-inference/build/aarch64/include/jetson-inference/tensorNet.h:30,
                 from /home/wego/jetson-inference/build/aarch64/include/jetson-inference/detectNet.h:27,
                 from /home/wego/team_ws/psh030917/nface_ws/src/ros_deep_learning/src/node_detectnet.cpp:26:
/usr/include/aarch64-linux-gnu/NvInfer.h:7677:22: note: declared here
 7677 | class TRT_DEPRECATED IInt8Calibrator : public IVersionedInterface
      |                      ^~~~~~~~~~~~~~~
In file included from /home/wego/jetson-inference/build/aarch64/include/jetson-inference/detectNet.h:27,
                 from /home/wego/team_ws/psh030917/nface_ws/src/ros_deep_learning/src/node_detectnet.cpp:26:
/home/wego/jetson-inference/build/aarch64/include/jetson-inference/tensorNet.h:308:105: warning: ‘IInt8Calibrator’ is deprecated [-Wdeprecated-declarations]
  308 |                                    nvinfer1::IInt8Calibrator* calibrator=NULL, cudaStream_t stream=NULL );
      |                                                                                                         ^
In file included from /home/wego/jetson-inference/build/aarch64/include/jetson-inference/tensorNet.h:30,
                 from /home/wego/jetson-inference/build/aarch64/include/jetson-inference/detectNet.h:27,
                 from /home/wego/team_ws/psh030917/nface_ws/src/ros_deep_learning/src/node_detectnet.cpp:26:
/usr/include/aarch64-linux-gnu/NvInfer.h:7677:22: note: declared here
 7677 | class TRT_DEPRECATED IInt8Calibrator : public IVersionedInterface
      |                      ^~~~~~~~~~~~~~~
In file included from /home/wego/jetson-inference/build/aarch64/include/jetson-inference/detectNet.h:27,
                 from /home/wego/team_ws/psh030917/nface_ws/src/ros_deep_learning/src/node_detectnet.cpp:26:
/home/wego/jetson-inference/build/aarch64/include/jetson-inference/tensorNet.h:635:116: warning: ‘IInt8Calibrator’ is deprecated [-Wdeprecated-declarations]
  635 |                                     nvinfer1::IInt8Calibrator* calibrator, char** engineStream, size_t* engineSize );
      |                                                                                                                    ^
In file included from /home/wego/jetson-inference/build/aarch64/include/jetson-inference/tensorNet.h:30,
                 from /home/wego/jetson-inference/build/aarch64/include/jetson-inference/detectNet.h:27,
                 from /home/wego/team_ws/psh030917/nface_ws/src/ros_deep_learning/src/node_detectnet.cpp:26:
/usr/include/aarch64-linux-gnu/NvInfer.h:7677:22: note: declared here
 7677 | class TRT_DEPRECATED IInt8Calibrator : public IVersionedInterface
      |                      ^~~~~~~~~~~~~~~
In file included from /home/wego/jetson-inference/build/aarch64/include/jetson-inference/detectNet.h:27,
                 from /home/wego/team_ws/psh030917/nface_ws/src/ros_deep_learning/src/node_detectnet.cpp:26:
/home/wego/jetson-inference/build/aarch64/include/jetson-inference/tensorNet.h:644:82: warning: ‘IInt8Calibrator’ is deprecated [-Wdeprecated-declarations]
  644 |                                            nvinfer1::IInt8Calibrator* calibrator );
      |                                                                                  ^
In file included from /home/wego/jetson-inference/build/aarch64/include/jetson-inference/tensorNet.h:30,
                 from /home/wego/jetson-inference/build/aarch64/include/jetson-inference/detectNet.h:27,
                 from /home/wego/team_ws/psh030917/nface_ws/src/ros_deep_learning/src/node_detectnet.cpp:26:
/usr/include/aarch64-linux-gnu/NvInfer.h:7677:22: note: declared here
 7677 | class TRT_DEPRECATED IInt8Calibrator : public IVersionedInterface
      |                      ^~~~~~~~~~~~~~~
