detected ROS_DISTRO=ROS_HUMBLE
CMake Warning at CMakeLists.txt:27 (find_package):
  Could not find a configuration file for package "VPI" that is compatible
  with requested version "2.0".

  The following configuration files were considered but not accepted:

    /usr/lib/cmake/vpi3/vpi-config.cmake, version: 3.2.4
    /lib/cmake/vpi3/vpi-config.cmake, version: 3.2.4



-- Override CMake install command with custom implementation using symlinks instead of copying resources
detected ROS2 (ament_cmake)
-- Found rclcpp: 16.0.16 (/opt/ros/humble/share/rclcpp/cmake)
-- Found rosidl_generator_c: 3.1.7 (/opt/ros/humble/share/rosidl_generator_c/cmake)
-- Found rosidl_adapter: 3.1.7 (/opt/ros/humble/share/rosidl_adapter/cmake)
-- Found rosidl_generator_cpp: 3.1.7 (/opt/ros/humble/share/rosidl_generator_cpp/cmake)
-- Using all available rosidl_typesupport_c: rosidl_typesupport_fastrtps_c;rosidl_typesupport_introspection_c
-- Using all available rosidl_typesupport_cpp: rosidl_typesupport_fastrtps_cpp;rosidl_typesupport_introspection_cpp
-- Found rmw_implementation_cmake: 6.1.2 (/opt/ros/humble/share/rmw_implementation_cmake/cmake)
-- Found rmw_fastrtps_cpp: 6.2.9 (/opt/ros/humble/share/rmw_fastrtps_cpp/cmake)
-- Using RMW implementation 'rmw_fastrtps_cpp' as default
-- Found sensor_msgs: 4.9.0 (/opt/ros/humble/share/sensor_msgs/cmake)
-- Found vision_msgs: 4.1.1 (/opt/ros/humble/share/vision_msgs/cmake)
-- Configuring done
-- Generating done
-- Build files have been written to: /home/wego/team_ws/psh030917/nface_ws/build/ros_deep_learning
Consolidate compiler generated dependencies of target imagenet
Consolidate compiler generated dependencies of target detectnet
Consolidate compiler generated dependencies of target video_source
Consolidate compiler generated dependencies of target segnet
Consolidate compiler generated dependencies of target video_output
[ 45%] Built target video_output
[ 25%] Building CXX object CMakeFiles/detectnet.dir/src/node_detectnet.cpp.o
[ 50%] Built target segnet
[ 65%] Built target video_source
[ 85%] Built target imagenet
In file included from /home/wego/jetson-inference/build/aarch64/include/jetson-inference/detectNet.h:27,
                 from /home/wego/team_ws/psh030917/nface_ws/src/ros_deep_learning/src/node_detectnet.cpp:26:
/home/wego/jetson-inference/build/aarch64/include/jetson-inference/tensorNet.h:239:105: warning: ‘IInt8Calibrator’ is deprecated [-Wdeprecated-declarations]
  239 |                                    nvinfer1::IInt8Calibrator* calibrator=NULL, cudaStream_t stream=NULL );
      |                                                                                                         ^
In file included from /home/wego/jetson-inference/build/aarch64/include/jetson-inference/tensorNet.h:30,
                 from /home/wego/jetson-inference/build/aarch64/include/jetson-inference/detectNet.h:27,
                 from /home/wego/team_ws/psh030917/nface_ws/src/ros_deep_learning/src/node_detectnet.cpp:26:
/usr/include/aarch64-linux-gnu/NvInfer.h:7677:22: note: declared here
 7677 | class TRT_DEPRECATED IInt8Calibrator : public IVersionedInterface
      |                      ^~~~~~~~~~~~~~~
In file included from /home/wego/jetson-inference/build/aarch64/include/jetson-inference/detectNet.h:27,
                 from /home/wego/team_ws/psh030917/nface_ws/src/ros_deep_learning/src/node_detectnet.cpp:26:
/home/wego/jetson-inference/build/aarch64/include/jetson-inference/tensorNet.h:254:105: warning: ‘IInt8Calibrator’ is deprecated [-Wdeprecated-declarations]
  254 |                                    nvinfer1::IInt8Calibrator* calibrator=NULL, cudaStream_t stream=NULL );
      |                                                                                                         ^
In file included from /home/wego/jetson-inference/build/aarch64/include/jetson-inference/tensorNet.h:30,
                 from /home/wego/jetson-inference/build/aarch64/include/jetson-inference/detectNet.h:27,
                 from /home/wego/team_ws/psh030917/nface_ws/src/ros_deep_learning/src/node_detectnet.cpp:26:
/usr/include/aarch64-linux-gnu/NvInfer.h:7677:22: note: declared here
 7677 | class TRT_DEPRECATED IInt8Calibrator : public IVersionedInterface
      |                      ^~~~~~~~~~~~~~~
In file included from /home/wego/jetson-inference/build/aarch64/include/jetson-inference/detectNet.h:27,
                 from /home/wego/team_ws/psh030917/nface_ws/src/ros_deep_learning/src/node_detectnet.cpp:26:
/home/wego/jetson-inference/build/aarch64/include/jetson-inference/tensorNet.h:271:105: warning: ‘IInt8Calibrator’ is deprecated [-Wdeprecated-declarations]
  271 |                                    nvinfer1::IInt8Calibrator* calibrator=NULL, cudaStream_t stream=NULL );
      |                                                                                                         ^
In file included from /home/wego/jetson-inference/build/aarch64/include/jetson-inference/tensorNet.h:30,
                 from /home/wego/jetson-inference/build/aarch64/include/jetson-inference/detectNet.h:27,
                 from /home/wego/team_ws/psh030917/nface_ws/src/ros_deep_learning/src/node_detectnet.cpp:26:
/usr/include/aarch64-linux-gnu/NvInfer.h:7677:22: note: declared here
 7677 | class TRT_DEPRECATED IInt8Calibrator : public IVersionedInterface
      |                      ^~~~~~~~~~~~~~~
In file included from /home/wego/jetson-inference/build/aarch64/include/jetson-inference/detectNet.h:27,
                 from /home/wego/team_ws/psh030917/nface_ws/src/ros_deep_learning/src/node_detectnet.cpp:26:
/home/wego/jetson-inference/build/aarch64/include/jetson-inference/tensorNet.h:289:105: warning: ‘IInt8Calibrator’ is deprecated [-Wdeprecated-declarations]
  289 |                                    nvinfer1::IInt8Calibrator* calibrator=NULL, cudaStream_t stream=NULL );
      |                                                                                                         ^
In file included from /home/wego/jetson-inference/build/aarch64/include/jetson-inference/tensorNet.h:30,
                 from /home/wego/jetson-inference/build/aarch64/include/jetson-inference/detectNet.h:27,
                 from /home/wego/team_ws/psh030917/nface_ws/src/ros_deep_learning/src/node_detectnet.cpp:26:
/usr/include/aarch64-linux-gnu/NvInfer.h:7677:22: note: declared here
 7677 | class TRT_DEPRECATED IInt8Calibrator : public IVersionedInterface
      |                      ^~~~~~~~~~~~~~~
In file included from /home/wego/jetson-inference/build/aarch64/include/jetson-inference/detectNet.h:27,
                 from /home/wego/team_ws/psh030917/nface_ws/src/ros_deep_learning/src/node_detectnet.cpp:26:
/home/wego/jetson-inference/build/aarch64/include/jetson-inference/tensorNet.h:308:105: warning: ‘IInt8Calibrator’ is deprecated [-Wdeprecated-declarations]
  308 |                                    nvinfer1::IInt8Calibrator* calibrator=NULL, cudaStream_t stream=NULL );
      |                                                                                                         ^
In file included from /home/wego/jetson-inference/build/aarch64/include/jetson-inference/tensorNet.h:30,
                 from /home/wego/jetson-inference/build/aarch64/include/jetson-inference/detectNet.h:27,
                 from /home/wego/team_ws/psh030917/nface_ws/src/ros_deep_learning/src/node_detectnet.cpp:26:
/usr/include/aarch64-linux-gnu/NvInfer.h:7677:22: note: declared here
 7677 | class TRT_DEPRECATED IInt8Calibrator : public IVersionedInterface
      |                      ^~~~~~~~~~~~~~~
In file included from /home/wego/jetson-inference/build/aarch64/include/jetson-inference/detectNet.h:27,
                 from /home/wego/team_ws/psh030917/nface_ws/src/ros_deep_learning/src/node_detectnet.cpp:26:
/home/wego/jetson-inference/build/aarch64/include/jetson-inference/tensorNet.h:635:116: warning: ‘IInt8Calibrator’ is deprecated [-Wdeprecated-declarations]
  635 |                                     nvinfer1::IInt8Calibrator* calibrator, char** engineStream, size_t* engineSize );
      |                                                                                                                    ^
In file included from /home/wego/jetson-inference/build/aarch64/include/jetson-inference/tensorNet.h:30,
                 from /home/wego/jetson-inference/build/aarch64/include/jetson-inference/detectNet.h:27,
                 from /home/wego/team_ws/psh030917/nface_ws/src/ros_deep_learning/src/node_detectnet.cpp:26:
/usr/include/aarch64-linux-gnu/NvInfer.h:7677:22: note: declared here
 7677 | class TRT_DEPRECATED IInt8Calibrator : public IVersionedInterface
      |                      ^~~~~~~~~~~~~~~
In file included from /home/wego/jetson-inference/build/aarch64/include/jetson-inference/detectNet.h:27,
                 from /home/wego/team_ws/psh030917/nface_ws/src/ros_deep_learning/src/node_detectnet.cpp:26:
/home/wego/jetson-inference/build/aarch64/include/jetson-inference/tensorNet.h:644:82: warning: ‘IInt8Calibrator’ is deprecated [-Wdeprecated-declarations]
  644 |                                            nvinfer1::IInt8Calibrator* calibrator );
      |                                                                                  ^
In file included from /home/wego/jetson-inference/build/aarch64/include/jetson-inference/tensorNet.h:30,
                 from /home/wego/jetson-inference/build/aarch64/include/jetson-inference/detectNet.h:27,
                 from /home/wego/team_ws/psh030917/nface_ws/src/ros_deep_learning/src/node_detectnet.cpp:26:
/usr/include/aarch64-linux-gnu/NvInfer.h:7677:22: note: declared here
 7677 | class TRT_DEPRECATED IInt8Calibrator : public IVersionedInterface
      |                      ^~~~~~~~~~~~~~~
[ 90%] Linking CXX executable detectnet
[100%] Built target detectnet
-- Install configuration: ""
-- Execute custom install script
-- Up-to-date symlink: /home/wego/team_ws/psh030917/nface_ws/install/ros_deep_learning/lib/ros_deep_learning/imagenet
-- Up-to-date symlink: /home/wego/team_ws/psh030917/nface_ws/install/ros_deep_learning/lib/ros_deep_learning/detectnet
-- Up-to-date symlink: /home/wego/team_ws/psh030917/nface_ws/install/ros_deep_learning/lib/ros_deep_learning/segnet
-- Up-to-date symlink: /home/wego/team_ws/psh030917/nface_ws/install/ros_deep_learning/lib/ros_deep_learning/video_source
-- Up-to-date symlink: /home/wego/team_ws/psh030917/nface_ws/install/ros_deep_learning/lib/ros_deep_learning/video_output
-- Up-to-date symlink: /home/wego/team_ws/psh030917/nface_ws/install/ros_deep_learning/share/ros_deep_learning//launch/detectnet.ros1.launch
-- Up-to-date symlink: /home/wego/team_ws/psh030917/nface_ws/install/ros_deep_learning/share/ros_deep_learning//launch/detectnet.ros2.launch
-- Up-to-date symlink: /home/wego/team_ws/psh030917/nface_ws/install/ros_deep_learning/share/ros_deep_learning//launch/imagenet.ros1.launch
-- Up-to-date symlink: /home/wego/team_ws/psh030917/nface_ws/install/ros_deep_learning/share/ros_deep_learning//launch/imagenet.ros2.launch
-- Up-to-date symlink: /home/wego/team_ws/psh030917/nface_ws/install/ros_deep_learning/share/ros_deep_learning//launch/segnet.ros1.launch
-- Up-to-date symlink: /home/wego/team_ws/psh030917/nface_ws/install/ros_deep_learning/share/ros_deep_learning//launch/segnet.ros2.launch
-- Up-to-date symlink: /home/wego/team_ws/psh030917/nface_ws/install/ros_deep_learning/share/ros_deep_learning//launch/video_output.ros1.launch
-- Up-to-date symlink: /home/wego/team_ws/psh030917/nface_ws/install/ros_deep_learning/share/ros_deep_learning//launch/video_output.ros2.launch
-- Up-to-date symlink: /home/wego/team_ws/psh030917/nface_ws/install/ros_deep_learning/share/ros_deep_learning//launch/video_source.ros1.launch
-- Up-to-date symlink: /home/wego/team_ws/psh030917/nface_ws/install/ros_deep_learning/share/ros_deep_learning//launch/video_source.ros2.launch
-- Up-to-date symlink: /home/wego/team_ws/psh030917/nface_ws/install/ros_deep_learning/share/ros_deep_learning//launch/video_viewer.ros1.launch
-- Up-to-date symlink: /home/wego/team_ws/psh030917/nface_ws/install/ros_deep_learning/share/ros_deep_learning//launch/video_viewer.ros2.launch
-- Up-to-date symlink: /home/wego/team_ws/psh030917/nface_ws/install/ros_deep_learning/share/ament_index/resource_index/package_run_dependencies/ros_deep_learning
-- Up-to-date symlink: /home/wego/team_ws/psh030917/nface_ws/install/ros_deep_learning/share/ament_index/resource_index/parent_prefix_path/ros_deep_learning
-- Up-to-date symlink: /home/wego/team_ws/psh030917/nface_ws/install/ros_deep_learning/share/ros_deep_learning/environment/ament_prefix_path.sh
-- Up-to-date symlink: /home/wego/team_ws/psh030917/nface_ws/install/ros_deep_learning/share/ros_deep_learning/environment/ament_prefix_path.dsv
-- Up-to-date symlink: /home/wego/team_ws/psh030917/nface_ws/install/ros_deep_learning/share/ros_deep_learning/environment/path.sh
-- Up-to-date symlink: /home/wego/team_ws/psh030917/nface_ws/install/ros_deep_learning/share/ros_deep_learning/environment/path.dsv
-- Up-to-date symlink: /home/wego/team_ws/psh030917/nface_ws/install/ros_deep_learning/share/ros_deep_learning/local_setup.bash
-- Up-to-date symlink: /home/wego/team_ws/psh030917/nface_ws/install/ros_deep_learning/share/ros_deep_learning/local_setup.sh
-- Up-to-date symlink: /home/wego/team_ws/psh030917/nface_ws/install/ros_deep_learning/share/ros_deep_learning/local_setup.zsh
-- Up-to-date symlink: /home/wego/team_ws/psh030917/nface_ws/install/ros_deep_learning/share/ros_deep_learning/local_setup.dsv
-- Symlinking: /home/wego/team_ws/psh030917/nface_ws/install/ros_deep_learning/share/ros_deep_learning/package.dsv
-- Up-to-date symlink: /home/wego/team_ws/psh030917/nface_ws/install/ros_deep_learning/share/ament_index/resource_index/packages/ros_deep_learning
-- Up-to-date symlink: /home/wego/team_ws/psh030917/nface_ws/install/ros_deep_learning/share/ros_deep_learning/cmake/ros_deep_learningConfig.cmake
-- Up-to-date symlink: /home/wego/team_ws/psh030917/nface_ws/install/ros_deep_learning/share/ros_deep_learning/cmake/ros_deep_learningConfig-version.cmake
-- Up-to-date symlink: /home/wego/team_ws/psh030917/nface_ws/install/ros_deep_learning/share/ros_deep_learning/package.xml
