[0.025s] Invoking command in '/home/wego/team_ws/psh030917/nface_ws/build/ros_deep_learning': CMAKE_PREFIX_PATH=/opt/ros/humble /usr/bin/cmake /home/wego/team_ws/psh030917/nface_ws/src/ros_deep_learning -DCMAKE_INSTALL_PREFIX=/home/wego/team_ws/psh030917/nface_ws/install/ros_deep_learning
[0.151s] detected ROS_DISTRO=ROS_HUMBLE
[0.171s] CMake Warning at CMakeLists.txt:27 (find_package):
[0.172s]   Could not find a configuration file for package "VPI" that is compatible
[0.172s]   with requested version "2.0".
[0.172s] 
[0.172s]   The following configuration files were considered but not accepted:
[0.172s] 
[0.172s]     /usr/lib/cmake/vpi3/vpi-config.cmake, version: 3.2.4
[0.172s]     /lib/cmake/vpi3/vpi-config.cmake, version: 3.2.4
[0.173s] 
[0.173s] 
[0.173s] 
[0.476s] -- Override CMake install command with custom implementation using symlinks instead of copying resources
[0.511s] detected ROS2 (ament_cmake)
[0.513s] -- Found rclcpp: 16.0.16 (/opt/ros/humble/share/rclcpp/cmake)
[0.588s] -- Found rosidl_generator_c: 3.1.7 (/opt/ros/humble/share/rosidl_generator_c/cmake)
[0.594s] -- Found rosidl_adapter: 3.1.7 (/opt/ros/humble/share/rosidl_adapter/cmake)
[0.611s] -- Found rosidl_generator_cpp: 3.1.7 (/opt/ros/humble/share/rosidl_generator_cpp/cmake)
[0.633s] -- Using all available rosidl_typesupport_c: rosidl_typesupport_fastrtps_c;rosidl_typesupport_introspection_c
[0.660s] -- Using all available rosidl_typesupport_cpp: rosidl_typesupport_fastrtps_cpp;rosidl_typesupport_introspection_cpp
[0.735s] -- Found rmw_implementation_cmake: 6.1.2 (/opt/ros/humble/share/rmw_implementation_cmake/cmake)
[0.739s] -- Found rmw_fastrtps_cpp: 6.2.9 (/opt/ros/humble/share/rmw_fastrtps_cpp/cmake)
[0.949s] -- Using RMW implementation 'rmw_fastrtps_cpp' as default
[1.059s] -- Found sensor_msgs: 4.9.0 (/opt/ros/humble/share/sensor_msgs/cmake)
[1.121s] -- Found vision_msgs: 4.1.1 (/opt/ros/humble/share/vision_msgs/cmake)
[1.311s] -- Configuring done
[1.409s] -- Generating done
[1.431s] -- Build files have been written to: /home/wego/team_ws/psh030917/nface_ws/build/ros_deep_learning
[1.454s] Invoked command in '/home/wego/team_ws/psh030917/nface_ws/build/ros_deep_learning' returned '0': CMAKE_PREFIX_PATH=/opt/ros/humble /usr/bin/cmake /home/wego/team_ws/psh030917/nface_ws/src/ros_deep_learning -DCMAKE_INSTALL_PREFIX=/home/wego/team_ws/psh030917/nface_ws/install/ros_deep_learning
[1.458s] Invoking command in '/home/wego/team_ws/psh030917/nface_ws/build/ros_deep_learning': CMAKE_PREFIX_PATH=/opt/ros/humble /usr/bin/cmake --build /home/wego/team_ws/psh030917/nface_ws/build/ros_deep_learning -- -j6 -l6
[1.569s] Consolidate compiler generated dependencies of target imagenet
[1.569s] Consolidate compiler generated dependencies of target detectnet
[1.569s] Consolidate compiler generated dependencies of target video_source
[1.581s] Consolidate compiler generated dependencies of target segnet
[1.582s] Consolidate compiler generated dependencies of target video_output
[1.641s] [ 45%] Built target video_output
[1.641s] [ 25%] Building CXX object CMakeFiles/detectnet.dir/src/node_detectnet.cpp.o
[1.641s] [ 50%] Built target segnet
[1.641s] [ 65%] Built target video_source
[1.642s] [ 85%] Built target imagenet
[7.310s] In file included from /home/wego/jetson-inference/build/aarch64/include/jetson-inference/detectNet.h:27,
[7.310s]                  from /home/wego/team_ws/psh030917/nface_ws/src/ros_deep_learning/src/node_detectnet.cpp:26:
[7.311s] /home/wego/jetson-inference/build/aarch64/include/jetson-inference/tensorNet.h:239:105: warning: ‘IInt8Calibrator’ is deprecated [-Wdeprecated-declarations]
[7.311s]   239 |                                    nvinfer1::IInt8Calibrator* calibrator=NULL, cudaStream_t stream=NULL );
[7.311s]       |                                                                                                         ^
[7.311s] In file included from /home/wego/jetson-inference/build/aarch64/include/jetson-inference/tensorNet.h:30,
[7.311s]                  from /home/wego/jetson-inference/build/aarch64/include/jetson-inference/detectNet.h:27,
[7.312s]                  from /home/wego/team_ws/psh030917/nface_ws/src/ros_deep_learning/src/node_detectnet.cpp:26:
[7.312s] /usr/include/aarch64-linux-gnu/NvInfer.h:7677:22: note: declared here
[7.312s]  7677 | class TRT_DEPRECATED IInt8Calibrator : public IVersionedInterface
[7.312s]       |                      ^~~~~~~~~~~~~~~
[7.312s] In file included from /home/wego/jetson-inference/build/aarch64/include/jetson-inference/detectNet.h:27,
[7.312s]                  from /home/wego/team_ws/psh030917/nface_ws/src/ros_deep_learning/src/node_detectnet.cpp:26:
[7.312s] /home/wego/jetson-inference/build/aarch64/include/jetson-inference/tensorNet.h:254:105: warning: ‘IInt8Calibrator’ is deprecated [-Wdeprecated-declarations]
[7.312s]   254 |                                    nvinfer1::IInt8Calibrator* calibrator=NULL, cudaStream_t stream=NULL );
[7.312s]       |                                                                                                         ^
[7.313s] In file included from /home/wego/jetson-inference/build/aarch64/include/jetson-inference/tensorNet.h:30,
[7.313s]                  from /home/wego/jetson-inference/build/aarch64/include/jetson-inference/detectNet.h:27,
[7.313s]                  from /home/wego/team_ws/psh030917/nface_ws/src/ros_deep_learning/src/node_detectnet.cpp:26:
[7.313s] /usr/include/aarch64-linux-gnu/NvInfer.h:7677:22: note: declared here
[7.313s]  7677 | class TRT_DEPRECATED IInt8Calibrator : public IVersionedInterface
[7.313s]       |                      ^~~~~~~~~~~~~~~
[7.313s] In file included from /home/wego/jetson-inference/build/aarch64/include/jetson-inference/detectNet.h:27,
[7.313s]                  from /home/wego/team_ws/psh030917/nface_ws/src/ros_deep_learning/src/node_detectnet.cpp:26:
[7.313s] /home/wego/jetson-inference/build/aarch64/include/jetson-inference/tensorNet.h:271:105: warning: ‘IInt8Calibrator’ is deprecated [-Wdeprecated-declarations]
[7.314s]   271 |                                    nvinfer1::IInt8Calibrator* calibrator=NULL, cudaStream_t stream=NULL );
[7.314s]       |                                                                                                         ^
[7.314s] In file included from /home/wego/jetson-inference/build/aarch64/include/jetson-inference/tensorNet.h:30,
[7.314s]                  from /home/wego/jetson-inference/build/aarch64/include/jetson-inference/detectNet.h:27,
[7.314s]                  from /home/wego/team_ws/psh030917/nface_ws/src/ros_deep_learning/src/node_detectnet.cpp:26:
[7.314s] /usr/include/aarch64-linux-gnu/NvInfer.h:7677:22: note: declared here
[7.314s]  7677 | class TRT_DEPRECATED IInt8Calibrator : public IVersionedInterface
[7.314s]       |                      ^~~~~~~~~~~~~~~
[7.314s] In file included from /home/wego/jetson-inference/build/aarch64/include/jetson-inference/detectNet.h:27,
[7.315s]                  from /home/wego/team_ws/psh030917/nface_ws/src/ros_deep_learning/src/node_detectnet.cpp:26:
[7.315s] /home/wego/jetson-inference/build/aarch64/include/jetson-inference/tensorNet.h:289:105: warning: ‘IInt8Calibrator’ is deprecated [-Wdeprecated-declarations]
[7.315s]   289 |                                    nvinfer1::IInt8Calibrator* calibrator=NULL, cudaStream_t stream=NULL );
[7.315s]       |                                                                                                         ^
[7.315s] In file included from /home/wego/jetson-inference/build/aarch64/include/jetson-inference/tensorNet.h:30,
[7.315s]                  from /home/wego/jetson-inference/build/aarch64/include/jetson-inference/detectNet.h:27,
[7.315s]                  from /home/wego/team_ws/psh030917/nface_ws/src/ros_deep_learning/src/node_detectnet.cpp:26:
[7.315s] /usr/include/aarch64-linux-gnu/NvInfer.h:7677:22: note: declared here
[7.315s]  7677 | class TRT_DEPRECATED IInt8Calibrator : public IVersionedInterface
[7.316s]       |                      ^~~~~~~~~~~~~~~
[7.316s] In file included from /home/wego/jetson-inference/build/aarch64/include/jetson-inference/detectNet.h:27,
[7.316s]                  from /home/wego/team_ws/psh030917/nface_ws/src/ros_deep_learning/src/node_detectnet.cpp:26:
[7.316s] /home/wego/jetson-inference/build/aarch64/include/jetson-inference/tensorNet.h:308:105: warning: ‘IInt8Calibrator’ is deprecated [-Wdeprecated-declarations]
[7.316s]   308 |                                    nvinfer1::IInt8Calibrator* calibrator=NULL, cudaStream_t stream=NULL );
[7.316s]       |                                                                                                         ^
[7.316s] In file included from /home/wego/jetson-inference/build/aarch64/include/jetson-inference/tensorNet.h:30,
[7.316s]                  from /home/wego/jetson-inference/build/aarch64/include/jetson-inference/detectNet.h:27,
[7.317s]                  from /home/wego/team_ws/psh030917/nface_ws/src/ros_deep_learning/src/node_detectnet.cpp:26:
[7.317s] /usr/include/aarch64-linux-gnu/NvInfer.h:7677:22: note: declared here
[7.317s]  7677 | class TRT_DEPRECATED IInt8Calibrator : public IVersionedInterface
[7.317s]       |                      ^~~~~~~~~~~~~~~
[7.317s] In file included from /home/wego/jetson-inference/build/aarch64/include/jetson-inference/detectNet.h:27,
[7.317s]                  from /home/wego/team_ws/psh030917/nface_ws/src/ros_deep_learning/src/node_detectnet.cpp:26:
[7.317s] /home/wego/jetson-inference/build/aarch64/include/jetson-inference/tensorNet.h:635:116: warning: ‘IInt8Calibrator’ is deprecated [-Wdeprecated-declarations]
[7.317s]   635 |                                     nvinfer1::IInt8Calibrator* calibrator, char** engineStream, size_t* engineSize );
[7.317s]       |                                                                                                                    ^
[7.318s] In file included from /home/wego/jetson-inference/build/aarch64/include/jetson-inference/tensorNet.h:30,
[7.318s]                  from /home/wego/jetson-inference/build/aarch64/include/jetson-inference/detectNet.h:27,
[7.318s]                  from /home/wego/team_ws/psh030917/nface_ws/src/ros_deep_learning/src/node_detectnet.cpp:26:
[7.318s] /usr/include/aarch64-linux-gnu/NvInfer.h:7677:22: note: declared here
[7.318s]  7677 | class TRT_DEPRECATED IInt8Calibrator : public IVersionedInterface
[7.318s]       |                      ^~~~~~~~~~~~~~~
[7.318s] In file included from /home/wego/jetson-inference/build/aarch64/include/jetson-inference/detectNet.h:27,
[7.318s]                  from /home/wego/team_ws/psh030917/nface_ws/src/ros_deep_learning/src/node_detectnet.cpp:26:
[7.318s] /home/wego/jetson-inference/build/aarch64/include/jetson-inference/tensorNet.h:644:82: warning: ‘IInt8Calibrator’ is deprecated [-Wdeprecated-declarations]
[7.319s]   644 |                                            nvinfer1::IInt8Calibrator* calibrator );
[7.319s]       |                                                                                  ^
[7.319s] In file included from /home/wego/jetson-inference/build/aarch64/include/jetson-inference/tensorNet.h:30,
[7.319s]                  from /home/wego/jetson-inference/build/aarch64/include/jetson-inference/detectNet.h:27,
[7.319s]                  from /home/wego/team_ws/psh030917/nface_ws/src/ros_deep_learning/src/node_detectnet.cpp:26:
[7.319s] /usr/include/aarch64-linux-gnu/NvInfer.h:7677:22: note: declared here
[7.319s]  7677 | class TRT_DEPRECATED IInt8Calibrator : public IVersionedInterface
[7.319s]       |                      ^~~~~~~~~~~~~~~
[22.350s] [ 90%] Linking CXX executable detectnet
[23.999s] [100%] Built target detectnet
[24.025s] Invoked command in '/home/wego/team_ws/psh030917/nface_ws/build/ros_deep_learning' returned '0': CMAKE_PREFIX_PATH=/opt/ros/humble /usr/bin/cmake --build /home/wego/team_ws/psh030917/nface_ws/build/ros_deep_learning -- -j6 -l6
[24.051s] Invoking command in '/home/wego/team_ws/psh030917/nface_ws/build/ros_deep_learning': CMAKE_PREFIX_PATH=/opt/ros/humble /usr/bin/cmake --install /home/wego/team_ws/psh030917/nface_ws/build/ros_deep_learning
[24.066s] -- Install configuration: ""
[24.066s] -- Execute custom install script
[24.068s] -- Up-to-date symlink: /home/wego/team_ws/psh030917/nface_ws/install/ros_deep_learning/lib/ros_deep_learning/imagenet
[24.069s] -- Up-to-date symlink: /home/wego/team_ws/psh030917/nface_ws/install/ros_deep_learning/lib/ros_deep_learning/detectnet
[24.069s] -- Up-to-date symlink: /home/wego/team_ws/psh030917/nface_ws/install/ros_deep_learning/lib/ros_deep_learning/segnet
[24.070s] -- Up-to-date symlink: /home/wego/team_ws/psh030917/nface_ws/install/ros_deep_learning/lib/ros_deep_learning/video_source
[24.070s] -- Up-to-date symlink: /home/wego/team_ws/psh030917/nface_ws/install/ros_deep_learning/lib/ros_deep_learning/video_output
[24.072s] -- Up-to-date symlink: /home/wego/team_ws/psh030917/nface_ws/install/ros_deep_learning/share/ros_deep_learning//launch/detectnet.ros1.launch
[24.072s] -- Up-to-date symlink: /home/wego/team_ws/psh030917/nface_ws/install/ros_deep_learning/share/ros_deep_learning//launch/detectnet.ros2.launch
[24.073s] -- Up-to-date symlink: /home/wego/team_ws/psh030917/nface_ws/install/ros_deep_learning/share/ros_deep_learning//launch/imagenet.ros1.launch
[24.073s] -- Up-to-date symlink: /home/wego/team_ws/psh030917/nface_ws/install/ros_deep_learning/share/ros_deep_learning//launch/imagenet.ros2.launch
[24.074s] -- Up-to-date symlink: /home/wego/team_ws/psh030917/nface_ws/install/ros_deep_learning/share/ros_deep_learning//launch/segnet.ros1.launch
[24.074s] -- Up-to-date symlink: /home/wego/team_ws/psh030917/nface_ws/install/ros_deep_learning/share/ros_deep_learning//launch/segnet.ros2.launch
[24.074s] -- Up-to-date symlink: /home/wego/team_ws/psh030917/nface_ws/install/ros_deep_learning/share/ros_deep_learning//launch/video_output.ros1.launch
[24.074s] -- Up-to-date symlink: /home/wego/team_ws/psh030917/nface_ws/install/ros_deep_learning/share/ros_deep_learning//launch/video_output.ros2.launch
[24.075s] -- Up-to-date symlink: /home/wego/team_ws/psh030917/nface_ws/install/ros_deep_learning/share/ros_deep_learning//launch/video_source.ros1.launch
[24.075s] -- Up-to-date symlink: /home/wego/team_ws/psh030917/nface_ws/install/ros_deep_learning/share/ros_deep_learning//launch/video_source.ros2.launch
[24.076s] -- Up-to-date symlink: /home/wego/team_ws/psh030917/nface_ws/install/ros_deep_learning/share/ros_deep_learning//launch/video_viewer.ros1.launch
[24.076s] -- Up-to-date symlink: /home/wego/team_ws/psh030917/nface_ws/install/ros_deep_learning/share/ros_deep_learning//launch/video_viewer.ros2.launch
[24.076s] -- Up-to-date symlink: /home/wego/team_ws/psh030917/nface_ws/install/ros_deep_learning/share/ament_index/resource_index/package_run_dependencies/ros_deep_learning
[24.077s] -- Up-to-date symlink: /home/wego/team_ws/psh030917/nface_ws/install/ros_deep_learning/share/ament_index/resource_index/parent_prefix_path/ros_deep_learning
[24.077s] -- Up-to-date symlink: /home/wego/team_ws/psh030917/nface_ws/install/ros_deep_learning/share/ros_deep_learning/environment/ament_prefix_path.sh
[24.077s] -- Up-to-date symlink: /home/wego/team_ws/psh030917/nface_ws/install/ros_deep_learning/share/ros_deep_learning/environment/ament_prefix_path.dsv
[24.078s] -- Up-to-date symlink: /home/wego/team_ws/psh030917/nface_ws/install/ros_deep_learning/share/ros_deep_learning/environment/path.sh
[24.078s] -- Up-to-date symlink: /home/wego/team_ws/psh030917/nface_ws/install/ros_deep_learning/share/ros_deep_learning/environment/path.dsv
[24.078s] -- Up-to-date symlink: /home/wego/team_ws/psh030917/nface_ws/install/ros_deep_learning/share/ros_deep_learning/local_setup.bash
[24.079s] -- Up-to-date symlink: /home/wego/team_ws/psh030917/nface_ws/install/ros_deep_learning/share/ros_deep_learning/local_setup.sh
[24.079s] -- Up-to-date symlink: /home/wego/team_ws/psh030917/nface_ws/install/ros_deep_learning/share/ros_deep_learning/local_setup.zsh
[24.079s] -- Up-to-date symlink: /home/wego/team_ws/psh030917/nface_ws/install/ros_deep_learning/share/ros_deep_learning/local_setup.dsv
[24.079s] -- Symlinking: /home/wego/team_ws/psh030917/nface_ws/install/ros_deep_learning/share/ros_deep_learning/package.dsv
[24.096s] -- Up-to-date symlink: /home/wego/team_ws/psh030917/nface_ws/install/ros_deep_learning/share/ament_index/resource_index/packages/ros_deep_learning
[24.096s] -- Up-to-date symlink: /home/wego/team_ws/psh030917/nface_ws/install/ros_deep_learning/share/ros_deep_learning/cmake/ros_deep_learningConfig.cmake
[24.097s] -- Up-to-date symlink: /home/wego/team_ws/psh030917/nface_ws/install/ros_deep_learning/share/ros_deep_learning/cmake/ros_deep_learningConfig-version.cmake
[24.097s] -- Up-to-date symlink: /home/wego/team_ws/psh030917/nface_ws/install/ros_deep_learning/share/ros_deep_learning/package.xml
[24.101s] Invoked command in '/home/wego/team_ws/psh030917/nface_ws/build/ros_deep_learning' returned '0': CMAKE_PREFIX_PATH=/opt/ros/humble /usr/bin/cmake --install /home/wego/team_ws/psh030917/nface_ws/build/ros_deep_learning
