[2.060s] Invoking command in '/home/wego/team_ws/psh030917/py_bt_ros_1/src/yolo_ros/yolo_ros': AMENT_PREFIX_PATH=/home/wego/team_ws/psh030917/py_bt_ros_1/install/yolo_msgs:${AMENT_PREFIX_PATH} CMAKE_PREFIX_PATH=/home/wego/team_ws/psh030917/py_bt_ros_1/install/yolo_msgs LD_LIBRARY_PATH=/home/wego/team_ws/psh030917/py_bt_ros_1/install/yolo_msgs/lib:/opt/ros/humble/lib:/usr/lib/aarch64-linux-gnu:/opt/ros/humble/opt/rviz_ogre_vendor/lib:/opt/ros/humble/lib/aarch64-linux-gnu:/opt/ros/humble/lib:/usr/local/cuda-12.6/lib64:/usr/local/TensorRT-10.3.0.26/lib PYTHONPATH=/home/wego/team_ws/psh030917/py_bt_ros_1/build/yolo_ros/prefix_override:/usr/lib/python3/dist-packages/colcon_core/task/python/colcon_distutils_commands:/home/wego/team_ws/psh030917/py_bt_ros_1/install/yolo_ros/lib/python3.10/site-packages:/home/wego/team_ws/psh030917/py_bt_ros_1/install/yolo_msgs/local/lib/python3.10/dist-packages:${PYTHONPATH} /usr/bin/python3 -W ignore:setup.py install is deprecated -W ignore:easy_install command is deprecated setup.py egg_info --egg-base ../../../build/yolo_ros build --build-base /home/wego/team_ws/psh030917/py_bt_ros_1/build/yolo_ros/build install --record /home/wego/team_ws/psh030917/py_bt_ros_1/build/yolo_ros/install.log --single-version-externally-managed install_data
[2.599s] running egg_info
[2.600s] writing ../../../build/yolo_ros/yolo_ros.egg-info/PKG-INFO
[2.601s] writing dependency_links to ../../../build/yolo_ros/yolo_ros.egg-info/dependency_links.txt
[2.602s] writing entry points to ../../../build/yolo_ros/yolo_ros.egg-info/entry_points.txt
[2.602s] writing requirements to ../../../build/yolo_ros/yolo_ros.egg-info/requires.txt
[2.602s] writing top-level names to ../../../build/yolo_ros/yolo_ros.egg-info/top_level.txt
[2.606s] reading manifest file '../../../build/yolo_ros/yolo_ros.egg-info/SOURCES.txt'
[2.608s] writing manifest file '../../../build/yolo_ros/yolo_ros.egg-info/SOURCES.txt'
[2.609s] running build
[2.609s] running build_py
[2.609s] running install
[2.610s] running install_lib
[2.613s] running install_data
[2.613s] running install_egg_info
[2.617s] removing '/home/wego/team_ws/psh030917/py_bt_ros_1/install/yolo_ros/lib/python3.10/site-packages/yolo_ros-0.0.0-py3.10.egg-info' (and everything under it)
[2.619s] Copying ../../../build/yolo_ros/yolo_ros.egg-info to /home/wego/team_ws/psh030917/py_bt_ros_1/install/yolo_ros/lib/python3.10/site-packages/yolo_ros-0.0.0-py3.10.egg-info
[2.621s] running install_scripts
[2.667s] Installing debug_node script to /home/wego/team_ws/psh030917/py_bt_ros_1/install/yolo_ros/lib/yolo_ros
[2.667s] Installing detect_3d_node script to /home/wego/team_ws/psh030917/py_bt_ros_1/install/yolo_ros/lib/yolo_ros
[2.668s] Installing tracking_node script to /home/wego/team_ws/psh030917/py_bt_ros_1/install/yolo_ros/lib/yolo_ros
[2.668s] Installing yolo_node script to /home/wego/team_ws/psh030917/py_bt_ros_1/install/yolo_ros/lib/yolo_ros
[2.669s] writing list of installed files to '/home/wego/team_ws/psh030917/py_bt_ros_1/build/yolo_ros/install.log'
[2.766s] Invoked command in '/home/wego/team_ws/psh030917/py_bt_ros_1/src/yolo_ros/yolo_ros' returned '0': AMENT_PREFIX_PATH=/home/wego/team_ws/psh030917/py_bt_ros_1/install/yolo_msgs:${AMENT_PREFIX_PATH} CMAKE_PREFIX_PATH=/home/wego/team_ws/psh030917/py_bt_ros_1/install/yolo_msgs LD_LIBRARY_PATH=/home/wego/team_ws/psh030917/py_bt_ros_1/install/yolo_msgs/lib:/opt/ros/humble/lib:/usr/lib/aarch64-linux-gnu:/opt/ros/humble/opt/rviz_ogre_vendor/lib:/opt/ros/humble/lib/aarch64-linux-gnu:/opt/ros/humble/lib:/usr/local/cuda-12.6/lib64:/usr/local/TensorRT-10.3.0.26/lib PYTHONPATH=/home/wego/team_ws/psh030917/py_bt_ros_1/build/yolo_ros/prefix_override:/usr/lib/python3/dist-packages/colcon_core/task/python/colcon_distutils_commands:/home/wego/team_ws/psh030917/py_bt_ros_1/install/yolo_ros/lib/python3.10/site-packages:/home/wego/team_ws/psh030917/py_bt_ros_1/install/yolo_msgs/local/lib/python3.10/dist-packages:${PYTHONPATH} /usr/bin/python3 -W ignore:setup.py install is deprecated -W ignore:easy_install command is deprecated setup.py egg_info --egg-base ../../../build/yolo_ros build --build-base /home/wego/team_ws/psh030917/py_bt_ros_1/build/yolo_ros/build install --record /home/wego/team_ws/psh030917/py_bt_ros_1/build/yolo_ros/install.log --single-version-externally-managed install_data
